[DEBUG] 2020-10-07 10:10:19.415 [main] IntegratorServiceImpl - Adding Integrator [org.hibernate.cfg.beanvalidation.BeanValidationIntegrator].
[DEBUG] 2020-10-07 10:10:19.432 [main] IntegratorServiceImpl - Adding Integrator [org.hibernate.secure.spi.JaccIntegrator].
[DEBUG] 2020-10-07 10:10:19.479 [main] IntegratorServiceImpl - Adding Integrator [org.hibernate.cache.internal.CollectionCacheInvalidator].
[INFO ] 2020-10-07 10:10:20.150 [main] Version - HHH000412: Hibernate Core {5.4.4.Final}
[DEBUG] 2020-10-07 10:10:20.162 [main] Environment - HHH000206: hibernate.properties not found
[DEBUG] 2020-10-07 10:10:21.982 [main] JaxbCfgProcessor - cfg.xml document did not define namespaces; wrapping in custom event reader to introduce namespace information
[DEBUG] 2020-10-07 10:10:25.796 [main] ServiceBinding - Overriding existing service binding [org.hibernate.secure.spi.JaccService]
[DEBUG] 2020-10-07 10:10:26.084 [main] RegionFactoryInitiator - Cannot default RegionFactory based on registered strategies as `[]` RegionFactory strategies were registered
[DEBUG] 2020-10-07 10:10:26.092 [main] RegionFactoryInitiator - Cache region factory : org.hibernate.cache.internal.NoCachingRegionFactory
[INFO ] 2020-10-07 10:10:26.353 [main] Version - HCANN000001: Hibernate Commons Annotations {5.1.0.Final}
[DEBUG] 2020-10-07 10:10:26.947 [main] BasicTypeRegistry - Adding type registration boolean -> org.hibernate.type.BooleanType@d48673
[DEBUG] 2020-10-07 10:10:26.955 [main] BasicTypeRegistry - Adding type registration boolean -> org.hibernate.type.BooleanType@d48673
[DEBUG] 2020-10-07 10:10:26.955 [main] BasicTypeRegistry - Adding type registration java.lang.Boolean -> org.hibernate.type.BooleanType@d48673
[DEBUG] 2020-10-07 10:10:26.960 [main] BasicTypeRegistry - Adding type registration numeric_boolean -> org.hibernate.type.NumericBooleanType@7c129ef6
[DEBUG] 2020-10-07 10:10:26.970 [main] BasicTypeRegistry - Adding type registration true_false -> org.hibernate.type.TrueFalseType@61e7bf2f
[DEBUG] 2020-10-07 10:10:26.979 [main] BasicTypeRegistry - Adding type registration yes_no -> org.hibernate.type.YesNoType@23382f76
[DEBUG] 2020-10-07 10:10:26.988 [main] BasicTypeRegistry - Adding type registration byte -> org.hibernate.type.ByteType@5a82ebf8
[DEBUG] 2020-10-07 10:10:27.000 [main] BasicTypeRegistry - Adding type registration byte -> org.hibernate.type.ByteType@5a82ebf8
[DEBUG] 2020-10-07 10:10:27.001 [main] BasicTypeRegistry - Adding type registration java.lang.Byte -> org.hibernate.type.ByteType@5a82ebf8
[DEBUG] 2020-10-07 10:10:27.026 [main] BasicTypeRegistry - Adding type registration character -> org.hibernate.type.CharacterType@5918c260
[DEBUG] 2020-10-07 10:10:27.030 [main] BasicTypeRegistry - Adding type registration char -> org.hibernate.type.CharacterType@5918c260
[DEBUG] 2020-10-07 10:10:27.040 [main] BasicTypeRegistry - Adding type registration java.lang.Character -> org.hibernate.type.CharacterType@5918c260
[DEBUG] 2020-10-07 10:10:27.051 [main] BasicTypeRegistry - Adding type registration short -> org.hibernate.type.ShortType@7eb6b6b6
[DEBUG] 2020-10-07 10:10:27.061 [main] BasicTypeRegistry - Adding type registration short -> org.hibernate.type.ShortType@7eb6b6b6
[DEBUG] 2020-10-07 10:10:27.066 [main] BasicTypeRegistry - Adding type registration java.lang.Short -> org.hibernate.type.ShortType@7eb6b6b6
[DEBUG] 2020-10-07 10:10:27.073 [main] BasicTypeRegistry - Adding type registration integer -> org.hibernate.type.IntegerType@61dde151
[DEBUG] 2020-10-07 10:10:27.073 [main] BasicTypeRegistry - Adding type registration int -> org.hibernate.type.IntegerType@61dde151
[DEBUG] 2020-10-07 10:10:27.078 [main] BasicTypeRegistry - Adding type registration java.lang.Integer -> org.hibernate.type.IntegerType@61dde151
[DEBUG] 2020-10-07 10:10:27.087 [main] BasicTypeRegistry - Adding type registration long -> org.hibernate.type.LongType@6ffa56fa
[DEBUG] 2020-10-07 10:10:27.096 [main] BasicTypeRegistry - Adding type registration long -> org.hibernate.type.LongType@6ffa56fa
[DEBUG] 2020-10-07 10:10:27.097 [main] BasicTypeRegistry - Adding type registration java.lang.Long -> org.hibernate.type.LongType@6ffa56fa
[DEBUG] 2020-10-07 10:10:27.120 [main] BasicTypeRegistry - Adding type registration float -> org.hibernate.type.FloatType@6f6621e3
[DEBUG] 2020-10-07 10:10:27.121 [main] BasicTypeRegistry - Adding type registration float -> org.hibernate.type.FloatType@6f6621e3
[DEBUG] 2020-10-07 10:10:27.127 [main] BasicTypeRegistry - Adding type registration java.lang.Float -> org.hibernate.type.FloatType@6f6621e3
[DEBUG] 2020-10-07 10:10:27.147 [main] BasicTypeRegistry - Adding type registration double -> org.hibernate.type.DoubleType@5496c165
[DEBUG] 2020-10-07 10:10:27.147 [main] BasicTypeRegistry - Adding type registration double -> org.hibernate.type.DoubleType@5496c165
[DEBUG] 2020-10-07 10:10:27.157 [main] BasicTypeRegistry - Adding type registration java.lang.Double -> org.hibernate.type.DoubleType@5496c165
[DEBUG] 2020-10-07 10:10:27.169 [main] BasicTypeRegistry - Adding type registration big_decimal -> org.hibernate.type.BigDecimalType@50d951e7
[DEBUG] 2020-10-07 10:10:27.174 [main] BasicTypeRegistry - Adding type registration java.math.BigDecimal -> org.hibernate.type.BigDecimalType@50d951e7
[DEBUG] 2020-10-07 10:10:27.193 [main] BasicTypeRegistry - Adding type registration big_integer -> org.hibernate.type.BigIntegerType@588307f7
[DEBUG] 2020-10-07 10:10:27.193 [main] BasicTypeRegistry - Adding type registration java.math.BigInteger -> org.hibernate.type.BigIntegerType@588307f7
[DEBUG] 2020-10-07 10:10:27.201 [main] BasicTypeRegistry - Adding type registration string -> org.hibernate.type.StringType@7acfb656
[DEBUG] 2020-10-07 10:10:27.201 [main] BasicTypeRegistry - Adding type registration java.lang.String -> org.hibernate.type.StringType@7acfb656
[DEBUG] 2020-10-07 10:10:27.202 [main] BasicTypeRegistry - Adding type registration nstring -> org.hibernate.type.StringNVarcharType@4d0753c9
[DEBUG] 2020-10-07 10:10:27.210 [main] BasicTypeRegistry - Adding type registration ncharacter -> org.hibernate.type.CharacterNCharType@25a5c7db
[DEBUG] 2020-10-07 10:10:27.223 [main] BasicTypeRegistry - Adding type registration url -> org.hibernate.type.UrlType@7f5eae0f
[DEBUG] 2020-10-07 10:10:27.235 [main] BasicTypeRegistry - Adding type registration java.net.URL -> org.hibernate.type.UrlType@7f5eae0f
[DEBUG] 2020-10-07 10:10:27.255 [main] BasicTypeRegistry - Adding type registration Duration -> org.hibernate.type.DurationType@68577ba8
[DEBUG] 2020-10-07 10:10:27.255 [main] BasicTypeRegistry - Adding type registration java.time.Duration -> org.hibernate.type.DurationType@68577ba8
[DEBUG] 2020-10-07 10:10:27.315 [main] BasicTypeRegistry - Adding type registration Instant -> org.hibernate.type.InstantType@c6b2dd9
[DEBUG] 2020-10-07 10:10:27.318 [main] BasicTypeRegistry - Adding type registration java.time.Instant -> org.hibernate.type.InstantType@c6b2dd9
[DEBUG] 2020-10-07 10:10:27.343 [main] BasicTypeRegistry - Adding type registration LocalDateTime -> org.hibernate.type.LocalDateTimeType@3d278b4d
[DEBUG] 2020-10-07 10:10:27.347 [main] BasicTypeRegistry - Adding type registration java.time.LocalDateTime -> org.hibernate.type.LocalDateTimeType@3d278b4d
[DEBUG] 2020-10-07 10:10:27.365 [main] BasicTypeRegistry - Adding type registration LocalDate -> org.hibernate.type.LocalDateType@1e530163
[DEBUG] 2020-10-07 10:10:27.366 [main] BasicTypeRegistry - Adding type registration java.time.LocalDate -> org.hibernate.type.LocalDateType@1e530163
[DEBUG] 2020-10-07 10:10:27.392 [main] BasicTypeRegistry - Adding type registration LocalTime -> org.hibernate.type.LocalTimeType@23706db8
[DEBUG] 2020-10-07 10:10:27.393 [main] BasicTypeRegistry - Adding type registration java.time.LocalTime -> org.hibernate.type.LocalTimeType@23706db8
[DEBUG] 2020-10-07 10:10:27.416 [main] BasicTypeRegistry - Adding type registration OffsetDateTime -> org.hibernate.type.OffsetDateTimeType@7bca6fac
[DEBUG] 2020-10-07 10:10:27.420 [main] BasicTypeRegistry - Adding type registration java.time.OffsetDateTime -> org.hibernate.type.OffsetDateTimeType@7bca6fac
[DEBUG] 2020-10-07 10:10:27.445 [main] BasicTypeRegistry - Adding type registration OffsetTime -> org.hibernate.type.OffsetTimeType@31d6f3fe
[DEBUG] 2020-10-07 10:10:27.445 [main] BasicTypeRegistry - Adding type registration java.time.OffsetTime -> org.hibernate.type.OffsetTimeType@31d6f3fe
[DEBUG] 2020-10-07 10:10:27.473 [main] BasicTypeRegistry - Adding type registration ZonedDateTime -> org.hibernate.type.ZonedDateTimeType@165e389b
[DEBUG] 2020-10-07 10:10:27.482 [main] BasicTypeRegistry - Adding type registration java.time.ZonedDateTime -> org.hibernate.type.ZonedDateTimeType@165e389b
[DEBUG] 2020-10-07 10:10:27.509 [main] BasicTypeRegistry - Adding type registration date -> org.hibernate.type.DateType@4aedaf61
[DEBUG] 2020-10-07 10:10:27.515 [main] BasicTypeRegistry - Adding type registration java.sql.Date -> org.hibernate.type.DateType@4aedaf61
[DEBUG] 2020-10-07 10:10:27.541 [main] BasicTypeRegistry - Adding type registration time -> org.hibernate.type.TimeType@33d53216
[DEBUG] 2020-10-07 10:10:27.541 [main] BasicTypeRegistry - Adding type registration java.sql.Time -> org.hibernate.type.TimeType@33d53216
[DEBUG] 2020-10-07 10:10:27.573 [main] BasicTypeRegistry - Adding type registration timestamp -> org.hibernate.type.TimestampType@46731692
[DEBUG] 2020-10-07 10:10:27.573 [main] BasicTypeRegistry - Adding type registration java.sql.Timestamp -> org.hibernate.type.TimestampType@46731692
[DEBUG] 2020-10-07 10:10:27.574 [main] BasicTypeRegistry - Adding type registration java.util.Date -> org.hibernate.type.TimestampType@46731692
[DEBUG] 2020-10-07 10:10:27.591 [main] BasicTypeRegistry - Adding type registration dbtimestamp -> org.hibernate.type.DbTimestampType@2de50ee4
[DEBUG] 2020-10-07 10:10:27.620 [main] BasicTypeRegistry - Adding type registration calendar -> org.hibernate.type.CalendarType@149c3204
[DEBUG] 2020-10-07 10:10:27.628 [main] BasicTypeRegistry - Adding type registration java.util.Calendar -> org.hibernate.type.CalendarType@149c3204
[DEBUG] 2020-10-07 10:10:27.628 [main] BasicTypeRegistry - Adding type registration java.util.GregorianCalendar -> org.hibernate.type.CalendarType@149c3204
[DEBUG] 2020-10-07 10:10:27.655 [main] BasicTypeRegistry - Adding type registration calendar_date -> org.hibernate.type.CalendarDateType@21e20ad5
[DEBUG] 2020-10-07 10:10:27.679 [main] BasicTypeRegistry - Adding type registration locale -> org.hibernate.type.LocaleType@2650f79
[DEBUG] 2020-10-07 10:10:27.684 [main] BasicTypeRegistry - Adding type registration java.util.Locale -> org.hibernate.type.LocaleType@2650f79
[DEBUG] 2020-10-07 10:10:27.702 [main] BasicTypeRegistry - Adding type registration currency -> org.hibernate.type.CurrencyType@7a0f244f
[DEBUG] 2020-10-07 10:10:27.711 [main] BasicTypeRegistry - Adding type registration java.util.Currency -> org.hibernate.type.CurrencyType@7a0f244f
[DEBUG] 2020-10-07 10:10:27.735 [main] BasicTypeRegistry - Adding type registration timezone -> org.hibernate.type.TimeZoneType@27a2a089
[DEBUG] 2020-10-07 10:10:27.736 [main] BasicTypeRegistry - Adding type registration java.util.TimeZone -> org.hibernate.type.TimeZoneType@27a2a089
[DEBUG] 2020-10-07 10:10:27.753 [main] BasicTypeRegistry - Adding type registration class -> org.hibernate.type.ClassType@5ac6c4f2
[DEBUG] 2020-10-07 10:10:27.754 [main] BasicTypeRegistry - Adding type registration java.lang.Class -> org.hibernate.type.ClassType@5ac6c4f2
[DEBUG] 2020-10-07 10:10:27.765 [main] BasicTypeRegistry - Adding type registration uuid-binary -> org.hibernate.type.UUIDBinaryType@78525ef9
[DEBUG] 2020-10-07 10:10:27.777 [main] BasicTypeRegistry - Adding type registration java.util.UUID -> org.hibernate.type.UUIDBinaryType@78525ef9
[DEBUG] 2020-10-07 10:10:27.787 [main] BasicTypeRegistry - Adding type registration uuid-char -> org.hibernate.type.UUIDCharType@51b35e4e
[DEBUG] 2020-10-07 10:10:27.820 [main] BasicTypeRegistry - Adding type registration binary -> org.hibernate.type.BinaryType@1b4ae4e0
[DEBUG] 2020-10-07 10:10:27.823 [main] BasicTypeRegistry - Adding type registration byte[] -> org.hibernate.type.BinaryType@1b4ae4e0
[DEBUG] 2020-10-07 10:10:27.823 [main] BasicTypeRegistry - Adding type registration [B -> org.hibernate.type.BinaryType@1b4ae4e0
[DEBUG] 2020-10-07 10:10:27.844 [main] BasicTypeRegistry - Adding type registration wrapper-binary -> org.hibernate.type.WrapperBinaryType@37d871c2
[DEBUG] 2020-10-07 10:10:27.850 [main] BasicTypeRegistry - Adding type registration Byte[] -> org.hibernate.type.WrapperBinaryType@37d871c2
[DEBUG] 2020-10-07 10:10:27.853 [main] BasicTypeRegistry - Adding type registration [Ljava.lang.Byte; -> org.hibernate.type.WrapperBinaryType@37d871c2
[DEBUG] 2020-10-07 10:10:27.874 [main] BasicTypeRegistry - Adding type registration row_version -> org.hibernate.type.RowVersionType@476e8796
[DEBUG] 2020-10-07 10:10:27.875 [main] BasicTypeRegistry - Adding type registration image -> org.hibernate.type.ImageType@642505c7
[DEBUG] 2020-10-07 10:10:27.894 [main] BasicTypeRegistry - Adding type registration characters -> org.hibernate.type.CharArrayType@715d6168
[DEBUG] 2020-10-07 10:10:27.894 [main] BasicTypeRegistry - Adding type registration char[] -> org.hibernate.type.CharArrayType@715d6168
[DEBUG] 2020-10-07 10:10:27.901 [main] BasicTypeRegistry - Adding type registration [C -> org.hibernate.type.CharArrayType@715d6168
[DEBUG] 2020-10-07 10:10:27.924 [main] BasicTypeRegistry - Adding type registration wrapper-characters -> org.hibernate.type.CharacterArrayType@107f4980
[DEBUG] 2020-10-07 10:10:27.925 [main] BasicTypeRegistry - Adding type registration [Ljava.lang.Character; -> org.hibernate.type.CharacterArrayType@107f4980
[DEBUG] 2020-10-07 10:10:27.931 [main] BasicTypeRegistry - Adding type registration Character[] -> org.hibernate.type.CharacterArrayType@107f4980
[DEBUG] 2020-10-07 10:10:27.936 [main] BasicTypeRegistry - Adding type registration text -> org.hibernate.type.TextType@acdcf71
[DEBUG] 2020-10-07 10:10:27.937 [main] BasicTypeRegistry - Adding type registration ntext -> org.hibernate.type.NTextType@6bda1d19
[DEBUG] 2020-10-07 10:10:27.965 [main] BasicTypeRegistry - Adding type registration blob -> org.hibernate.type.BlobType@17b6d426
[DEBUG] 2020-10-07 10:10:27.965 [main] BasicTypeRegistry - Adding type registration java.sql.Blob -> org.hibernate.type.BlobType@17b6d426
[DEBUG] 2020-10-07 10:10:27.977 [main] BasicTypeRegistry - Adding type registration materialized_blob -> org.hibernate.type.MaterializedBlobType@46a953cf
[DEBUG] 2020-10-07 10:10:27.992 [main] BasicTypeRegistry - Adding type registration clob -> org.hibernate.type.ClobType@7b7683d4
[DEBUG] 2020-10-07 10:10:28.003 [main] BasicTypeRegistry - Adding type registration java.sql.Clob -> org.hibernate.type.ClobType@7b7683d4
[DEBUG] 2020-10-07 10:10:28.024 [main] BasicTypeRegistry - Adding type registration nclob -> org.hibernate.type.NClobType@6c302a1d
[DEBUG] 2020-10-07 10:10:28.027 [main] BasicTypeRegistry - Adding type registration java.sql.NClob -> org.hibernate.type.NClobType@6c302a1d
[DEBUG] 2020-10-07 10:10:28.034 [main] BasicTypeRegistry - Adding type registration materialized_clob -> org.hibernate.type.MaterializedClobType@24934262
[DEBUG] 2020-10-07 10:10:28.035 [main] BasicTypeRegistry - Adding type registration materialized_nclob -> org.hibernate.type.MaterializedNClobType@28501a4b
[DEBUG] 2020-10-07 10:10:28.066 [main] BasicTypeRegistry - Adding type registration serializable -> org.hibernate.type.SerializableType@4554de02
[DEBUG] 2020-10-07 10:10:28.122 [main] BasicTypeRegistry - Adding type registration object -> org.hibernate.type.ObjectType@5e2a3040
[DEBUG] 2020-10-07 10:10:28.122 [main] BasicTypeRegistry - Adding type registration java.lang.Object -> org.hibernate.type.ObjectType@5e2a3040
[DEBUG] 2020-10-07 10:10:28.123 [main] BasicTypeRegistry - Adding type registration imm_date -> org.hibernate.type.AdaptedImmutableType@64524dd
[DEBUG] 2020-10-07 10:10:28.123 [main] BasicTypeRegistry - Adding type registration imm_time -> org.hibernate.type.AdaptedImmutableType@79d06bbd
[DEBUG] 2020-10-07 10:10:28.132 [main] BasicTypeRegistry - Adding type registration imm_timestamp -> org.hibernate.type.AdaptedImmutableType@47a7a101
[DEBUG] 2020-10-07 10:10:28.140 [main] BasicTypeRegistry - Adding type registration imm_dbtimestamp -> org.hibernate.type.AdaptedImmutableType@5bb51241
[DEBUG] 2020-10-07 10:10:28.146 [main] BasicTypeRegistry - Adding type registration imm_calendar -> org.hibernate.type.AdaptedImmutableType@7479b626
[DEBUG] 2020-10-07 10:10:28.147 [main] BasicTypeRegistry - Adding type registration imm_calendar_date -> org.hibernate.type.AdaptedImmutableType@e8ea697
[DEBUG] 2020-10-07 10:10:28.147 [main] BasicTypeRegistry - Adding type registration imm_binary -> org.hibernate.type.AdaptedImmutableType@74dbb1ee
[DEBUG] 2020-10-07 10:10:28.147 [main] BasicTypeRegistry - Adding type registration imm_serializable -> org.hibernate.type.AdaptedImmutableType@70f822e
[DEBUG] 2020-10-07 10:10:28.622 [main] DefaultIdentifierGeneratorFactory - Registering IdentifierGenerator strategy [uuid2] -> [org.hibernate.id.UUIDGenerator]
[DEBUG] 2020-10-07 10:10:28.630 [main] DefaultIdentifierGeneratorFactory - Registering IdentifierGenerator strategy [guid] -> [org.hibernate.id.GUIDGenerator]
[DEBUG] 2020-10-07 10:10:28.648 [main] DefaultIdentifierGeneratorFactory - Registering IdentifierGenerator strategy [uuid] -> [org.hibernate.id.UUIDHexGenerator]
[DEBUG] 2020-10-07 10:10:28.648 [main] DefaultIdentifierGeneratorFactory - Registering IdentifierGenerator strategy [uuid.hex] -> [org.hibernate.id.UUIDHexGenerator]
[DEBUG] 2020-10-07 10:10:28.653 [main] DefaultIdentifierGeneratorFactory - Registering IdentifierGenerator strategy [assigned] -> [org.hibernate.id.Assigned]
[DEBUG] 2020-10-07 10:10:28.670 [main] DefaultIdentifierGeneratorFactory - Registering IdentifierGenerator strategy [identity] -> [org.hibernate.id.IdentityGenerator]
[DEBUG] 2020-10-07 10:10:28.685 [main] DefaultIdentifierGeneratorFactory - Registering IdentifierGenerator strategy [select] -> [org.hibernate.id.SelectGenerator]
[DEBUG] 2020-10-07 10:10:28.707 [main] DefaultIdentifierGeneratorFactory - Registering IdentifierGenerator strategy [sequence] -> [org.hibernate.id.enhanced.SequenceStyleGenerator]
[DEBUG] 2020-10-07 10:10:28.727 [main] DefaultIdentifierGeneratorFactory - Registering IdentifierGenerator strategy [seqhilo] -> [org.hibernate.id.SequenceHiLoGenerator]
[DEBUG] 2020-10-07 10:10:28.754 [main] DefaultIdentifierGeneratorFactory - Registering IdentifierGenerator strategy [increment] -> [org.hibernate.id.IncrementGenerator]
[DEBUG] 2020-10-07 10:10:28.755 [main] DefaultIdentifierGeneratorFactory - Registering IdentifierGenerator strategy [foreign] -> [org.hibernate.id.ForeignGenerator]
[DEBUG] 2020-10-07 10:10:28.767 [main] DefaultIdentifierGeneratorFactory - Registering IdentifierGenerator strategy [sequence-identity] -> [org.hibernate.id.SequenceIdentityGenerator]
[DEBUG] 2020-10-07 10:10:28.768 [main] DefaultIdentifierGeneratorFactory - Registering IdentifierGenerator strategy [enhanced-sequence] -> [org.hibernate.id.enhanced.SequenceStyleGenerator]
[DEBUG] 2020-10-07 10:10:28.787 [main] DefaultIdentifierGeneratorFactory - Registering IdentifierGenerator strategy [enhanced-table] -> [org.hibernate.id.enhanced.TableGenerator]
[INFO ] 2020-10-07 10:10:28.958 [main] C3P0ConnectionProvider - HHH010002: C3P0 using driver: com.mysql.cj.jdbc.Driver at URL: jdbc:mysql://localhost:3306/hotel_test
[INFO ] 2020-10-07 10:10:28.959 [main] C3P0ConnectionProvider - HHH10001001: Connection properties: {password=****, user=root}
[INFO ] 2020-10-07 10:10:28.959 [main] C3P0ConnectionProvider - HHH10001003: Autocommit mode: false
[INFO ] 2020-10-07 10:10:31.443 [main] C3P0ConnectionProvider - HHH10001007: JDBC isolation level: <unknown>
[DEBUG] 2020-10-07 10:10:46.962 [main] JdbcEnvironmentInitiator - Database ->
       name : MySQL
    version : 8.0.16
      major : 8
      minor : 0
[DEBUG] 2020-10-07 10:10:46.971 [main] JdbcEnvironmentInitiator - Driver ->
       name : MySQL Connector/J
    version : mysql-connector-java-8.0.16 (Revision: 34cbc6bc61f72836e26327537a432d6db7c77de6)
      major : 8
      minor : 0
[DEBUG] 2020-10-07 10:10:46.972 [main] JdbcEnvironmentInitiator - JDBC version : 4.2
[INFO ] 2020-10-07 10:10:47.236 [main] Dialect - HHH000400: Using dialect: org.hibernate.dialect.MySQL8Dialect
[DEBUG] 2020-10-07 10:10:47.458 [main] IdentifierHelperBuilder - JDBC driver metadata reported database stores quoted identifiers in more than one case
[DEBUG] 2020-10-07 10:10:47.710 [main] IdentifierHelperBuilder - IdentifierCaseStrategy for both quoted and unquoted identifiers was set to the same strategy [MIXED]; that will likely lead to problems in schema update and validation if using quoted identifiers
[DEBUG] 2020-10-07 10:10:48.127 [main] Namespace - Created database namespace [logicalName=Name{catalog=null, schema=null}, physicalName=Name{catalog=null, schema=null}]
[DEBUG] 2020-10-07 10:10:48.222 [main] TypeConfiguration$Scope - Scoping TypeConfiguration [org.hibernate.type.spi.TypeConfiguration@7ad1caa2] to MetadataBuildingContext [org.hibernate.boot.internal.MetadataBuildingContextRootImpl@6b6b3572]
[DEBUG] 2020-10-07 10:10:49.155 [main] AnnotationBinder - Binding entity from annotated class: hote.entity.User
[DEBUG] 2020-10-07 10:10:49.496 [main] Ejb3Column - Binding column: Ejb3DiscriminatorColumn{logicalColumnName'DTYPE', discriminatorTypeName='string'}
[DEBUG] 2020-10-07 10:10:49.559 [main] EntityBinder - Import with entity name User
[DEBUG] 2020-10-07 10:10:49.594 [main] EntityBinder - Bind entity hote.entity.User on table user
[DEBUG] 2020-10-07 10:10:49.901 [main] Ejb3Column - Binding column: Ejb3Column{table=org.hibernate.mapping.Table(user), mappingColumn=id, insertable=true, updatable=true, unique=false}
[DEBUG] 2020-10-07 10:10:49.911 [main] PropertyBinder - MetadataSourceProcessor property id with lazy=false
[DEBUG] 2020-10-07 10:10:49.963 [main] AbstractPropertyHolder - Attempting to locate auto-apply AttributeConverter for property [hote.entity.User:id]
[DEBUG] 2020-10-07 10:10:49.980 [main] SimpleValueBinder - building SimpleValue for id
[DEBUG] 2020-10-07 10:10:50.020 [main] PropertyBinder - Building property id
[DEBUG] 2020-10-07 10:10:50.066 [main] BinderHelper - #makeIdGenerator(org.hibernate.mapping.SimpleValue([org.hibernate.mapping.Column(id)]), id, org.hibernate.id.enhanced.SequenceStyleGenerator, native, ...)
[DEBUG] 2020-10-07 10:10:50.094 [main] Ejb3Column - Binding column: Ejb3Column{table=org.hibernate.mapping.Table(user), mappingColumn=first_name, insertable=true, updatable=true, unique=false}
[DEBUG] 2020-10-07 10:10:50.103 [main] PropertyBinder - MetadataSourceProcessor property first_name with lazy=false
[DEBUG] 2020-10-07 10:10:50.103 [main] AbstractPropertyHolder - Attempting to locate auto-apply AttributeConverter for property [hote.entity.User:first_name]
[DEBUG] 2020-10-07 10:10:50.103 [main] SimpleValueBinder - building SimpleValue for first_name
[DEBUG] 2020-10-07 10:10:50.104 [main] PropertyBinder - Building property first_name
[DEBUG] 2020-10-07 10:10:50.104 [main] Ejb3Column - Binding column: Ejb3Column{table=org.hibernate.mapping.Table(user), mappingColumn=last_name, insertable=true, updatable=true, unique=false}
[DEBUG] 2020-10-07 10:10:50.104 [main] PropertyBinder - MetadataSourceProcessor property last_name with lazy=false
[DEBUG] 2020-10-07 10:10:50.104 [main] AbstractPropertyHolder - Attempting to locate auto-apply AttributeConverter for property [hote.entity.User:last_name]
[DEBUG] 2020-10-07 10:10:50.109 [main] SimpleValueBinder - building SimpleValue for last_name
[DEBUG] 2020-10-07 10:10:50.110 [main] PropertyBinder - Building property last_name
[DEBUG] 2020-10-07 10:10:50.145 [main] Ejb3Column - Binding column: Ejb3JoinColumn{logicalColumnName='null', referencedColumn='null', mappedBy='user'}
[DEBUG] 2020-10-07 10:10:50.146 [main] Ejb3Column - Binding column: Ejb3Column{table=org.hibernate.mapping.Table(user), mappingColumn=orders, insertable=true, updatable=true, unique=false}
[DEBUG] 2020-10-07 10:10:50.175 [main] Ejb3Column - Binding column: Ejb3Column{table=org.hibernate.mapping.Table(user), mappingColumn=null, insertable=true, updatable=true, unique=false}
[DEBUG] 2020-10-07 10:10:50.291 [main] Ejb3Column - Binding column: Ejb3Column{table=org.hibernate.mapping.Table(user), mappingColumn=element, insertable=true, updatable=true, unique=false}
[DEBUG] 2020-10-07 10:10:50.314 [main] Ejb3Column - Binding column: Ejb3Column{table=org.hibernate.mapping.Table(user), mappingColumn=orders_KEY, insertable=true, updatable=true, unique=false}
[DEBUG] 2020-10-07 10:10:50.315 [main] Ejb3Column - Binding column: Ejb3JoinColumn{logicalColumnName='orders_KEY', referencedColumn='null', mappedBy='null'}
[DEBUG] 2020-10-07 10:10:50.339 [main] Ejb3Column - Binding column: Ejb3JoinColumn{logicalColumnName='null', referencedColumn='null', mappedBy='user'}
[DEBUG] 2020-10-07 10:10:50.339 [main] Ejb3Column - Binding column: Ejb3JoinColumn{logicalColumnName='null', referencedColumn='null', mappedBy='user'}
[DEBUG] 2020-10-07 10:10:50.374 [main] CollectionBinder - Collection role: hote.entity.User.orders
[DEBUG] 2020-10-07 10:10:50.414 [main] PropertyBinder - Building property orders
[DEBUG] 2020-10-07 10:10:50.417 [main] Ejb3Column - Binding column: Ejb3Column{table=org.hibernate.mapping.Table(user), mappingColumn=user_name, insertable=true, updatable=true, unique=false}
[DEBUG] 2020-10-07 10:10:50.417 [main] PropertyBinder - MetadataSourceProcessor property user_name with lazy=false
[DEBUG] 2020-10-07 10:10:50.417 [main] AbstractPropertyHolder - Attempting to locate auto-apply AttributeConverter for property [hote.entity.User:user_name]
[DEBUG] 2020-10-07 10:10:50.417 [main] SimpleValueBinder - building SimpleValue for user_name
[DEBUG] 2020-10-07 10:10:50.418 [main] PropertyBinder - Building property user_name
[DEBUG] 2020-10-07 10:10:50.448 [main] AnnotationBinder - Binding entity from annotated class: hote.entity.Order
[DEBUG] 2020-10-07 10:10:50.457 [main] Ejb3Column - Binding column: Ejb3DiscriminatorColumn{logicalColumnName'DTYPE', discriminatorTypeName='string'}
[DEBUG] 2020-10-07 10:10:50.458 [main] EntityBinder - Import with entity name Order
[DEBUG] 2020-10-07 10:10:50.458 [main] EntityBinder - Bind entity hote.entity.Order on table orders
[DEBUG] 2020-10-07 10:10:50.498 [main] Ejb3Column - Binding column: Ejb3Column{table=org.hibernate.mapping.Table(orders), mappingColumn=id, insertable=true, updatable=true, unique=false}
[DEBUG] 2020-10-07 10:10:50.505 [main] PropertyBinder - MetadataSourceProcessor property id with lazy=false
[DEBUG] 2020-10-07 10:10:50.505 [main] AbstractPropertyHolder - Attempting to locate auto-apply AttributeConverter for property [hote.entity.Order:id]
[DEBUG] 2020-10-07 10:10:50.505 [main] SimpleValueBinder - building SimpleValue for id
[DEBUG] 2020-10-07 10:10:50.505 [main] PropertyBinder - Building property id
[DEBUG] 2020-10-07 10:10:50.508 [main] BinderHelper - #makeIdGenerator(org.hibernate.mapping.SimpleValue([org.hibernate.mapping.Column(id)]), id, org.hibernate.id.enhanced.SequenceStyleGenerator, native, ...)
[DEBUG] 2020-10-07 10:10:50.509 [main] Ejb3Column - Binding column: Ejb3Column{table=org.hibernate.mapping.Table(orders), mappingColumn=description, insertable=true, updatable=true, unique=false}
[DEBUG] 2020-10-07 10:10:50.509 [main] PropertyBinder - MetadataSourceProcessor property description with lazy=false
[DEBUG] 2020-10-07 10:10:50.509 [main] AbstractPropertyHolder - Attempting to locate auto-apply AttributeConverter for property [hote.entity.Order:description]
[DEBUG] 2020-10-07 10:10:50.517 [main] SimpleValueBinder - building SimpleValue for description
[DEBUG] 2020-10-07 10:10:50.519 [main] PropertyBinder - Building property description
[DEBUG] 2020-10-07 10:10:50.520 [main] Ejb3Column - Binding column: Ejb3JoinColumn{logicalColumnName='null', referencedColumn='null', mappedBy='null'}
[DEBUG] 2020-10-07 10:10:50.540 [main] Ejb3Column - Binding column: Ejb3Column{table=org.hibernate.mapping.Table(orders), mappingColumn=user, insertable=true, updatable=true, unique=false}
[DEBUG] 2020-10-07 10:10:50.549 [main] PropertyBinder - Building property user
[DEBUG] 2020-10-07 10:10:50.588 [main] SimpleValueBinder - Starting fillSimpleValue for id
[DEBUG] 2020-10-07 10:10:50.589 [main] SimpleValueBinder - Starting fillSimpleValue for first_name
[DEBUG] 2020-10-07 10:10:50.589 [main] SimpleValueBinder - Starting fillSimpleValue for last_name
[DEBUG] 2020-10-07 10:10:50.589 [main] SimpleValueBinder - Starting fillSimpleValue for user_name
[DEBUG] 2020-10-07 10:10:50.589 [main] SimpleValueBinder - Starting fillSimpleValue for id
[DEBUG] 2020-10-07 10:10:50.590 [main] SimpleValueBinder - Starting fillSimpleValue for description
[DEBUG] 2020-10-07 10:10:50.687 [main] PrimaryKey - Forcing column [id] to be non-null as it is part of the primary key for table [user]
[DEBUG] 2020-10-07 10:10:50.716 [main] PrimaryKey - Forcing column [id] to be non-null as it is part of the primary key for table [orders]
[DEBUG] 2020-10-07 10:10:50.716 [main] CollectionSecondPass - Second pass for collection: hote.entity.User.orders
[DEBUG] 2020-10-07 10:10:50.721 [main] CollectionBinder - Binding a OneToMany: hote.entity.User.orders through a foreign key
[DEBUG] 2020-10-07 10:10:50.736 [main] CollectionBinder - Mapping collection: hote.entity.User.orders -> orders
[DEBUG] 2020-10-07 10:10:50.738 [main] TableBinder - Retrieving property hote.entity.Order.user
[DEBUG] 2020-10-07 10:10:50.739 [main] CollectionSecondPass - Mapped collection key: user_id, one-to-many: hote.entity.Order
[DEBUG] 2020-10-07 10:10:50.739 [main] InFlightMetadataCollectorImpl - Resolving reference to class: hote.entity.User
[DEBUG] 2020-10-07 10:10:50.797 [main] InFlightMetadataCollectorImpl - Resolving reference to class: hote.entity.User
[DEBUG] 2020-10-07 10:10:51.281 [main] SessionFactoryImpl - Building session factory
[DEBUG] 2020-10-07 10:10:51.305 [main] Settings - SessionFactory name : null
[DEBUG] 2020-10-07 10:10:51.305 [main] Settings - Automatic flush during beforeCompletion(): enabled
[DEBUG] 2020-10-07 10:10:51.311 [main] Settings - Automatic session close at end of transaction: disabled
[DEBUG] 2020-10-07 10:10:51.311 [main] Settings - Statistics: disabled
[DEBUG] 2020-10-07 10:10:51.311 [main] Settings - Deleted entity synthetic identifier rollback: disabled
[DEBUG] 2020-10-07 10:10:51.311 [main] Settings - Default entity-mode: pojo
[DEBUG] 2020-10-07 10:10:51.311 [main] Settings - Check Nullability in Core (should be disabled when Bean Validation is on): enabled
[DEBUG] 2020-10-07 10:10:51.311 [main] Settings - Allow initialization of lazy state outside session : disabled
[DEBUG] 2020-10-07 10:10:51.311 [main] Settings - Using BatchFetchStyle : LEGACY
[DEBUG] 2020-10-07 10:10:51.312 [main] Settings - Default batch fetch size: -1
[DEBUG] 2020-10-07 10:10:51.312 [main] Settings - Maximum outer join fetch depth: 2
[DEBUG] 2020-10-07 10:10:51.312 [main] Settings - Default null ordering: NONE
[DEBUG] 2020-10-07 10:10:51.312 [main] Settings - Order SQL updates by primary key: disabled
[DEBUG] 2020-10-07 10:10:51.312 [main] Settings - Order SQL inserts for batching: disabled
[DEBUG] 2020-10-07 10:10:51.312 [main] Settings - multi-tenancy strategy : NONE
[DEBUG] 2020-10-07 10:10:51.312 [main] Settings - JTA Track by Thread: enabled
[DEBUG] 2020-10-07 10:10:51.326 [main] Settings - Query language substitutions: {}
[DEBUG] 2020-10-07 10:10:51.327 [main] Settings - Named query checking : enabled
[DEBUG] 2020-10-07 10:10:51.327 [main] Settings - Second-level cache: disabled
[DEBUG] 2020-10-07 10:10:51.327 [main] Settings - Second-level query cache: disabled
[DEBUG] 2020-10-07 10:10:51.328 [main] Settings - Second-level query cache factory: null
[DEBUG] 2020-10-07 10:10:51.328 [main] Settings - Second-level cache region prefix: null
[DEBUG] 2020-10-07 10:10:51.328 [main] Settings - Optimize second-level cache for minimal puts: disabled
[DEBUG] 2020-10-07 10:10:51.328 [main] Settings - Structured second-level cache entries: disabled
[DEBUG] 2020-10-07 10:10:51.329 [main] Settings - Second-level cache direct-reference entries: disabled
[DEBUG] 2020-10-07 10:10:51.329 [main] Settings - Automatic eviction of collection cache: disabled
[DEBUG] 2020-10-07 10:10:51.329 [main] Settings - JDBC batch size: 15
[DEBUG] 2020-10-07 10:10:51.329 [main] Settings - JDBC batch updates for versioned data: enabled
[DEBUG] 2020-10-07 10:10:51.329 [main] Settings - Scrollable result sets: enabled
[DEBUG] 2020-10-07 10:10:51.329 [main] Settings - Wrap result sets: disabled
[DEBUG] 2020-10-07 10:10:51.329 [main] Settings - JDBC3 getGeneratedKeys(): enabled
[DEBUG] 2020-10-07 10:10:51.329 [main] Settings - JDBC result set fetch size: null
[DEBUG] 2020-10-07 10:10:51.329 [main] Settings - Connection release mode: AFTER_TRANSACTION
[DEBUG] 2020-10-07 10:10:51.329 [main] Settings - Generate SQL with comments: disabled
[DEBUG] 2020-10-07 10:10:51.338 [main] Settings - JPA compliance - query : 
[DEBUG] 2020-10-07 10:10:51.340 [main] Settings - JPA compliance - closed-handling : 
[DEBUG] 2020-10-07 10:10:51.352 [main] Settings - JPA compliance - lists : 
[DEBUG] 2020-10-07 10:10:51.352 [main] Settings - JPA compliance - transactions : 
[INFO ] 2020-10-07 10:10:52.151 [main] beans - HHH10005002: No explicit CDI BeanManager reference was passed to Hibernate, but CDI is available on the Hibernate ClassLoader.
[DEBUG] 2020-10-07 10:10:52.394 [main] SessionFactoryImpl - Session factory constructed with filter configurations : {}
[DEBUG] 2020-10-07 10:10:52.396 [main] SessionFactoryImpl - Instantiating session factory with properties: {sun.desktop=gnome, awt.toolkit=sun.awt.X11.XToolkit, java.specification.version=11, sun.cpu.isalist=, hibernate.c3p0.idle_test_period=3000, sun.jnu.encoding=UTF-8, hibernate.c3p0.min_size=5, java.class.path=/snap/intellij-idea-ultimate/253/lib/idea_rt.jar:/snap/intellij-idea-ultimate/253/plugins/junit/lib/junit5-rt.jar:/snap/intellij-idea-ultimate/253/plugins/junit/lib/junit-rt.jar:/home/student/IdeaProjects/HotelWebsie/target/test-classes:/home/student/IdeaProjects/HotelWebsie/target/classes:/home/student/.m2/repository/org/junit/platform/junit-platform-runner/1.0.0/junit-platform-runner-1.0.0.jar:/home/student/.m2/repository/org/apiguardian/apiguardian-api/1.0.0/apiguardian-api-1.0.0.jar:/home/student/.m2/repository/org/junit/platform/junit-platform-launcher/1.0.0/junit-platform-launcher-1.0.0.jar:/home/student/.m2/repository/org/junit/platform/junit-platform-suite-api/1.0.0/junit-platform-suite-api-1.0.0.jar:/home/student/.m2/repository/org/junit/platform/junit-platform-commons/1.0.0/junit-platform-commons-1.0.0.jar:/home/student/.m2/repository/org/junit/vintage/junit-vintage-engine/4.12.0/junit-vintage-engine-4.12.0.jar:/home/student/.m2/repository/org/junit/platform/junit-platform-engine/1.0.0/junit-platform-engine-1.0.0.jar:/home/student/.m2/repository/org/opentest4j/opentest4j/1.0.0/opentest4j-1.0.0.jar:/home/student/.m2/repository/org/junit/jupiter/junit-jupiter-engine/5.0.0/junit-jupiter-engine-5.0.0.jar:/home/student/.m2/repository/org/junit/jupiter/junit-jupiter-api/5.0.0/junit-jupiter-api-5.0.0.jar:/home/student/.m2/repository/junit/junit/4.12/junit-4.12.jar:/home/student/.m2/repository/org/hamcrest/hamcrest-core/1.3/hamcrest-core-1.3.jar:/home/student/.m2/repository/javax/javaee-web-api/7.0/javaee-web-api-7.0.jar:/home/student/.m2/repository/mysql/mysql-connector-java/8.0.16/mysql-connector-java-8.0.16.jar:/home/student/.m2/repository/com/google/protobuf/protobuf-java/3.6.1/protobuf-java-3.6.1.jar:/home/student/.m2/repository/jstl/jstl/1.2/jstl-1.2.jar:/home/student/.m2/repository/org/apache/logging/log4j/log4j-api/2.10.0/log4j-api-2.10.0.jar:/home/student/.m2/repository/org/apache/logging/log4j/log4j-core/2.10.0/log4j-core-2.10.0.jar:/home/student/.m2/repository/org/hibernate/hibernate-core/5.4.4.Final/hibernate-core-5.4.4.Final.jar:/home/student/.m2/repository/org/jboss/logging/jboss-logging/3.3.2.Final/jboss-logging-3.3.2.Final.jar:/home/student/.m2/repository/javax/persistence/javax.persistence-api/2.2/javax.persistence-api-2.2.jar:/home/student/.m2/repository/org/javassist/javassist/3.24.0-GA/javassist-3.24.0-GA.jar:/home/student/.m2/repository/net/bytebuddy/byte-buddy/1.9.11/byte-buddy-1.9.11.jar:/home/student/.m2/repository/antlr/antlr/2.7.7/antlr-2.7.7.jar:/home/student/.m2/repository/org/jboss/spec/javax/transaction/jboss-transaction-api_1.2_spec/1.1.1.Final/jboss-transaction-api_1.2_spec-1.1.1.Final.jar:/home/student/.m2/repository/org/jboss/jandex/2.0.5.Final/jandex-2.0.5.Final.jar:/home/student/.m2/repository/com/fasterxml/classmate/1.3.4/classmate-1.3.4.jar:/home/student/.m2/repository/javax/activation/javax.activation-api/1.2.0/javax.activation-api-1.2.0.jar:/home/student/.m2/repository/org/dom4j/dom4j/2.1.1/dom4j-2.1.1.jar:/home/student/.m2/repository/org/hibernate/common/hibernate-commons-annotations/5.1.0.Final/hibernate-commons-annotations-5.1.0.Final.jar:/home/student/.m2/repository/javax/xml/bind/jaxb-api/2.3.1/jaxb-api-2.3.1.jar:/home/student/.m2/repository/org/glassfish/jaxb/jaxb-runtime/2.3.1/jaxb-runtime-2.3.1.jar:/home/student/.m2/repository/org/glassfish/jaxb/txw2/2.3.1/txw2-2.3.1.jar:/home/student/.m2/repository/com/sun/istack/istack-commons-runtime/3.0.7/istack-commons-runtime-3.0.7.jar:/home/student/.m2/repository/org/jvnet/staxex/stax-ex/1.8/stax-ex-1.8.jar:/home/student/.m2/repository/com/sun/xml/fastinfoset/FastInfoset/1.2.15/FastInfoset-1.2.15.jar:/home/student/.m2/repository/org/hibernate/hibernate-c3p0/5.4.4.Final/hibernate-c3p0-5.4.4.Final.jar:/home/student/.m2/repository/com/mchange/c3p0/0.9.5.3/c3p0-0.9.5.3.jar:/home/student/.m2/repository/com/mchange/mchange-commons-java/0.2.15/mchange-commons-java-0.2.15.jar, java.vm.vendor=Ubuntu, sun.arch.data.model=64, idea.test.cyclic.buffer.size=1048576, java.vendor.url=https://ubuntu.com/, user.timezone=America/Chicago, os.name=Linux, java.vm.specification.version=11, sun.java.launcher=SUN_STANDARD, user.country=US, sun.boot.library.path=/usr/lib/jvm/java-11-openjdk-amd64/lib, sun.java.command=com.intellij.rt.junit.JUnitStarter -ideVersion5 -junit5 hotel.persistence.OrderTest,insertSuccess, jdk.debug=release, sun.cpu.endian=little, user.home=/home/student, hibernate.c3p0.max_statements=50, user.language=en, java.specification.vendor=Oracle Corporation, java.version.date=2020-07-14, java.home=/usr/lib/jvm/java-11-openjdk-amd64, file.separator=/, java.vm.compressedOopsMode=32-bit, line.separator=
, hibernate.c3p0.timeout=300, java.specification.name=Java Platform API Specification, java.vm.specification.vendor=Oracle Corporation, java.awt.graphicsenv=sun.awt.X11GraphicsEnvironment, connection.password=student, sun.management.compiler=HotSpot 64-Bit Tiered Compilers, hibernate.c3p0.max_size=20, java.runtime.version=11.0.8+10-post-Ubuntu-0ubuntu118.04.1, user.name=student, path.separator=:, hibernate.connection.username=****, os.version=5.4.0-48-generic, java.runtime.name=OpenJDK Runtime Environment, hibernate.connection.url=jdbc:mysql://localhost:3306/hotel_test, file.encoding=UTF-8, java.vm.name=OpenJDK 64-Bit Server VM, hibernate.connection.driver_class=com.mysql.cj.jdbc.Driver, java.vendor.url.bug=https://bugs.launchpad.net/ubuntu/+source/openjdk-lts, java.io.tmpdir=/tmp, java.version=11.0.8, user.dir=/home/student/IdeaProjects/HotelWebsie, os.arch=amd64, connection.username=root, java.vm.specification.name=Java Virtual Machine Specification, java.awt.printerjob=sun.print.PSPrinterJob, hibernate.connection.password=****, sun.os.patch.level=unknown, connection.driver_class=com.mysql.cj.jdbc.Driver, hibernate.boot.CfgXmlAccessService.key=org.hibernate.boot.cfgxml.spi.LoadedConfig@17229821, java.library.path=/usr/java/packages/lib:/usr/lib/x86_64-linux-gnu/jni:/lib/x86_64-linux-gnu:/usr/lib/x86_64-linux-gnu:/usr/lib/jni:/lib:/usr/lib, java.vendor=Ubuntu, java.vm.info=mixed mode, sharing, java.vm.version=11.0.8+10-post-Ubuntu-0ubuntu118.04.1, hibernate.bytecode.use_reflection_optimizer=false, sun.io.unicode.encoding=UnicodeLittle, connection.url=jdbc:mysql://localhost:3306/hotel_test, java.class.version=55.0}
[DEBUG] 2020-10-07 10:10:52.719 [main] TypeSafeActivator - Unable to acquire Bean Validation ValidatorFactory, skipping activation
[DEBUG] 2020-10-07 10:10:52.721 [main] JaccIntegrator - Skipping JACC integration as it was not enabled
[DEBUG] 2020-10-07 10:10:52.723 [main] SessionFactoryImpl - Instantiated session factory
[DEBUG] 2020-10-07 10:10:52.734 [main] TypeConfiguration$Scope - Scoping TypeConfiguration [org.hibernate.type.spi.TypeConfiguration@7ad1caa2] to SessionFactoryImpl [org.hibernate.internal.SessionFactoryImpl@468e8565]
[DEBUG] 2020-10-07 10:10:53.494 [main] ClassLoaderAccessImpl - Not known whether passed class name [hote.entity.User] is safe
[DEBUG] 2020-10-07 10:10:53.503 [main] ClassLoaderAccessImpl - No temp ClassLoader provided; using live ClassLoader for loading potentially unsafe class : hote.entity.User
[DEBUG] 2020-10-07 10:10:53.680 [main] ClassLoaderAccessImpl - Not known whether passed class name [hote.entity.User] is safe
[DEBUG] 2020-10-07 10:10:53.689 [main] ClassLoaderAccessImpl - No temp ClassLoader provided; using live ClassLoader for loading potentially unsafe class : hote.entity.User
[DEBUG] 2020-10-07 10:10:56.434 [main] ClassLoaderAccessImpl - Not known whether passed class name [hote.entity.Order] is safe
[DEBUG] 2020-10-07 10:10:56.438 [main] ClassLoaderAccessImpl - No temp ClassLoader provided; using live ClassLoader for loading potentially unsafe class : hote.entity.Order
[DEBUG] 2020-10-07 10:10:56.438 [main] ClassLoaderAccessImpl - Not known whether passed class name [hote.entity.Order] is safe
[DEBUG] 2020-10-07 10:10:56.444 [main] ClassLoaderAccessImpl - No temp ClassLoader provided; using live ClassLoader for loading potentially unsafe class : hote.entity.Order
[DEBUG] 2020-10-07 10:10:56.608 [main] AbstractCollectionPersister - Static SQL for collection: hote.entity.User.orders
[DEBUG] 2020-10-07 10:10:56.608 [main] AbstractCollectionPersister -  Row insert: update orders set user_id=? where id=?
[DEBUG] 2020-10-07 10:10:56.609 [main] AbstractCollectionPersister -  Row update: update orders set  where id=?
[DEBUG] 2020-10-07 10:10:56.609 [main] AbstractCollectionPersister -  Row delete: update orders set user_id=null where user_id=? and id=?
[DEBUG] 2020-10-07 10:10:56.609 [main] AbstractCollectionPersister -  One-shot delete: update orders set user_id=null where user_id=?
[DEBUG] 2020-10-07 10:10:56.620 [main] AbstractEntityPersister - Static SQL for entity: hote.entity.User
[DEBUG] 2020-10-07 10:10:56.620 [main] AbstractEntityPersister -  Version select: select id from user where id =?
[DEBUG] 2020-10-07 10:10:56.627 [main] AbstractEntityPersister -  Snapshot select: select user_.id, user_.first_name as first_na2_1_, user_.last_name as last_nam3_1_, user_.user_name as user_nam4_1_ from user user_ where user_.id=?
[DEBUG] 2020-10-07 10:10:56.628 [main] AbstractEntityPersister -  Insert 0: insert into user (first_name, last_name, user_name, id) values (?, ?, ?, ?)
[DEBUG] 2020-10-07 10:10:56.628 [main] AbstractEntityPersister -  Update 0: update user set first_name=?, last_name=?, user_name=? where id=?
[DEBUG] 2020-10-07 10:10:56.628 [main] AbstractEntityPersister -  Delete 0: delete from user where id=?
[DEBUG] 2020-10-07 10:10:56.628 [main] AbstractEntityPersister -  Identity insert: insert into user (first_name, last_name, user_name) values (?, ?, ?)
[DEBUG] 2020-10-07 10:10:56.842 [main] QuerySpacesImpl - Adding QuerySpace : uid = <gen:0> -> org.hibernate.loader.plan.build.internal.spaces.EntityQuerySpaceImpl@437ed416]
[DEBUG] 2020-10-07 10:10:56.851 [main] MetamodelGraphWalker - Visiting attribute path : first_name
[DEBUG] 2020-10-07 10:10:56.852 [main] MetamodelGraphWalker - Visiting attribute path : last_name
[DEBUG] 2020-10-07 10:10:56.852 [main] MetamodelGraphWalker - Visiting attribute path : orders
[DEBUG] 2020-10-07 10:10:56.900 [main] QuerySpacesImpl - Adding QuerySpace : uid = <gen:1> -> org.hibernate.loader.plan.build.internal.spaces.CollectionQuerySpaceImpl@33d28f0a]
[DEBUG] 2020-10-07 10:10:56.920 [main] QuerySpacesImpl - Adding QuerySpace : uid = <gen:2> -> org.hibernate.loader.plan.build.internal.spaces.EntityQuerySpaceImpl@bbb6f0]
[DEBUG] 2020-10-07 10:10:56.942 [main] MetamodelGraphWalker - Visiting attribute path : orders.description
[DEBUG] 2020-10-07 10:10:56.942 [main] MetamodelGraphWalker - Visiting attribute path : orders.user
[DEBUG] 2020-10-07 10:10:56.946 [main] MetamodelGraphWalker - Property path deemed to be circular : orders.user
[DEBUG] 2020-10-07 10:10:56.947 [main] MetamodelGraphWalker - Visiting attribute path : user_name
[DEBUG] 2020-10-07 10:10:56.961 [main] FetchStyleLoadPlanBuildingAssociationVisitationStrategy - Building LoadPlan...
[DEBUG] 2020-10-07 10:10:57.080 [main] LoadQueryJoinAndFetchProcessor - processing queryspace <gen:0>
[DEBUG] 2020-10-07 10:10:57.208 [main] LoadPlanTreePrinter - LoadPlan(entity=hote.entity.User)
    - Returns
       - EntityReturnImpl(entity=hote.entity.User, querySpaceUid=<gen:0>, path=hote.entity.User)
          - CollectionAttributeFetchImpl(collection=hote.entity.User.orders, querySpaceUid=<gen:1>, path=hote.entity.User.orders)
             - (collection element) CollectionFetchableElementEntityGraph(entity=hote.entity.Order, querySpaceUid=<gen:2>, path=hote.entity.User.orders.<elements>)
    - QuerySpaces
       - EntityQuerySpaceImpl(uid=<gen:0>, entity=hote.entity.User)
          - SQL table alias mapping - user0_
          - alias suffix - 0_
          - suffixed key columns - {id1_1_0_}
          - JOIN (JoinDefinedByMetadata(orders)) : <gen:0> -> <gen:1>
             - CollectionQuerySpaceImpl(uid=<gen:1>, collection=hote.entity.User.orders)
                - SQL table alias mapping - orders1_
                - alias suffix - 1_
                - suffixed key columns - {user_id3_0_1_}
                - entity-element alias suffix - 2_
                - 2_entity-element suffixed key columns - id1_0_2_
                - JOIN (JoinDefinedByMetadata(elements)) : <gen:1> -> <gen:2>
                   - EntityQuerySpaceImpl(uid=<gen:2>, entity=hote.entity.Order)
                      - SQL table alias mapping - orders1_
                      - alias suffix - 2_
                      - suffixed key columns - {id1_0_2_}

[DEBUG] 2020-10-07 10:10:57.226 [main] EntityLoader - Static select for entity hote.entity.User [NONE]: select user0_.id as id1_1_0_, user0_.first_name as first_na2_1_0_, user0_.last_name as last_nam3_1_0_, user0_.user_name as user_nam4_1_0_, orders1_.user_id as user_id3_0_1_, orders1_.id as id1_0_1_, orders1_.id as id1_0_2_, orders1_.description as descript2_0_2_, orders1_.user_id as user_id3_0_2_ from user user0_ left outer join orders orders1_ on user0_.id=orders1_.user_id where user0_.id=?
[DEBUG] 2020-10-07 10:10:57.241 [main] QuerySpacesImpl - Adding QuerySpace : uid = <gen:0> -> org.hibernate.loader.plan.build.internal.spaces.EntityQuerySpaceImpl@5bb8e6fc]
[DEBUG] 2020-10-07 10:10:57.241 [main] MetamodelGraphWalker - Visiting attribute path : first_name
[DEBUG] 2020-10-07 10:10:57.241 [main] MetamodelGraphWalker - Visiting attribute path : last_name
[DEBUG] 2020-10-07 10:10:57.241 [main] MetamodelGraphWalker - Visiting attribute path : orders
[DEBUG] 2020-10-07 10:10:57.241 [main] QuerySpacesImpl - Adding QuerySpace : uid = <gen:1> -> org.hibernate.loader.plan.build.internal.spaces.CollectionQuerySpaceImpl@72c9ebfa]
[DEBUG] 2020-10-07 10:10:57.242 [main] QuerySpacesImpl - Adding QuerySpace : uid = <gen:2> -> org.hibernate.loader.plan.build.internal.spaces.EntityQuerySpaceImpl@686cf8ad]
[DEBUG] 2020-10-07 10:10:57.248 [main] MetamodelGraphWalker - Visiting attribute path : orders.description
[DEBUG] 2020-10-07 10:10:57.248 [main] MetamodelGraphWalker - Visiting attribute path : orders.user
[DEBUG] 2020-10-07 10:10:57.248 [main] MetamodelGraphWalker - Property path deemed to be circular : orders.user
[DEBUG] 2020-10-07 10:10:57.248 [main] MetamodelGraphWalker - Visiting attribute path : user_name
[DEBUG] 2020-10-07 10:10:57.248 [main] FetchStyleLoadPlanBuildingAssociationVisitationStrategy - Building LoadPlan...
[DEBUG] 2020-10-07 10:10:57.253 [main] LoadQueryJoinAndFetchProcessor - processing queryspace <gen:0>
[DEBUG] 2020-10-07 10:10:57.265 [main] LoadPlanTreePrinter - LoadPlan(entity=hote.entity.User)
    - Returns
       - EntityReturnImpl(entity=hote.entity.User, querySpaceUid=<gen:0>, path=hote.entity.User)
          - CollectionAttributeFetchImpl(collection=hote.entity.User.orders, querySpaceUid=<gen:1>, path=hote.entity.User.orders)
             - (collection element) CollectionFetchableElementEntityGraph(entity=hote.entity.Order, querySpaceUid=<gen:2>, path=hote.entity.User.orders.<elements>)
    - QuerySpaces
       - EntityQuerySpaceImpl(uid=<gen:0>, entity=hote.entity.User)
          - SQL table alias mapping - user0_
          - alias suffix - 0_
          - suffixed key columns - {id1_1_0_}
          - JOIN (JoinDefinedByMetadata(orders)) : <gen:0> -> <gen:1>
             - CollectionQuerySpaceImpl(uid=<gen:1>, collection=hote.entity.User.orders)
                - SQL table alias mapping - orders1_
                - alias suffix - 1_
                - suffixed key columns - {user_id3_0_1_}
                - entity-element alias suffix - 2_
                - 2_entity-element suffixed key columns - id1_0_2_
                - JOIN (JoinDefinedByMetadata(elements)) : <gen:1> -> <gen:2>
                   - EntityQuerySpaceImpl(uid=<gen:2>, entity=hote.entity.Order)
                      - SQL table alias mapping - orders1_
                      - alias suffix - 2_
                      - suffixed key columns - {id1_0_2_}

[DEBUG] 2020-10-07 10:10:57.269 [main] EntityLoader - Static select for entity hote.entity.User [READ]: select user0_.id as id1_1_0_, user0_.first_name as first_na2_1_0_, user0_.last_name as last_nam3_1_0_, user0_.user_name as user_nam4_1_0_, orders1_.user_id as user_id3_0_1_, orders1_.id as id1_0_1_, orders1_.id as id1_0_2_, orders1_.description as descript2_0_2_, orders1_.user_id as user_id3_0_2_ from user user0_ left outer join orders orders1_ on user0_.id=orders1_.user_id where user0_.id=?
[DEBUG] 2020-10-07 10:10:57.414 [main] Loader - Static select for action ACTION_MERGE on entity hote.entity.User: select user0_.id as id1_1_1_, user0_.first_name as first_na2_1_1_, user0_.last_name as last_nam3_1_1_, user0_.user_name as user_nam4_1_1_, orders1_.user_id as user_id3_0_3_, orders1_.id as id1_0_3_, orders1_.id as id1_0_0_, orders1_.description as descript2_0_0_, orders1_.user_id as user_id3_0_0_ from user user0_ left outer join orders orders1_ on user0_.id=orders1_.user_id where user0_.id=?
[DEBUG] 2020-10-07 10:10:57.428 [main] Loader - Static select for action ACTION_REFRESH on entity hote.entity.User: select user0_.id as id1_1_1_, user0_.first_name as first_na2_1_1_, user0_.last_name as last_nam3_1_1_, user0_.user_name as user_nam4_1_1_, orders1_.user_id as user_id3_0_3_, orders1_.id as id1_0_3_, orders1_.id as id1_0_0_, orders1_.description as descript2_0_0_, orders1_.user_id as user_id3_0_0_ from user user0_ left outer join orders orders1_ on user0_.id=orders1_.user_id where user0_.id=?
[DEBUG] 2020-10-07 10:10:57.429 [main] AbstractEntityPersister - Static SQL for entity: hote.entity.Order
[DEBUG] 2020-10-07 10:10:57.433 [main] AbstractEntityPersister -  Version select: select id from orders where id =?
[DEBUG] 2020-10-07 10:10:57.433 [main] AbstractEntityPersister -  Snapshot select: select order_.id, order_.description as descript2_0_, order_.user_id as user_id3_0_ from orders order_ where order_.id=?
[DEBUG] 2020-10-07 10:10:57.434 [main] AbstractEntityPersister -  Insert 0: insert into orders (description, user_id, id) values (?, ?, ?)
[DEBUG] 2020-10-07 10:10:57.434 [main] AbstractEntityPersister -  Update 0: update orders set description=?, user_id=? where id=?
[DEBUG] 2020-10-07 10:10:57.434 [main] AbstractEntityPersister -  Delete 0: delete from orders where id=?
[DEBUG] 2020-10-07 10:10:57.436 [main] AbstractEntityPersister -  Identity insert: insert into orders (description, user_id) values (?, ?)
[DEBUG] 2020-10-07 10:10:57.440 [main] QuerySpacesImpl - Adding QuerySpace : uid = <gen:0> -> org.hibernate.loader.plan.build.internal.spaces.EntityQuerySpaceImpl@571a663c]
[DEBUG] 2020-10-07 10:10:57.440 [main] MetamodelGraphWalker - Visiting attribute path : description
[DEBUG] 2020-10-07 10:10:57.443 [main] MetamodelGraphWalker - Visiting attribute path : user
[DEBUG] 2020-10-07 10:10:57.444 [main] QuerySpacesImpl - Adding QuerySpace : uid = <gen:1> -> org.hibernate.loader.plan.build.internal.spaces.EntityQuerySpaceImpl@430df350]
[DEBUG] 2020-10-07 10:10:57.462 [main] MetamodelGraphWalker - Visiting attribute path : user.first_name
[DEBUG] 2020-10-07 10:10:57.462 [main] MetamodelGraphWalker - Visiting attribute path : user.last_name
[DEBUG] 2020-10-07 10:10:57.463 [main] MetamodelGraphWalker - Visiting attribute path : user.orders
[DEBUG] 2020-10-07 10:10:57.466 [main] MetamodelGraphWalker - Property path deemed to be circular : user.orders
[DEBUG] 2020-10-07 10:10:57.466 [main] MetamodelGraphWalker - Visiting attribute path : user.user_name
[DEBUG] 2020-10-07 10:10:57.466 [main] FetchStyleLoadPlanBuildingAssociationVisitationStrategy - Building LoadPlan...
[DEBUG] 2020-10-07 10:10:57.467 [main] LoadQueryJoinAndFetchProcessor - processing queryspace <gen:0>
[DEBUG] 2020-10-07 10:10:57.477 [main] LoadPlanTreePrinter - LoadPlan(entity=hote.entity.Order)
    - Returns
       - EntityReturnImpl(entity=hote.entity.Order, querySpaceUid=<gen:0>, path=hote.entity.Order)
          - EntityAttributeFetchImpl(entity=hote.entity.User, querySpaceUid=<gen:1>, path=hote.entity.Order.user)
    - QuerySpaces
       - EntityQuerySpaceImpl(uid=<gen:0>, entity=hote.entity.Order)
          - SQL table alias mapping - order0_
          - alias suffix - 0_
          - suffixed key columns - {id1_0_0_}
          - JOIN (JoinDefinedByMetadata(user)) : <gen:0> -> <gen:1>
             - EntityQuerySpaceImpl(uid=<gen:1>, entity=hote.entity.User)
                - SQL table alias mapping - user1_
                - alias suffix - 1_
                - suffixed key columns - {id1_1_1_}

[DEBUG] 2020-10-07 10:10:57.477 [main] EntityLoader - Static select for entity hote.entity.Order [NONE]: select order0_.id as id1_0_0_, order0_.description as descript2_0_0_, order0_.user_id as user_id3_0_0_, user1_.id as id1_1_1_, user1_.first_name as first_na2_1_1_, user1_.last_name as last_nam3_1_1_, user1_.user_name as user_nam4_1_1_ from orders order0_ left outer join user user1_ on order0_.user_id=user1_.id where order0_.id=?
[DEBUG] 2020-10-07 10:10:57.477 [main] QuerySpacesImpl - Adding QuerySpace : uid = <gen:0> -> org.hibernate.loader.plan.build.internal.spaces.EntityQuerySpaceImpl@3cb6e0ee]
[DEBUG] 2020-10-07 10:10:57.478 [main] MetamodelGraphWalker - Visiting attribute path : description
[DEBUG] 2020-10-07 10:10:57.478 [main] MetamodelGraphWalker - Visiting attribute path : user
[DEBUG] 2020-10-07 10:10:57.478 [main] QuerySpacesImpl - Adding QuerySpace : uid = <gen:1> -> org.hibernate.loader.plan.build.internal.spaces.EntityQuerySpaceImpl@4fb64a52]
[DEBUG] 2020-10-07 10:10:57.478 [main] MetamodelGraphWalker - Visiting attribute path : user.first_name
[DEBUG] 2020-10-07 10:10:57.478 [main] MetamodelGraphWalker - Visiting attribute path : user.last_name
[DEBUG] 2020-10-07 10:10:57.485 [main] MetamodelGraphWalker - Visiting attribute path : user.orders
[DEBUG] 2020-10-07 10:10:57.485 [main] MetamodelGraphWalker - Property path deemed to be circular : user.orders
[DEBUG] 2020-10-07 10:10:57.485 [main] MetamodelGraphWalker - Visiting attribute path : user.user_name
[DEBUG] 2020-10-07 10:10:57.493 [main] FetchStyleLoadPlanBuildingAssociationVisitationStrategy - Building LoadPlan...
[DEBUG] 2020-10-07 10:10:57.494 [main] LoadQueryJoinAndFetchProcessor - processing queryspace <gen:0>
[DEBUG] 2020-10-07 10:10:57.500 [main] LoadPlanTreePrinter - LoadPlan(entity=hote.entity.Order)
    - Returns
       - EntityReturnImpl(entity=hote.entity.Order, querySpaceUid=<gen:0>, path=hote.entity.Order)
          - EntityAttributeFetchImpl(entity=hote.entity.User, querySpaceUid=<gen:1>, path=hote.entity.Order.user)
    - QuerySpaces
       - EntityQuerySpaceImpl(uid=<gen:0>, entity=hote.entity.Order)
          - SQL table alias mapping - order0_
          - alias suffix - 0_
          - suffixed key columns - {id1_0_0_}
          - JOIN (JoinDefinedByMetadata(user)) : <gen:0> -> <gen:1>
             - EntityQuerySpaceImpl(uid=<gen:1>, entity=hote.entity.User)
                - SQL table alias mapping - user1_
                - alias suffix - 1_
                - suffixed key columns - {id1_1_1_}

[DEBUG] 2020-10-07 10:10:57.500 [main] EntityLoader - Static select for entity hote.entity.Order [READ]: select order0_.id as id1_0_0_, order0_.description as descript2_0_0_, order0_.user_id as user_id3_0_0_, user1_.id as id1_1_1_, user1_.first_name as first_na2_1_1_, user1_.last_name as last_nam3_1_1_, user1_.user_name as user_nam4_1_1_ from orders order0_ left outer join user user1_ on order0_.user_id=user1_.id where order0_.id=?
[DEBUG] 2020-10-07 10:10:57.500 [main] Loader - Static select for action ACTION_MERGE on entity hote.entity.Order: select order0_.id as id1_0_0_, order0_.description as descript2_0_0_, order0_.user_id as user_id3_0_0_ from orders order0_ where order0_.id=?
[DEBUG] 2020-10-07 10:10:57.508 [main] Loader - Static select for action ACTION_REFRESH on entity hote.entity.Order: select order0_.id as id1_0_0_, order0_.description as descript2_0_0_, order0_.user_id as user_id3_0_0_ from orders order0_ where order0_.id=?
[DEBUG] 2020-10-07 10:10:57.531 [main] QuerySpacesImpl - Adding QuerySpace : uid = <gen:0> -> org.hibernate.loader.plan.build.internal.spaces.CollectionQuerySpaceImpl@70d4f672]
[DEBUG] 2020-10-07 10:10:57.531 [main] QuerySpacesImpl - Adding QuerySpace : uid = <gen:1> -> org.hibernate.loader.plan.build.internal.spaces.EntityQuerySpaceImpl@68dfda77]
[DEBUG] 2020-10-07 10:10:57.552 [main] MetamodelGraphWalker - Visiting attribute path : description
[DEBUG] 2020-10-07 10:10:57.552 [main] MetamodelGraphWalker - Visiting attribute path : user
[DEBUG] 2020-10-07 10:10:57.552 [main] MetamodelGraphWalker - Property path deemed to be circular : user
[DEBUG] 2020-10-07 10:10:57.552 [main] FetchStyleLoadPlanBuildingAssociationVisitationStrategy - Building LoadPlan...
[DEBUG] 2020-10-07 10:10:57.576 [main] LoadQueryJoinAndFetchProcessor - processing queryspace <gen:0>
[DEBUG] 2020-10-07 10:10:57.580 [main] LoadPlanTreePrinter - LoadPlan(collection=hote.entity.User.orders)
    - Returns
       - CollectionReturnImpl(collection=hote.entity.User.orders, querySpaceUid=<gen:0>, path=[hote.entity.User.orders])
          - (collection element) CollectionFetchableElementEntityGraph(entity=hote.entity.Order, querySpaceUid=<gen:1>, path=[hote.entity.User.orders].<elements>)
    - QuerySpaces
       - CollectionQuerySpaceImpl(uid=<gen:0>, collection=hote.entity.User.orders)
          - SQL table alias mapping - orders0_
          - alias suffix - 0_
          - suffixed key columns - {user_id3_0_0_}
          - entity-element alias suffix - 1_
          - 1_entity-element suffixed key columns - id1_0_1_
          - JOIN (JoinDefinedByMetadata(elements)) : <gen:0> -> <gen:1>
             - EntityQuerySpaceImpl(uid=<gen:1>, entity=hote.entity.Order)
                - SQL table alias mapping - orders0_
                - alias suffix - 1_
                - suffixed key columns - {id1_0_1_}

[DEBUG] 2020-10-07 10:10:57.585 [main] CollectionLoader - Static select for collection hote.entity.User.orders: select orders0_.user_id as user_id3_0_0_, orders0_.id as id1_0_0_, orders0_.id as id1_0_1_, orders0_.description as descript2_0_1_, orders0_.user_id as user_id3_0_1_ from orders orders0_ where orders0_.user_id=?
[DEBUG] 2020-10-07 10:10:57.926 [main] SchemaManagementToolCoordinator - No actions specified; doing nothing
[DEBUG] 2020-10-07 10:10:57.938 [main] JtaPlatformInitiator - No JtaPlatform was specified, checking resolver
[DEBUG] 2020-10-07 10:10:57.939 [main] JtaPlatformResolverInitiator - No JtaPlatformResolver was specified, using default [org.hibernate.engine.transaction.jta.platform.internal.StandardJtaPlatformResolver]
[DEBUG] 2020-10-07 10:10:57.975 [main] StandardJtaPlatformResolver - Could not resolve JtaPlatform, using default [org.hibernate.engine.transaction.jta.platform.internal.NoJtaPlatform]
[INFO ] 2020-10-07 10:10:57.975 [main] JtaPlatformInitiator - HHH000490: Using JtaPlatform implementation: [org.hibernate.engine.transaction.jta.platform.internal.NoJtaPlatform]
[DEBUG] 2020-10-07 10:10:58.000 [main] NamedQueryRepository - Checking 0 named HQL queries
[DEBUG] 2020-10-07 10:10:58.001 [main] NamedQueryRepository - Checking 0 named SQL queries
[DEBUG] 2020-10-07 10:10:58.015 [main] SessionFactoryRegistry - Initializing SessionFactoryRegistry : org.hibernate.internal.SessionFactoryRegistry@25ce435
[DEBUG] 2020-10-07 10:10:58.040 [main] SessionFactoryRegistry - Registering SessionFactory: 72cb7a35-ab7b-4657-a413-55120470a29a (<unnamed>)
[DEBUG] 2020-10-07 10:10:58.041 [main] SessionFactoryRegistry - Not binding SessionFactory to JNDI, no JNDI name configured
[DEBUG] 2020-10-07 10:10:58.742 [main] StatisticsInitiator - Statistics initialized [enabled=false]
[DEBUG] 2020-10-07 10:10:58.814 [main] SQL - select user0_.id as id1_1_0_, user0_.first_name as first_na2_1_0_, user0_.last_name as last_nam3_1_0_, user0_.user_name as user_nam4_1_0_, orders1_.user_id as user_id3_0_1_, orders1_.id as id1_0_1_, orders1_.id as id1_0_2_, orders1_.description as descript2_0_2_, orders1_.user_id as user_id3_0_2_ from user user0_ left outer join orders orders1_ on user0_.id=orders1_.user_id where user0_.id=?
[DEBUG] 2020-10-07 10:10:58.942 [main] ResultSetProcessorImpl - Starting ResultSet row #0
[DEBUG] 2020-10-07 10:10:58.952 [main] EntityReferenceInitializerImpl - On call to EntityIdentifierReaderImpl#resolve, EntityKey was already known; should only happen on root returns with an optional identifier specified
[DEBUG] 2020-10-07 10:10:58.981 [main] CollectionReferenceInitializerImpl - Found row of collection: [hote.entity.User.orders#1]
[DEBUG] 2020-10-07 10:10:59.006 [main] ResultSetProcessorImpl - Starting ResultSet row #1
[DEBUG] 2020-10-07 10:10:59.013 [main] EntityReferenceInitializerImpl - On call to EntityIdentifierReaderImpl#resolve, EntityKey was already known; should only happen on root returns with an optional identifier specified
[DEBUG] 2020-10-07 10:10:59.013 [main] CollectionReferenceInitializerImpl - Found row of collection: [hote.entity.User.orders#1]
[DEBUG] 2020-10-07 10:10:59.014 [main] ResultSetProcessorImpl - Starting ResultSet row #2
[DEBUG] 2020-10-07 10:10:59.014 [main] EntityReferenceInitializerImpl - On call to EntityIdentifierReaderImpl#resolve, EntityKey was already known; should only happen on root returns with an optional identifier specified
[DEBUG] 2020-10-07 10:10:59.015 [main] CollectionReferenceInitializerImpl - Found row of collection: [hote.entity.User.orders#1]
[DEBUG] 2020-10-07 10:10:59.016 [main] TwoPhaseLoad - Resolving attributes for [hote.entity.User#1]
[DEBUG] 2020-10-07 10:10:59.021 [main] TwoPhaseLoad - Processing attribute `first_name` : value = Joe
[DEBUG] 2020-10-07 10:10:59.026 [main] TwoPhaseLoad - Attribute (`first_name`)  - enhanced for lazy-loading? - false
[DEBUG] 2020-10-07 10:10:59.026 [main] TwoPhaseLoad - Processing attribute `last_name` : value = Coyne
[DEBUG] 2020-10-07 10:10:59.027 [main] TwoPhaseLoad - Attribute (`last_name`)  - enhanced for lazy-loading? - false
[DEBUG] 2020-10-07 10:10:59.027 [main] TwoPhaseLoad - Processing attribute `orders` : value = NOT NULL COLLECTION
[DEBUG] 2020-10-07 10:10:59.027 [main] TwoPhaseLoad - Attribute (`orders`)  - enhanced for lazy-loading? - false
[DEBUG] 2020-10-07 10:10:59.027 [main] TwoPhaseLoad - Processing attribute `user_name` : value = jcoyne
[DEBUG] 2020-10-07 10:10:59.028 [main] TwoPhaseLoad - Attribute (`user_name`)  - enhanced for lazy-loading? - false
[DEBUG] 2020-10-07 10:10:59.036 [main] TwoPhaseLoad - Done materializing entity [hote.entity.User#1]
[DEBUG] 2020-10-07 10:10:59.036 [main] TwoPhaseLoad - Resolving attributes for [hote.entity.Order#1]
[DEBUG] 2020-10-07 10:10:59.036 [main] TwoPhaseLoad - Processing attribute `description` : value = plates
[DEBUG] 2020-10-07 10:10:59.037 [main] TwoPhaseLoad - Attribute (`description`)  - enhanced for lazy-loading? - false
[DEBUG] 2020-10-07 10:10:59.037 [main] TwoPhaseLoad - Processing attribute `user` : value = 1
[DEBUG] 2020-10-07 10:10:59.037 [main] TwoPhaseLoad - Attribute (`user`)  - enhanced for lazy-loading? - false
[DEBUG] 2020-10-07 10:10:59.038 [main] TwoPhaseLoad - Done materializing entity [hote.entity.Order#1]
[DEBUG] 2020-10-07 10:10:59.038 [main] TwoPhaseLoad - Resolving attributes for [hote.entity.Order#4]
[DEBUG] 2020-10-07 10:10:59.038 [main] TwoPhaseLoad - Processing attribute `description` : value = Soccer ball
[DEBUG] 2020-10-07 10:10:59.038 [main] TwoPhaseLoad - Attribute (`description`)  - enhanced for lazy-loading? - false
[DEBUG] 2020-10-07 10:10:59.039 [main] TwoPhaseLoad - Processing attribute `user` : value = 1
[DEBUG] 2020-10-07 10:10:59.039 [main] TwoPhaseLoad - Attribute (`user`)  - enhanced for lazy-loading? - false
[DEBUG] 2020-10-07 10:10:59.039 [main] TwoPhaseLoad - Done materializing entity [hote.entity.Order#4]
[DEBUG] 2020-10-07 10:10:59.039 [main] TwoPhaseLoad - Resolving attributes for [hote.entity.Order#6]
[DEBUG] 2020-10-07 10:10:59.039 [main] TwoPhaseLoad - Processing attribute `description` : value = Bananas
[DEBUG] 2020-10-07 10:10:59.039 [main] TwoPhaseLoad - Attribute (`description`)  - enhanced for lazy-loading? - false
[DEBUG] 2020-10-07 10:10:59.039 [main] TwoPhaseLoad - Processing attribute `user` : value = 1
[DEBUG] 2020-10-07 10:10:59.039 [main] TwoPhaseLoad - Attribute (`user`)  - enhanced for lazy-loading? - false
[DEBUG] 2020-10-07 10:10:59.039 [main] TwoPhaseLoad - Done materializing entity [hote.entity.Order#6]
[DEBUG] 2020-10-07 10:10:59.040 [main] CollectionLoadContext - 1 collections were found in result set for role: hote.entity.User.orders
[DEBUG] 2020-10-07 10:10:59.053 [main] CollectionLoadContext - Collection fully initialized: [hote.entity.User.orders#1]
[DEBUG] 2020-10-07 10:10:59.053 [main] CollectionLoadContext - 1 collections initialized for role: hote.entity.User.orders
[DEBUG] 2020-10-07 10:10:59.054 [main] ResourceRegistryStandardImpl - HHH000387: ResultSet's statement was not registered
[DEBUG] 2020-10-07 10:10:59.060 [main] AbstractLoadPlanBasedEntityLoader - Done entity load : hote.entity.User#1
[DEBUG] 2020-10-07 10:10:59.061 [main] LogicalConnectionManagedImpl - Initiating JDBC connection release from afterTransaction
[DEBUG] 2020-10-07 10:10:59.084 [main] TransactionImpl - On TransactionImpl creation, JpaCompliance#isJpaTransactionComplianceEnabled == false
[DEBUG] 2020-10-07 10:10:59.084 [main] TransactionImpl - begin
[DEBUG] 2020-10-07 10:10:59.105 [main] ActionQueue - Executing identity-insert immediately
[DEBUG] 2020-10-07 10:10:59.117 [main] SQL - insert into orders (description, user_id) values (?, ?)
[DEBUG] 2020-10-07 10:10:59.149 [main] IdentifierGeneratorHelper - Natively generated identity: 39
[DEBUG] 2020-10-07 10:10:59.149 [main] ResourceRegistryStandardImpl - HHH000387: ResultSet's statement was not registered
[DEBUG] 2020-10-07 10:10:59.151 [main] TransactionImpl - committing
[DEBUG] 2020-10-07 10:10:59.152 [main] AbstractFlushingEventListener - Processing flush-time cascades
[DEBUG] 2020-10-07 10:10:59.152 [main] AbstractFlushingEventListener - Dirty checking collections
[DEBUG] 2020-10-07 10:10:59.155 [main] AbstractFlushingEventListener - Flushed: 0 insertions, 0 updates, 0 deletions to 1 objects
[DEBUG] 2020-10-07 10:10:59.156 [main] AbstractFlushingEventListener - Flushed: 0 (re)creations, 0 updates, 0 removals to 0 collections
[DEBUG] 2020-10-07 10:10:59.157 [main] EntityPrinter - Listing entities:
[DEBUG] 2020-10-07 10:10:59.158 [main] EntityPrinter - hote.entity.Order{description=Plates, id=39, user=hote.entity.User#1}
[DEBUG] 2020-10-07 10:10:59.166 [main] LogicalConnectionManagedImpl - Initiating JDBC connection release from afterTransaction
[DEBUG] 2020-10-07 10:10:59.172 [main] LogicalConnectionManagedImpl - Initiating JDBC connection release from afterTransaction
[DEBUG] 2020-10-07 10:10:59.190 [main] SQL - select order0_.id as id1_0_0_, order0_.description as descript2_0_0_, order0_.user_id as user_id3_0_0_, user1_.id as id1_1_1_, user1_.first_name as first_na2_1_1_, user1_.last_name as last_nam3_1_1_, user1_.user_name as user_nam4_1_1_ from orders order0_ left outer join user user1_ on order0_.user_id=user1_.id where order0_.id=?
[DEBUG] 2020-10-07 10:10:59.198 [main] ResultSetProcessorImpl - Starting ResultSet row #0
[DEBUG] 2020-10-07 10:10:59.200 [main] EntityReferenceInitializerImpl - On call to EntityIdentifierReaderImpl#resolve, EntityKey was already known; should only happen on root returns with an optional identifier specified
[DEBUG] 2020-10-07 10:10:59.200 [main] TwoPhaseLoad - Resolving attributes for [hote.entity.Order#39]
[DEBUG] 2020-10-07 10:10:59.204 [main] TwoPhaseLoad - Processing attribute `description` : value = Plates
[DEBUG] 2020-10-07 10:10:59.205 [main] TwoPhaseLoad - Attribute (`description`)  - enhanced for lazy-loading? - false
[DEBUG] 2020-10-07 10:10:59.205 [main] TwoPhaseLoad - Processing attribute `user` : value = 1
[DEBUG] 2020-10-07 10:10:59.205 [main] TwoPhaseLoad - Attribute (`user`)  - enhanced for lazy-loading? - false
[DEBUG] 2020-10-07 10:10:59.205 [main] TwoPhaseLoad - Done materializing entity [hote.entity.Order#39]
[DEBUG] 2020-10-07 10:10:59.205 [main] TwoPhaseLoad - Resolving attributes for [hote.entity.User#1]
[DEBUG] 2020-10-07 10:10:59.212 [main] TwoPhaseLoad - Processing attribute `first_name` : value = Joe
[DEBUG] 2020-10-07 10:10:59.213 [main] TwoPhaseLoad - Attribute (`first_name`)  - enhanced for lazy-loading? - false
[DEBUG] 2020-10-07 10:10:59.213 [main] TwoPhaseLoad - Processing attribute `last_name` : value = Coyne
[DEBUG] 2020-10-07 10:10:59.213 [main] TwoPhaseLoad - Attribute (`last_name`)  - enhanced for lazy-loading? - false
[DEBUG] 2020-10-07 10:10:59.213 [main] TwoPhaseLoad - Processing attribute `orders` : value = NOT NULL COLLECTION
[DEBUG] 2020-10-07 10:10:59.213 [main] TwoPhaseLoad - Attribute (`orders`)  - enhanced for lazy-loading? - false
[DEBUG] 2020-10-07 10:10:59.213 [main] TwoPhaseLoad - Processing attribute `user_name` : value = jcoyne
[DEBUG] 2020-10-07 10:10:59.213 [main] TwoPhaseLoad - Attribute (`user_name`)  - enhanced for lazy-loading? - false
[DEBUG] 2020-10-07 10:10:59.213 [main] TwoPhaseLoad - Done materializing entity [hote.entity.User#1]
[DEBUG] 2020-10-07 10:10:59.214 [main] ResourceRegistryStandardImpl - HHH000387: ResultSet's statement was not registered
[DEBUG] 2020-10-07 10:10:59.223 [main] AbstractLoadPlanBasedCollectionInitializer - Loading collection: [hote.entity.User.orders#1]
[DEBUG] 2020-10-07 10:10:59.223 [main] SQL - select orders0_.user_id as user_id3_0_0_, orders0_.id as id1_0_0_, orders0_.id as id1_0_1_, orders0_.description as descript2_0_1_, orders0_.user_id as user_id3_0_1_ from orders orders0_ where orders0_.user_id=?
[DEBUG] 2020-10-07 10:10:59.229 [main] ResultSetProcessorImpl - Preparing collection initializer : [hote.entity.User.orders#1]
[DEBUG] 2020-10-07 10:10:59.233 [main] ResultSetProcessorImpl - Starting ResultSet row #0
[DEBUG] 2020-10-07 10:10:59.234 [main] CollectionReferenceInitializerImpl - Found row of collection: [hote.entity.User.orders#1]
[DEBUG] 2020-10-07 10:10:59.234 [main] ResultSetProcessorImpl - Starting ResultSet row #1
[DEBUG] 2020-10-07 10:10:59.234 [main] CollectionReferenceInitializerImpl - Found row of collection: [hote.entity.User.orders#1]
[DEBUG] 2020-10-07 10:10:59.235 [main] ResultSetProcessorImpl - Starting ResultSet row #2
[DEBUG] 2020-10-07 10:10:59.238 [main] CollectionReferenceInitializerImpl - Found row of collection: [hote.entity.User.orders#1]
[DEBUG] 2020-10-07 10:10:59.240 [main] ResultSetProcessorImpl - Starting ResultSet row #3
[DEBUG] 2020-10-07 10:10:59.240 [main] CollectionReferenceInitializerImpl - Found row of collection: [hote.entity.User.orders#1]
[DEBUG] 2020-10-07 10:10:59.241 [main] TwoPhaseLoad - Resolving attributes for [hote.entity.Order#1]
[DEBUG] 2020-10-07 10:10:59.241 [main] TwoPhaseLoad - Processing attribute `description` : value = plates
[DEBUG] 2020-10-07 10:10:59.241 [main] TwoPhaseLoad - Attribute (`description`)  - enhanced for lazy-loading? - false
[DEBUG] 2020-10-07 10:10:59.241 [main] TwoPhaseLoad - Processing attribute `user` : value = 1
[DEBUG] 2020-10-07 10:10:59.241 [main] TwoPhaseLoad - Attribute (`user`)  - enhanced for lazy-loading? - false
[DEBUG] 2020-10-07 10:10:59.241 [main] TwoPhaseLoad - Done materializing entity [hote.entity.Order#1]
[DEBUG] 2020-10-07 10:10:59.241 [main] TwoPhaseLoad - Resolving attributes for [hote.entity.Order#4]
[DEBUG] 2020-10-07 10:10:59.241 [main] TwoPhaseLoad - Processing attribute `description` : value = Soccer ball
[DEBUG] 2020-10-07 10:10:59.242 [main] TwoPhaseLoad - Attribute (`description`)  - enhanced for lazy-loading? - false
[DEBUG] 2020-10-07 10:10:59.242 [main] TwoPhaseLoad - Processing attribute `user` : value = 1
[DEBUG] 2020-10-07 10:10:59.242 [main] TwoPhaseLoad - Attribute (`user`)  - enhanced for lazy-loading? - false
[DEBUG] 2020-10-07 10:10:59.247 [main] TwoPhaseLoad - Done materializing entity [hote.entity.Order#4]
[DEBUG] 2020-10-07 10:10:59.247 [main] TwoPhaseLoad - Resolving attributes for [hote.entity.Order#6]
[DEBUG] 2020-10-07 10:10:59.247 [main] TwoPhaseLoad - Processing attribute `description` : value = Bananas
[DEBUG] 2020-10-07 10:10:59.247 [main] TwoPhaseLoad - Attribute (`description`)  - enhanced for lazy-loading? - false
[DEBUG] 2020-10-07 10:10:59.247 [main] TwoPhaseLoad - Processing attribute `user` : value = 1
[DEBUG] 2020-10-07 10:10:59.247 [main] TwoPhaseLoad - Attribute (`user`)  - enhanced for lazy-loading? - false
[DEBUG] 2020-10-07 10:10:59.248 [main] TwoPhaseLoad - Done materializing entity [hote.entity.Order#6]
[DEBUG] 2020-10-07 10:10:59.248 [main] CollectionLoadContext - 1 collections were found in result set for role: hote.entity.User.orders
[DEBUG] 2020-10-07 10:10:59.248 [main] CollectionLoadContext - Collection fully initialized: [hote.entity.User.orders#1]
[DEBUG] 2020-10-07 10:10:59.248 [main] CollectionLoadContext - 1 collections initialized for role: hote.entity.User.orders
[DEBUG] 2020-10-07 10:10:59.248 [main] ResourceRegistryStandardImpl - HHH000387: ResultSet's statement was not registered
[DEBUG] 2020-10-07 10:10:59.248 [main] AbstractLoadPlanBasedCollectionInitializer - Done loading collection
[DEBUG] 2020-10-07 10:10:59.248 [main] AbstractLoadPlanBasedEntityLoader - Done entity load : hote.entity.Order#39
[DEBUG] 2020-10-07 10:10:59.249 [main] LogicalConnectionManagedImpl - Initiating JDBC connection release from afterTransaction
