[DEBUG] 2020-10-06 12:00:50.677 [main] IntegratorServiceImpl - Adding Integrator [org.hibernate.cfg.beanvalidation.BeanValidationIntegrator].
[DEBUG] 2020-10-06 12:00:50.698 [main] IntegratorServiceImpl - Adding Integrator [org.hibernate.secure.spi.JaccIntegrator].
[DEBUG] 2020-10-06 12:00:50.711 [main] IntegratorServiceImpl - Adding Integrator [org.hibernate.cache.internal.CollectionCacheInvalidator].
[INFO ] 2020-10-06 12:00:51.049 [main] Version - HHH000412: Hibernate Core {5.4.4.Final}
[DEBUG] 2020-10-06 12:00:51.060 [main] Environment - HHH000206: hibernate.properties not found
[DEBUG] 2020-10-06 12:00:51.718 [main] JaxbCfgProcessor - cfg.xml document did not define namespaces; wrapping in custom event reader to introduce namespace information
[DEBUG] 2020-10-06 12:00:52.693 [main] ServiceBinding - Overriding existing service binding [org.hibernate.secure.spi.JaccService]
[DEBUG] 2020-10-06 12:00:52.802 [main] RegionFactoryInitiator - Cannot default RegionFactory based on registered strategies as `[]` RegionFactory strategies were registered
[DEBUG] 2020-10-06 12:00:52.812 [main] RegionFactoryInitiator - Cache region factory : org.hibernate.cache.internal.NoCachingRegionFactory
[INFO ] 2020-10-06 12:00:52.917 [main] Version - HCANN000001: Hibernate Commons Annotations {5.1.0.Final}
[DEBUG] 2020-10-06 12:00:53.051 [main] BasicTypeRegistry - Adding type registration boolean -> org.hibernate.type.BooleanType@70325d20
[DEBUG] 2020-10-06 12:00:53.051 [main] BasicTypeRegistry - Adding type registration boolean -> org.hibernate.type.BooleanType@70325d20
[DEBUG] 2020-10-06 12:00:53.052 [main] BasicTypeRegistry - Adding type registration java.lang.Boolean -> org.hibernate.type.BooleanType@70325d20
[DEBUG] 2020-10-06 12:00:53.052 [main] BasicTypeRegistry - Adding type registration numeric_boolean -> org.hibernate.type.NumericBooleanType@3d7fa3ae
[DEBUG] 2020-10-06 12:00:53.053 [main] BasicTypeRegistry - Adding type registration true_false -> org.hibernate.type.TrueFalseType@187eb9a8
[DEBUG] 2020-10-06 12:00:53.057 [main] BasicTypeRegistry - Adding type registration yes_no -> org.hibernate.type.YesNoType@3ff57625
[DEBUG] 2020-10-06 12:00:53.058 [main] BasicTypeRegistry - Adding type registration byte -> org.hibernate.type.ByteType@18fdb6cf
[DEBUG] 2020-10-06 12:00:53.058 [main] BasicTypeRegistry - Adding type registration byte -> org.hibernate.type.ByteType@18fdb6cf
[DEBUG] 2020-10-06 12:00:53.058 [main] BasicTypeRegistry - Adding type registration java.lang.Byte -> org.hibernate.type.ByteType@18fdb6cf
[DEBUG] 2020-10-06 12:00:53.059 [main] BasicTypeRegistry - Adding type registration character -> org.hibernate.type.CharacterType@6ad5923a
[DEBUG] 2020-10-06 12:00:53.059 [main] BasicTypeRegistry - Adding type registration char -> org.hibernate.type.CharacterType@6ad5923a
[DEBUG] 2020-10-06 12:00:53.060 [main] BasicTypeRegistry - Adding type registration java.lang.Character -> org.hibernate.type.CharacterType@6ad5923a
[DEBUG] 2020-10-06 12:00:53.068 [main] BasicTypeRegistry - Adding type registration short -> org.hibernate.type.ShortType@6f6962ba
[DEBUG] 2020-10-06 12:00:53.068 [main] BasicTypeRegistry - Adding type registration short -> org.hibernate.type.ShortType@6f6962ba
[DEBUG] 2020-10-06 12:00:53.068 [main] BasicTypeRegistry - Adding type registration java.lang.Short -> org.hibernate.type.ShortType@6f6962ba
[DEBUG] 2020-10-06 12:00:53.076 [main] BasicTypeRegistry - Adding type registration integer -> org.hibernate.type.IntegerType@3fbfa96
[DEBUG] 2020-10-06 12:00:53.076 [main] BasicTypeRegistry - Adding type registration int -> org.hibernate.type.IntegerType@3fbfa96
[DEBUG] 2020-10-06 12:00:53.076 [main] BasicTypeRegistry - Adding type registration java.lang.Integer -> org.hibernate.type.IntegerType@3fbfa96
[DEBUG] 2020-10-06 12:00:53.077 [main] BasicTypeRegistry - Adding type registration long -> org.hibernate.type.LongType@301d8120
[DEBUG] 2020-10-06 12:00:53.077 [main] BasicTypeRegistry - Adding type registration long -> org.hibernate.type.LongType@301d8120
[DEBUG] 2020-10-06 12:00:53.077 [main] BasicTypeRegistry - Adding type registration java.lang.Long -> org.hibernate.type.LongType@301d8120
[DEBUG] 2020-10-06 12:00:53.081 [main] BasicTypeRegistry - Adding type registration float -> org.hibernate.type.FloatType@3e134896
[DEBUG] 2020-10-06 12:00:53.082 [main] BasicTypeRegistry - Adding type registration float -> org.hibernate.type.FloatType@3e134896
[DEBUG] 2020-10-06 12:00:53.082 [main] BasicTypeRegistry - Adding type registration java.lang.Float -> org.hibernate.type.FloatType@3e134896
[DEBUG] 2020-10-06 12:00:53.088 [main] BasicTypeRegistry - Adding type registration double -> org.hibernate.type.DoubleType@2d0bfb24
[DEBUG] 2020-10-06 12:00:53.088 [main] BasicTypeRegistry - Adding type registration double -> org.hibernate.type.DoubleType@2d0bfb24
[DEBUG] 2020-10-06 12:00:53.088 [main] BasicTypeRegistry - Adding type registration java.lang.Double -> org.hibernate.type.DoubleType@2d0bfb24
[DEBUG] 2020-10-06 12:00:53.090 [main] BasicTypeRegistry - Adding type registration big_decimal -> org.hibernate.type.BigDecimalType@1136b469
[DEBUG] 2020-10-06 12:00:53.091 [main] BasicTypeRegistry - Adding type registration java.math.BigDecimal -> org.hibernate.type.BigDecimalType@1136b469
[DEBUG] 2020-10-06 12:00:53.092 [main] BasicTypeRegistry - Adding type registration big_integer -> org.hibernate.type.BigIntegerType@5432050b
[DEBUG] 2020-10-06 12:00:53.092 [main] BasicTypeRegistry - Adding type registration java.math.BigInteger -> org.hibernate.type.BigIntegerType@5432050b
[DEBUG] 2020-10-06 12:00:53.096 [main] BasicTypeRegistry - Adding type registration string -> org.hibernate.type.StringType@2c779e5
[DEBUG] 2020-10-06 12:00:53.096 [main] BasicTypeRegistry - Adding type registration java.lang.String -> org.hibernate.type.StringType@2c779e5
[DEBUG] 2020-10-06 12:00:53.103 [main] BasicTypeRegistry - Adding type registration nstring -> org.hibernate.type.StringNVarcharType@682c1e93
[DEBUG] 2020-10-06 12:00:53.104 [main] BasicTypeRegistry - Adding type registration ncharacter -> org.hibernate.type.CharacterNCharType@5b78fdb1
[DEBUG] 2020-10-06 12:00:53.105 [main] BasicTypeRegistry - Adding type registration url -> org.hibernate.type.UrlType@3e9803c2
[DEBUG] 2020-10-06 12:00:53.105 [main] BasicTypeRegistry - Adding type registration java.net.URL -> org.hibernate.type.UrlType@3e9803c2
[DEBUG] 2020-10-06 12:00:53.107 [main] BasicTypeRegistry - Adding type registration Duration -> org.hibernate.type.DurationType@7808fb9
[DEBUG] 2020-10-06 12:00:53.110 [main] BasicTypeRegistry - Adding type registration java.time.Duration -> org.hibernate.type.DurationType@7808fb9
[DEBUG] 2020-10-06 12:00:53.119 [main] BasicTypeRegistry - Adding type registration Instant -> org.hibernate.type.InstantType@2d84cb86
[DEBUG] 2020-10-06 12:00:53.119 [main] BasicTypeRegistry - Adding type registration java.time.Instant -> org.hibernate.type.InstantType@2d84cb86
[DEBUG] 2020-10-06 12:00:53.131 [main] BasicTypeRegistry - Adding type registration LocalDateTime -> org.hibernate.type.LocalDateTimeType@4482469c
[DEBUG] 2020-10-06 12:00:53.133 [main] BasicTypeRegistry - Adding type registration java.time.LocalDateTime -> org.hibernate.type.LocalDateTimeType@4482469c
[DEBUG] 2020-10-06 12:00:53.136 [main] BasicTypeRegistry - Adding type registration LocalDate -> org.hibernate.type.LocalDateType@4b1abd11
[DEBUG] 2020-10-06 12:00:53.136 [main] BasicTypeRegistry - Adding type registration java.time.LocalDate -> org.hibernate.type.LocalDateType@4b1abd11
[DEBUG] 2020-10-06 12:00:53.136 [main] BasicTypeRegistry - Adding type registration LocalTime -> org.hibernate.type.LocalTimeType@1b32cd16
[DEBUG] 2020-10-06 12:00:53.136 [main] BasicTypeRegistry - Adding type registration java.time.LocalTime -> org.hibernate.type.LocalTimeType@1b32cd16
[DEBUG] 2020-10-06 12:00:53.142 [main] BasicTypeRegistry - Adding type registration OffsetDateTime -> org.hibernate.type.OffsetDateTimeType@19593091
[DEBUG] 2020-10-06 12:00:53.146 [main] BasicTypeRegistry - Adding type registration java.time.OffsetDateTime -> org.hibernate.type.OffsetDateTimeType@19593091
[DEBUG] 2020-10-06 12:00:53.151 [main] BasicTypeRegistry - Adding type registration OffsetTime -> org.hibernate.type.OffsetTimeType@4e868ef5
[DEBUG] 2020-10-06 12:00:53.151 [main] BasicTypeRegistry - Adding type registration java.time.OffsetTime -> org.hibernate.type.OffsetTimeType@4e868ef5
[DEBUG] 2020-10-06 12:00:53.158 [main] BasicTypeRegistry - Adding type registration ZonedDateTime -> org.hibernate.type.ZonedDateTimeType@afb5821
[DEBUG] 2020-10-06 12:00:53.158 [main] BasicTypeRegistry - Adding type registration java.time.ZonedDateTime -> org.hibernate.type.ZonedDateTimeType@afb5821
[DEBUG] 2020-10-06 12:00:53.165 [main] BasicTypeRegistry - Adding type registration date -> org.hibernate.type.DateType@1d207fad
[DEBUG] 2020-10-06 12:00:53.165 [main] BasicTypeRegistry - Adding type registration java.sql.Date -> org.hibernate.type.DateType@1d207fad
[DEBUG] 2020-10-06 12:00:53.166 [main] BasicTypeRegistry - Adding type registration time -> org.hibernate.type.TimeType@18a645fd
[DEBUG] 2020-10-06 12:00:53.166 [main] BasicTypeRegistry - Adding type registration java.sql.Time -> org.hibernate.type.TimeType@18a645fd
[DEBUG] 2020-10-06 12:00:53.169 [main] BasicTypeRegistry - Adding type registration timestamp -> org.hibernate.type.TimestampType@5e3a39cd
[DEBUG] 2020-10-06 12:00:53.169 [main] BasicTypeRegistry - Adding type registration java.sql.Timestamp -> org.hibernate.type.TimestampType@5e3a39cd
[DEBUG] 2020-10-06 12:00:53.174 [main] BasicTypeRegistry - Adding type registration java.util.Date -> org.hibernate.type.TimestampType@5e3a39cd
[DEBUG] 2020-10-06 12:00:53.175 [main] BasicTypeRegistry - Adding type registration dbtimestamp -> org.hibernate.type.DbTimestampType@52a36910
[DEBUG] 2020-10-06 12:00:53.176 [main] BasicTypeRegistry - Adding type registration calendar -> org.hibernate.type.CalendarType@7e8a46b7
[DEBUG] 2020-10-06 12:00:53.176 [main] BasicTypeRegistry - Adding type registration java.util.Calendar -> org.hibernate.type.CalendarType@7e8a46b7
[DEBUG] 2020-10-06 12:00:53.176 [main] BasicTypeRegistry - Adding type registration java.util.GregorianCalendar -> org.hibernate.type.CalendarType@7e8a46b7
[DEBUG] 2020-10-06 12:00:53.176 [main] BasicTypeRegistry - Adding type registration calendar_date -> org.hibernate.type.CalendarDateType@21fff664
[DEBUG] 2020-10-06 12:00:53.185 [main] BasicTypeRegistry - Adding type registration locale -> org.hibernate.type.LocaleType@1440c311
[DEBUG] 2020-10-06 12:00:53.192 [main] BasicTypeRegistry - Adding type registration java.util.Locale -> org.hibernate.type.LocaleType@1440c311
[DEBUG] 2020-10-06 12:00:53.196 [main] BasicTypeRegistry - Adding type registration currency -> org.hibernate.type.CurrencyType@37c5fc56
[DEBUG] 2020-10-06 12:00:53.196 [main] BasicTypeRegistry - Adding type registration java.util.Currency -> org.hibernate.type.CurrencyType@37c5fc56
[DEBUG] 2020-10-06 12:00:53.197 [main] BasicTypeRegistry - Adding type registration timezone -> org.hibernate.type.TimeZoneType@5ecba515
[DEBUG] 2020-10-06 12:00:53.198 [main] BasicTypeRegistry - Adding type registration java.util.TimeZone -> org.hibernate.type.TimeZoneType@5ecba515
[DEBUG] 2020-10-06 12:00:53.199 [main] BasicTypeRegistry - Adding type registration class -> org.hibernate.type.ClassType@18324f97
[DEBUG] 2020-10-06 12:00:53.199 [main] BasicTypeRegistry - Adding type registration java.lang.Class -> org.hibernate.type.ClassType@18324f97
[DEBUG] 2020-10-06 12:00:53.199 [main] BasicTypeRegistry - Adding type registration uuid-binary -> org.hibernate.type.UUIDBinaryType@72209d93
[DEBUG] 2020-10-06 12:00:53.199 [main] BasicTypeRegistry - Adding type registration java.util.UUID -> org.hibernate.type.UUIDBinaryType@72209d93
[DEBUG] 2020-10-06 12:00:53.201 [main] BasicTypeRegistry - Adding type registration uuid-char -> org.hibernate.type.UUIDCharType@5f84abe8
[DEBUG] 2020-10-06 12:00:53.204 [main] BasicTypeRegistry - Adding type registration binary -> org.hibernate.type.BinaryType@aced190
[DEBUG] 2020-10-06 12:00:53.204 [main] BasicTypeRegistry - Adding type registration byte[] -> org.hibernate.type.BinaryType@aced190
[DEBUG] 2020-10-06 12:00:53.204 [main] BasicTypeRegistry - Adding type registration [B -> org.hibernate.type.BinaryType@aced190
[DEBUG] 2020-10-06 12:00:53.205 [main] BasicTypeRegistry - Adding type registration wrapper-binary -> org.hibernate.type.WrapperBinaryType@2d6aca33
[DEBUG] 2020-10-06 12:00:53.205 [main] BasicTypeRegistry - Adding type registration Byte[] -> org.hibernate.type.WrapperBinaryType@2d6aca33
[DEBUG] 2020-10-06 12:00:53.206 [main] BasicTypeRegistry - Adding type registration [Ljava.lang.Byte; -> org.hibernate.type.WrapperBinaryType@2d6aca33
[DEBUG] 2020-10-06 12:00:53.206 [main] BasicTypeRegistry - Adding type registration row_version -> org.hibernate.type.RowVersionType@63e5e5b4
[DEBUG] 2020-10-06 12:00:53.211 [main] BasicTypeRegistry - Adding type registration image -> org.hibernate.type.ImageType@5e840abf
[DEBUG] 2020-10-06 12:00:53.215 [main] BasicTypeRegistry - Adding type registration characters -> org.hibernate.type.CharArrayType@749f539e
[DEBUG] 2020-10-06 12:00:53.215 [main] BasicTypeRegistry - Adding type registration char[] -> org.hibernate.type.CharArrayType@749f539e
[DEBUG] 2020-10-06 12:00:53.215 [main] BasicTypeRegistry - Adding type registration [C -> org.hibernate.type.CharArrayType@749f539e
[DEBUG] 2020-10-06 12:00:53.216 [main] BasicTypeRegistry - Adding type registration wrapper-characters -> org.hibernate.type.CharacterArrayType@273842a6
[DEBUG] 2020-10-06 12:00:53.216 [main] BasicTypeRegistry - Adding type registration [Ljava.lang.Character; -> org.hibernate.type.CharacterArrayType@273842a6
[DEBUG] 2020-10-06 12:00:53.224 [main] BasicTypeRegistry - Adding type registration Character[] -> org.hibernate.type.CharacterArrayType@273842a6
[DEBUG] 2020-10-06 12:00:53.224 [main] BasicTypeRegistry - Adding type registration text -> org.hibernate.type.TextType@5560bcdf
[DEBUG] 2020-10-06 12:00:53.225 [main] BasicTypeRegistry - Adding type registration ntext -> org.hibernate.type.NTextType@27aae97b
[DEBUG] 2020-10-06 12:00:53.231 [main] BasicTypeRegistry - Adding type registration blob -> org.hibernate.type.BlobType@5467eea4
[DEBUG] 2020-10-06 12:00:53.231 [main] BasicTypeRegistry - Adding type registration java.sql.Blob -> org.hibernate.type.BlobType@5467eea4
[DEBUG] 2020-10-06 12:00:53.231 [main] BasicTypeRegistry - Adding type registration materialized_blob -> org.hibernate.type.MaterializedBlobType@6ff37443
[DEBUG] 2020-10-06 12:00:53.244 [main] BasicTypeRegistry - Adding type registration clob -> org.hibernate.type.ClobType@12a160c2
[DEBUG] 2020-10-06 12:00:53.244 [main] BasicTypeRegistry - Adding type registration java.sql.Clob -> org.hibernate.type.ClobType@12a160c2
[DEBUG] 2020-10-06 12:00:53.251 [main] BasicTypeRegistry - Adding type registration nclob -> org.hibernate.type.NClobType@30b2b76f
[DEBUG] 2020-10-06 12:00:53.255 [main] BasicTypeRegistry - Adding type registration java.sql.NClob -> org.hibernate.type.NClobType@30b2b76f
[DEBUG] 2020-10-06 12:00:53.257 [main] BasicTypeRegistry - Adding type registration materialized_clob -> org.hibernate.type.MaterializedClobType@340b7ef6
[DEBUG] 2020-10-06 12:00:53.257 [main] BasicTypeRegistry - Adding type registration materialized_nclob -> org.hibernate.type.MaterializedNClobType@231baf51
[DEBUG] 2020-10-06 12:00:53.270 [main] BasicTypeRegistry - Adding type registration serializable -> org.hibernate.type.SerializableType@4e8e8621
[DEBUG] 2020-10-06 12:00:53.275 [main] BasicTypeRegistry - Adding type registration object -> org.hibernate.type.ObjectType@79a1728c
[DEBUG] 2020-10-06 12:00:53.276 [main] BasicTypeRegistry - Adding type registration java.lang.Object -> org.hibernate.type.ObjectType@79a1728c
[DEBUG] 2020-10-06 12:00:53.278 [main] BasicTypeRegistry - Adding type registration imm_date -> org.hibernate.type.AdaptedImmutableType@3005db4a
[DEBUG] 2020-10-06 12:00:53.278 [main] BasicTypeRegistry - Adding type registration imm_time -> org.hibernate.type.AdaptedImmutableType@425d5d46
[DEBUG] 2020-10-06 12:00:53.281 [main] BasicTypeRegistry - Adding type registration imm_timestamp -> org.hibernate.type.AdaptedImmutableType@198ef2ce
[DEBUG] 2020-10-06 12:00:53.284 [main] BasicTypeRegistry - Adding type registration imm_dbtimestamp -> org.hibernate.type.AdaptedImmutableType@4cbd03e7
[DEBUG] 2020-10-06 12:00:53.287 [main] BasicTypeRegistry - Adding type registration imm_calendar -> org.hibernate.type.AdaptedImmutableType@52fc5eb1
[DEBUG] 2020-10-06 12:00:53.287 [main] BasicTypeRegistry - Adding type registration imm_calendar_date -> org.hibernate.type.AdaptedImmutableType@7a639ec5
[DEBUG] 2020-10-06 12:00:53.287 [main] BasicTypeRegistry - Adding type registration imm_binary -> org.hibernate.type.AdaptedImmutableType@14151bc5
[DEBUG] 2020-10-06 12:00:53.287 [main] BasicTypeRegistry - Adding type registration imm_serializable -> org.hibernate.type.AdaptedImmutableType@3013909b
[DEBUG] 2020-10-06 12:00:53.406 [main] DefaultIdentifierGeneratorFactory - Registering IdentifierGenerator strategy [uuid2] -> [org.hibernate.id.UUIDGenerator]
[DEBUG] 2020-10-06 12:00:53.407 [main] DefaultIdentifierGeneratorFactory - Registering IdentifierGenerator strategy [guid] -> [org.hibernate.id.GUIDGenerator]
[DEBUG] 2020-10-06 12:00:53.416 [main] DefaultIdentifierGeneratorFactory - Registering IdentifierGenerator strategy [uuid] -> [org.hibernate.id.UUIDHexGenerator]
[DEBUG] 2020-10-06 12:00:53.417 [main] DefaultIdentifierGeneratorFactory - Registering IdentifierGenerator strategy [uuid.hex] -> [org.hibernate.id.UUIDHexGenerator]
[DEBUG] 2020-10-06 12:00:53.417 [main] DefaultIdentifierGeneratorFactory - Registering IdentifierGenerator strategy [assigned] -> [org.hibernate.id.Assigned]
[DEBUG] 2020-10-06 12:00:53.418 [main] DefaultIdentifierGeneratorFactory - Registering IdentifierGenerator strategy [identity] -> [org.hibernate.id.IdentityGenerator]
[DEBUG] 2020-10-06 12:00:53.418 [main] DefaultIdentifierGeneratorFactory - Registering IdentifierGenerator strategy [select] -> [org.hibernate.id.SelectGenerator]
[DEBUG] 2020-10-06 12:00:53.429 [main] DefaultIdentifierGeneratorFactory - Registering IdentifierGenerator strategy [sequence] -> [org.hibernate.id.enhanced.SequenceStyleGenerator]
[DEBUG] 2020-10-06 12:00:53.430 [main] DefaultIdentifierGeneratorFactory - Registering IdentifierGenerator strategy [seqhilo] -> [org.hibernate.id.SequenceHiLoGenerator]
[DEBUG] 2020-10-06 12:00:53.430 [main] DefaultIdentifierGeneratorFactory - Registering IdentifierGenerator strategy [increment] -> [org.hibernate.id.IncrementGenerator]
[DEBUG] 2020-10-06 12:00:53.431 [main] DefaultIdentifierGeneratorFactory - Registering IdentifierGenerator strategy [foreign] -> [org.hibernate.id.ForeignGenerator]
[DEBUG] 2020-10-06 12:00:53.431 [main] DefaultIdentifierGeneratorFactory - Registering IdentifierGenerator strategy [sequence-identity] -> [org.hibernate.id.SequenceIdentityGenerator]
[DEBUG] 2020-10-06 12:00:53.431 [main] DefaultIdentifierGeneratorFactory - Registering IdentifierGenerator strategy [enhanced-sequence] -> [org.hibernate.id.enhanced.SequenceStyleGenerator]
[DEBUG] 2020-10-06 12:00:53.432 [main] DefaultIdentifierGeneratorFactory - Registering IdentifierGenerator strategy [enhanced-table] -> [org.hibernate.id.enhanced.TableGenerator]
[INFO ] 2020-10-06 12:00:53.436 [main] C3P0ConnectionProvider - HHH010002: C3P0 using driver: com.mysql.cj.jdbc.Driver at URL: jdbc:mysql://localhost:3306/hotel_test
[INFO ] 2020-10-06 12:00:53.437 [main] C3P0ConnectionProvider - HHH10001001: Connection properties: {password=****, user=root}
[INFO ] 2020-10-06 12:00:53.437 [main] C3P0ConnectionProvider - HHH10001003: Autocommit mode: false
[INFO ] 2020-10-06 12:00:53.865 [main] C3P0ConnectionProvider - HHH10001007: JDBC isolation level: <unknown>
[DEBUG] 2020-10-06 12:00:55.460 [main] JdbcEnvironmentInitiator - Database ->
       name : MySQL
    version : 8.0.16
      major : 8
      minor : 0
[DEBUG] 2020-10-06 12:00:55.467 [main] JdbcEnvironmentInitiator - Driver ->
       name : MySQL Connector/J
    version : mysql-connector-java-8.0.16 (Revision: 34cbc6bc61f72836e26327537a432d6db7c77de6)
      major : 8
      minor : 0
[DEBUG] 2020-10-06 12:00:55.469 [main] JdbcEnvironmentInitiator - JDBC version : 4.2
[INFO ] 2020-10-06 12:00:55.559 [main] Dialect - HHH000400: Using dialect: org.hibernate.dialect.MySQL8Dialect
[DEBUG] 2020-10-06 12:00:55.603 [main] IdentifierHelperBuilder - JDBC driver metadata reported database stores quoted identifiers in more than one case
[DEBUG] 2020-10-06 12:00:55.673 [main] IdentifierHelperBuilder - IdentifierCaseStrategy for both quoted and unquoted identifiers was set to the same strategy [MIXED]; that will likely lead to problems in schema update and validation if using quoted identifiers
[DEBUG] 2020-10-06 12:00:55.788 [main] Namespace - Created database namespace [logicalName=Name{catalog=null, schema=null}, physicalName=Name{catalog=null, schema=null}]
[DEBUG] 2020-10-06 12:00:55.802 [main] TypeConfiguration$Scope - Scoping TypeConfiguration [org.hibernate.type.spi.TypeConfiguration@61f39bb] to MetadataBuildingContext [org.hibernate.boot.internal.MetadataBuildingContextRootImpl@249e0271]
[DEBUG] 2020-10-06 12:00:55.947 [main] AnnotationBinder - Binding entity from annotated class: hote.entity.User
[DEBUG] 2020-10-06 12:00:56.017 [main] Ejb3Column - Binding column: Ejb3DiscriminatorColumn{logicalColumnName'DTYPE', discriminatorTypeName='string'}
[DEBUG] 2020-10-06 12:00:56.023 [main] EntityBinder - Import with entity name User
[DEBUG] 2020-10-06 12:00:56.028 [main] EntityBinder - Bind entity hote.entity.User on table user
[DEBUG] 2020-10-06 12:00:56.102 [main] Ejb3Column - Binding column: Ejb3Column{table=org.hibernate.mapping.Table(user), mappingColumn=id, insertable=true, updatable=true, unique=false}
[DEBUG] 2020-10-06 12:00:56.104 [main] PropertyBinder - MetadataSourceProcessor property id with lazy=false
[DEBUG] 2020-10-06 12:00:56.117 [main] AbstractPropertyHolder - Attempting to locate auto-apply AttributeConverter for property [hote.entity.User:id]
[DEBUG] 2020-10-06 12:00:56.120 [main] SimpleValueBinder - building SimpleValue for id
[DEBUG] 2020-10-06 12:00:56.123 [main] PropertyBinder - Building property id
[DEBUG] 2020-10-06 12:00:56.136 [main] BinderHelper - #makeIdGenerator(org.hibernate.mapping.SimpleValue([org.hibernate.mapping.Column(id)]), id, org.hibernate.id.enhanced.SequenceStyleGenerator, native, ...)
[DEBUG] 2020-10-06 12:00:56.137 [main] Ejb3Column - Binding column: Ejb3Column{table=org.hibernate.mapping.Table(user), mappingColumn=first_name, insertable=true, updatable=true, unique=false}
[DEBUG] 2020-10-06 12:00:56.152 [main] PropertyBinder - MetadataSourceProcessor property first_name with lazy=false
[DEBUG] 2020-10-06 12:00:56.152 [main] AbstractPropertyHolder - Attempting to locate auto-apply AttributeConverter for property [hote.entity.User:first_name]
[DEBUG] 2020-10-06 12:00:56.152 [main] SimpleValueBinder - building SimpleValue for first_name
[DEBUG] 2020-10-06 12:00:56.152 [main] PropertyBinder - Building property first_name
[DEBUG] 2020-10-06 12:00:56.152 [main] Ejb3Column - Binding column: Ejb3Column{table=org.hibernate.mapping.Table(user), mappingColumn=last_name, insertable=true, updatable=true, unique=false}
[DEBUG] 2020-10-06 12:00:56.152 [main] PropertyBinder - MetadataSourceProcessor property last_name with lazy=false
[DEBUG] 2020-10-06 12:00:56.152 [main] AbstractPropertyHolder - Attempting to locate auto-apply AttributeConverter for property [hote.entity.User:last_name]
[DEBUG] 2020-10-06 12:00:56.152 [main] SimpleValueBinder - building SimpleValue for last_name
[DEBUG] 2020-10-06 12:00:56.152 [main] PropertyBinder - Building property last_name
[DEBUG] 2020-10-06 12:00:56.162 [main] Ejb3Column - Binding column: Ejb3JoinColumn{logicalColumnName='null', referencedColumn='null', mappedBy='user'}
[DEBUG] 2020-10-06 12:00:56.162 [main] Ejb3Column - Binding column: Ejb3Column{table=org.hibernate.mapping.Table(user), mappingColumn=orders, insertable=true, updatable=true, unique=false}
[DEBUG] 2020-10-06 12:00:56.171 [main] Ejb3Column - Binding column: Ejb3Column{table=org.hibernate.mapping.Table(user), mappingColumn=null, insertable=true, updatable=true, unique=false}
[DEBUG] 2020-10-06 12:00:56.191 [main] Ejb3Column - Binding column: Ejb3Column{table=org.hibernate.mapping.Table(user), mappingColumn=element, insertable=true, updatable=true, unique=false}
[DEBUG] 2020-10-06 12:00:56.206 [main] Ejb3Column - Binding column: Ejb3Column{table=org.hibernate.mapping.Table(user), mappingColumn=orders_KEY, insertable=true, updatable=true, unique=false}
[DEBUG] 2020-10-06 12:00:56.207 [main] Ejb3Column - Binding column: Ejb3JoinColumn{logicalColumnName='orders_KEY', referencedColumn='null', mappedBy='null'}
[DEBUG] 2020-10-06 12:00:56.208 [main] Ejb3Column - Binding column: Ejb3JoinColumn{logicalColumnName='null', referencedColumn='null', mappedBy='user'}
[DEBUG] 2020-10-06 12:00:56.208 [main] Ejb3Column - Binding column: Ejb3JoinColumn{logicalColumnName='null', referencedColumn='null', mappedBy='user'}
[DEBUG] 2020-10-06 12:00:56.217 [main] CollectionBinder - Collection role: hote.entity.User.orders
[DEBUG] 2020-10-06 12:00:56.220 [main] PropertyBinder - Building property orders
[DEBUG] 2020-10-06 12:00:56.222 [main] Ejb3Column - Binding column: Ejb3Column{table=org.hibernate.mapping.Table(user), mappingColumn=user_name, insertable=true, updatable=true, unique=false}
[DEBUG] 2020-10-06 12:00:56.222 [main] PropertyBinder - MetadataSourceProcessor property user_name with lazy=false
[DEBUG] 2020-10-06 12:00:56.222 [main] AbstractPropertyHolder - Attempting to locate auto-apply AttributeConverter for property [hote.entity.User:user_name]
[DEBUG] 2020-10-06 12:00:56.222 [main] SimpleValueBinder - building SimpleValue for user_name
[DEBUG] 2020-10-06 12:00:56.222 [main] PropertyBinder - Building property user_name
[DEBUG] 2020-10-06 12:00:56.230 [main] AnnotationBinder - Binding entity from annotated class: hote.entity.Order
[DEBUG] 2020-10-06 12:00:56.231 [main] Ejb3Column - Binding column: Ejb3DiscriminatorColumn{logicalColumnName'DTYPE', discriminatorTypeName='string'}
[DEBUG] 2020-10-06 12:00:56.231 [main] EntityBinder - Import with entity name Order
[DEBUG] 2020-10-06 12:00:56.231 [main] EntityBinder - Bind entity hote.entity.Order on table orders
[DEBUG] 2020-10-06 12:00:56.242 [main] Ejb3Column - Binding column: Ejb3Column{table=org.hibernate.mapping.Table(orders), mappingColumn=id, insertable=true, updatable=true, unique=false}
[DEBUG] 2020-10-06 12:00:56.242 [main] PropertyBinder - MetadataSourceProcessor property id with lazy=false
[DEBUG] 2020-10-06 12:00:56.243 [main] AbstractPropertyHolder - Attempting to locate auto-apply AttributeConverter for property [hote.entity.Order:id]
[DEBUG] 2020-10-06 12:00:56.246 [main] SimpleValueBinder - building SimpleValue for id
[DEBUG] 2020-10-06 12:00:56.246 [main] PropertyBinder - Building property id
[DEBUG] 2020-10-06 12:00:56.246 [main] BinderHelper - #makeIdGenerator(org.hibernate.mapping.SimpleValue([org.hibernate.mapping.Column(id)]), id, org.hibernate.id.enhanced.SequenceStyleGenerator, native, ...)
[DEBUG] 2020-10-06 12:00:56.247 [main] Ejb3Column - Binding column: Ejb3Column{table=org.hibernate.mapping.Table(orders), mappingColumn=description, insertable=true, updatable=true, unique=false}
[DEBUG] 2020-10-06 12:00:56.247 [main] PropertyBinder - MetadataSourceProcessor property description with lazy=false
[DEBUG] 2020-10-06 12:00:56.247 [main] AbstractPropertyHolder - Attempting to locate auto-apply AttributeConverter for property [hote.entity.Order:description]
[DEBUG] 2020-10-06 12:00:56.247 [main] SimpleValueBinder - building SimpleValue for description
[DEBUG] 2020-10-06 12:00:56.247 [main] PropertyBinder - Building property description
[DEBUG] 2020-10-06 12:00:56.250 [main] Ejb3Column - Binding column: Ejb3JoinColumn{logicalColumnName='null', referencedColumn='null', mappedBy='null'}
[DEBUG] 2020-10-06 12:00:56.250 [main] Ejb3Column - Binding column: Ejb3Column{table=org.hibernate.mapping.Table(orders), mappingColumn=user, insertable=true, updatable=true, unique=false}
[DEBUG] 2020-10-06 12:00:56.251 [main] PropertyBinder - Building property user
[DEBUG] 2020-10-06 12:00:56.265 [main] SimpleValueBinder - Starting fillSimpleValue for id
[DEBUG] 2020-10-06 12:00:56.266 [main] SimpleValueBinder - Starting fillSimpleValue for first_name
[DEBUG] 2020-10-06 12:00:56.266 [main] SimpleValueBinder - Starting fillSimpleValue for last_name
[DEBUG] 2020-10-06 12:00:56.266 [main] SimpleValueBinder - Starting fillSimpleValue for user_name
[DEBUG] 2020-10-06 12:00:56.266 [main] SimpleValueBinder - Starting fillSimpleValue for id
[DEBUG] 2020-10-06 12:00:56.267 [main] SimpleValueBinder - Starting fillSimpleValue for description
[DEBUG] 2020-10-06 12:00:56.277 [main] PrimaryKey - Forcing column [id] to be non-null as it is part of the primary key for table [user]
[DEBUG] 2020-10-06 12:00:56.280 [main] PrimaryKey - Forcing column [id] to be non-null as it is part of the primary key for table [orders]
[DEBUG] 2020-10-06 12:00:56.280 [main] CollectionSecondPass - Second pass for collection: hote.entity.User.orders
[DEBUG] 2020-10-06 12:00:56.281 [main] CollectionBinder - Binding a OneToMany: hote.entity.User.orders through a foreign key
[DEBUG] 2020-10-06 12:00:56.288 [main] CollectionBinder - Mapping collection: hote.entity.User.orders -> orders
[DEBUG] 2020-10-06 12:00:56.300 [main] TableBinder - Retrieving property hote.entity.Order.user
[DEBUG] 2020-10-06 12:00:56.300 [main] CollectionSecondPass - Mapped collection key: user_id, one-to-many: hote.entity.Order
[DEBUG] 2020-10-06 12:00:56.300 [main] InFlightMetadataCollectorImpl - Resolving reference to class: hote.entity.User
[DEBUG] 2020-10-06 12:00:56.303 [main] InFlightMetadataCollectorImpl - Resolving reference to class: hote.entity.User
[DEBUG] 2020-10-06 12:00:56.405 [main] SessionFactoryImpl - Building session factory
[DEBUG] 2020-10-06 12:00:56.405 [main] Settings - SessionFactory name : null
[DEBUG] 2020-10-06 12:00:56.406 [main] Settings - Automatic flush during beforeCompletion(): enabled
[DEBUG] 2020-10-06 12:00:56.406 [main] Settings - Automatic session close at end of transaction: disabled
[DEBUG] 2020-10-06 12:00:56.406 [main] Settings - Statistics: disabled
[DEBUG] 2020-10-06 12:00:56.406 [main] Settings - Deleted entity synthetic identifier rollback: disabled
[DEBUG] 2020-10-06 12:00:56.406 [main] Settings - Default entity-mode: pojo
[DEBUG] 2020-10-06 12:00:56.406 [main] Settings - Check Nullability in Core (should be disabled when Bean Validation is on): enabled
[DEBUG] 2020-10-06 12:00:56.406 [main] Settings - Allow initialization of lazy state outside session : disabled
[DEBUG] 2020-10-06 12:00:56.406 [main] Settings - Using BatchFetchStyle : LEGACY
[DEBUG] 2020-10-06 12:00:56.406 [main] Settings - Default batch fetch size: -1
[DEBUG] 2020-10-06 12:00:56.406 [main] Settings - Maximum outer join fetch depth: 2
[DEBUG] 2020-10-06 12:00:56.406 [main] Settings - Default null ordering: NONE
[DEBUG] 2020-10-06 12:00:56.406 [main] Settings - Order SQL updates by primary key: disabled
[DEBUG] 2020-10-06 12:00:56.406 [main] Settings - Order SQL inserts for batching: disabled
[DEBUG] 2020-10-06 12:00:56.407 [main] Settings - multi-tenancy strategy : NONE
[DEBUG] 2020-10-06 12:00:56.407 [main] Settings - JTA Track by Thread: enabled
[DEBUG] 2020-10-06 12:00:56.407 [main] Settings - Query language substitutions: {}
[DEBUG] 2020-10-06 12:00:56.407 [main] Settings - Named query checking : enabled
[DEBUG] 2020-10-06 12:00:56.407 [main] Settings - Second-level cache: disabled
[DEBUG] 2020-10-06 12:00:56.408 [main] Settings - Second-level query cache: disabled
[DEBUG] 2020-10-06 12:00:56.408 [main] Settings - Second-level query cache factory: null
[DEBUG] 2020-10-06 12:00:56.408 [main] Settings - Second-level cache region prefix: null
[DEBUG] 2020-10-06 12:00:56.408 [main] Settings - Optimize second-level cache for minimal puts: disabled
[DEBUG] 2020-10-06 12:00:56.408 [main] Settings - Structured second-level cache entries: disabled
[DEBUG] 2020-10-06 12:00:56.409 [main] Settings - Second-level cache direct-reference entries: disabled
[DEBUG] 2020-10-06 12:00:56.409 [main] Settings - Automatic eviction of collection cache: disabled
[DEBUG] 2020-10-06 12:00:56.409 [main] Settings - JDBC batch size: 15
[DEBUG] 2020-10-06 12:00:56.409 [main] Settings - JDBC batch updates for versioned data: enabled
[DEBUG] 2020-10-06 12:00:56.409 [main] Settings - Scrollable result sets: enabled
[DEBUG] 2020-10-06 12:00:56.409 [main] Settings - Wrap result sets: disabled
[DEBUG] 2020-10-06 12:00:56.409 [main] Settings - JDBC3 getGeneratedKeys(): enabled
[DEBUG] 2020-10-06 12:00:56.409 [main] Settings - JDBC result set fetch size: null
[DEBUG] 2020-10-06 12:00:56.409 [main] Settings - Connection release mode: AFTER_TRANSACTION
[DEBUG] 2020-10-06 12:00:56.409 [main] Settings - Generate SQL with comments: disabled
[DEBUG] 2020-10-06 12:00:56.409 [main] Settings - JPA compliance - query : 
[DEBUG] 2020-10-06 12:00:56.410 [main] Settings - JPA compliance - closed-handling : 
[DEBUG] 2020-10-06 12:00:56.411 [main] Settings - JPA compliance - lists : 
[DEBUG] 2020-10-06 12:00:56.412 [main] Settings - JPA compliance - transactions : 
[INFO ] 2020-10-06 12:00:56.494 [main] beans - HHH10005002: No explicit CDI BeanManager reference was passed to Hibernate, but CDI is available on the Hibernate ClassLoader.
[DEBUG] 2020-10-06 12:00:56.525 [main] SessionFactoryImpl - Session factory constructed with filter configurations : {}
[DEBUG] 2020-10-06 12:00:56.525 [main] SessionFactoryImpl - Instantiating session factory with properties: {sun.desktop=gnome, awt.toolkit=sun.awt.X11.XToolkit, java.specification.version=11, sun.cpu.isalist=, hibernate.c3p0.idle_test_period=3000, sun.jnu.encoding=UTF-8, hibernate.c3p0.min_size=5, java.class.path=/snap/intellij-idea-ultimate/248/lib/idea_rt.jar:/snap/intellij-idea-ultimate/248/plugins/junit/lib/junit5-rt.jar:/snap/intellij-idea-ultimate/248/plugins/junit/lib/junit-rt.jar:/home/student/IdeaProjects/HotelWebsie/target/test-classes:/home/student/IdeaProjects/HotelWebsie/target/classes:/home/student/.m2/repository/org/junit/platform/junit-platform-runner/1.0.0/junit-platform-runner-1.0.0.jar:/home/student/.m2/repository/org/apiguardian/apiguardian-api/1.0.0/apiguardian-api-1.0.0.jar:/home/student/.m2/repository/org/junit/platform/junit-platform-launcher/1.0.0/junit-platform-launcher-1.0.0.jar:/home/student/.m2/repository/org/junit/platform/junit-platform-suite-api/1.0.0/junit-platform-suite-api-1.0.0.jar:/home/student/.m2/repository/org/junit/platform/junit-platform-commons/1.0.0/junit-platform-commons-1.0.0.jar:/home/student/.m2/repository/org/junit/vintage/junit-vintage-engine/4.12.0/junit-vintage-engine-4.12.0.jar:/home/student/.m2/repository/org/junit/platform/junit-platform-engine/1.0.0/junit-platform-engine-1.0.0.jar:/home/student/.m2/repository/org/opentest4j/opentest4j/1.0.0/opentest4j-1.0.0.jar:/home/student/.m2/repository/org/junit/jupiter/junit-jupiter-engine/5.0.0/junit-jupiter-engine-5.0.0.jar:/home/student/.m2/repository/org/junit/jupiter/junit-jupiter-api/5.0.0/junit-jupiter-api-5.0.0.jar:/home/student/.m2/repository/junit/junit/4.12/junit-4.12.jar:/home/student/.m2/repository/org/hamcrest/hamcrest-core/1.3/hamcrest-core-1.3.jar:/home/student/.m2/repository/javax/javaee-web-api/7.0/javaee-web-api-7.0.jar:/home/student/.m2/repository/mysql/mysql-connector-java/8.0.16/mysql-connector-java-8.0.16.jar:/home/student/.m2/repository/com/google/protobuf/protobuf-java/3.6.1/protobuf-java-3.6.1.jar:/home/student/.m2/repository/jstl/jstl/1.2/jstl-1.2.jar:/home/student/.m2/repository/org/apache/logging/log4j/log4j-api/2.10.0/log4j-api-2.10.0.jar:/home/student/.m2/repository/org/apache/logging/log4j/log4j-core/2.10.0/log4j-core-2.10.0.jar:/home/student/.m2/repository/org/hibernate/hibernate-core/5.4.4.Final/hibernate-core-5.4.4.Final.jar:/home/student/.m2/repository/org/jboss/logging/jboss-logging/3.3.2.Final/jboss-logging-3.3.2.Final.jar:/home/student/.m2/repository/javax/persistence/javax.persistence-api/2.2/javax.persistence-api-2.2.jar:/home/student/.m2/repository/org/javassist/javassist/3.24.0-GA/javassist-3.24.0-GA.jar:/home/student/.m2/repository/net/bytebuddy/byte-buddy/1.9.11/byte-buddy-1.9.11.jar:/home/student/.m2/repository/antlr/antlr/2.7.7/antlr-2.7.7.jar:/home/student/.m2/repository/org/jboss/spec/javax/transaction/jboss-transaction-api_1.2_spec/1.1.1.Final/jboss-transaction-api_1.2_spec-1.1.1.Final.jar:/home/student/.m2/repository/org/jboss/jandex/2.0.5.Final/jandex-2.0.5.Final.jar:/home/student/.m2/repository/com/fasterxml/classmate/1.3.4/classmate-1.3.4.jar:/home/student/.m2/repository/javax/activation/javax.activation-api/1.2.0/javax.activation-api-1.2.0.jar:/home/student/.m2/repository/org/dom4j/dom4j/2.1.1/dom4j-2.1.1.jar:/home/student/.m2/repository/org/hibernate/common/hibernate-commons-annotations/5.1.0.Final/hibernate-commons-annotations-5.1.0.Final.jar:/home/student/.m2/repository/javax/xml/bind/jaxb-api/2.3.1/jaxb-api-2.3.1.jar:/home/student/.m2/repository/org/glassfish/jaxb/jaxb-runtime/2.3.1/jaxb-runtime-2.3.1.jar:/home/student/.m2/repository/org/glassfish/jaxb/txw2/2.3.1/txw2-2.3.1.jar:/home/student/.m2/repository/com/sun/istack/istack-commons-runtime/3.0.7/istack-commons-runtime-3.0.7.jar:/home/student/.m2/repository/org/jvnet/staxex/stax-ex/1.8/stax-ex-1.8.jar:/home/student/.m2/repository/com/sun/xml/fastinfoset/FastInfoset/1.2.15/FastInfoset-1.2.15.jar:/home/student/.m2/repository/org/hibernate/hibernate-c3p0/5.4.4.Final/hibernate-c3p0-5.4.4.Final.jar:/home/student/.m2/repository/com/mchange/c3p0/0.9.5.3/c3p0-0.9.5.3.jar:/home/student/.m2/repository/com/mchange/mchange-commons-java/0.2.15/mchange-commons-java-0.2.15.jar, java.vm.vendor=Ubuntu, sun.arch.data.model=64, idea.test.cyclic.buffer.size=1048576, java.vendor.url=https://ubuntu.com/, user.timezone=America/Chicago, os.name=Linux, java.vm.specification.version=11, sun.java.launcher=SUN_STANDARD, user.country=US, sun.boot.library.path=/usr/lib/jvm/java-11-openjdk-amd64/lib, sun.java.command=com.intellij.rt.junit.JUnitStarter -ideVersion5 -junit5 hotel.persistence.OrderTest,getByPropertyLikeSuccess, jdk.debug=release, sun.cpu.endian=little, user.home=/home/student, hibernate.c3p0.max_statements=50, user.language=en, java.specification.vendor=Oracle Corporation, java.version.date=2020-07-14, java.home=/usr/lib/jvm/java-11-openjdk-amd64, file.separator=/, java.vm.compressedOopsMode=32-bit, line.separator=
, hibernate.c3p0.timeout=300, java.specification.name=Java Platform API Specification, java.vm.specification.vendor=Oracle Corporation, java.awt.graphicsenv=sun.awt.X11GraphicsEnvironment, connection.password=student, sun.management.compiler=HotSpot 64-Bit Tiered Compilers, hibernate.c3p0.max_size=20, java.runtime.version=11.0.8+10-post-Ubuntu-0ubuntu118.04.1, user.name=student, path.separator=:, hibernate.connection.username=****, os.version=5.4.0-48-generic, java.runtime.name=OpenJDK Runtime Environment, hibernate.connection.url=jdbc:mysql://localhost:3306/hotel_test, file.encoding=UTF-8, java.vm.name=OpenJDK 64-Bit Server VM, hibernate.connection.driver_class=com.mysql.cj.jdbc.Driver, java.vendor.url.bug=https://bugs.launchpad.net/ubuntu/+source/openjdk-lts, java.io.tmpdir=/tmp, java.version=11.0.8, user.dir=/home/student/IdeaProjects/HotelWebsie, os.arch=amd64, connection.username=root, java.vm.specification.name=Java Virtual Machine Specification, java.awt.printerjob=sun.print.PSPrinterJob, hibernate.connection.password=****, sun.os.patch.level=unknown, connection.driver_class=com.mysql.cj.jdbc.Driver, hibernate.boot.CfgXmlAccessService.key=org.hibernate.boot.cfgxml.spi.LoadedConfig@57f847af, java.library.path=/usr/java/packages/lib:/usr/lib/x86_64-linux-gnu/jni:/lib/x86_64-linux-gnu:/usr/lib/x86_64-linux-gnu:/usr/lib/jni:/lib:/usr/lib, java.vendor=Ubuntu, java.vm.info=mixed mode, sharing, java.vm.version=11.0.8+10-post-Ubuntu-0ubuntu118.04.1, hibernate.bytecode.use_reflection_optimizer=false, sun.io.unicode.encoding=UnicodeLittle, connection.url=jdbc:mysql://localhost:3306/hotel_test, java.class.version=55.0}
[DEBUG] 2020-10-06 12:00:56.550 [main] TypeSafeActivator - Unable to acquire Bean Validation ValidatorFactory, skipping activation
[DEBUG] 2020-10-06 12:00:56.550 [main] JaccIntegrator - Skipping JACC integration as it was not enabled
[DEBUG] 2020-10-06 12:00:56.551 [main] SessionFactoryImpl - Instantiated session factory
[DEBUG] 2020-10-06 12:00:56.551 [main] TypeConfiguration$Scope - Scoping TypeConfiguration [org.hibernate.type.spi.TypeConfiguration@61f39bb] to SessionFactoryImpl [org.hibernate.internal.SessionFactoryImpl@2cd62003]
[DEBUG] 2020-10-06 12:00:56.692 [main] ClassLoaderAccessImpl - Not known whether passed class name [hote.entity.User] is safe
[DEBUG] 2020-10-06 12:00:56.692 [main] ClassLoaderAccessImpl - No temp ClassLoader provided; using live ClassLoader for loading potentially unsafe class : hote.entity.User
[DEBUG] 2020-10-06 12:00:56.730 [main] ClassLoaderAccessImpl - Not known whether passed class name [hote.entity.User] is safe
[DEBUG] 2020-10-06 12:00:56.730 [main] ClassLoaderAccessImpl - No temp ClassLoader provided; using live ClassLoader for loading potentially unsafe class : hote.entity.User
[DEBUG] 2020-10-06 12:00:57.092 [main] ClassLoaderAccessImpl - Not known whether passed class name [hote.entity.Order] is safe
[DEBUG] 2020-10-06 12:00:57.093 [main] ClassLoaderAccessImpl - No temp ClassLoader provided; using live ClassLoader for loading potentially unsafe class : hote.entity.Order
[DEBUG] 2020-10-06 12:00:57.094 [main] ClassLoaderAccessImpl - Not known whether passed class name [hote.entity.Order] is safe
[DEBUG] 2020-10-06 12:00:57.094 [main] ClassLoaderAccessImpl - No temp ClassLoader provided; using live ClassLoader for loading potentially unsafe class : hote.entity.Order
[DEBUG] 2020-10-06 12:00:57.131 [main] AbstractCollectionPersister - Static SQL for collection: hote.entity.User.orders
[DEBUG] 2020-10-06 12:00:57.131 [main] AbstractCollectionPersister -  Row insert: update orders set user_id=? where id=?
[DEBUG] 2020-10-06 12:00:57.131 [main] AbstractCollectionPersister -  Row update: update orders set  where id=?
[DEBUG] 2020-10-06 12:00:57.131 [main] AbstractCollectionPersister -  Row delete: update orders set user_id=null where user_id=? and id=?
[DEBUG] 2020-10-06 12:00:57.131 [main] AbstractCollectionPersister -  One-shot delete: update orders set user_id=null where user_id=?
[DEBUG] 2020-10-06 12:00:57.136 [main] AbstractEntityPersister - Static SQL for entity: hote.entity.User
[DEBUG] 2020-10-06 12:00:57.137 [main] AbstractEntityPersister -  Version select: select id from user where id =?
[DEBUG] 2020-10-06 12:00:57.137 [main] AbstractEntityPersister -  Snapshot select: select user_.id, user_.first_name as first_na2_1_, user_.last_name as last_nam3_1_, user_.user_name as user_nam4_1_ from user user_ where user_.id=?
[DEBUG] 2020-10-06 12:00:57.140 [main] AbstractEntityPersister -  Insert 0: insert into user (first_name, last_name, user_name, id) values (?, ?, ?, ?)
[DEBUG] 2020-10-06 12:00:57.140 [main] AbstractEntityPersister -  Update 0: update user set first_name=?, last_name=?, user_name=? where id=?
[DEBUG] 2020-10-06 12:00:57.140 [main] AbstractEntityPersister -  Delete 0: delete from user where id=?
[DEBUG] 2020-10-06 12:00:57.140 [main] AbstractEntityPersister -  Identity insert: insert into user (first_name, last_name, user_name) values (?, ?, ?)
[DEBUG] 2020-10-06 12:00:57.172 [main] QuerySpacesImpl - Adding QuerySpace : uid = <gen:0> -> org.hibernate.loader.plan.build.internal.spaces.EntityQuerySpaceImpl@2c748a15]
[DEBUG] 2020-10-06 12:00:57.174 [main] MetamodelGraphWalker - Visiting attribute path : first_name
[DEBUG] 2020-10-06 12:00:57.174 [main] MetamodelGraphWalker - Visiting attribute path : last_name
[DEBUG] 2020-10-06 12:00:57.174 [main] MetamodelGraphWalker - Visiting attribute path : orders
[DEBUG] 2020-10-06 12:00:57.185 [main] QuerySpacesImpl - Adding QuerySpace : uid = <gen:1> -> org.hibernate.loader.plan.build.internal.spaces.CollectionQuerySpaceImpl@4130a648]
[DEBUG] 2020-10-06 12:00:57.186 [main] QuerySpacesImpl - Adding QuerySpace : uid = <gen:2> -> org.hibernate.loader.plan.build.internal.spaces.EntityQuerySpaceImpl@67f63d26]
[DEBUG] 2020-10-06 12:00:57.187 [main] MetamodelGraphWalker - Visiting attribute path : orders.description
[DEBUG] 2020-10-06 12:00:57.187 [main] MetamodelGraphWalker - Visiting attribute path : orders.user
[DEBUG] 2020-10-06 12:00:57.187 [main] MetamodelGraphWalker - Property path deemed to be circular : orders.user
[DEBUG] 2020-10-06 12:00:57.188 [main] MetamodelGraphWalker - Visiting attribute path : user_name
[DEBUG] 2020-10-06 12:00:57.188 [main] FetchStyleLoadPlanBuildingAssociationVisitationStrategy - Building LoadPlan...
[DEBUG] 2020-10-06 12:00:57.208 [main] LoadQueryJoinAndFetchProcessor - processing queryspace <gen:0>
[DEBUG] 2020-10-06 12:00:57.212 [main] LoadPlanTreePrinter - LoadPlan(entity=hote.entity.User)
    - Returns
       - EntityReturnImpl(entity=hote.entity.User, querySpaceUid=<gen:0>, path=hote.entity.User)
          - CollectionAttributeFetchImpl(collection=hote.entity.User.orders, querySpaceUid=<gen:1>, path=hote.entity.User.orders)
             - (collection element) CollectionFetchableElementEntityGraph(entity=hote.entity.Order, querySpaceUid=<gen:2>, path=hote.entity.User.orders.<elements>)
    - QuerySpaces
       - EntityQuerySpaceImpl(uid=<gen:0>, entity=hote.entity.User)
          - SQL table alias mapping - user0_
          - alias suffix - 0_
          - suffixed key columns - {id1_1_0_}
          - JOIN (JoinDefinedByMetadata(orders)) : <gen:0> -> <gen:1>
             - CollectionQuerySpaceImpl(uid=<gen:1>, collection=hote.entity.User.orders)
                - SQL table alias mapping - orders1_
                - alias suffix - 1_
                - suffixed key columns - {user_id3_0_1_}
                - entity-element alias suffix - 2_
                - 2_entity-element suffixed key columns - id1_0_2_
                - JOIN (JoinDefinedByMetadata(elements)) : <gen:1> -> <gen:2>
                   - EntityQuerySpaceImpl(uid=<gen:2>, entity=hote.entity.Order)
                      - SQL table alias mapping - orders1_
                      - alias suffix - 2_
                      - suffixed key columns - {id1_0_2_}

[DEBUG] 2020-10-06 12:00:57.215 [main] EntityLoader - Static select for entity hote.entity.User [NONE]: select user0_.id as id1_1_0_, user0_.first_name as first_na2_1_0_, user0_.last_name as last_nam3_1_0_, user0_.user_name as user_nam4_1_0_, orders1_.user_id as user_id3_0_1_, orders1_.id as id1_0_1_, orders1_.id as id1_0_2_, orders1_.description as descript2_0_2_, orders1_.user_id as user_id3_0_2_ from user user0_ left outer join orders orders1_ on user0_.id=orders1_.user_id where user0_.id=?
[DEBUG] 2020-10-06 12:00:57.216 [main] QuerySpacesImpl - Adding QuerySpace : uid = <gen:0> -> org.hibernate.loader.plan.build.internal.spaces.EntityQuerySpaceImpl@3ece79fe]
[DEBUG] 2020-10-06 12:00:57.216 [main] MetamodelGraphWalker - Visiting attribute path : first_name
[DEBUG] 2020-10-06 12:00:57.216 [main] MetamodelGraphWalker - Visiting attribute path : last_name
[DEBUG] 2020-10-06 12:00:57.216 [main] MetamodelGraphWalker - Visiting attribute path : orders
[DEBUG] 2020-10-06 12:00:57.216 [main] QuerySpacesImpl - Adding QuerySpace : uid = <gen:1> -> org.hibernate.loader.plan.build.internal.spaces.CollectionQuerySpaceImpl@1e01b133]
[DEBUG] 2020-10-06 12:00:57.216 [main] QuerySpacesImpl - Adding QuerySpace : uid = <gen:2> -> org.hibernate.loader.plan.build.internal.spaces.EntityQuerySpaceImpl@262a1fad]
[DEBUG] 2020-10-06 12:00:57.216 [main] MetamodelGraphWalker - Visiting attribute path : orders.description
[DEBUG] 2020-10-06 12:00:57.216 [main] MetamodelGraphWalker - Visiting attribute path : orders.user
[DEBUG] 2020-10-06 12:00:57.216 [main] MetamodelGraphWalker - Property path deemed to be circular : orders.user
[DEBUG] 2020-10-06 12:00:57.216 [main] MetamodelGraphWalker - Visiting attribute path : user_name
[DEBUG] 2020-10-06 12:00:57.216 [main] FetchStyleLoadPlanBuildingAssociationVisitationStrategy - Building LoadPlan...
[DEBUG] 2020-10-06 12:00:57.216 [main] LoadQueryJoinAndFetchProcessor - processing queryspace <gen:0>
[DEBUG] 2020-10-06 12:00:57.217 [main] LoadPlanTreePrinter - LoadPlan(entity=hote.entity.User)
    - Returns
       - EntityReturnImpl(entity=hote.entity.User, querySpaceUid=<gen:0>, path=hote.entity.User)
          - CollectionAttributeFetchImpl(collection=hote.entity.User.orders, querySpaceUid=<gen:1>, path=hote.entity.User.orders)
             - (collection element) CollectionFetchableElementEntityGraph(entity=hote.entity.Order, querySpaceUid=<gen:2>, path=hote.entity.User.orders.<elements>)
    - QuerySpaces
       - EntityQuerySpaceImpl(uid=<gen:0>, entity=hote.entity.User)
          - SQL table alias mapping - user0_
          - alias suffix - 0_
          - suffixed key columns - {id1_1_0_}
          - JOIN (JoinDefinedByMetadata(orders)) : <gen:0> -> <gen:1>
             - CollectionQuerySpaceImpl(uid=<gen:1>, collection=hote.entity.User.orders)
                - SQL table alias mapping - orders1_
                - alias suffix - 1_
                - suffixed key columns - {user_id3_0_1_}
                - entity-element alias suffix - 2_
                - 2_entity-element suffixed key columns - id1_0_2_
                - JOIN (JoinDefinedByMetadata(elements)) : <gen:1> -> <gen:2>
                   - EntityQuerySpaceImpl(uid=<gen:2>, entity=hote.entity.Order)
                      - SQL table alias mapping - orders1_
                      - alias suffix - 2_
                      - suffixed key columns - {id1_0_2_}

[DEBUG] 2020-10-06 12:00:57.225 [main] EntityLoader - Static select for entity hote.entity.User [READ]: select user0_.id as id1_1_0_, user0_.first_name as first_na2_1_0_, user0_.last_name as last_nam3_1_0_, user0_.user_name as user_nam4_1_0_, orders1_.user_id as user_id3_0_1_, orders1_.id as id1_0_1_, orders1_.id as id1_0_2_, orders1_.description as descript2_0_2_, orders1_.user_id as user_id3_0_2_ from user user0_ left outer join orders orders1_ on user0_.id=orders1_.user_id where user0_.id=?
[DEBUG] 2020-10-06 12:00:57.239 [main] Loader - Static select for action ACTION_MERGE on entity hote.entity.User: select user0_.id as id1_1_1_, user0_.first_name as first_na2_1_1_, user0_.last_name as last_nam3_1_1_, user0_.user_name as user_nam4_1_1_, orders1_.user_id as user_id3_0_3_, orders1_.id as id1_0_3_, orders1_.id as id1_0_0_, orders1_.description as descript2_0_0_, orders1_.user_id as user_id3_0_0_ from user user0_ left outer join orders orders1_ on user0_.id=orders1_.user_id where user0_.id=?
[DEBUG] 2020-10-06 12:00:57.242 [main] Loader - Static select for action ACTION_REFRESH on entity hote.entity.User: select user0_.id as id1_1_1_, user0_.first_name as first_na2_1_1_, user0_.last_name as last_nam3_1_1_, user0_.user_name as user_nam4_1_1_, orders1_.user_id as user_id3_0_3_, orders1_.id as id1_0_3_, orders1_.id as id1_0_0_, orders1_.description as descript2_0_0_, orders1_.user_id as user_id3_0_0_ from user user0_ left outer join orders orders1_ on user0_.id=orders1_.user_id where user0_.id=?
[DEBUG] 2020-10-06 12:00:57.242 [main] AbstractEntityPersister - Static SQL for entity: hote.entity.Order
[DEBUG] 2020-10-06 12:00:57.242 [main] AbstractEntityPersister -  Version select: select id from orders where id =?
[DEBUG] 2020-10-06 12:00:57.242 [main] AbstractEntityPersister -  Snapshot select: select order_.id, order_.description as descript2_0_, order_.user_id as user_id3_0_ from orders order_ where order_.id=?
[DEBUG] 2020-10-06 12:00:57.242 [main] AbstractEntityPersister -  Insert 0: insert into orders (description, user_id, id) values (?, ?, ?)
[DEBUG] 2020-10-06 12:00:57.242 [main] AbstractEntityPersister -  Update 0: update orders set description=?, user_id=? where id=?
[DEBUG] 2020-10-06 12:00:57.242 [main] AbstractEntityPersister -  Delete 0: delete from orders where id=?
[DEBUG] 2020-10-06 12:00:57.242 [main] AbstractEntityPersister -  Identity insert: insert into orders (description, user_id) values (?, ?)
[DEBUG] 2020-10-06 12:00:57.243 [main] QuerySpacesImpl - Adding QuerySpace : uid = <gen:0> -> org.hibernate.loader.plan.build.internal.spaces.EntityQuerySpaceImpl@6f25bf88]
[DEBUG] 2020-10-06 12:00:57.243 [main] MetamodelGraphWalker - Visiting attribute path : description
[DEBUG] 2020-10-06 12:00:57.243 [main] MetamodelGraphWalker - Visiting attribute path : user
[DEBUG] 2020-10-06 12:00:57.243 [main] QuerySpacesImpl - Adding QuerySpace : uid = <gen:1> -> org.hibernate.loader.plan.build.internal.spaces.EntityQuerySpaceImpl@7b5cc918]
[DEBUG] 2020-10-06 12:00:57.245 [main] MetamodelGraphWalker - Visiting attribute path : user.first_name
[DEBUG] 2020-10-06 12:00:57.245 [main] MetamodelGraphWalker - Visiting attribute path : user.last_name
[DEBUG] 2020-10-06 12:00:57.245 [main] MetamodelGraphWalker - Visiting attribute path : user.orders
[DEBUG] 2020-10-06 12:00:57.245 [main] MetamodelGraphWalker - Property path deemed to be circular : user.orders
[DEBUG] 2020-10-06 12:00:57.245 [main] MetamodelGraphWalker - Visiting attribute path : user.user_name
[DEBUG] 2020-10-06 12:00:57.245 [main] FetchStyleLoadPlanBuildingAssociationVisitationStrategy - Building LoadPlan...
[DEBUG] 2020-10-06 12:00:57.245 [main] LoadQueryJoinAndFetchProcessor - processing queryspace <gen:0>
[DEBUG] 2020-10-06 12:00:57.246 [main] LoadPlanTreePrinter - LoadPlan(entity=hote.entity.Order)
    - Returns
       - EntityReturnImpl(entity=hote.entity.Order, querySpaceUid=<gen:0>, path=hote.entity.Order)
          - EntityAttributeFetchImpl(entity=hote.entity.User, querySpaceUid=<gen:1>, path=hote.entity.Order.user)
    - QuerySpaces
       - EntityQuerySpaceImpl(uid=<gen:0>, entity=hote.entity.Order)
          - SQL table alias mapping - order0_
          - alias suffix - 0_
          - suffixed key columns - {id1_0_0_}
          - JOIN (JoinDefinedByMetadata(user)) : <gen:0> -> <gen:1>
             - EntityQuerySpaceImpl(uid=<gen:1>, entity=hote.entity.User)
                - SQL table alias mapping - user1_
                - alias suffix - 1_
                - suffixed key columns - {id1_1_1_}

[DEBUG] 2020-10-06 12:00:57.246 [main] EntityLoader - Static select for entity hote.entity.Order [NONE]: select order0_.id as id1_0_0_, order0_.description as descript2_0_0_, order0_.user_id as user_id3_0_0_, user1_.id as id1_1_1_, user1_.first_name as first_na2_1_1_, user1_.last_name as last_nam3_1_1_, user1_.user_name as user_nam4_1_1_ from orders order0_ left outer join user user1_ on order0_.user_id=user1_.id where order0_.id=?
[DEBUG] 2020-10-06 12:00:57.246 [main] QuerySpacesImpl - Adding QuerySpace : uid = <gen:0> -> org.hibernate.loader.plan.build.internal.spaces.EntityQuerySpaceImpl@37a0ec3c]
[DEBUG] 2020-10-06 12:00:57.246 [main] MetamodelGraphWalker - Visiting attribute path : description
[DEBUG] 2020-10-06 12:00:57.246 [main] MetamodelGraphWalker - Visiting attribute path : user
[DEBUG] 2020-10-06 12:00:57.246 [main] QuerySpacesImpl - Adding QuerySpace : uid = <gen:1> -> org.hibernate.loader.plan.build.internal.spaces.EntityQuerySpaceImpl@62a54948]
[DEBUG] 2020-10-06 12:00:57.246 [main] MetamodelGraphWalker - Visiting attribute path : user.first_name
[DEBUG] 2020-10-06 12:00:57.246 [main] MetamodelGraphWalker - Visiting attribute path : user.last_name
[DEBUG] 2020-10-06 12:00:57.246 [main] MetamodelGraphWalker - Visiting attribute path : user.orders
[DEBUG] 2020-10-06 12:00:57.246 [main] MetamodelGraphWalker - Property path deemed to be circular : user.orders
[DEBUG] 2020-10-06 12:00:57.246 [main] MetamodelGraphWalker - Visiting attribute path : user.user_name
[DEBUG] 2020-10-06 12:00:57.249 [main] FetchStyleLoadPlanBuildingAssociationVisitationStrategy - Building LoadPlan...
[DEBUG] 2020-10-06 12:00:57.249 [main] LoadQueryJoinAndFetchProcessor - processing queryspace <gen:0>
[DEBUG] 2020-10-06 12:00:57.250 [main] LoadPlanTreePrinter - LoadPlan(entity=hote.entity.Order)
    - Returns
       - EntityReturnImpl(entity=hote.entity.Order, querySpaceUid=<gen:0>, path=hote.entity.Order)
          - EntityAttributeFetchImpl(entity=hote.entity.User, querySpaceUid=<gen:1>, path=hote.entity.Order.user)
    - QuerySpaces
       - EntityQuerySpaceImpl(uid=<gen:0>, entity=hote.entity.Order)
          - SQL table alias mapping - order0_
          - alias suffix - 0_
          - suffixed key columns - {id1_0_0_}
          - JOIN (JoinDefinedByMetadata(user)) : <gen:0> -> <gen:1>
             - EntityQuerySpaceImpl(uid=<gen:1>, entity=hote.entity.User)
                - SQL table alias mapping - user1_
                - alias suffix - 1_
                - suffixed key columns - {id1_1_1_}

[DEBUG] 2020-10-06 12:00:57.250 [main] EntityLoader - Static select for entity hote.entity.Order [READ]: select order0_.id as id1_0_0_, order0_.description as descript2_0_0_, order0_.user_id as user_id3_0_0_, user1_.id as id1_1_1_, user1_.first_name as first_na2_1_1_, user1_.last_name as last_nam3_1_1_, user1_.user_name as user_nam4_1_1_ from orders order0_ left outer join user user1_ on order0_.user_id=user1_.id where order0_.id=?
[DEBUG] 2020-10-06 12:00:57.250 [main] Loader - Static select for action ACTION_MERGE on entity hote.entity.Order: select order0_.id as id1_0_0_, order0_.description as descript2_0_0_, order0_.user_id as user_id3_0_0_ from orders order0_ where order0_.id=?
[DEBUG] 2020-10-06 12:00:57.251 [main] Loader - Static select for action ACTION_REFRESH on entity hote.entity.Order: select order0_.id as id1_0_0_, order0_.description as descript2_0_0_, order0_.user_id as user_id3_0_0_ from orders order0_ where order0_.id=?
[DEBUG] 2020-10-06 12:00:57.255 [main] QuerySpacesImpl - Adding QuerySpace : uid = <gen:0> -> org.hibernate.loader.plan.build.internal.spaces.CollectionQuerySpaceImpl@19e21f89]
[DEBUG] 2020-10-06 12:00:57.255 [main] QuerySpacesImpl - Adding QuerySpace : uid = <gen:1> -> org.hibernate.loader.plan.build.internal.spaces.EntityQuerySpaceImpl@31e739bf]
[DEBUG] 2020-10-06 12:00:57.257 [main] MetamodelGraphWalker - Visiting attribute path : description
[DEBUG] 2020-10-06 12:00:57.258 [main] MetamodelGraphWalker - Visiting attribute path : user
[DEBUG] 2020-10-06 12:00:57.258 [main] MetamodelGraphWalker - Property path deemed to be circular : user
[DEBUG] 2020-10-06 12:00:57.258 [main] FetchStyleLoadPlanBuildingAssociationVisitationStrategy - Building LoadPlan...
[DEBUG] 2020-10-06 12:00:57.259 [main] LoadQueryJoinAndFetchProcessor - processing queryspace <gen:0>
[DEBUG] 2020-10-06 12:00:57.259 [main] LoadPlanTreePrinter - LoadPlan(collection=hote.entity.User.orders)
    - Returns
       - CollectionReturnImpl(collection=hote.entity.User.orders, querySpaceUid=<gen:0>, path=[hote.entity.User.orders])
          - (collection element) CollectionFetchableElementEntityGraph(entity=hote.entity.Order, querySpaceUid=<gen:1>, path=[hote.entity.User.orders].<elements>)
    - QuerySpaces
       - CollectionQuerySpaceImpl(uid=<gen:0>, collection=hote.entity.User.orders)
          - SQL table alias mapping - orders0_
          - alias suffix - 0_
          - suffixed key columns - {user_id3_0_0_}
          - entity-element alias suffix - 1_
          - 1_entity-element suffixed key columns - id1_0_1_
          - JOIN (JoinDefinedByMetadata(elements)) : <gen:0> -> <gen:1>
             - EntityQuerySpaceImpl(uid=<gen:1>, entity=hote.entity.Order)
                - SQL table alias mapping - orders0_
                - alias suffix - 1_
                - suffixed key columns - {id1_0_1_}

[DEBUG] 2020-10-06 12:00:57.260 [main] CollectionLoader - Static select for collection hote.entity.User.orders: select orders0_.user_id as user_id3_0_0_, orders0_.id as id1_0_0_, orders0_.id as id1_0_1_, orders0_.description as descript2_0_1_, orders0_.user_id as user_id3_0_1_ from orders orders0_ where orders0_.user_id=?
[DEBUG] 2020-10-06 12:00:57.298 [main] SchemaManagementToolCoordinator - No actions specified; doing nothing
[DEBUG] 2020-10-06 12:00:57.302 [main] JtaPlatformInitiator - No JtaPlatform was specified, checking resolver
[DEBUG] 2020-10-06 12:00:57.302 [main] JtaPlatformResolverInitiator - No JtaPlatformResolver was specified, using default [org.hibernate.engine.transaction.jta.platform.internal.StandardJtaPlatformResolver]
[DEBUG] 2020-10-06 12:00:57.307 [main] StandardJtaPlatformResolver - Could not resolve JtaPlatform, using default [org.hibernate.engine.transaction.jta.platform.internal.NoJtaPlatform]
[INFO ] 2020-10-06 12:00:57.307 [main] JtaPlatformInitiator - HHH000490: Using JtaPlatform implementation: [org.hibernate.engine.transaction.jta.platform.internal.NoJtaPlatform]
[DEBUG] 2020-10-06 12:00:57.309 [main] NamedQueryRepository - Checking 0 named HQL queries
[DEBUG] 2020-10-06 12:00:57.309 [main] NamedQueryRepository - Checking 0 named SQL queries
[DEBUG] 2020-10-06 12:00:57.313 [main] SessionFactoryRegistry - Initializing SessionFactoryRegistry : org.hibernate.internal.SessionFactoryRegistry@4e140497
[DEBUG] 2020-10-06 12:00:57.315 [main] SessionFactoryRegistry - Registering SessionFactory: c64189da-01e2-4d06-8275-2cb2017ff048 (<unnamed>)
[DEBUG] 2020-10-06 12:00:57.315 [main] SessionFactoryRegistry - Not binding SessionFactory to JNDI, no JNDI name configured
[DEBUG] 2020-10-06 12:00:57.522 [main] StatisticsInitiator - Statistics initialized [enabled=false]
[DEBUG] 2020-10-06 12:00:57.565 [main] CriteriaQueryImpl - Rendered criteria query -> select generatedAlias0 from Order as generatedAlias0 where generatedAlias0.description like :param0
[DEBUG] 2020-10-06 12:00:57.593 [main] QueryTranslatorFactoryInitiator - QueryTranslatorFactory: org.hibernate.hql.internal.ast.ASTQueryTranslatorFactory@437c4b25
[DEBUG] 2020-10-06 12:00:57.628 [main] QueryTranslatorImpl - parse() - HQL: select generatedAlias0 from hote.entity.Order as generatedAlias0 where generatedAlias0.description like :param0
[DEBUG] 2020-10-06 12:00:57.634 [main] HqlParser - weakKeywords() : new LT(1) token - ["Order",<108> previously: <41>,line=1,col=41,possibleID=true]
[DEBUG] 2020-10-06 12:00:57.636 [main] ErrorTracker - throwQueryException() : no errors
[DEBUG] 2020-10-06 12:00:57.645 [main] QueryTranslatorImpl - --- HQL AST ---
 \-[QUERY] Node: 'query'
    +-[SELECT_FROM] Node: 'SELECT_FROM'
    |  +-[FROM] Node: 'from'
    |  |  \-[RANGE] Node: 'RANGE'
    |  |     +-[DOT] Node: '.'
    |  |     |  +-[DOT] Node: '.'
    |  |     |  |  +-[IDENT] Node: 'hote'
    |  |     |  |  \-[IDENT] Node: 'entity'
    |  |     |  \-[IDENT] Node: 'Order'
    |  |     \-[ALIAS] Node: 'generatedAlias0'
    |  \-[SELECT] Node: 'select'
    |     \-[IDENT] Node: 'generatedAlias0'
    \-[WHERE] Node: 'where'
       \-[LIKE] Node: 'like'
          +-[DOT] Node: '.'
          |  +-[IDENT] Node: 'generatedAlias0'
          |  \-[IDENT] Node: 'description'
          \-[COLON] Node: ':'
             \-[IDENT] Node: 'param0'

[DEBUG] 2020-10-06 12:00:57.670 [main] HqlSqlBaseWalker - select << begin [level=1, statement=select]
[DEBUG] 2020-10-06 12:00:57.681 [main] FromElement - FromClause{level=1} : hote.entity.Order (generatedAlias0) -> order0_
[DEBUG] 2020-10-06 12:00:57.682 [main] FromReferenceNode - Resolved : generatedAlias0 -> order0_.id
[DEBUG] 2020-10-06 12:00:57.683 [main] FromReferenceNode - Resolved : generatedAlias0 -> order0_.id
[DEBUG] 2020-10-06 12:00:57.684 [main] DotNode - getDataType() : description -> org.hibernate.type.StringType@2c779e5
[DEBUG] 2020-10-06 12:00:57.684 [main] FromReferenceNode - Resolved : generatedAlias0.description -> order0_.description
[DEBUG] 2020-10-06 12:00:57.685 [main] HqlSqlBaseWalker - select : finishing up [level=1, statement=select]
[DEBUG] 2020-10-06 12:00:57.686 [main] HqlSqlWalker - processQuery() :  ( SELECT ( {select clause} order0_.id ) ( FromClause{level=1} orders order0_ ) ( where ( like ( order0_.description order0_.id description ) ? ) ) )
[DEBUG] 2020-10-06 12:00:57.692 [main] JoinProcessor - Using FROM fragment [orders order0_]
[DEBUG] 2020-10-06 12:00:57.695 [main] HqlSqlBaseWalker - select >> end [level=1, statement=select]
[DEBUG] 2020-10-06 12:00:57.696 [main] QueryTranslatorImpl - --- SQL AST ---
 \-[SELECT] QueryNode: 'SELECT'  querySpaces (orders)
    +-[SELECT_CLAUSE] SelectClause: '{select clause}'
    |  +-[ALIAS_REF] IdentNode: 'order0_.id as id1_0_' {alias=generatedAlias0, className=hote.entity.Order, tableAlias=order0_}
    |  \-[SQL_TOKEN] SqlFragment: 'order0_.description as descript2_0_, order0_.user_id as user_id3_0_'
    +-[FROM] FromClause: 'from' FromClause{level=1, fromElementCounter=1, fromElements=1, fromElementByClassAlias=[generatedAlias0], fromElementByTableAlias=[order0_], fromElementsByPath=[], collectionJoinFromElementsByPath=[], impliedElements=[]}
    |  \-[FROM_FRAGMENT] FromElement: 'orders order0_' FromElement{explicit,not a collection join,not a fetch join,fetch non-lazy properties,classAlias=generatedAlias0,role=null,tableName=orders,tableAlias=order0_,origin=null,columns={,className=hote.entity.Order}}
    \-[WHERE] SqlNode: 'where'
       \-[LIKE] BinaryLogicOperatorNode: 'like'
          +-[DOT] DotNode: 'order0_.description' {propertyName=description,dereferenceType=PRIMITIVE,getPropertyPath=description,path=generatedAlias0.description,tableAlias=order0_,className=hote.entity.Order,classAlias=generatedAlias0}
          |  +-[ALIAS_REF] IdentNode: 'order0_.id' {alias=generatedAlias0, className=hote.entity.Order, tableAlias=order0_}
          |  \-[IDENT] IdentNode: 'description' {originalText=description}
          \-[NAMED_PARAM] ParameterNode: '?' {name=param0, expectedType=org.hibernate.type.StringType@2c779e5}

[DEBUG] 2020-10-06 12:00:57.696 [main] ErrorTracker - throwQueryException() : no errors
[DEBUG] 2020-10-06 12:00:57.702 [main] QueryTranslatorImpl - HQL: select generatedAlias0 from hote.entity.Order as generatedAlias0 where generatedAlias0.description like :param0
[DEBUG] 2020-10-06 12:00:57.702 [main] QueryTranslatorImpl - SQL: select order0_.id as id1_0_, order0_.description as descript2_0_, order0_.user_id as user_id3_0_ from orders order0_ where order0_.description like ?
[DEBUG] 2020-10-06 12:00:57.703 [main] ErrorTracker - throwQueryException() : no errors
[DEBUG] 2020-10-06 12:00:57.725 [main] SQL - select order0_.id as id1_0_, order0_.description as descript2_0_, order0_.user_id as user_id3_0_ from orders order0_ where order0_.description like ?
[DEBUG] 2020-10-06 12:00:57.750 [main] Loader - Result set row: 0
[DEBUG] 2020-10-06 12:00:57.755 [main] Loader - Result row: EntityKey[hote.entity.Order#2]
[DEBUG] 2020-10-06 12:00:57.767 [main] Loader - Result set row: 1
[DEBUG] 2020-10-06 12:00:57.767 [main] Loader - Result row: EntityKey[hote.entity.Order#4]
[DEBUG] 2020-10-06 12:00:57.767 [main] Loader - Result set row: 2
[DEBUG] 2020-10-06 12:00:57.767 [main] Loader - Result row: EntityKey[hote.entity.Order#6]
[DEBUG] 2020-10-06 12:00:57.768 [main] TwoPhaseLoad - Resolving attributes for [hote.entity.Order#2]
[DEBUG] 2020-10-06 12:00:57.768 [main] TwoPhaseLoad - Processing attribute `description` : value = Books
[DEBUG] 2020-10-06 12:00:57.768 [main] TwoPhaseLoad - Attribute (`description`)  - enhanced for lazy-loading? - false
[DEBUG] 2020-10-06 12:00:57.768 [main] TwoPhaseLoad - Processing attribute `user` : value = 2
[DEBUG] 2020-10-06 12:00:57.768 [main] TwoPhaseLoad - Attribute (`user`)  - enhanced for lazy-loading? - false
[DEBUG] 2020-10-06 12:00:57.771 [main] SQL - select user0_.id as id1_1_0_, user0_.first_name as first_na2_1_0_, user0_.last_name as last_nam3_1_0_, user0_.user_name as user_nam4_1_0_, orders1_.user_id as user_id3_0_1_, orders1_.id as id1_0_1_, orders1_.id as id1_0_2_, orders1_.description as descript2_0_2_, orders1_.user_id as user_id3_0_2_ from user user0_ left outer join orders orders1_ on user0_.id=orders1_.user_id where user0_.id=?
[DEBUG] 2020-10-06 12:00:57.777 [main] ResultSetProcessorImpl - Starting ResultSet row #0
[DEBUG] 2020-10-06 12:00:57.780 [main] EntityReferenceInitializerImpl - On call to EntityIdentifierReaderImpl#resolve, EntityKey was already known; should only happen on root returns with an optional identifier specified
[DEBUG] 2020-10-06 12:00:57.780 [main] CollectionReferenceInitializerImpl - Found row of collection: [hote.entity.User.orders#2]
[DEBUG] 2020-10-06 12:00:57.792 [main] ResultSetProcessorImpl - Starting ResultSet row #1
[DEBUG] 2020-10-06 12:00:57.792 [main] EntityReferenceInitializerImpl - On call to EntityIdentifierReaderImpl#resolve, EntityKey was already known; should only happen on root returns with an optional identifier specified
[DEBUG] 2020-10-06 12:00:57.792 [main] CollectionReferenceInitializerImpl - Found row of collection: [hote.entity.User.orders#2]
[DEBUG] 2020-10-06 12:00:57.792 [main] TwoPhaseLoad - Resolving attributes for [hote.entity.User#2]
[DEBUG] 2020-10-06 12:00:57.792 [main] TwoPhaseLoad - Processing attribute `first_name` : value = Fred
[DEBUG] 2020-10-06 12:00:57.792 [main] TwoPhaseLoad - Attribute (`first_name`)  - enhanced for lazy-loading? - false
[DEBUG] 2020-10-06 12:00:57.792 [main] TwoPhaseLoad - Processing attribute `last_name` : value = Hensen
[DEBUG] 2020-10-06 12:00:57.792 [main] TwoPhaseLoad - Attribute (`last_name`)  - enhanced for lazy-loading? - false
[DEBUG] 2020-10-06 12:00:57.792 [main] TwoPhaseLoad - Processing attribute `orders` : value = NOT NULL COLLECTION
[DEBUG] 2020-10-06 12:00:57.792 [main] TwoPhaseLoad - Attribute (`orders`)  - enhanced for lazy-loading? - false
[DEBUG] 2020-10-06 12:00:57.792 [main] TwoPhaseLoad - Processing attribute `user_name` : value = fhensen
[DEBUG] 2020-10-06 12:00:57.793 [main] TwoPhaseLoad - Attribute (`user_name`)  - enhanced for lazy-loading? - false
[DEBUG] 2020-10-06 12:00:57.795 [main] TwoPhaseLoad - Done materializing entity [hote.entity.User#2]
[DEBUG] 2020-10-06 12:00:57.795 [main] TwoPhaseLoad - Resolving attributes for [hote.entity.Order#3]
[DEBUG] 2020-10-06 12:00:57.795 [main] TwoPhaseLoad - Processing attribute `description` : value = Plates, forks, and knives
[DEBUG] 2020-10-06 12:00:57.795 [main] TwoPhaseLoad - Attribute (`description`)  - enhanced for lazy-loading? - false
[DEBUG] 2020-10-06 12:00:57.795 [main] TwoPhaseLoad - Processing attribute `user` : value = 2
[DEBUG] 2020-10-06 12:00:57.795 [main] TwoPhaseLoad - Attribute (`user`)  - enhanced for lazy-loading? - false
[DEBUG] 2020-10-06 12:00:57.796 [main] TwoPhaseLoad - Done materializing entity [hote.entity.Order#3]
[DEBUG] 2020-10-06 12:00:57.796 [main] CollectionLoadContext - 1 collections were found in result set for role: hote.entity.User.orders
[DEBUG] 2020-10-06 12:00:57.799 [main] CollectionLoadContext - Collection fully initialized: [hote.entity.User.orders#2]
[DEBUG] 2020-10-06 12:00:57.799 [main] CollectionLoadContext - 1 collections initialized for role: hote.entity.User.orders
[DEBUG] 2020-10-06 12:00:57.800 [main] ResourceRegistryStandardImpl - HHH000387: ResultSet's statement was not registered
[DEBUG] 2020-10-06 12:00:57.800 [main] AbstractLoadPlanBasedEntityLoader - Done entity load : hote.entity.User#2
[DEBUG] 2020-10-06 12:00:57.800 [main] TwoPhaseLoad - Done materializing entity [hote.entity.Order#2]
[DEBUG] 2020-10-06 12:00:57.800 [main] TwoPhaseLoad - Resolving attributes for [hote.entity.Order#4]
[DEBUG] 2020-10-06 12:00:57.800 [main] TwoPhaseLoad - Processing attribute `description` : value = Soccer ball
[DEBUG] 2020-10-06 12:00:57.800 [main] TwoPhaseLoad - Attribute (`description`)  - enhanced for lazy-loading? - false
[DEBUG] 2020-10-06 12:00:57.800 [main] TwoPhaseLoad - Processing attribute `user` : value = 1
[DEBUG] 2020-10-06 12:00:57.800 [main] TwoPhaseLoad - Attribute (`user`)  - enhanced for lazy-loading? - false
[DEBUG] 2020-10-06 12:00:57.800 [main] SQL - select user0_.id as id1_1_0_, user0_.first_name as first_na2_1_0_, user0_.last_name as last_nam3_1_0_, user0_.user_name as user_nam4_1_0_, orders1_.user_id as user_id3_0_1_, orders1_.id as id1_0_1_, orders1_.id as id1_0_2_, orders1_.description as descript2_0_2_, orders1_.user_id as user_id3_0_2_ from user user0_ left outer join orders orders1_ on user0_.id=orders1_.user_id where user0_.id=?
[DEBUG] 2020-10-06 12:00:57.802 [main] ResultSetProcessorImpl - Starting ResultSet row #0
[DEBUG] 2020-10-06 12:00:57.805 [main] EntityReferenceInitializerImpl - On call to EntityIdentifierReaderImpl#resolve, EntityKey was already known; should only happen on root returns with an optional identifier specified
[DEBUG] 2020-10-06 12:00:57.805 [main] CollectionReferenceInitializerImpl - Found row of collection: [hote.entity.User.orders#1]
[DEBUG] 2020-10-06 12:00:57.805 [main] ResultSetProcessorImpl - Starting ResultSet row #1
[DEBUG] 2020-10-06 12:00:57.805 [main] EntityReferenceInitializerImpl - On call to EntityIdentifierReaderImpl#resolve, EntityKey was already known; should only happen on root returns with an optional identifier specified
[DEBUG] 2020-10-06 12:00:57.806 [main] CollectionReferenceInitializerImpl - Found row of collection: [hote.entity.User.orders#1]
[DEBUG] 2020-10-06 12:00:57.806 [main] ResultSetProcessorImpl - Starting ResultSet row #2
[DEBUG] 2020-10-06 12:00:57.806 [main] EntityReferenceInitializerImpl - On call to EntityIdentifierReaderImpl#resolve, EntityKey was already known; should only happen on root returns with an optional identifier specified
[DEBUG] 2020-10-06 12:00:57.806 [main] CollectionReferenceInitializerImpl - Found row of collection: [hote.entity.User.orders#1]
[DEBUG] 2020-10-06 12:00:57.806 [main] TwoPhaseLoad - Resolving attributes for [hote.entity.User#1]
[DEBUG] 2020-10-06 12:00:57.806 [main] TwoPhaseLoad - Processing attribute `first_name` : value = Joe
[DEBUG] 2020-10-06 12:00:57.806 [main] TwoPhaseLoad - Attribute (`first_name`)  - enhanced for lazy-loading? - false
[DEBUG] 2020-10-06 12:00:57.806 [main] TwoPhaseLoad - Processing attribute `last_name` : value = Coyne
[DEBUG] 2020-10-06 12:00:57.807 [main] TwoPhaseLoad - Attribute (`last_name`)  - enhanced for lazy-loading? - false
[DEBUG] 2020-10-06 12:00:57.807 [main] TwoPhaseLoad - Processing attribute `orders` : value = NOT NULL COLLECTION
[DEBUG] 2020-10-06 12:00:57.807 [main] TwoPhaseLoad - Attribute (`orders`)  - enhanced for lazy-loading? - false
[DEBUG] 2020-10-06 12:00:57.807 [main] TwoPhaseLoad - Processing attribute `user_name` : value = jcoyne
[DEBUG] 2020-10-06 12:00:57.807 [main] TwoPhaseLoad - Attribute (`user_name`)  - enhanced for lazy-loading? - false
[DEBUG] 2020-10-06 12:00:57.807 [main] TwoPhaseLoad - Done materializing entity [hote.entity.User#1]
[DEBUG] 2020-10-06 12:00:57.807 [main] TwoPhaseLoad - Resolving attributes for [hote.entity.Order#1]
[DEBUG] 2020-10-06 12:00:57.807 [main] TwoPhaseLoad - Processing attribute `description` : value = plates
[DEBUG] 2020-10-06 12:00:57.808 [main] TwoPhaseLoad - Attribute (`description`)  - enhanced for lazy-loading? - false
[DEBUG] 2020-10-06 12:00:57.808 [main] TwoPhaseLoad - Processing attribute `user` : value = 1
[DEBUG] 2020-10-06 12:00:57.808 [main] TwoPhaseLoad - Attribute (`user`)  - enhanced for lazy-loading? - false
[DEBUG] 2020-10-06 12:00:57.808 [main] TwoPhaseLoad - Done materializing entity [hote.entity.Order#1]
[DEBUG] 2020-10-06 12:00:57.808 [main] CollectionLoadContext - 1 collections were found in result set for role: hote.entity.User.orders
[DEBUG] 2020-10-06 12:00:57.808 [main] CollectionLoadContext - Collection fully initialized: [hote.entity.User.orders#1]
[DEBUG] 2020-10-06 12:00:57.808 [main] CollectionLoadContext - 1 collections initialized for role: hote.entity.User.orders
[DEBUG] 2020-10-06 12:00:57.808 [main] ResourceRegistryStandardImpl - HHH000387: ResultSet's statement was not registered
[DEBUG] 2020-10-06 12:00:57.808 [main] AbstractLoadPlanBasedEntityLoader - Done entity load : hote.entity.User#1
[DEBUG] 2020-10-06 12:00:57.808 [main] TwoPhaseLoad - Done materializing entity [hote.entity.Order#4]
[DEBUG] 2020-10-06 12:00:57.808 [main] TwoPhaseLoad - Resolving attributes for [hote.entity.Order#6]
[DEBUG] 2020-10-06 12:00:57.808 [main] TwoPhaseLoad - Processing attribute `description` : value = Bananas
[DEBUG] 2020-10-06 12:00:57.808 [main] TwoPhaseLoad - Attribute (`description`)  - enhanced for lazy-loading? - false
[DEBUG] 2020-10-06 12:00:57.808 [main] TwoPhaseLoad - Processing attribute `user` : value = 1
[DEBUG] 2020-10-06 12:00:57.808 [main] TwoPhaseLoad - Attribute (`user`)  - enhanced for lazy-loading? - false
[DEBUG] 2020-10-06 12:00:57.808 [main] TwoPhaseLoad - Done materializing entity [hote.entity.Order#6]
[DEBUG] 2020-10-06 12:00:57.816 [main] LogicalConnectionManagedImpl - Initiating JDBC connection release from afterTransaction
