[DEBUG] 2020-09-30 09:45:17.363 [main] IntegratorServiceImpl - Adding Integrator [org.hibernate.cfg.beanvalidation.BeanValidationIntegrator].
[DEBUG] 2020-09-30 09:45:17.453 [main] IntegratorServiceImpl - Adding Integrator [org.hibernate.secure.spi.JaccIntegrator].
[DEBUG] 2020-09-30 09:45:17.529 [main] IntegratorServiceImpl - Adding Integrator [org.hibernate.cache.internal.CollectionCacheInvalidator].
[INFO ] 2020-09-30 09:45:18.699 [main] Version - HHH000412: Hibernate Core {5.4.4.Final}
[DEBUG] 2020-09-30 09:45:18.744 [main] Environment - HHH000206: hibernate.properties not found
[DEBUG] 2020-09-30 09:45:22.037 [main] JaxbCfgProcessor - cfg.xml document did not define namespaces; wrapping in custom event reader to introduce namespace information
[DEBUG] 2020-09-30 09:45:26.514 [main] ServiceBinding - Overriding existing service binding [org.hibernate.secure.spi.JaccService]
[DEBUG] 2020-09-30 09:45:26.827 [main] RegionFactoryInitiator - Cannot default RegionFactory based on registered strategies as `[]` RegionFactory strategies were registered
[DEBUG] 2020-09-30 09:45:26.844 [main] RegionFactoryInitiator - Cache region factory : org.hibernate.cache.internal.NoCachingRegionFactory
[DEBUG] 2020-09-30 09:45:26.883 [main] IntegratorServiceImpl - Adding Integrator [org.hibernate.cfg.beanvalidation.BeanValidationIntegrator].
[DEBUG] 2020-09-30 09:45:26.937 [main] IntegratorServiceImpl - Adding Integrator [org.hibernate.secure.spi.JaccIntegrator].
[DEBUG] 2020-09-30 09:45:26.989 [main] IntegratorServiceImpl - Adding Integrator [org.hibernate.cache.internal.CollectionCacheInvalidator].
[INFO ] 2020-09-30 09:45:27.114 [main] Version - HCANN000001: Hibernate Commons Annotations {5.1.0.Final}
[DEBUG] 2020-09-30 09:45:27.646 [main] BasicTypeRegistry - Adding type registration boolean -> org.hibernate.type.BooleanType@24534cb0
[DEBUG] 2020-09-30 09:45:27.650 [main] BasicTypeRegistry - Adding type registration boolean -> org.hibernate.type.BooleanType@24534cb0
[DEBUG] 2020-09-30 09:45:27.655 [main] BasicTypeRegistry - Adding type registration java.lang.Boolean -> org.hibernate.type.BooleanType@24534cb0
[DEBUG] 2020-09-30 09:45:27.663 [main] BasicTypeRegistry - Adding type registration numeric_boolean -> org.hibernate.type.NumericBooleanType@5114b7c7
[DEBUG] 2020-09-30 09:45:27.678 [main] BasicTypeRegistry - Adding type registration true_false -> org.hibernate.type.TrueFalseType@f324455
[DEBUG] 2020-09-30 09:45:27.701 [main] BasicTypeRegistry - Adding type registration yes_no -> org.hibernate.type.YesNoType@3206174f
[DEBUG] 2020-09-30 09:45:27.717 [main] BasicTypeRegistry - Adding type registration byte -> org.hibernate.type.ByteType@4098dd77
[DEBUG] 2020-09-30 09:45:27.717 [main] BasicTypeRegistry - Adding type registration byte -> org.hibernate.type.ByteType@4098dd77
[DEBUG] 2020-09-30 09:45:27.717 [main] BasicTypeRegistry - Adding type registration java.lang.Byte -> org.hibernate.type.ByteType@4098dd77
[DEBUG] 2020-09-30 09:45:27.732 [main] BasicTypeRegistry - Adding type registration character -> org.hibernate.type.CharacterType@49c17ba4
[DEBUG] 2020-09-30 09:45:27.733 [main] BasicTypeRegistry - Adding type registration char -> org.hibernate.type.CharacterType@49c17ba4
[DEBUG] 2020-09-30 09:45:27.741 [main] BasicTypeRegistry - Adding type registration java.lang.Character -> org.hibernate.type.CharacterType@49c17ba4
[DEBUG] 2020-09-30 09:45:27.754 [main] BasicTypeRegistry - Adding type registration short -> org.hibernate.type.ShortType@3c79088e
[DEBUG] 2020-09-30 09:45:27.763 [main] BasicTypeRegistry - Adding type registration short -> org.hibernate.type.ShortType@3c79088e
[DEBUG] 2020-09-30 09:45:27.763 [main] BasicTypeRegistry - Adding type registration java.lang.Short -> org.hibernate.type.ShortType@3c79088e
[DEBUG] 2020-09-30 09:45:27.782 [main] BasicTypeRegistry - Adding type registration integer -> org.hibernate.type.IntegerType@3ac3f6f
[DEBUG] 2020-09-30 09:45:27.782 [main] BasicTypeRegistry - Adding type registration int -> org.hibernate.type.IntegerType@3ac3f6f
[DEBUG] 2020-09-30 09:45:27.782 [main] BasicTypeRegistry - Adding type registration java.lang.Integer -> org.hibernate.type.IntegerType@3ac3f6f
[INFO ] 2020-09-30 09:45:27.775 [main] Version - HHH000412: Hibernate Core {5.4.4.Final}
[DEBUG] 2020-09-30 09:45:27.799 [main] Environment - HHH000206: hibernate.properties not found
[DEBUG] 2020-09-30 09:45:27.807 [main] BasicTypeRegistry - Adding type registration long -> org.hibernate.type.LongType@48904d5a
[DEBUG] 2020-09-30 09:45:27.807 [main] BasicTypeRegistry - Adding type registration long -> org.hibernate.type.LongType@48904d5a
[DEBUG] 2020-09-30 09:45:27.808 [main] BasicTypeRegistry - Adding type registration java.lang.Long -> org.hibernate.type.LongType@48904d5a
[DEBUG] 2020-09-30 09:45:27.825 [main] BasicTypeRegistry - Adding type registration float -> org.hibernate.type.FloatType@288f173f
[DEBUG] 2020-09-30 09:45:27.833 [main] BasicTypeRegistry - Adding type registration float -> org.hibernate.type.FloatType@288f173f
[DEBUG] 2020-09-30 09:45:27.833 [main] BasicTypeRegistry - Adding type registration java.lang.Float -> org.hibernate.type.FloatType@288f173f
[DEBUG] 2020-09-30 09:45:27.848 [main] BasicTypeRegistry - Adding type registration double -> org.hibernate.type.DoubleType@47406941
[DEBUG] 2020-09-30 09:45:27.849 [main] BasicTypeRegistry - Adding type registration double -> org.hibernate.type.DoubleType@47406941
[DEBUG] 2020-09-30 09:45:27.849 [main] BasicTypeRegistry - Adding type registration java.lang.Double -> org.hibernate.type.DoubleType@47406941
[DEBUG] 2020-09-30 09:45:27.869 [main] BasicTypeRegistry - Adding type registration big_decimal -> org.hibernate.type.BigDecimalType@2440022a
[DEBUG] 2020-09-30 09:45:27.875 [main] BasicTypeRegistry - Adding type registration java.math.BigDecimal -> org.hibernate.type.BigDecimalType@2440022a
[DEBUG] 2020-09-30 09:45:27.885 [main] BasicTypeRegistry - Adding type registration big_integer -> org.hibernate.type.BigIntegerType@1cdc1bbc
[DEBUG] 2020-09-30 09:45:27.885 [main] BasicTypeRegistry - Adding type registration java.math.BigInteger -> org.hibernate.type.BigIntegerType@1cdc1bbc
[DEBUG] 2020-09-30 09:45:27.905 [main] BasicTypeRegistry - Adding type registration string -> org.hibernate.type.StringType@6015a4a5
[DEBUG] 2020-09-30 09:45:27.907 [main] BasicTypeRegistry - Adding type registration java.lang.String -> org.hibernate.type.StringType@6015a4a5
[DEBUG] 2020-09-30 09:45:27.919 [main] BasicTypeRegistry - Adding type registration nstring -> org.hibernate.type.StringNVarcharType@61ab89b0
[DEBUG] 2020-09-30 09:45:27.934 [main] BasicTypeRegistry - Adding type registration ncharacter -> org.hibernate.type.CharacterNCharType@7e4c72d6
[DEBUG] 2020-09-30 09:45:27.945 [main] BasicTypeRegistry - Adding type registration url -> org.hibernate.type.UrlType@14998e21
[DEBUG] 2020-09-30 09:45:27.947 [main] BasicTypeRegistry - Adding type registration java.net.URL -> org.hibernate.type.UrlType@14998e21
[DEBUG] 2020-09-30 09:45:27.959 [main] BasicTypeRegistry - Adding type registration Duration -> org.hibernate.type.DurationType@6dab01d9
[DEBUG] 2020-09-30 09:45:27.959 [main] BasicTypeRegistry - Adding type registration java.time.Duration -> org.hibernate.type.DurationType@6dab01d9
[DEBUG] 2020-09-30 09:45:28.034 [main] BasicTypeRegistry - Adding type registration Instant -> org.hibernate.type.InstantType@28f9fedd
[DEBUG] 2020-09-30 09:45:28.034 [main] BasicTypeRegistry - Adding type registration java.time.Instant -> org.hibernate.type.InstantType@28f9fedd
[DEBUG] 2020-09-30 09:45:28.055 [main] BasicTypeRegistry - Adding type registration LocalDateTime -> org.hibernate.type.LocalDateTimeType@1d247525
[DEBUG] 2020-09-30 09:45:28.057 [main] BasicTypeRegistry - Adding type registration java.time.LocalDateTime -> org.hibernate.type.LocalDateTimeType@1d247525
[DEBUG] 2020-09-30 09:45:28.067 [main] BasicTypeRegistry - Adding type registration LocalDate -> org.hibernate.type.LocalDateType@788ba63e
[DEBUG] 2020-09-30 09:45:28.068 [main] BasicTypeRegistry - Adding type registration java.time.LocalDate -> org.hibernate.type.LocalDateType@788ba63e
[DEBUG] 2020-09-30 09:45:28.080 [main] BasicTypeRegistry - Adding type registration LocalTime -> org.hibernate.type.LocalTimeType@11eed657
[DEBUG] 2020-09-30 09:45:28.081 [main] BasicTypeRegistry - Adding type registration java.time.LocalTime -> org.hibernate.type.LocalTimeType@11eed657
[DEBUG] 2020-09-30 09:45:28.097 [main] BasicTypeRegistry - Adding type registration OffsetDateTime -> org.hibernate.type.OffsetDateTimeType@334ebcaa
[DEBUG] 2020-09-30 09:45:28.097 [main] BasicTypeRegistry - Adding type registration java.time.OffsetDateTime -> org.hibernate.type.OffsetDateTimeType@334ebcaa
[DEBUG] 2020-09-30 09:45:28.113 [main] BasicTypeRegistry - Adding type registration OffsetTime -> org.hibernate.type.OffsetTimeType@52b06bef
[DEBUG] 2020-09-30 09:45:28.113 [main] BasicTypeRegistry - Adding type registration java.time.OffsetTime -> org.hibernate.type.OffsetTimeType@52b06bef
[DEBUG] 2020-09-30 09:45:28.131 [main] BasicTypeRegistry - Adding type registration ZonedDateTime -> org.hibernate.type.ZonedDateTimeType@61a91c9b
[DEBUG] 2020-09-30 09:45:28.132 [main] BasicTypeRegistry - Adding type registration java.time.ZonedDateTime -> org.hibernate.type.ZonedDateTimeType@61a91c9b
[DEBUG] 2020-09-30 09:45:28.144 [main] BasicTypeRegistry - Adding type registration date -> org.hibernate.type.DateType@2f9a4401
[DEBUG] 2020-09-30 09:45:28.145 [main] BasicTypeRegistry - Adding type registration java.sql.Date -> org.hibernate.type.DateType@2f9a4401
[DEBUG] 2020-09-30 09:45:28.163 [main] BasicTypeRegistry - Adding type registration time -> org.hibernate.type.TimeType@6d074b14
[DEBUG] 2020-09-30 09:45:28.163 [main] BasicTypeRegistry - Adding type registration java.sql.Time -> org.hibernate.type.TimeType@6d074b14
[DEBUG] 2020-09-30 09:45:28.173 [main] BasicTypeRegistry - Adding type registration timestamp -> org.hibernate.type.TimestampType@68565bc7
[DEBUG] 2020-09-30 09:45:28.174 [main] BasicTypeRegistry - Adding type registration java.sql.Timestamp -> org.hibernate.type.TimestampType@68565bc7
[DEBUG] 2020-09-30 09:45:28.174 [main] BasicTypeRegistry - Adding type registration java.util.Date -> org.hibernate.type.TimestampType@68565bc7
[DEBUG] 2020-09-30 09:45:28.189 [main] BasicTypeRegistry - Adding type registration dbtimestamp -> org.hibernate.type.DbTimestampType@11e355ca
[DEBUG] 2020-09-30 09:45:28.195 [main] BasicTypeRegistry - Adding type registration calendar -> org.hibernate.type.CalendarType@3a790e40
[DEBUG] 2020-09-30 09:45:28.195 [main] BasicTypeRegistry - Adding type registration java.util.Calendar -> org.hibernate.type.CalendarType@3a790e40
[DEBUG] 2020-09-30 09:45:28.195 [main] BasicTypeRegistry - Adding type registration java.util.GregorianCalendar -> org.hibernate.type.CalendarType@3a790e40
[DEBUG] 2020-09-30 09:45:28.210 [main] BasicTypeRegistry - Adding type registration calendar_date -> org.hibernate.type.CalendarDateType@6fbb4061
[DEBUG] 2020-09-30 09:45:28.214 [main] BasicTypeRegistry - Adding type registration locale -> org.hibernate.type.LocaleType@4483d35
[DEBUG] 2020-09-30 09:45:28.216 [main] BasicTypeRegistry - Adding type registration java.util.Locale -> org.hibernate.type.LocaleType@4483d35
[DEBUG] 2020-09-30 09:45:28.229 [main] BasicTypeRegistry - Adding type registration currency -> org.hibernate.type.CurrencyType@3762c4fc
[DEBUG] 2020-09-30 09:45:28.231 [main] BasicTypeRegistry - Adding type registration java.util.Currency -> org.hibernate.type.CurrencyType@3762c4fc
[DEBUG] 2020-09-30 09:45:28.246 [main] BasicTypeRegistry - Adding type registration timezone -> org.hibernate.type.TimeZoneType@3ebe4ccc
[DEBUG] 2020-09-30 09:45:28.247 [main] BasicTypeRegistry - Adding type registration java.util.TimeZone -> org.hibernate.type.TimeZoneType@3ebe4ccc
[DEBUG] 2020-09-30 09:45:28.257 [main] BasicTypeRegistry - Adding type registration class -> org.hibernate.type.ClassType@2ae62bb6
[DEBUG] 2020-09-30 09:45:28.258 [main] BasicTypeRegistry - Adding type registration java.lang.Class -> org.hibernate.type.ClassType@2ae62bb6
[DEBUG] 2020-09-30 09:45:28.265 [main] BasicTypeRegistry - Adding type registration uuid-binary -> org.hibernate.type.UUIDBinaryType@58015e56
[DEBUG] 2020-09-30 09:45:28.265 [main] BasicTypeRegistry - Adding type registration java.util.UUID -> org.hibernate.type.UUIDBinaryType@58015e56
[DEBUG] 2020-09-30 09:45:28.270 [main] BasicTypeRegistry - Adding type registration uuid-char -> org.hibernate.type.UUIDCharType@3456558
[DEBUG] 2020-09-30 09:45:28.277 [main] BasicTypeRegistry - Adding type registration binary -> org.hibernate.type.BinaryType@4ee25d80
[DEBUG] 2020-09-30 09:45:28.277 [main] BasicTypeRegistry - Adding type registration byte[] -> org.hibernate.type.BinaryType@4ee25d80
[DEBUG] 2020-09-30 09:45:28.277 [main] BasicTypeRegistry - Adding type registration [B -> org.hibernate.type.BinaryType@4ee25d80
[DEBUG] 2020-09-30 09:45:28.293 [main] BasicTypeRegistry - Adding type registration wrapper-binary -> org.hibernate.type.WrapperBinaryType@403c3a01
[DEBUG] 2020-09-30 09:45:28.294 [main] BasicTypeRegistry - Adding type registration Byte[] -> org.hibernate.type.WrapperBinaryType@403c3a01
[DEBUG] 2020-09-30 09:45:28.297 [main] BasicTypeRegistry - Adding type registration [Ljava.lang.Byte; -> org.hibernate.type.WrapperBinaryType@403c3a01
[DEBUG] 2020-09-30 09:45:28.307 [main] BasicTypeRegistry - Adding type registration row_version -> org.hibernate.type.RowVersionType@31e130bf
[DEBUG] 2020-09-30 09:45:28.311 [main] BasicTypeRegistry - Adding type registration image -> org.hibernate.type.ImageType@7c3e4b1a
[DEBUG] 2020-09-30 09:45:28.319 [main] BasicTypeRegistry - Adding type registration characters -> org.hibernate.type.CharArrayType@5762658b
[DEBUG] 2020-09-30 09:45:28.319 [main] BasicTypeRegistry - Adding type registration char[] -> org.hibernate.type.CharArrayType@5762658b
[DEBUG] 2020-09-30 09:45:28.319 [main] BasicTypeRegistry - Adding type registration [C -> org.hibernate.type.CharArrayType@5762658b
[DEBUG] 2020-09-30 09:45:28.333 [main] BasicTypeRegistry - Adding type registration wrapper-characters -> org.hibernate.type.CharacterArrayType@3d1f558a
[DEBUG] 2020-09-30 09:45:28.333 [main] BasicTypeRegistry - Adding type registration [Ljava.lang.Character; -> org.hibernate.type.CharacterArrayType@3d1f558a
[DEBUG] 2020-09-30 09:45:28.334 [main] BasicTypeRegistry - Adding type registration Character[] -> org.hibernate.type.CharacterArrayType@3d1f558a
[DEBUG] 2020-09-30 09:45:28.337 [main] BasicTypeRegistry - Adding type registration text -> org.hibernate.type.TextType@6ca8fcf3
[DEBUG] 2020-09-30 09:45:28.341 [main] BasicTypeRegistry - Adding type registration ntext -> org.hibernate.type.NTextType@41ad373
[DEBUG] 2020-09-30 09:45:28.348 [main] BasicTypeRegistry - Adding type registration blob -> org.hibernate.type.BlobType@8cc8cdb
[DEBUG] 2020-09-30 09:45:28.348 [main] BasicTypeRegistry - Adding type registration java.sql.Blob -> org.hibernate.type.BlobType@8cc8cdb
[DEBUG] 2020-09-30 09:45:28.357 [main] BasicTypeRegistry - Adding type registration materialized_blob -> org.hibernate.type.MaterializedBlobType@7301eebe
[DEBUG] 2020-09-30 09:45:28.363 [main] BasicTypeRegistry - Adding type registration clob -> org.hibernate.type.ClobType@67f77f6e
[DEBUG] 2020-09-30 09:45:28.363 [main] BasicTypeRegistry - Adding type registration java.sql.Clob -> org.hibernate.type.ClobType@67f77f6e
[DEBUG] 2020-09-30 09:45:28.378 [main] BasicTypeRegistry - Adding type registration nclob -> org.hibernate.type.NClobType@79518e00
[DEBUG] 2020-09-30 09:45:28.378 [main] BasicTypeRegistry - Adding type registration java.sql.NClob -> org.hibernate.type.NClobType@79518e00
[DEBUG] 2020-09-30 09:45:28.385 [main] BasicTypeRegistry - Adding type registration materialized_clob -> org.hibernate.type.MaterializedClobType@6fbc1bb
[DEBUG] 2020-09-30 09:45:28.389 [main] BasicTypeRegistry - Adding type registration materialized_nclob -> org.hibernate.type.MaterializedNClobType@5f96f6a2
[DEBUG] 2020-09-30 09:45:28.401 [main] BasicTypeRegistry - Adding type registration serializable -> org.hibernate.type.SerializableType@37854b34
[DEBUG] 2020-09-30 09:45:28.443 [main] BasicTypeRegistry - Adding type registration object -> org.hibernate.type.ObjectType@7d247660
[DEBUG] 2020-09-30 09:45:28.443 [main] BasicTypeRegistry - Adding type registration java.lang.Object -> org.hibernate.type.ObjectType@7d247660
[DEBUG] 2020-09-30 09:45:28.457 [main] BasicTypeRegistry - Adding type registration imm_date -> org.hibernate.type.AdaptedImmutableType@4fdca00a
[DEBUG] 2020-09-30 09:45:28.457 [main] BasicTypeRegistry - Adding type registration imm_time -> org.hibernate.type.AdaptedImmutableType@513b52af
[DEBUG] 2020-09-30 09:45:28.457 [main] BasicTypeRegistry - Adding type registration imm_timestamp -> org.hibernate.type.AdaptedImmutableType@5a8c93
[DEBUG] 2020-09-30 09:45:28.477 [main] BasicTypeRegistry - Adding type registration imm_dbtimestamp -> org.hibernate.type.AdaptedImmutableType@3bed3315
[DEBUG] 2020-09-30 09:45:28.478 [main] BasicTypeRegistry - Adding type registration imm_calendar -> org.hibernate.type.AdaptedImmutableType@119b0892
[DEBUG] 2020-09-30 09:45:28.478 [main] BasicTypeRegistry - Adding type registration imm_calendar_date -> org.hibernate.type.AdaptedImmutableType@1a3e8e24
[DEBUG] 2020-09-30 09:45:28.478 [main] BasicTypeRegistry - Adding type registration imm_binary -> org.hibernate.type.AdaptedImmutableType@4ed4a7e4
[DEBUG] 2020-09-30 09:45:28.478 [main] BasicTypeRegistry - Adding type registration imm_serializable -> org.hibernate.type.AdaptedImmutableType@1c7350b0
[DEBUG] 2020-09-30 09:45:28.754 [main] DefaultIdentifierGeneratorFactory - Registering IdentifierGenerator strategy [uuid2] -> [org.hibernate.id.UUIDGenerator]
[DEBUG] 2020-09-30 09:45:28.755 [main] DefaultIdentifierGeneratorFactory - Registering IdentifierGenerator strategy [guid] -> [org.hibernate.id.GUIDGenerator]
[DEBUG] 2020-09-30 09:45:28.768 [main] DefaultIdentifierGeneratorFactory - Registering IdentifierGenerator strategy [uuid] -> [org.hibernate.id.UUIDHexGenerator]
[DEBUG] 2020-09-30 09:45:28.776 [main] DefaultIdentifierGeneratorFactory - Registering IdentifierGenerator strategy [uuid.hex] -> [org.hibernate.id.UUIDHexGenerator]
[DEBUG] 2020-09-30 09:45:28.777 [main] DefaultIdentifierGeneratorFactory - Registering IdentifierGenerator strategy [assigned] -> [org.hibernate.id.Assigned]
[DEBUG] 2020-09-30 09:45:28.782 [main] DefaultIdentifierGeneratorFactory - Registering IdentifierGenerator strategy [identity] -> [org.hibernate.id.IdentityGenerator]
[DEBUG] 2020-09-30 09:45:28.797 [main] DefaultIdentifierGeneratorFactory - Registering IdentifierGenerator strategy [select] -> [org.hibernate.id.SelectGenerator]
[DEBUG] 2020-09-30 09:45:28.802 [main] DefaultIdentifierGeneratorFactory - Registering IdentifierGenerator strategy [sequence] -> [org.hibernate.id.enhanced.SequenceStyleGenerator]
[DEBUG] 2020-09-30 09:45:28.804 [main] DefaultIdentifierGeneratorFactory - Registering IdentifierGenerator strategy [seqhilo] -> [org.hibernate.id.SequenceHiLoGenerator]
[DEBUG] 2020-09-30 09:45:28.822 [main] DefaultIdentifierGeneratorFactory - Registering IdentifierGenerator strategy [increment] -> [org.hibernate.id.IncrementGenerator]
[DEBUG] 2020-09-30 09:45:28.823 [main] DefaultIdentifierGeneratorFactory - Registering IdentifierGenerator strategy [foreign] -> [org.hibernate.id.ForeignGenerator]
[DEBUG] 2020-09-30 09:45:28.824 [main] DefaultIdentifierGeneratorFactory - Registering IdentifierGenerator strategy [sequence-identity] -> [org.hibernate.id.SequenceIdentityGenerator]
[DEBUG] 2020-09-30 09:45:28.824 [main] DefaultIdentifierGeneratorFactory - Registering IdentifierGenerator strategy [enhanced-sequence] -> [org.hibernate.id.enhanced.SequenceStyleGenerator]
[DEBUG] 2020-09-30 09:45:28.835 [main] DefaultIdentifierGeneratorFactory - Registering IdentifierGenerator strategy [enhanced-table] -> [org.hibernate.id.enhanced.TableGenerator]
[INFO ] 2020-09-30 09:45:28.889 [main] C3P0ConnectionProvider - HHH010002: C3P0 using driver: com.mysql.cj.jdbc.Driver at URL: jdbc:mysql://localhost:3306/hotel_test
[INFO ] 2020-09-30 09:45:28.890 [main] C3P0ConnectionProvider - HHH10001001: Connection properties: {password=****, user=root}
[INFO ] 2020-09-30 09:45:28.890 [main] C3P0ConnectionProvider - HHH10001003: Autocommit mode: false
[DEBUG] 2020-09-30 09:45:29.625 [main] JaxbCfgProcessor - cfg.xml document did not define namespaces; wrapping in custom event reader to introduce namespace information
[INFO ] 2020-09-30 09:45:30.511 [main] C3P0ConnectionProvider - HHH10001007: JDBC isolation level: <unknown>
[DEBUG] 2020-09-30 09:45:31.769 [main] JdbcEnvironmentInitiator - Database ->
       name : MySQL
    version : 8.0.16
      major : 8
      minor : 0
[DEBUG] 2020-09-30 09:45:31.774 [main] JdbcEnvironmentInitiator - Driver ->
       name : MySQL Connector/J
    version : mysql-connector-java-8.0.16 (Revision: 34cbc6bc61f72836e26327537a432d6db7c77de6)
      major : 8
      minor : 0
[DEBUG] 2020-09-30 09:45:31.774 [main] JdbcEnvironmentInitiator - JDBC version : 4.2
[INFO ] 2020-09-30 09:45:32.085 [main] Dialect - HHH000400: Using dialect: org.hibernate.dialect.MySQL8Dialect
[DEBUG] 2020-09-30 09:45:32.272 [main] IdentifierHelperBuilder - JDBC driver metadata reported database stores quoted identifiers in more than one case
[DEBUG] 2020-09-30 09:45:32.430 [main] IdentifierHelperBuilder - IdentifierCaseStrategy for both quoted and unquoted identifiers was set to the same strategy [MIXED]; that will likely lead to problems in schema update and validation if using quoted identifiers
[DEBUG] 2020-09-30 09:45:32.531 [main] ServiceBinding - Overriding existing service binding [org.hibernate.secure.spi.JaccService]
[DEBUG] 2020-09-30 09:45:32.720 [main] RegionFactoryInitiator - Cannot default RegionFactory based on registered strategies as `[]` RegionFactory strategies were registered
[DEBUG] 2020-09-30 09:45:32.728 [main] RegionFactoryInitiator - Cache region factory : org.hibernate.cache.internal.NoCachingRegionFactory
[DEBUG] 2020-09-30 09:45:32.759 [main] Namespace - Created database namespace [logicalName=Name{catalog=null, schema=null}, physicalName=Name{catalog=null, schema=null}]
[DEBUG] 2020-09-30 09:45:32.800 [main] TypeConfiguration$Scope - Scoping TypeConfiguration [org.hibernate.type.spi.TypeConfiguration@373052b5] to MetadataBuildingContext [org.hibernate.boot.internal.MetadataBuildingContextRootImpl@67e0ff3a]
[INFO ] 2020-09-30 09:45:32.872 [main] Version - HCANN000001: Hibernate Commons Annotations {5.1.0.Final}
[DEBUG] 2020-09-30 09:45:33.128 [main] BasicTypeRegistry - Adding type registration boolean -> org.hibernate.type.BooleanType@38b5f25
[DEBUG] 2020-09-30 09:45:33.129 [main] BasicTypeRegistry - Adding type registration boolean -> org.hibernate.type.BooleanType@38b5f25
[DEBUG] 2020-09-30 09:45:33.130 [main] BasicTypeRegistry - Adding type registration java.lang.Boolean -> org.hibernate.type.BooleanType@38b5f25
[DEBUG] 2020-09-30 09:45:33.131 [main] BasicTypeRegistry - Adding type registration numeric_boolean -> org.hibernate.type.NumericBooleanType@2cc04358
[DEBUG] 2020-09-30 09:45:33.142 [main] BasicTypeRegistry - Adding type registration true_false -> org.hibernate.type.TrueFalseType@4417af13
[DEBUG] 2020-09-30 09:45:33.154 [main] BasicTypeRegistry - Adding type registration yes_no -> org.hibernate.type.YesNoType@58516c91
[DEBUG] 2020-09-30 09:45:33.162 [main] BasicTypeRegistry - Adding type registration byte -> org.hibernate.type.ByteType@7f7af971
[DEBUG] 2020-09-30 09:45:33.162 [main] BasicTypeRegistry - Adding type registration byte -> org.hibernate.type.ByteType@7f7af971
[DEBUG] 2020-09-30 09:45:33.163 [main] BasicTypeRegistry - Adding type registration java.lang.Byte -> org.hibernate.type.ByteType@7f7af971
[DEBUG] 2020-09-30 09:45:33.164 [main] BasicTypeRegistry - Adding type registration character -> org.hibernate.type.CharacterType@367d2816
[DEBUG] 2020-09-30 09:45:33.164 [main] BasicTypeRegistry - Adding type registration char -> org.hibernate.type.CharacterType@367d2816
[DEBUG] 2020-09-30 09:45:33.180 [main] BasicTypeRegistry - Adding type registration java.lang.Character -> org.hibernate.type.CharacterType@367d2816
[DEBUG] 2020-09-30 09:45:33.183 [main] BasicTypeRegistry - Adding type registration short -> org.hibernate.type.ShortType@27a97e08
[DEBUG] 2020-09-30 09:45:33.197 [main] BasicTypeRegistry - Adding type registration short -> org.hibernate.type.ShortType@27a97e08
[DEBUG] 2020-09-30 09:45:33.198 [main] BasicTypeRegistry - Adding type registration java.lang.Short -> org.hibernate.type.ShortType@27a97e08
[DEBUG] 2020-09-30 09:45:33.206 [main] BasicTypeRegistry - Adding type registration integer -> org.hibernate.type.IntegerType@65b66b08
[DEBUG] 2020-09-30 09:45:33.206 [main] BasicTypeRegistry - Adding type registration int -> org.hibernate.type.IntegerType@65b66b08
[DEBUG] 2020-09-30 09:45:33.208 [main] BasicTypeRegistry - Adding type registration java.lang.Integer -> org.hibernate.type.IntegerType@65b66b08
[DEBUG] 2020-09-30 09:45:33.210 [main] BasicTypeRegistry - Adding type registration long -> org.hibernate.type.LongType@244e619a
[DEBUG] 2020-09-30 09:45:33.217 [main] BasicTypeRegistry - Adding type registration long -> org.hibernate.type.LongType@244e619a
[DEBUG] 2020-09-30 09:45:33.217 [main] BasicTypeRegistry - Adding type registration java.lang.Long -> org.hibernate.type.LongType@244e619a
[DEBUG] 2020-09-30 09:45:33.225 [main] BasicTypeRegistry - Adding type registration float -> org.hibernate.type.FloatType@719d35e8
[DEBUG] 2020-09-30 09:45:33.228 [main] BasicTypeRegistry - Adding type registration float -> org.hibernate.type.FloatType@719d35e8
[DEBUG] 2020-09-30 09:45:33.229 [main] BasicTypeRegistry - Adding type registration java.lang.Float -> org.hibernate.type.FloatType@719d35e8
[DEBUG] 2020-09-30 09:45:33.232 [main] BasicTypeRegistry - Adding type registration double -> org.hibernate.type.DoubleType@188b6035
[DEBUG] 2020-09-30 09:45:33.232 [main] BasicTypeRegistry - Adding type registration double -> org.hibernate.type.DoubleType@188b6035
[DEBUG] 2020-09-30 09:45:33.232 [main] BasicTypeRegistry - Adding type registration java.lang.Double -> org.hibernate.type.DoubleType@188b6035
[DEBUG] 2020-09-30 09:45:33.242 [main] BasicTypeRegistry - Adding type registration big_decimal -> org.hibernate.type.BigDecimalType@1ff55ff
[DEBUG] 2020-09-30 09:45:33.252 [main] BasicTypeRegistry - Adding type registration java.math.BigDecimal -> org.hibernate.type.BigDecimalType@1ff55ff
[DEBUG] 2020-09-30 09:45:33.254 [main] BasicTypeRegistry - Adding type registration big_integer -> org.hibernate.type.BigIntegerType@148c7c4b
[DEBUG] 2020-09-30 09:45:33.262 [main] BasicTypeRegistry - Adding type registration java.math.BigInteger -> org.hibernate.type.BigIntegerType@148c7c4b
[DEBUG] 2020-09-30 09:45:33.270 [main] BasicTypeRegistry - Adding type registration string -> org.hibernate.type.StringType@6aba5d30
[DEBUG] 2020-09-30 09:45:33.271 [main] BasicTypeRegistry - Adding type registration java.lang.String -> org.hibernate.type.StringType@6aba5d30
[DEBUG] 2020-09-30 09:45:33.271 [main] BasicTypeRegistry - Adding type registration nstring -> org.hibernate.type.StringNVarcharType@459cfcca
[DEBUG] 2020-09-30 09:45:33.272 [main] BasicTypeRegistry - Adding type registration ncharacter -> org.hibernate.type.CharacterNCharType@e322ec9
[DEBUG] 2020-09-30 09:45:33.282 [main] BasicTypeRegistry - Adding type registration url -> org.hibernate.type.UrlType@719bb3b4
[DEBUG] 2020-09-30 09:45:33.285 [main] BasicTypeRegistry - Adding type registration java.net.URL -> org.hibernate.type.UrlType@719bb3b4
[DEBUG] 2020-09-30 09:45:33.293 [main] AnnotationBinder - Binding entity from annotated class: hote.entity.User
[DEBUG] 2020-09-30 09:45:33.293 [main] BasicTypeRegistry - Adding type registration Duration -> org.hibernate.type.DurationType@3c782d8e
[DEBUG] 2020-09-30 09:45:33.297 [main] BasicTypeRegistry - Adding type registration java.time.Duration -> org.hibernate.type.DurationType@3c782d8e
[DEBUG] 2020-09-30 09:45:33.329 [main] BasicTypeRegistry - Adding type registration Instant -> org.hibernate.type.InstantType@5fb65013
[DEBUG] 2020-09-30 09:45:33.330 [main] BasicTypeRegistry - Adding type registration java.time.Instant -> org.hibernate.type.InstantType@5fb65013
[DEBUG] 2020-09-30 09:45:33.344 [main] BasicTypeRegistry - Adding type registration LocalDateTime -> org.hibernate.type.LocalDateTimeType@1c6c6f24
[DEBUG] 2020-09-30 09:45:33.345 [main] BasicTypeRegistry - Adding type registration java.time.LocalDateTime -> org.hibernate.type.LocalDateTimeType@1c6c6f24
[DEBUG] 2020-09-30 09:45:33.351 [main] BasicTypeRegistry - Adding type registration LocalDate -> org.hibernate.type.LocalDateType@57a2ed35
[DEBUG] 2020-09-30 09:45:33.351 [main] BasicTypeRegistry - Adding type registration java.time.LocalDate -> org.hibernate.type.LocalDateType@57a2ed35
[DEBUG] 2020-09-30 09:45:33.362 [main] BasicTypeRegistry - Adding type registration LocalTime -> org.hibernate.type.LocalTimeType@184fb68d
[DEBUG] 2020-09-30 09:45:33.369 [main] BasicTypeRegistry - Adding type registration java.time.LocalTime -> org.hibernate.type.LocalTimeType@184fb68d
[DEBUG] 2020-09-30 09:45:33.376 [main] BasicTypeRegistry - Adding type registration OffsetDateTime -> org.hibernate.type.OffsetDateTimeType@16a49a5d
[DEBUG] 2020-09-30 09:45:33.377 [main] BasicTypeRegistry - Adding type registration java.time.OffsetDateTime -> org.hibernate.type.OffsetDateTimeType@16a49a5d
[DEBUG] 2020-09-30 09:45:33.379 [main] BasicTypeRegistry - Adding type registration OffsetTime -> org.hibernate.type.OffsetTimeType@7c2b58c0
[DEBUG] 2020-09-30 09:45:33.379 [main] BasicTypeRegistry - Adding type registration java.time.OffsetTime -> org.hibernate.type.OffsetTimeType@7c2b58c0
[DEBUG] 2020-09-30 09:45:33.403 [main] BasicTypeRegistry - Adding type registration ZonedDateTime -> org.hibernate.type.ZonedDateTimeType@10fbbdb
[DEBUG] 2020-09-30 09:45:33.403 [main] BasicTypeRegistry - Adding type registration java.time.ZonedDateTime -> org.hibernate.type.ZonedDateTimeType@10fbbdb
[DEBUG] 2020-09-30 09:45:33.407 [main] BasicTypeRegistry - Adding type registration date -> org.hibernate.type.DateType@8ee0c23
[DEBUG] 2020-09-30 09:45:33.418 [main] BasicTypeRegistry - Adding type registration java.sql.Date -> org.hibernate.type.DateType@8ee0c23
[DEBUG] 2020-09-30 09:45:33.419 [main] BasicTypeRegistry - Adding type registration time -> org.hibernate.type.TimeType@3ed03652
[DEBUG] 2020-09-30 09:45:33.419 [main] BasicTypeRegistry - Adding type registration java.sql.Time -> org.hibernate.type.TimeType@3ed03652
[DEBUG] 2020-09-30 09:45:33.431 [main] BasicTypeRegistry - Adding type registration timestamp -> org.hibernate.type.TimestampType@5eed2d86
[DEBUG] 2020-09-30 09:45:33.431 [main] BasicTypeRegistry - Adding type registration java.sql.Timestamp -> org.hibernate.type.TimestampType@5eed2d86
[DEBUG] 2020-09-30 09:45:33.431 [main] BasicTypeRegistry - Adding type registration java.util.Date -> org.hibernate.type.TimestampType@5eed2d86
[DEBUG] 2020-09-30 09:45:33.448 [main] BasicTypeRegistry - Adding type registration dbtimestamp -> org.hibernate.type.DbTimestampType@7808f638
[DEBUG] 2020-09-30 09:45:33.466 [main] BasicTypeRegistry - Adding type registration calendar -> org.hibernate.type.CalendarType@73fc518f
[DEBUG] 2020-09-30 09:45:33.469 [main] BasicTypeRegistry - Adding type registration java.util.Calendar -> org.hibernate.type.CalendarType@73fc518f
[DEBUG] 2020-09-30 09:45:33.469 [main] BasicTypeRegistry - Adding type registration java.util.GregorianCalendar -> org.hibernate.type.CalendarType@73fc518f
[DEBUG] 2020-09-30 09:45:33.470 [main] BasicTypeRegistry - Adding type registration calendar_date -> org.hibernate.type.CalendarDateType@10895b16
[DEBUG] 2020-09-30 09:45:33.472 [main] BasicTypeRegistry - Adding type registration locale -> org.hibernate.type.LocaleType@3b9632d1
[DEBUG] 2020-09-30 09:45:33.477 [main] BasicTypeRegistry - Adding type registration java.util.Locale -> org.hibernate.type.LocaleType@3b9632d1
[DEBUG] 2020-09-30 09:45:33.486 [main] BasicTypeRegistry - Adding type registration currency -> org.hibernate.type.CurrencyType@1846579f
[DEBUG] 2020-09-30 09:45:33.489 [main] BasicTypeRegistry - Adding type registration java.util.Currency -> org.hibernate.type.CurrencyType@1846579f
[DEBUG] 2020-09-30 09:45:33.491 [main] BasicTypeRegistry - Adding type registration timezone -> org.hibernate.type.TimeZoneType@7be7e15
[DEBUG] 2020-09-30 09:45:33.491 [main] BasicTypeRegistry - Adding type registration java.util.TimeZone -> org.hibernate.type.TimeZoneType@7be7e15
[DEBUG] 2020-09-30 09:45:33.492 [main] BasicTypeRegistry - Adding type registration class -> org.hibernate.type.ClassType@2330e3e0
[DEBUG] 2020-09-30 09:45:33.492 [main] BasicTypeRegistry - Adding type registration java.lang.Class -> org.hibernate.type.ClassType@2330e3e0
[DEBUG] 2020-09-30 09:45:33.527 [main] BasicTypeRegistry - Adding type registration uuid-binary -> org.hibernate.type.UUIDBinaryType@3f9270ed
[DEBUG] 2020-09-30 09:45:33.528 [main] BasicTypeRegistry - Adding type registration java.util.UUID -> org.hibernate.type.UUIDBinaryType@3f9270ed
[DEBUG] 2020-09-30 09:45:33.538 [main] Ejb3Column - Binding column: Ejb3DiscriminatorColumn{logicalColumnName'DTYPE', discriminatorTypeName='string'}
[DEBUG] 2020-09-30 09:45:33.544 [main] BasicTypeRegistry - Adding type registration uuid-char -> org.hibernate.type.UUIDCharType@61f39bb
[DEBUG] 2020-09-30 09:45:33.564 [main] BasicTypeRegistry - Adding type registration binary -> org.hibernate.type.BinaryType@3bfc6a5e
[DEBUG] 2020-09-30 09:45:33.564 [main] BasicTypeRegistry - Adding type registration byte[] -> org.hibernate.type.BinaryType@3bfc6a5e
[DEBUG] 2020-09-30 09:45:33.564 [main] BasicTypeRegistry - Adding type registration [B -> org.hibernate.type.BinaryType@3bfc6a5e
[DEBUG] 2020-09-30 09:45:33.604 [main] BasicTypeRegistry - Adding type registration wrapper-binary -> org.hibernate.type.WrapperBinaryType@3964d79
[DEBUG] 2020-09-30 09:45:33.604 [main] BasicTypeRegistry - Adding type registration Byte[] -> org.hibernate.type.WrapperBinaryType@3964d79
[DEBUG] 2020-09-30 09:45:33.609 [main] BasicTypeRegistry - Adding type registration [Ljava.lang.Byte; -> org.hibernate.type.WrapperBinaryType@3964d79
[DEBUG] 2020-09-30 09:45:33.610 [main] BasicTypeRegistry - Adding type registration row_version -> org.hibernate.type.RowVersionType@4acb2510
[DEBUG] 2020-09-30 09:45:33.611 [main] BasicTypeRegistry - Adding type registration image -> org.hibernate.type.ImageType@285f38f6
[DEBUG] 2020-09-30 09:45:33.640 [main] BasicTypeRegistry - Adding type registration characters -> org.hibernate.type.CharArrayType@36fc05ff
[DEBUG] 2020-09-30 09:45:33.640 [main] BasicTypeRegistry - Adding type registration char[] -> org.hibernate.type.CharArrayType@36fc05ff
[DEBUG] 2020-09-30 09:45:33.641 [main] BasicTypeRegistry - Adding type registration [C -> org.hibernate.type.CharArrayType@36fc05ff
[DEBUG] 2020-09-30 09:45:33.643 [main] EntityBinder - Import with entity name User
[DEBUG] 2020-09-30 09:45:33.645 [main] BasicTypeRegistry - Adding type registration wrapper-characters -> org.hibernate.type.CharacterArrayType@21ac5eb4
[DEBUG] 2020-09-30 09:45:33.650 [main] BasicTypeRegistry - Adding type registration [Ljava.lang.Character; -> org.hibernate.type.CharacterArrayType@21ac5eb4
[DEBUG] 2020-09-30 09:45:33.650 [main] BasicTypeRegistry - Adding type registration Character[] -> org.hibernate.type.CharacterArrayType@21ac5eb4
[DEBUG] 2020-09-30 09:45:33.650 [main] BasicTypeRegistry - Adding type registration text -> org.hibernate.type.TextType@6428591a
[DEBUG] 2020-09-30 09:45:33.653 [main] BasicTypeRegistry - Adding type registration ntext -> org.hibernate.type.NTextType@c2e3264
[DEBUG] 2020-09-30 09:45:33.655 [main] BasicTypeRegistry - Adding type registration blob -> org.hibernate.type.BlobType@28c86134
[DEBUG] 2020-09-30 09:45:33.655 [main] BasicTypeRegistry - Adding type registration java.sql.Blob -> org.hibernate.type.BlobType@28c86134
[DEBUG] 2020-09-30 09:45:33.656 [main] BasicTypeRegistry - Adding type registration materialized_blob -> org.hibernate.type.MaterializedBlobType@5c1f6d57
[DEBUG] 2020-09-30 09:45:33.660 [main] EntityBinder - Bind entity hote.entity.User on table user
[DEBUG] 2020-09-30 09:45:33.667 [main] BasicTypeRegistry - Adding type registration clob -> org.hibernate.type.ClobType@154bd49b
[DEBUG] 2020-09-30 09:45:33.667 [main] BasicTypeRegistry - Adding type registration java.sql.Clob -> org.hibernate.type.ClobType@154bd49b
[DEBUG] 2020-09-30 09:45:33.669 [main] BasicTypeRegistry - Adding type registration nclob -> org.hibernate.type.NClobType@40712ee9
[DEBUG] 2020-09-30 09:45:33.679 [main] BasicTypeRegistry - Adding type registration java.sql.NClob -> org.hibernate.type.NClobType@40712ee9
[DEBUG] 2020-09-30 09:45:33.682 [main] BasicTypeRegistry - Adding type registration materialized_clob -> org.hibernate.type.MaterializedClobType@3f92a84e
[DEBUG] 2020-09-30 09:45:33.682 [main] BasicTypeRegistry - Adding type registration materialized_nclob -> org.hibernate.type.MaterializedNClobType@53b8afea
[DEBUG] 2020-09-30 09:45:33.688 [main] BasicTypeRegistry - Adding type registration serializable -> org.hibernate.type.SerializableType@5b051a5c
[DEBUG] 2020-09-30 09:45:33.697 [main] BasicTypeRegistry - Adding type registration object -> org.hibernate.type.ObjectType@12968227
[DEBUG] 2020-09-30 09:45:33.697 [main] BasicTypeRegistry - Adding type registration java.lang.Object -> org.hibernate.type.ObjectType@12968227
[DEBUG] 2020-09-30 09:45:33.726 [main] BasicTypeRegistry - Adding type registration imm_date -> org.hibernate.type.AdaptedImmutableType@48eb9836
[DEBUG] 2020-09-30 09:45:33.726 [main] BasicTypeRegistry - Adding type registration imm_time -> org.hibernate.type.AdaptedImmutableType@6c518474
[DEBUG] 2020-09-30 09:45:33.727 [main] BasicTypeRegistry - Adding type registration imm_timestamp -> org.hibernate.type.AdaptedImmutableType@11b455e5
[DEBUG] 2020-09-30 09:45:33.741 [main] BasicTypeRegistry - Adding type registration imm_dbtimestamp -> org.hibernate.type.AdaptedImmutableType@2a066689
[DEBUG] 2020-09-30 09:45:33.744 [main] BasicTypeRegistry - Adding type registration imm_calendar -> org.hibernate.type.AdaptedImmutableType@3e3861d7
[DEBUG] 2020-09-30 09:45:33.744 [main] BasicTypeRegistry - Adding type registration imm_calendar_date -> org.hibernate.type.AdaptedImmutableType@5e2a3040
[DEBUG] 2020-09-30 09:45:33.745 [main] BasicTypeRegistry - Adding type registration imm_binary -> org.hibernate.type.AdaptedImmutableType@6d025d1d
[DEBUG] 2020-09-30 09:45:33.745 [main] BasicTypeRegistry - Adding type registration imm_serializable -> org.hibernate.type.AdaptedImmutableType@74294c1a
[DEBUG] 2020-09-30 09:45:33.854 [main] Ejb3Column - Binding column: Ejb3Column{table=org.hibernate.mapping.Table(user), mappingColumn=id, insertable=true, updatable=true, unique=false}
[DEBUG] 2020-09-30 09:45:33.874 [main] PropertyBinder - MetadataSourceProcessor property id with lazy=false
[DEBUG] 2020-09-30 09:45:33.888 [main] AbstractPropertyHolder - Attempting to locate auto-apply AttributeConverter for property [hote.entity.User:id]
[DEBUG] 2020-09-30 09:45:33.900 [main] SimpleValueBinder - building SimpleValue for id
[DEBUG] 2020-09-30 09:45:33.929 [main] PropertyBinder - Building property id
[DEBUG] 2020-09-30 09:45:33.942 [main] DefaultIdentifierGeneratorFactory - Registering IdentifierGenerator strategy [uuid2] -> [org.hibernate.id.UUIDGenerator]
[DEBUG] 2020-09-30 09:45:33.946 [main] DefaultIdentifierGeneratorFactory - Registering IdentifierGenerator strategy [guid] -> [org.hibernate.id.GUIDGenerator]
[DEBUG] 2020-09-30 09:45:33.949 [main] DefaultIdentifierGeneratorFactory - Registering IdentifierGenerator strategy [uuid] -> [org.hibernate.id.UUIDHexGenerator]
[DEBUG] 2020-09-30 09:45:33.960 [main] DefaultIdentifierGeneratorFactory - Registering IdentifierGenerator strategy [uuid.hex] -> [org.hibernate.id.UUIDHexGenerator]
[DEBUG] 2020-09-30 09:45:33.970 [main] DefaultIdentifierGeneratorFactory - Registering IdentifierGenerator strategy [assigned] -> [org.hibernate.id.Assigned]
[DEBUG] 2020-09-30 09:45:33.978 [main] BinderHelper - #makeIdGenerator(org.hibernate.mapping.SimpleValue([org.hibernate.mapping.Column(id)]), id, org.hibernate.id.enhanced.SequenceStyleGenerator, native, ...)
[DEBUG] 2020-09-30 09:45:33.980 [main] Ejb3Column - Binding column: Ejb3Column{table=org.hibernate.mapping.Table(user), mappingColumn=first_name, insertable=true, updatable=true, unique=false}
[DEBUG] 2020-09-30 09:45:33.982 [main] DefaultIdentifierGeneratorFactory - Registering IdentifierGenerator strategy [identity] -> [org.hibernate.id.IdentityGenerator]
[DEBUG] 2020-09-30 09:45:33.986 [main] DefaultIdentifierGeneratorFactory - Registering IdentifierGenerator strategy [select] -> [org.hibernate.id.SelectGenerator]
[DEBUG] 2020-09-30 09:45:33.991 [main] DefaultIdentifierGeneratorFactory - Registering IdentifierGenerator strategy [sequence] -> [org.hibernate.id.enhanced.SequenceStyleGenerator]
[DEBUG] 2020-09-30 09:45:33.992 [main] DefaultIdentifierGeneratorFactory - Registering IdentifierGenerator strategy [seqhilo] -> [org.hibernate.id.SequenceHiLoGenerator]
[DEBUG] 2020-09-30 09:45:33.993 [main] DefaultIdentifierGeneratorFactory - Registering IdentifierGenerator strategy [increment] -> [org.hibernate.id.IncrementGenerator]
[DEBUG] 2020-09-30 09:45:33.998 [main] PropertyBinder - MetadataSourceProcessor property first_name with lazy=false
[DEBUG] 2020-09-30 09:45:33.999 [main] AbstractPropertyHolder - Attempting to locate auto-apply AttributeConverter for property [hote.entity.User:first_name]
[DEBUG] 2020-09-30 09:45:34.000 [main] SimpleValueBinder - building SimpleValue for first_name
[DEBUG] 2020-09-30 09:45:34.000 [main] PropertyBinder - Building property first_name
[DEBUG] 2020-09-30 09:45:34.000 [main] Ejb3Column - Binding column: Ejb3Column{table=org.hibernate.mapping.Table(user), mappingColumn=last_name, insertable=true, updatable=true, unique=false}
[DEBUG] 2020-09-30 09:45:34.000 [main] PropertyBinder - MetadataSourceProcessor property last_name with lazy=false
[DEBUG] 2020-09-30 09:45:34.001 [main] AbstractPropertyHolder - Attempting to locate auto-apply AttributeConverter for property [hote.entity.User:last_name]
[DEBUG] 2020-09-30 09:45:34.001 [main] SimpleValueBinder - building SimpleValue for last_name
[DEBUG] 2020-09-30 09:45:34.006 [main] PropertyBinder - Building property last_name
[DEBUG] 2020-09-30 09:45:34.006 [main] Ejb3Column - Binding column: Ejb3Column{table=org.hibernate.mapping.Table(user), mappingColumn=user_name, insertable=true, updatable=true, unique=false}
[DEBUG] 2020-09-30 09:45:34.006 [main] PropertyBinder - MetadataSourceProcessor property user_name with lazy=false
[DEBUG] 2020-09-30 09:45:34.009 [main] AbstractPropertyHolder - Attempting to locate auto-apply AttributeConverter for property [hote.entity.User:user_name]
[DEBUG] 2020-09-30 09:45:34.012 [main] SimpleValueBinder - building SimpleValue for user_name
[DEBUG] 2020-09-30 09:45:34.013 [main] PropertyBinder - Building property user_name
[DEBUG] 2020-09-30 09:45:34.008 [main] DefaultIdentifierGeneratorFactory - Registering IdentifierGenerator strategy [foreign] -> [org.hibernate.id.ForeignGenerator]
[DEBUG] 2020-09-30 09:45:34.016 [main] DefaultIdentifierGeneratorFactory - Registering IdentifierGenerator strategy [sequence-identity] -> [org.hibernate.id.SequenceIdentityGenerator]
[DEBUG] 2020-09-30 09:45:34.017 [main] DefaultIdentifierGeneratorFactory - Registering IdentifierGenerator strategy [enhanced-sequence] -> [org.hibernate.id.enhanced.SequenceStyleGenerator]
[DEBUG] 2020-09-30 09:45:34.023 [main] DefaultIdentifierGeneratorFactory - Registering IdentifierGenerator strategy [enhanced-table] -> [org.hibernate.id.enhanced.TableGenerator]
[DEBUG] 2020-09-30 09:45:34.027 [main] SimpleValueBinder - Starting fillSimpleValue for id
[DEBUG] 2020-09-30 09:45:34.028 [main] SimpleValueBinder - Starting fillSimpleValue for first_name
[DEBUG] 2020-09-30 09:45:34.028 [main] SimpleValueBinder - Starting fillSimpleValue for last_name
[DEBUG] 2020-09-30 09:45:34.028 [main] SimpleValueBinder - Starting fillSimpleValue for user_name
[DEBUG] 2020-09-30 09:45:34.046 [main] PrimaryKey - Forcing column [id] to be non-null as it is part of the primary key for table [user]
[INFO ] 2020-09-30 09:45:34.057 [main] C3P0ConnectionProvider - HHH010002: C3P0 using driver: com.mysql.cj.jdbc.Driver at URL: jdbc:mysql://localhost:3306/hotel_test
[INFO ] 2020-09-30 09:45:34.057 [main] C3P0ConnectionProvider - HHH10001001: Connection properties: {password=****, user=root}
[INFO ] 2020-09-30 09:45:34.057 [main] C3P0ConnectionProvider - HHH10001003: Autocommit mode: false
[DEBUG] 2020-09-30 09:45:34.444 [main] SessionFactoryImpl - Building session factory
[DEBUG] 2020-09-30 09:45:34.462 [main] Settings - SessionFactory name : null
[DEBUG] 2020-09-30 09:45:34.463 [main] Settings - Automatic flush during beforeCompletion(): enabled
[DEBUG] 2020-09-30 09:45:34.463 [main] Settings - Automatic session close at end of transaction: disabled
[DEBUG] 2020-09-30 09:45:34.470 [main] Settings - Statistics: disabled
[DEBUG] 2020-09-30 09:45:34.470 [main] Settings - Deleted entity synthetic identifier rollback: disabled
[DEBUG] 2020-09-30 09:45:34.470 [main] Settings - Default entity-mode: pojo
[DEBUG] 2020-09-30 09:45:34.470 [main] Settings - Check Nullability in Core (should be disabled when Bean Validation is on): enabled
[DEBUG] 2020-09-30 09:45:34.470 [main] Settings - Allow initialization of lazy state outside session : disabled
[DEBUG] 2020-09-30 09:45:34.470 [main] Settings - Using BatchFetchStyle : LEGACY
[DEBUG] 2020-09-30 09:45:34.470 [main] Settings - Default batch fetch size: -1
[DEBUG] 2020-09-30 09:45:34.471 [main] Settings - Maximum outer join fetch depth: 2
[DEBUG] 2020-09-30 09:45:34.471 [main] Settings - Default null ordering: NONE
[DEBUG] 2020-09-30 09:45:34.471 [main] Settings - Order SQL updates by primary key: disabled
[DEBUG] 2020-09-30 09:45:34.471 [main] Settings - Order SQL inserts for batching: disabled
[DEBUG] 2020-09-30 09:45:34.471 [main] Settings - multi-tenancy strategy : NONE
[DEBUG] 2020-09-30 09:45:34.471 [main] Settings - JTA Track by Thread: enabled
[DEBUG] 2020-09-30 09:45:34.471 [main] Settings - Query language substitutions: {}
[DEBUG] 2020-09-30 09:45:34.471 [main] Settings - Named query checking : enabled
[DEBUG] 2020-09-30 09:45:34.471 [main] Settings - Second-level cache: disabled
[DEBUG] 2020-09-30 09:45:34.484 [main] Settings - Second-level query cache: disabled
[DEBUG] 2020-09-30 09:45:34.484 [main] Settings - Second-level query cache factory: null
[DEBUG] 2020-09-30 09:45:34.484 [main] Settings - Second-level cache region prefix: null
[DEBUG] 2020-09-30 09:45:34.484 [main] Settings - Optimize second-level cache for minimal puts: disabled
[DEBUG] 2020-09-30 09:45:34.484 [main] Settings - Structured second-level cache entries: disabled
[DEBUG] 2020-09-30 09:45:34.485 [main] Settings - Second-level cache direct-reference entries: disabled
[DEBUG] 2020-09-30 09:45:34.485 [main] Settings - Automatic eviction of collection cache: disabled
[DEBUG] 2020-09-30 09:45:34.485 [main] Settings - JDBC batch size: 15
[DEBUG] 2020-09-30 09:45:34.485 [main] Settings - JDBC batch updates for versioned data: enabled
[DEBUG] 2020-09-30 09:45:34.485 [main] Settings - Scrollable result sets: enabled
[DEBUG] 2020-09-30 09:45:34.485 [main] Settings - Wrap result sets: disabled
[DEBUG] 2020-09-30 09:45:34.489 [main] Settings - JDBC3 getGeneratedKeys(): enabled
[DEBUG] 2020-09-30 09:45:34.489 [main] Settings - JDBC result set fetch size: null
[DEBUG] 2020-09-30 09:45:34.489 [main] Settings - Connection release mode: AFTER_TRANSACTION
[DEBUG] 2020-09-30 09:45:34.489 [main] Settings - Generate SQL with comments: disabled
[DEBUG] 2020-09-30 09:45:34.489 [main] Settings - JPA compliance - query : 
[DEBUG] 2020-09-30 09:45:34.489 [main] Settings - JPA compliance - closed-handling : 
[DEBUG] 2020-09-30 09:45:34.489 [main] Settings - JPA compliance - lists : 
[DEBUG] 2020-09-30 09:45:34.489 [main] Settings - JPA compliance - transactions : 
[INFO ] 2020-09-30 09:45:35.079 [main] C3P0ConnectionProvider - HHH10001007: JDBC isolation level: <unknown>
[INFO ] 2020-09-30 09:45:35.222 [main] beans - HHH10005002: No explicit CDI BeanManager reference was passed to Hibernate, but CDI is available on the Hibernate ClassLoader.
[DEBUG] 2020-09-30 09:45:35.438 [main] SessionFactoryImpl - Session factory constructed with filter configurations : {}
[DEBUG] 2020-09-30 09:45:35.445 [main] SessionFactoryImpl - Instantiating session factory with properties: {sun.desktop=gnome, awt.toolkit=sun.awt.X11.XToolkit, java.specification.version=11, sun.cpu.isalist=, hibernate.c3p0.idle_test_period=3000, sun.jnu.encoding=UTF-8, hibernate.c3p0.min_size=5, java.class.path=/snap/intellij-idea-ultimate/248/lib/idea_rt.jar:/snap/intellij-idea-ultimate/248/plugins/junit/lib/junit5-rt.jar:/snap/intellij-idea-ultimate/248/plugins/junit/lib/junit-rt.jar:/home/student/IdeaProjects/HotelWebsie/target/test-classes:/home/student/IdeaProjects/HotelWebsie/target/classes:/home/student/.m2/repository/org/junit/platform/junit-platform-runner/1.0.0/junit-platform-runner-1.0.0.jar:/home/student/.m2/repository/org/apiguardian/apiguardian-api/1.0.0/apiguardian-api-1.0.0.jar:/home/student/.m2/repository/org/junit/platform/junit-platform-launcher/1.0.0/junit-platform-launcher-1.0.0.jar:/home/student/.m2/repository/org/junit/platform/junit-platform-suite-api/1.0.0/junit-platform-suite-api-1.0.0.jar:/home/student/.m2/repository/org/junit/platform/junit-platform-commons/1.0.0/junit-platform-commons-1.0.0.jar:/home/student/.m2/repository/org/junit/vintage/junit-vintage-engine/4.12.0/junit-vintage-engine-4.12.0.jar:/home/student/.m2/repository/org/junit/platform/junit-platform-engine/1.0.0/junit-platform-engine-1.0.0.jar:/home/student/.m2/repository/org/opentest4j/opentest4j/1.0.0/opentest4j-1.0.0.jar:/home/student/.m2/repository/org/junit/jupiter/junit-jupiter-engine/5.0.0/junit-jupiter-engine-5.0.0.jar:/home/student/.m2/repository/org/junit/jupiter/junit-jupiter-api/5.0.0/junit-jupiter-api-5.0.0.jar:/home/student/.m2/repository/junit/junit/4.12/junit-4.12.jar:/home/student/.m2/repository/org/hamcrest/hamcrest-core/1.3/hamcrest-core-1.3.jar:/home/student/.m2/repository/javax/javaee-web-api/7.0/javaee-web-api-7.0.jar:/home/student/.m2/repository/mysql/mysql-connector-java/8.0.16/mysql-connector-java-8.0.16.jar:/home/student/.m2/repository/com/google/protobuf/protobuf-java/3.6.1/protobuf-java-3.6.1.jar:/home/student/.m2/repository/jstl/jstl/1.2/jstl-1.2.jar:/home/student/.m2/repository/org/apache/logging/log4j/log4j-api/2.10.0/log4j-api-2.10.0.jar:/home/student/.m2/repository/org/apache/logging/log4j/log4j-core/2.10.0/log4j-core-2.10.0.jar:/home/student/.m2/repository/org/hibernate/hibernate-core/5.4.4.Final/hibernate-core-5.4.4.Final.jar:/home/student/.m2/repository/org/jboss/logging/jboss-logging/3.3.2.Final/jboss-logging-3.3.2.Final.jar:/home/student/.m2/repository/javax/persistence/javax.persistence-api/2.2/javax.persistence-api-2.2.jar:/home/student/.m2/repository/org/javassist/javassist/3.24.0-GA/javassist-3.24.0-GA.jar:/home/student/.m2/repository/net/bytebuddy/byte-buddy/1.9.11/byte-buddy-1.9.11.jar:/home/student/.m2/repository/antlr/antlr/2.7.7/antlr-2.7.7.jar:/home/student/.m2/repository/org/jboss/spec/javax/transaction/jboss-transaction-api_1.2_spec/1.1.1.Final/jboss-transaction-api_1.2_spec-1.1.1.Final.jar:/home/student/.m2/repository/org/jboss/jandex/2.0.5.Final/jandex-2.0.5.Final.jar:/home/student/.m2/repository/com/fasterxml/classmate/1.3.4/classmate-1.3.4.jar:/home/student/.m2/repository/javax/activation/javax.activation-api/1.2.0/javax.activation-api-1.2.0.jar:/home/student/.m2/repository/org/dom4j/dom4j/2.1.1/dom4j-2.1.1.jar:/home/student/.m2/repository/org/hibernate/common/hibernate-commons-annotations/5.1.0.Final/hibernate-commons-annotations-5.1.0.Final.jar:/home/student/.m2/repository/javax/xml/bind/jaxb-api/2.3.1/jaxb-api-2.3.1.jar:/home/student/.m2/repository/org/glassfish/jaxb/jaxb-runtime/2.3.1/jaxb-runtime-2.3.1.jar:/home/student/.m2/repository/org/glassfish/jaxb/txw2/2.3.1/txw2-2.3.1.jar:/home/student/.m2/repository/com/sun/istack/istack-commons-runtime/3.0.7/istack-commons-runtime-3.0.7.jar:/home/student/.m2/repository/org/jvnet/staxex/stax-ex/1.8/stax-ex-1.8.jar:/home/student/.m2/repository/com/sun/xml/fastinfoset/FastInfoset/1.2.15/FastInfoset-1.2.15.jar:/home/student/.m2/repository/org/hibernate/hibernate-c3p0/5.4.4.Final/hibernate-c3p0-5.4.4.Final.jar:/home/student/.m2/repository/com/mchange/c3p0/0.9.5.3/c3p0-0.9.5.3.jar:/home/student/.m2/repository/com/mchange/mchange-commons-java/0.2.15/mchange-commons-java-0.2.15.jar, java.vm.vendor=Ubuntu, sun.arch.data.model=64, idea.test.cyclic.buffer.size=1048576, java.vendor.url=https://ubuntu.com/, user.timezone=America/Chicago, os.name=Linux, java.vm.specification.version=11, sun.java.launcher=SUN_STANDARD, user.country=US, sun.boot.library.path=/usr/lib/jvm/java-11-openjdk-amd64/lib, sun.java.command=com.intellij.rt.junit.JUnitStarter -ideVersion5 -junit5 hotel.persistence.UserDaoTest,saveOrUpdate, jdk.debug=release, sun.cpu.endian=little, user.home=/home/student, hibernate.c3p0.max_statements=50, user.language=en, java.specification.vendor=Oracle Corporation, java.version.date=2020-07-14, java.home=/usr/lib/jvm/java-11-openjdk-amd64, file.separator=/, java.vm.compressedOopsMode=32-bit, line.separator=
, hibernate.c3p0.timeout=300, java.specification.name=Java Platform API Specification, java.vm.specification.vendor=Oracle Corporation, intellij.debug.agent=true, java.awt.graphicsenv=sun.awt.X11GraphicsEnvironment, connection.password=student, sun.management.compiler=HotSpot 64-Bit Tiered Compilers, hibernate.c3p0.max_size=20, java.runtime.version=11.0.8+10-post-Ubuntu-0ubuntu118.04.1, user.name=student, path.separator=:, hibernate.connection.username=****, os.version=5.4.0-48-generic, java.runtime.name=OpenJDK Runtime Environment, hibernate.connection.url=jdbc:mysql://localhost:3306/hotel_test, file.encoding=UTF-8, java.vm.name=OpenJDK 64-Bit Server VM, hibernate.connection.driver_class=com.mysql.cj.jdbc.Driver, java.vendor.url.bug=https://bugs.launchpad.net/ubuntu/+source/openjdk-lts, java.io.tmpdir=/tmp, java.version=11.0.8, jboss.modules.system.pkgs=com.intellij.rt, user.dir=/home/student/IdeaProjects/HotelWebsie, os.arch=amd64, connection.username=root, java.vm.specification.name=Java Virtual Machine Specification, java.awt.printerjob=sun.print.PSPrinterJob, hibernate.connection.password=****, sun.os.patch.level=unknown, connection.driver_class=com.mysql.cj.jdbc.Driver, hibernate.boot.CfgXmlAccessService.key=org.hibernate.boot.cfgxml.spi.LoadedConfig@37d28938, java.library.path=/usr/java/packages/lib:/usr/lib/x86_64-linux-gnu/jni:/lib/x86_64-linux-gnu:/usr/lib/x86_64-linux-gnu:/usr/lib/jni:/lib:/usr/lib, java.vendor=Ubuntu, java.vm.info=mixed mode, sharing, java.vm.version=11.0.8+10-post-Ubuntu-0ubuntu118.04.1, hibernate.bytecode.use_reflection_optimizer=false, sun.io.unicode.encoding=UnicodeLittle, connection.url=jdbc:mysql://localhost:3306/hotel_test, java.class.version=55.0}
[DEBUG] 2020-09-30 09:45:35.851 [main] TypeSafeActivator - Unable to acquire Bean Validation ValidatorFactory, skipping activation
[DEBUG] 2020-09-30 09:45:35.852 [main] JaccIntegrator - Skipping JACC integration as it was not enabled
[DEBUG] 2020-09-30 09:45:35.873 [main] SessionFactoryImpl - Instantiated session factory
[DEBUG] 2020-09-30 09:45:35.873 [main] TypeConfiguration$Scope - Scoping TypeConfiguration [org.hibernate.type.spi.TypeConfiguration@373052b5] to SessionFactoryImpl [org.hibernate.internal.SessionFactoryImpl@32ae8f27]
[DEBUG] 2020-09-30 09:45:35.892 [main] JdbcEnvironmentInitiator - Database ->
       name : MySQL
    version : 8.0.16
      major : 8
      minor : 0
[DEBUG] 2020-09-30 09:45:35.892 [main] JdbcEnvironmentInitiator - Driver ->
       name : MySQL Connector/J
    version : mysql-connector-java-8.0.16 (Revision: 34cbc6bc61f72836e26327537a432d6db7c77de6)
      major : 8
      minor : 0
[DEBUG] 2020-09-30 09:45:35.893 [main] JdbcEnvironmentInitiator - JDBC version : 4.2
[INFO ] 2020-09-30 09:45:36.162 [main] Dialect - HHH000400: Using dialect: org.hibernate.dialect.MySQL8Dialect
[DEBUG] 2020-09-30 09:45:36.324 [main] IdentifierHelperBuilder - JDBC driver metadata reported database stores quoted identifiers in more than one case
[DEBUG] 2020-09-30 09:45:36.581 [main] IdentifierHelperBuilder - IdentifierCaseStrategy for both quoted and unquoted identifiers was set to the same strategy [MIXED]; that will likely lead to problems in schema update and validation if using quoted identifiers
[DEBUG] 2020-09-30 09:45:36.967 [main] Namespace - Created database namespace [logicalName=Name{catalog=null, schema=null}, physicalName=Name{catalog=null, schema=null}]
[DEBUG] 2020-09-30 09:45:37.026 [main] TypeConfiguration$Scope - Scoping TypeConfiguration [org.hibernate.type.spi.TypeConfiguration@ef60710] to MetadataBuildingContext [org.hibernate.boot.internal.MetadataBuildingContextRootImpl@600f5704]
[DEBUG] 2020-09-30 09:45:37.178 [main] ClassLoaderAccessImpl - Not known whether passed class name [hote.entity.User] is safe
[DEBUG] 2020-09-30 09:45:37.184 [main] ClassLoaderAccessImpl - No temp ClassLoader provided; using live ClassLoader for loading potentially unsafe class : hote.entity.User
[DEBUG] 2020-09-30 09:45:37.465 [main] ClassLoaderAccessImpl - Not known whether passed class name [hote.entity.User] is safe
[DEBUG] 2020-09-30 09:45:37.475 [main] ClassLoaderAccessImpl - No temp ClassLoader provided; using live ClassLoader for loading potentially unsafe class : hote.entity.User
[DEBUG] 2020-09-30 09:45:37.696 [main] AnnotationBinder - Binding entity from annotated class: hote.entity.User
[DEBUG] 2020-09-30 09:45:38.077 [main] Ejb3Column - Binding column: Ejb3DiscriminatorColumn{logicalColumnName'DTYPE', discriminatorTypeName='string'}
[DEBUG] 2020-09-30 09:45:38.166 [main] EntityBinder - Import with entity name User
[DEBUG] 2020-09-30 09:45:38.213 [main] EntityBinder - Bind entity hote.entity.User on table user
[DEBUG] 2020-09-30 09:45:38.468 [main] Ejb3Column - Binding column: Ejb3Column{table=org.hibernate.mapping.Table(user), mappingColumn=id, insertable=true, updatable=true, unique=false}
[DEBUG] 2020-09-30 09:45:38.485 [main] PropertyBinder - MetadataSourceProcessor property id with lazy=false
[DEBUG] 2020-09-30 09:45:38.514 [main] AbstractPropertyHolder - Attempting to locate auto-apply AttributeConverter for property [hote.entity.User:id]
[DEBUG] 2020-09-30 09:45:38.531 [main] SimpleValueBinder - building SimpleValue for id
[DEBUG] 2020-09-30 09:45:38.543 [main] PropertyBinder - Building property id
[DEBUG] 2020-09-30 09:45:38.591 [main] BinderHelper - #makeIdGenerator(org.hibernate.mapping.SimpleValue([org.hibernate.mapping.Column(id)]), id, org.hibernate.id.enhanced.SequenceStyleGenerator, native, ...)
[DEBUG] 2020-09-30 09:45:38.605 [main] Ejb3Column - Binding column: Ejb3Column{table=org.hibernate.mapping.Table(user), mappingColumn=first_name, insertable=true, updatable=true, unique=false}
[DEBUG] 2020-09-30 09:45:38.613 [main] PropertyBinder - MetadataSourceProcessor property first_name with lazy=false
[DEBUG] 2020-09-30 09:45:38.618 [main] AbstractPropertyHolder - Attempting to locate auto-apply AttributeConverter for property [hote.entity.User:first_name]
[DEBUG] 2020-09-30 09:45:38.618 [main] SimpleValueBinder - building SimpleValue for first_name
[DEBUG] 2020-09-30 09:45:38.618 [main] PropertyBinder - Building property first_name
[DEBUG] 2020-09-30 09:45:38.619 [main] Ejb3Column - Binding column: Ejb3Column{table=org.hibernate.mapping.Table(user), mappingColumn=last_name, insertable=true, updatable=true, unique=false}
[DEBUG] 2020-09-30 09:45:38.625 [main] PropertyBinder - MetadataSourceProcessor property last_name with lazy=false
[DEBUG] 2020-09-30 09:45:38.625 [main] AbstractPropertyHolder - Attempting to locate auto-apply AttributeConverter for property [hote.entity.User:last_name]
[DEBUG] 2020-09-30 09:45:38.625 [main] SimpleValueBinder - building SimpleValue for last_name
[DEBUG] 2020-09-30 09:45:38.626 [main] PropertyBinder - Building property last_name
[DEBUG] 2020-09-30 09:45:38.626 [main] Ejb3Column - Binding column: Ejb3Column{table=org.hibernate.mapping.Table(user), mappingColumn=user_name, insertable=true, updatable=true, unique=false}
[DEBUG] 2020-09-30 09:45:38.626 [main] PropertyBinder - MetadataSourceProcessor property user_name with lazy=false
[DEBUG] 2020-09-30 09:45:38.633 [main] AbstractPropertyHolder - Attempting to locate auto-apply AttributeConverter for property [hote.entity.User:user_name]
[DEBUG] 2020-09-30 09:45:38.652 [main] SimpleValueBinder - building SimpleValue for user_name
[DEBUG] 2020-09-30 09:45:38.653 [main] PropertyBinder - Building property user_name
[DEBUG] 2020-09-30 09:45:38.666 [main] SimpleValueBinder - Starting fillSimpleValue for id
[DEBUG] 2020-09-30 09:45:38.680 [main] SimpleValueBinder - Starting fillSimpleValue for first_name
[DEBUG] 2020-09-30 09:45:38.686 [main] SimpleValueBinder - Starting fillSimpleValue for last_name
[DEBUG] 2020-09-30 09:45:38.686 [main] SimpleValueBinder - Starting fillSimpleValue for user_name
[DEBUG] 2020-09-30 09:45:38.698 [main] PrimaryKey - Forcing column [id] to be non-null as it is part of the primary key for table [user]
[DEBUG] 2020-09-30 09:45:39.060 [main] SessionFactoryImpl - Building session factory
[DEBUG] 2020-09-30 09:45:39.080 [main] Settings - SessionFactory name : null
[DEBUG] 2020-09-30 09:45:39.081 [main] Settings - Automatic flush during beforeCompletion(): enabled
[DEBUG] 2020-09-30 09:45:39.082 [main] Settings - Automatic session close at end of transaction: disabled
[DEBUG] 2020-09-30 09:45:39.090 [main] Settings - Statistics: disabled
[DEBUG] 2020-09-30 09:45:39.090 [main] Settings - Deleted entity synthetic identifier rollback: disabled
[DEBUG] 2020-09-30 09:45:39.090 [main] Settings - Default entity-mode: pojo
[DEBUG] 2020-09-30 09:45:39.091 [main] Settings - Check Nullability in Core (should be disabled when Bean Validation is on): enabled
[DEBUG] 2020-09-30 09:45:39.091 [main] Settings - Allow initialization of lazy state outside session : disabled
[DEBUG] 2020-09-30 09:45:39.091 [main] Settings - Using BatchFetchStyle : LEGACY
[DEBUG] 2020-09-30 09:45:39.091 [main] Settings - Default batch fetch size: -1
[DEBUG] 2020-09-30 09:45:39.091 [main] Settings - Maximum outer join fetch depth: 2
[DEBUG] 2020-09-30 09:45:39.091 [main] Settings - Default null ordering: NONE
[DEBUG] 2020-09-30 09:45:39.091 [main] Settings - Order SQL updates by primary key: disabled
[DEBUG] 2020-09-30 09:45:39.091 [main] Settings - Order SQL inserts for batching: disabled
[DEBUG] 2020-09-30 09:45:39.092 [main] Settings - multi-tenancy strategy : NONE
[DEBUG] 2020-09-30 09:45:39.092 [main] Settings - JTA Track by Thread: enabled
[DEBUG] 2020-09-30 09:45:39.098 [main] Settings - Query language substitutions: {}
[DEBUG] 2020-09-30 09:45:39.098 [main] Settings - Named query checking : enabled
[DEBUG] 2020-09-30 09:45:39.099 [main] Settings - Second-level cache: disabled
[DEBUG] 2020-09-30 09:45:39.099 [main] Settings - Second-level query cache: disabled
[DEBUG] 2020-09-30 09:45:39.099 [main] Settings - Second-level query cache factory: null
[DEBUG] 2020-09-30 09:45:39.099 [main] Settings - Second-level cache region prefix: null
[DEBUG] 2020-09-30 09:45:39.099 [main] Settings - Optimize second-level cache for minimal puts: disabled
[DEBUG] 2020-09-30 09:45:39.104 [main] Settings - Structured second-level cache entries: disabled
[DEBUG] 2020-09-30 09:45:39.104 [main] Settings - Second-level cache direct-reference entries: disabled
[DEBUG] 2020-09-30 09:45:39.104 [main] Settings - Automatic eviction of collection cache: disabled
[DEBUG] 2020-09-30 09:45:39.110 [main] Settings - JDBC batch size: 15
[DEBUG] 2020-09-30 09:45:39.110 [main] Settings - JDBC batch updates for versioned data: enabled
[DEBUG] 2020-09-30 09:45:39.110 [main] Settings - Scrollable result sets: enabled
[DEBUG] 2020-09-30 09:45:39.110 [main] Settings - Wrap result sets: disabled
[DEBUG] 2020-09-30 09:45:39.117 [main] Settings - JDBC3 getGeneratedKeys(): enabled
[DEBUG] 2020-09-30 09:45:39.117 [main] Settings - JDBC result set fetch size: null
[DEBUG] 2020-09-30 09:45:39.117 [main] Settings - Connection release mode: AFTER_TRANSACTION
[DEBUG] 2020-09-30 09:45:39.117 [main] Settings - Generate SQL with comments: disabled
[DEBUG] 2020-09-30 09:45:39.117 [main] Settings - JPA compliance - query : 
[DEBUG] 2020-09-30 09:45:39.117 [main] Settings - JPA compliance - closed-handling : 
[DEBUG] 2020-09-30 09:45:39.118 [main] Settings - JPA compliance - lists : 
[DEBUG] 2020-09-30 09:45:39.118 [main] Settings - JPA compliance - transactions : 
[INFO ] 2020-09-30 09:45:39.516 [main] beans - HHH10005002: No explicit CDI BeanManager reference was passed to Hibernate, but CDI is available on the Hibernate ClassLoader.
[DEBUG] 2020-09-30 09:45:39.678 [main] SessionFactoryImpl - Session factory constructed with filter configurations : {}
[DEBUG] 2020-09-30 09:45:39.685 [main] SessionFactoryImpl - Instantiating session factory with properties: {sun.desktop=gnome, awt.toolkit=sun.awt.X11.XToolkit, java.specification.version=11, sun.cpu.isalist=, hibernate.c3p0.idle_test_period=3000, sun.jnu.encoding=UTF-8, hibernate.c3p0.min_size=5, java.class.path=/snap/intellij-idea-ultimate/248/lib/idea_rt.jar:/snap/intellij-idea-ultimate/248/plugins/junit/lib/junit5-rt.jar:/snap/intellij-idea-ultimate/248/plugins/junit/lib/junit-rt.jar:/home/student/IdeaProjects/HotelWebsie/target/test-classes:/home/student/IdeaProjects/HotelWebsie/target/classes:/home/student/.m2/repository/org/junit/platform/junit-platform-runner/1.0.0/junit-platform-runner-1.0.0.jar:/home/student/.m2/repository/org/apiguardian/apiguardian-api/1.0.0/apiguardian-api-1.0.0.jar:/home/student/.m2/repository/org/junit/platform/junit-platform-launcher/1.0.0/junit-platform-launcher-1.0.0.jar:/home/student/.m2/repository/org/junit/platform/junit-platform-suite-api/1.0.0/junit-platform-suite-api-1.0.0.jar:/home/student/.m2/repository/org/junit/platform/junit-platform-commons/1.0.0/junit-platform-commons-1.0.0.jar:/home/student/.m2/repository/org/junit/vintage/junit-vintage-engine/4.12.0/junit-vintage-engine-4.12.0.jar:/home/student/.m2/repository/org/junit/platform/junit-platform-engine/1.0.0/junit-platform-engine-1.0.0.jar:/home/student/.m2/repository/org/opentest4j/opentest4j/1.0.0/opentest4j-1.0.0.jar:/home/student/.m2/repository/org/junit/jupiter/junit-jupiter-engine/5.0.0/junit-jupiter-engine-5.0.0.jar:/home/student/.m2/repository/org/junit/jupiter/junit-jupiter-api/5.0.0/junit-jupiter-api-5.0.0.jar:/home/student/.m2/repository/junit/junit/4.12/junit-4.12.jar:/home/student/.m2/repository/org/hamcrest/hamcrest-core/1.3/hamcrest-core-1.3.jar:/home/student/.m2/repository/javax/javaee-web-api/7.0/javaee-web-api-7.0.jar:/home/student/.m2/repository/mysql/mysql-connector-java/8.0.16/mysql-connector-java-8.0.16.jar:/home/student/.m2/repository/com/google/protobuf/protobuf-java/3.6.1/protobuf-java-3.6.1.jar:/home/student/.m2/repository/jstl/jstl/1.2/jstl-1.2.jar:/home/student/.m2/repository/org/apache/logging/log4j/log4j-api/2.10.0/log4j-api-2.10.0.jar:/home/student/.m2/repository/org/apache/logging/log4j/log4j-core/2.10.0/log4j-core-2.10.0.jar:/home/student/.m2/repository/org/hibernate/hibernate-core/5.4.4.Final/hibernate-core-5.4.4.Final.jar:/home/student/.m2/repository/org/jboss/logging/jboss-logging/3.3.2.Final/jboss-logging-3.3.2.Final.jar:/home/student/.m2/repository/javax/persistence/javax.persistence-api/2.2/javax.persistence-api-2.2.jar:/home/student/.m2/repository/org/javassist/javassist/3.24.0-GA/javassist-3.24.0-GA.jar:/home/student/.m2/repository/net/bytebuddy/byte-buddy/1.9.11/byte-buddy-1.9.11.jar:/home/student/.m2/repository/antlr/antlr/2.7.7/antlr-2.7.7.jar:/home/student/.m2/repository/org/jboss/spec/javax/transaction/jboss-transaction-api_1.2_spec/1.1.1.Final/jboss-transaction-api_1.2_spec-1.1.1.Final.jar:/home/student/.m2/repository/org/jboss/jandex/2.0.5.Final/jandex-2.0.5.Final.jar:/home/student/.m2/repository/com/fasterxml/classmate/1.3.4/classmate-1.3.4.jar:/home/student/.m2/repository/javax/activation/javax.activation-api/1.2.0/javax.activation-api-1.2.0.jar:/home/student/.m2/repository/org/dom4j/dom4j/2.1.1/dom4j-2.1.1.jar:/home/student/.m2/repository/org/hibernate/common/hibernate-commons-annotations/5.1.0.Final/hibernate-commons-annotations-5.1.0.Final.jar:/home/student/.m2/repository/javax/xml/bind/jaxb-api/2.3.1/jaxb-api-2.3.1.jar:/home/student/.m2/repository/org/glassfish/jaxb/jaxb-runtime/2.3.1/jaxb-runtime-2.3.1.jar:/home/student/.m2/repository/org/glassfish/jaxb/txw2/2.3.1/txw2-2.3.1.jar:/home/student/.m2/repository/com/sun/istack/istack-commons-runtime/3.0.7/istack-commons-runtime-3.0.7.jar:/home/student/.m2/repository/org/jvnet/staxex/stax-ex/1.8/stax-ex-1.8.jar:/home/student/.m2/repository/com/sun/xml/fastinfoset/FastInfoset/1.2.15/FastInfoset-1.2.15.jar:/home/student/.m2/repository/org/hibernate/hibernate-c3p0/5.4.4.Final/hibernate-c3p0-5.4.4.Final.jar:/home/student/.m2/repository/com/mchange/c3p0/0.9.5.3/c3p0-0.9.5.3.jar:/home/student/.m2/repository/com/mchange/mchange-commons-java/0.2.15/mchange-commons-java-0.2.15.jar, java.vm.vendor=Ubuntu, sun.arch.data.model=64, idea.test.cyclic.buffer.size=1048576, java.vendor.url=https://ubuntu.com/, user.timezone=America/Chicago, os.name=Linux, java.vm.specification.version=11, sun.java.launcher=SUN_STANDARD, user.country=US, sun.boot.library.path=/usr/lib/jvm/java-11-openjdk-amd64/lib, sun.java.command=com.intellij.rt.junit.JUnitStarter -ideVersion5 -junit5 hotel.persistence.UserDaoTest,saveOrUpdate, jdk.debug=release, sun.cpu.endian=little, user.home=/home/student, hibernate.c3p0.max_statements=50, user.language=en, java.specification.vendor=Oracle Corporation, java.version.date=2020-07-14, java.home=/usr/lib/jvm/java-11-openjdk-amd64, file.separator=/, java.vm.compressedOopsMode=32-bit, line.separator=
, hibernate.c3p0.timeout=300, java.specification.name=Java Platform API Specification, java.vm.specification.vendor=Oracle Corporation, java.awt.graphicsenv=sun.awt.X11GraphicsEnvironment, connection.password=student, sun.management.compiler=HotSpot 64-Bit Tiered Compilers, hibernate.c3p0.max_size=20, java.runtime.version=11.0.8+10-post-Ubuntu-0ubuntu118.04.1, user.name=student, path.separator=:, hibernate.connection.username=****, os.version=5.4.0-48-generic, java.runtime.name=OpenJDK Runtime Environment, hibernate.connection.url=jdbc:mysql://localhost:3306/hotel_test, file.encoding=UTF-8, java.vm.name=OpenJDK 64-Bit Server VM, hibernate.connection.driver_class=com.mysql.cj.jdbc.Driver, java.vendor.url.bug=https://bugs.launchpad.net/ubuntu/+source/openjdk-lts, java.io.tmpdir=/tmp, java.version=11.0.8, user.dir=/home/student/IdeaProjects/HotelWebsie, os.arch=amd64, connection.username=root, java.vm.specification.name=Java Virtual Machine Specification, java.awt.printerjob=sun.print.PSPrinterJob, hibernate.connection.password=****, sun.os.patch.level=unknown, connection.driver_class=com.mysql.cj.jdbc.Driver, hibernate.boot.CfgXmlAccessService.key=org.hibernate.boot.cfgxml.spi.LoadedConfig@76536c53, java.library.path=/usr/java/packages/lib:/usr/lib/x86_64-linux-gnu/jni:/lib/x86_64-linux-gnu:/usr/lib/x86_64-linux-gnu:/usr/lib/jni:/lib:/usr/lib, java.vendor=Ubuntu, java.vm.info=mixed mode, sharing, java.vm.version=11.0.8+10-post-Ubuntu-0ubuntu118.04.1, hibernate.bytecode.use_reflection_optimizer=false, sun.io.unicode.encoding=UnicodeLittle, connection.url=jdbc:mysql://localhost:3306/hotel_test, java.class.version=55.0}
[DEBUG] 2020-09-30 09:45:39.792 [main] TypeSafeActivator - Unable to acquire Bean Validation ValidatorFactory, skipping activation
[DEBUG] 2020-09-30 09:45:39.794 [main] JaccIntegrator - Skipping JACC integration as it was not enabled
[DEBUG] 2020-09-30 09:45:39.796 [main] SessionFactoryImpl - Instantiated session factory
[DEBUG] 2020-09-30 09:45:39.796 [main] TypeConfiguration$Scope - Scoping TypeConfiguration [org.hibernate.type.spi.TypeConfiguration@ef60710] to SessionFactoryImpl [org.hibernate.internal.SessionFactoryImpl@77d4ac52]
[DEBUG] 2020-09-30 09:45:40.187 [main] ClassLoaderAccessImpl - Not known whether passed class name [hote.entity.User] is safe
[DEBUG] 2020-09-30 09:45:40.192 [main] ClassLoaderAccessImpl - No temp ClassLoader provided; using live ClassLoader for loading potentially unsafe class : hote.entity.User
[DEBUG] 2020-09-30 09:45:40.343 [main] AbstractEntityPersister - Static SQL for entity: hote.entity.User
[DEBUG] 2020-09-30 09:45:40.343 [main] AbstractEntityPersister -  Version select: select id from user where id =?
[DEBUG] 2020-09-30 09:45:40.344 [main] AbstractEntityPersister -  Snapshot select: select user_.id, user_.first_name as first_na2_0_, user_.last_name as last_nam3_0_, user_.user_name as user_nam4_0_ from user user_ where user_.id=?
[DEBUG] 2020-09-30 09:45:40.344 [main] AbstractEntityPersister -  Insert 0: insert into user (first_name, last_name, user_name, id) values (?, ?, ?, ?)
[DEBUG] 2020-09-30 09:45:40.344 [main] AbstractEntityPersister -  Update 0: update user set first_name=?, last_name=?, user_name=? where id=?
[DEBUG] 2020-09-30 09:45:40.344 [main] AbstractEntityPersister -  Delete 0: delete from user where id=?
[DEBUG] 2020-09-30 09:45:40.345 [main] AbstractEntityPersister -  Identity insert: insert into user (first_name, last_name, user_name) values (?, ?, ?)
[DEBUG] 2020-09-30 09:45:40.485 [main] QuerySpacesImpl - Adding QuerySpace : uid = <gen:0> -> org.hibernate.loader.plan.build.internal.spaces.EntityQuerySpaceImpl@3ac0a14b]
[DEBUG] 2020-09-30 09:45:40.499 [main] ClassLoaderAccessImpl - Not known whether passed class name [hote.entity.User] is safe
[DEBUG] 2020-09-30 09:45:40.500 [main] MetamodelGraphWalker - Visiting attribute path : first_name
[DEBUG] 2020-09-30 09:45:40.501 [main] MetamodelGraphWalker - Visiting attribute path : last_name
[DEBUG] 2020-09-30 09:45:40.501 [main] MetamodelGraphWalker - Visiting attribute path : user_name
[DEBUG] 2020-09-30 09:45:40.499 [main] ClassLoaderAccessImpl - No temp ClassLoader provided; using live ClassLoader for loading potentially unsafe class : hote.entity.User
[DEBUG] 2020-09-30 09:45:40.501 [main] FetchStyleLoadPlanBuildingAssociationVisitationStrategy - Building LoadPlan...
[DEBUG] 2020-09-30 09:45:40.609 [main] LoadQueryJoinAndFetchProcessor - processing queryspace <gen:0>
[DEBUG] 2020-09-30 09:45:40.645 [main] LoadPlanTreePrinter - LoadPlan(entity=hote.entity.User)
    - Returns
       - EntityReturnImpl(entity=hote.entity.User, querySpaceUid=<gen:0>, path=hote.entity.User)
    - QuerySpaces
       - EntityQuerySpaceImpl(uid=<gen:0>, entity=hote.entity.User)
          - SQL table alias mapping - user0_
          - alias suffix - 0_
          - suffixed key columns - {id1_0_0_}

[DEBUG] 2020-09-30 09:45:40.662 [main] EntityLoader - Static select for entity hote.entity.User [NONE]: select user0_.id as id1_0_0_, user0_.first_name as first_na2_0_0_, user0_.last_name as last_nam3_0_0_, user0_.user_name as user_nam4_0_0_ from user user0_ where user0_.id=?
[DEBUG] 2020-09-30 09:45:40.662 [main] QuerySpacesImpl - Adding QuerySpace : uid = <gen:0> -> org.hibernate.loader.plan.build.internal.spaces.EntityQuerySpaceImpl@774f2992]
[DEBUG] 2020-09-30 09:45:40.663 [main] MetamodelGraphWalker - Visiting attribute path : first_name
[DEBUG] 2020-09-30 09:45:40.663 [main] MetamodelGraphWalker - Visiting attribute path : last_name
[DEBUG] 2020-09-30 09:45:40.663 [main] MetamodelGraphWalker - Visiting attribute path : user_name
[DEBUG] 2020-09-30 09:45:40.680 [main] FetchStyleLoadPlanBuildingAssociationVisitationStrategy - Building LoadPlan...
[DEBUG] 2020-09-30 09:45:40.680 [main] LoadQueryJoinAndFetchProcessor - processing queryspace <gen:0>
[DEBUG] 2020-09-30 09:45:40.685 [main] LoadPlanTreePrinter - LoadPlan(entity=hote.entity.User)
    - Returns
       - EntityReturnImpl(entity=hote.entity.User, querySpaceUid=<gen:0>, path=hote.entity.User)
    - QuerySpaces
       - EntityQuerySpaceImpl(uid=<gen:0>, entity=hote.entity.User)
          - SQL table alias mapping - user0_
          - alias suffix - 0_
          - suffixed key columns - {id1_0_0_}

[DEBUG] 2020-09-30 09:45:40.693 [main] EntityLoader - Static select for entity hote.entity.User [READ]: select user0_.id as id1_0_0_, user0_.first_name as first_na2_0_0_, user0_.last_name as last_nam3_0_0_, user0_.user_name as user_nam4_0_0_ from user user0_ where user0_.id=?
[DEBUG] 2020-09-30 09:45:40.796 [main] Loader - Static select for action ACTION_MERGE on entity hote.entity.User: select user0_.id as id1_0_0_, user0_.first_name as first_na2_0_0_, user0_.last_name as last_nam3_0_0_, user0_.user_name as user_nam4_0_0_ from user user0_ where user0_.id=?
[DEBUG] 2020-09-30 09:45:40.811 [main] Loader - Static select for action ACTION_REFRESH on entity hote.entity.User: select user0_.id as id1_0_0_, user0_.first_name as first_na2_0_0_, user0_.last_name as last_nam3_0_0_, user0_.user_name as user_nam4_0_0_ from user user0_ where user0_.id=?
[DEBUG] 2020-09-30 09:45:41.005 [main] SchemaManagementToolCoordinator - No actions specified; doing nothing
[DEBUG] 2020-09-30 09:45:41.007 [main] JtaPlatformInitiator - No JtaPlatform was specified, checking resolver
[DEBUG] 2020-09-30 09:45:41.015 [main] JtaPlatformResolverInitiator - No JtaPlatformResolver was specified, using default [org.hibernate.engine.transaction.jta.platform.internal.StandardJtaPlatformResolver]
[DEBUG] 2020-09-30 09:45:41.074 [main] StandardJtaPlatformResolver - Could not resolve JtaPlatform, using default [org.hibernate.engine.transaction.jta.platform.internal.NoJtaPlatform]
[INFO ] 2020-09-30 09:45:41.076 [main] JtaPlatformInitiator - HHH000490: Using JtaPlatform implementation: [org.hibernate.engine.transaction.jta.platform.internal.NoJtaPlatform]
[DEBUG] 2020-09-30 09:45:41.086 [main] NamedQueryRepository - Checking 0 named HQL queries
[DEBUG] 2020-09-30 09:45:41.086 [main] NamedQueryRepository - Checking 0 named SQL queries
[DEBUG] 2020-09-30 09:45:41.106 [main] SessionFactoryRegistry - Initializing SessionFactoryRegistry : org.hibernate.internal.SessionFactoryRegistry@52cb52bd
[DEBUG] 2020-09-30 09:45:41.128 [main] SessionFactoryRegistry - Registering SessionFactory: d26a78d0-6a6a-4c98-ba9c-2bd9ccad6aff (<unnamed>)
[DEBUG] 2020-09-30 09:45:41.129 [main] SessionFactoryRegistry - Not binding SessionFactory to JNDI, no JNDI name configured
[DEBUG] 2020-09-30 09:45:41.790 [main] StatisticsInitiator - Statistics initialized [enabled=false]
[DEBUG] 2020-09-30 09:45:41.927 [main] SQL - select user0_.id as id1_0_0_, user0_.first_name as first_na2_0_0_, user0_.last_name as last_nam3_0_0_, user0_.user_name as user_nam4_0_0_ from user user0_ where user0_.id=?
[DEBUG] 2020-09-30 09:45:42.212 [main] ResultSetProcessorImpl - Starting ResultSet row #0
[DEBUG] 2020-09-30 09:45:42.217 [main] EntityReferenceInitializerImpl - On call to EntityIdentifierReaderImpl#resolve, EntityKey was already known; should only happen on root returns with an optional identifier specified
[DEBUG] 2020-09-30 09:45:42.295 [main] AbstractEntityPersister - Static SQL for entity: hote.entity.User
[DEBUG] 2020-09-30 09:45:42.295 [main] AbstractEntityPersister -  Version select: select id from user where id =?
[DEBUG] 2020-09-30 09:45:42.295 [main] AbstractEntityPersister -  Snapshot select: select user_.id, user_.first_name as first_na2_0_, user_.last_name as last_nam3_0_, user_.user_name as user_nam4_0_ from user user_ where user_.id=?
[DEBUG] 2020-09-30 09:45:42.295 [main] AbstractEntityPersister -  Insert 0: insert into user (first_name, last_name, user_name, id) values (?, ?, ?, ?)
[DEBUG] 2020-09-30 09:45:42.296 [main] AbstractEntityPersister -  Update 0: update user set first_name=?, last_name=?, user_name=? where id=?
[DEBUG] 2020-09-30 09:45:42.296 [main] AbstractEntityPersister -  Delete 0: delete from user where id=?
[DEBUG] 2020-09-30 09:45:42.296 [main] AbstractEntityPersister -  Identity insert: insert into user (first_name, last_name, user_name) values (?, ?, ?)
[DEBUG] 2020-09-30 09:45:42.308 [main] TwoPhaseLoad - Resolving attributes for [hote.entity.User#2]
[DEBUG] 2020-09-30 09:45:42.314 [main] TwoPhaseLoad - Processing attribute `first_name` : value = Fred
[DEBUG] 2020-09-30 09:45:42.315 [main] TwoPhaseLoad - Attribute (`first_name`)  - enhanced for lazy-loading? - false
[DEBUG] 2020-09-30 09:45:42.315 [main] TwoPhaseLoad - Processing attribute `last_name` : value = Hensen
[DEBUG] 2020-09-30 09:45:42.315 [main] TwoPhaseLoad - Attribute (`last_name`)  - enhanced for lazy-loading? - false
[DEBUG] 2020-09-30 09:45:42.315 [main] TwoPhaseLoad - Processing attribute `user_name` : value = fhensen
[DEBUG] 2020-09-30 09:45:42.315 [main] TwoPhaseLoad - Attribute (`user_name`)  - enhanced for lazy-loading? - false
[DEBUG] 2020-09-30 09:45:42.325 [main] TwoPhaseLoad - Done materializing entity [hote.entity.User#2]
[DEBUG] 2020-09-30 09:45:42.326 [main] ResourceRegistryStandardImpl - HHH000387: ResultSet's statement was not registered
[DEBUG] 2020-09-30 09:45:42.326 [main] AbstractLoadPlanBasedEntityLoader - Done entity load : hote.entity.User#2
[DEBUG] 2020-09-30 09:45:42.327 [main] LogicalConnectionManagedImpl - Initiating JDBC connection release from afterTransaction
[DEBUG] 2020-09-30 09:45:42.363 [main] TransactionImpl - On TransactionImpl creation, JpaCompliance#isJpaTransactionComplianceEnabled == false
[DEBUG] 2020-09-30 09:45:42.365 [main] TransactionImpl - begin
[DEBUG] 2020-09-30 09:45:42.429 [main] TransactionImpl - committing
[DEBUG] 2020-09-30 09:45:42.439 [main] AbstractFlushingEventListener - Processing flush-time cascades
[DEBUG] 2020-09-30 09:45:42.440 [main] AbstractFlushingEventListener - Dirty checking collections
[DEBUG] 2020-09-30 09:45:42.458 [main] QuerySpacesImpl - Adding QuerySpace : uid = <gen:0> -> org.hibernate.loader.plan.build.internal.spaces.EntityQuerySpaceImpl@4a642e4b]
[DEBUG] 2020-09-30 09:45:42.459 [main] MetamodelGraphWalker - Visiting attribute path : first_name
[DEBUG] 2020-09-30 09:45:42.460 [main] MetamodelGraphWalker - Visiting attribute path : last_name
[DEBUG] 2020-09-30 09:45:42.472 [main] MetamodelGraphWalker - Visiting attribute path : user_name
[DEBUG] 2020-09-30 09:45:42.473 [main] AbstractFlushingEventListener - Flushed: 0 insertions, 1 updates, 0 deletions to 1 objects
[DEBUG] 2020-09-30 09:45:42.473 [main] AbstractFlushingEventListener - Flushed: 0 (re)creations, 0 updates, 0 removals to 0 collections
[DEBUG] 2020-09-30 09:45:42.474 [main] FetchStyleLoadPlanBuildingAssociationVisitationStrategy - Building LoadPlan...
[DEBUG] 2020-09-30 09:45:42.485 [main] EntityPrinter - Listing entities:
[DEBUG] 2020-09-30 09:45:42.485 [main] EntityPrinter - hote.entity.User{user_name=fhensen, last_name=Hensen, id=2, first_name=John}
[DEBUG] 2020-09-30 09:45:42.509 [main] SQL - update user set first_name=?, last_name=?, user_name=? where id=?
[DEBUG] 2020-09-30 09:45:42.536 [main] LogicalConnectionManagedImpl - Initiating JDBC connection release from afterTransaction
[DEBUG] 2020-09-30 09:45:42.546 [main] LogicalConnectionManagedImpl - Initiating JDBC connection release from afterTransaction
[DEBUG] 2020-09-30 09:45:42.546 [main] SQL - select user0_.id as id1_0_0_, user0_.first_name as first_na2_0_0_, user0_.last_name as last_nam3_0_0_, user0_.user_name as user_nam4_0_0_ from user user0_ where user0_.id=?
[DEBUG] 2020-09-30 09:45:42.567 [main] ResultSetProcessorImpl - Starting ResultSet row #0
[DEBUG] 2020-09-30 09:45:42.567 [main] EntityReferenceInitializerImpl - On call to EntityIdentifierReaderImpl#resolve, EntityKey was already known; should only happen on root returns with an optional identifier specified
[DEBUG] 2020-09-30 09:45:42.573 [main] TwoPhaseLoad - Resolving attributes for [hote.entity.User#2]
[DEBUG] 2020-09-30 09:45:42.577 [main] LoadQueryJoinAndFetchProcessor - processing queryspace <gen:0>
[DEBUG] 2020-09-30 09:45:42.573 [main] TwoPhaseLoad - Processing attribute `first_name` : value = John
[DEBUG] 2020-09-30 09:45:42.580 [main] TwoPhaseLoad - Attribute (`first_name`)  - enhanced for lazy-loading? - false
[DEBUG] 2020-09-30 09:45:42.580 [main] TwoPhaseLoad - Processing attribute `last_name` : value = Hensen
[DEBUG] 2020-09-30 09:45:42.580 [main] TwoPhaseLoad - Attribute (`last_name`)  - enhanced for lazy-loading? - false
[DEBUG] 2020-09-30 09:45:42.580 [main] TwoPhaseLoad - Processing attribute `user_name` : value = fhensen
[DEBUG] 2020-09-30 09:45:42.580 [main] TwoPhaseLoad - Attribute (`user_name`)  - enhanced for lazy-loading? - false
[DEBUG] 2020-09-30 09:45:42.580 [main] TwoPhaseLoad - Done materializing entity [hote.entity.User#2]
[DEBUG] 2020-09-30 09:45:42.581 [main] ResourceRegistryStandardImpl - HHH000387: ResultSet's statement was not registered
[DEBUG] 2020-09-30 09:45:42.582 [main] AbstractLoadPlanBasedEntityLoader - Done entity load : hote.entity.User#2
[DEBUG] 2020-09-30 09:45:42.582 [main] LogicalConnectionManagedImpl - Initiating JDBC connection release from afterTransaction
[DEBUG] 2020-09-30 09:45:42.607 [main] LoadPlanTreePrinter - LoadPlan(entity=hote.entity.User)
    - Returns
       - EntityReturnImpl(entity=hote.entity.User, querySpaceUid=<gen:0>, path=hote.entity.User)
    - QuerySpaces
       - EntityQuerySpaceImpl(uid=<gen:0>, entity=hote.entity.User)
          - SQL table alias mapping - user0_
          - alias suffix - 0_
          - suffixed key columns - {id1_0_0_}

[DEBUG] 2020-09-30 09:45:42.638 [main] EntityLoader - Static select for entity hote.entity.User [NONE]: select user0_.id as id1_0_0_, user0_.first_name as first_na2_0_0_, user0_.last_name as last_nam3_0_0_, user0_.user_name as user_nam4_0_0_ from user user0_ where user0_.id=?
[DEBUG] 2020-09-30 09:45:42.638 [main] QuerySpacesImpl - Adding QuerySpace : uid = <gen:0> -> org.hibernate.loader.plan.build.internal.spaces.EntityQuerySpaceImpl@21f7e537]
[DEBUG] 2020-09-30 09:45:42.638 [main] MetamodelGraphWalker - Visiting attribute path : first_name
[DEBUG] 2020-09-30 09:45:42.645 [main] MetamodelGraphWalker - Visiting attribute path : last_name
[DEBUG] 2020-09-30 09:45:42.645 [main] MetamodelGraphWalker - Visiting attribute path : user_name
[DEBUG] 2020-09-30 09:45:42.649 [main] FetchStyleLoadPlanBuildingAssociationVisitationStrategy - Building LoadPlan...
[DEBUG] 2020-09-30 09:45:42.649 [main] LoadQueryJoinAndFetchProcessor - processing queryspace <gen:0>
[DEBUG] 2020-09-30 09:45:42.659 [main] LoadPlanTreePrinter - LoadPlan(entity=hote.entity.User)
    - Returns
       - EntityReturnImpl(entity=hote.entity.User, querySpaceUid=<gen:0>, path=hote.entity.User)
    - QuerySpaces
       - EntityQuerySpaceImpl(uid=<gen:0>, entity=hote.entity.User)
          - SQL table alias mapping - user0_
          - alias suffix - 0_
          - suffixed key columns - {id1_0_0_}

[DEBUG] 2020-09-30 09:45:42.659 [main] EntityLoader - Static select for entity hote.entity.User [READ]: select user0_.id as id1_0_0_, user0_.first_name as first_na2_0_0_, user0_.last_name as last_nam3_0_0_, user0_.user_name as user_nam4_0_0_ from user user0_ where user0_.id=?
[DEBUG] 2020-09-30 09:45:42.779 [main] Loader - Static select for action ACTION_MERGE on entity hote.entity.User: select user0_.id as id1_0_0_, user0_.first_name as first_na2_0_0_, user0_.last_name as last_nam3_0_0_, user0_.user_name as user_nam4_0_0_ from user user0_ where user0_.id=?
[DEBUG] 2020-09-30 09:45:42.780 [main] Loader - Static select for action ACTION_REFRESH on entity hote.entity.User: select user0_.id as id1_0_0_, user0_.first_name as first_na2_0_0_, user0_.last_name as last_nam3_0_0_, user0_.user_name as user_nam4_0_0_ from user user0_ where user0_.id=?
[DEBUG] 2020-09-30 09:45:43.050 [main] SchemaManagementToolCoordinator - No actions specified; doing nothing
[DEBUG] 2020-09-30 09:45:43.061 [main] JtaPlatformInitiator - No JtaPlatform was specified, checking resolver
[DEBUG] 2020-09-30 09:45:43.073 [main] JtaPlatformResolverInitiator - No JtaPlatformResolver was specified, using default [org.hibernate.engine.transaction.jta.platform.internal.StandardJtaPlatformResolver]
[DEBUG] 2020-09-30 09:45:43.147 [main] StandardJtaPlatformResolver - Could not resolve JtaPlatform, using default [org.hibernate.engine.transaction.jta.platform.internal.NoJtaPlatform]
[INFO ] 2020-09-30 09:45:43.148 [main] JtaPlatformInitiator - HHH000490: Using JtaPlatform implementation: [org.hibernate.engine.transaction.jta.platform.internal.NoJtaPlatform]
[DEBUG] 2020-09-30 09:45:43.162 [main] NamedQueryRepository - Checking 0 named HQL queries
[DEBUG] 2020-09-30 09:45:43.163 [main] NamedQueryRepository - Checking 0 named SQL queries
[DEBUG] 2020-09-30 09:45:43.179 [main] SessionFactoryRegistry - Initializing SessionFactoryRegistry : org.hibernate.internal.SessionFactoryRegistry@37d28938
[DEBUG] 2020-09-30 09:45:43.181 [main] SessionFactoryRegistry - Registering SessionFactory: 5edea7e4-0a8c-4dd7-9e22-c46220b747bd (<unnamed>)
[DEBUG] 2020-09-30 09:45:43.200 [main] SessionFactoryRegistry - Not binding SessionFactory to JNDI, no JNDI name configured
[DEBUG] 2020-09-30 09:45:43.969 [main] StatisticsInitiator - Statistics initialized [enabled=false]
[DEBUG] 2020-09-30 09:45:44.149 [main] SQL - select user0_.id as id1_0_0_, user0_.first_name as first_na2_0_0_, user0_.last_name as last_nam3_0_0_, user0_.user_name as user_nam4_0_0_ from user user0_ where user0_.id=?
[DEBUG] 2020-09-30 09:45:44.359 [main] ResultSetProcessorImpl - Starting ResultSet row #0
[DEBUG] 2020-09-30 09:45:44.366 [main] EntityReferenceInitializerImpl - On call to EntityIdentifierReaderImpl#resolve, EntityKey was already known; should only happen on root returns with an optional identifier specified
[DEBUG] 2020-09-30 09:45:44.482 [main] TwoPhaseLoad - Resolving attributes for [hote.entity.User#2]
[DEBUG] 2020-09-30 09:45:44.490 [main] TwoPhaseLoad - Processing attribute `first_name` : value = John
[DEBUG] 2020-09-30 09:45:44.490 [main] TwoPhaseLoad - Attribute (`first_name`)  - enhanced for lazy-loading? - false
[DEBUG] 2020-09-30 09:45:44.490 [main] TwoPhaseLoad - Processing attribute `last_name` : value = Hensen
[DEBUG] 2020-09-30 09:45:44.490 [main] TwoPhaseLoad - Attribute (`last_name`)  - enhanced for lazy-loading? - false
[DEBUG] 2020-09-30 09:45:44.490 [main] TwoPhaseLoad - Processing attribute `user_name` : value = fhensen
[DEBUG] 2020-09-30 09:45:44.490 [main] TwoPhaseLoad - Attribute (`user_name`)  - enhanced for lazy-loading? - false
[DEBUG] 2020-09-30 09:45:44.498 [main] TwoPhaseLoad - Done materializing entity [hote.entity.User#2]
[DEBUG] 2020-09-30 09:45:44.509 [main] ResourceRegistryStandardImpl - HHH000387: ResultSet's statement was not registered
[DEBUG] 2020-09-30 09:45:44.510 [main] AbstractLoadPlanBasedEntityLoader - Done entity load : hote.entity.User#2
[DEBUG] 2020-09-30 09:45:44.510 [main] LogicalConnectionManagedImpl - Initiating JDBC connection release from afterTransaction
[DEBUG] 2020-09-30 09:45:44.573 [main] TransactionImpl - On TransactionImpl creation, JpaCompliance#isJpaTransactionComplianceEnabled == false
[DEBUG] 2020-09-30 09:45:44.576 [main] TransactionImpl - begin
[DEBUG] 2020-09-30 09:45:44.633 [main] TransactionImpl - committing
[DEBUG] 2020-09-30 09:45:44.640 [main] AbstractFlushingEventListener - Processing flush-time cascades
[DEBUG] 2020-09-30 09:45:44.640 [main] AbstractFlushingEventListener - Dirty checking collections
[DEBUG] 2020-09-30 09:45:44.672 [main] AbstractFlushingEventListener - Flushed: 0 insertions, 1 updates, 0 deletions to 1 objects
[DEBUG] 2020-09-30 09:45:44.673 [main] AbstractFlushingEventListener - Flushed: 0 (re)creations, 0 updates, 0 removals to 0 collections
[DEBUG] 2020-09-30 09:45:44.695 [main] EntityPrinter - Listing entities:
[DEBUG] 2020-09-30 09:45:44.705 [main] EntityPrinter - hote.entity.User{user_name=fhensen, last_name=Hensen, id=2, first_name=John}
[DEBUG] 2020-09-30 09:45:44.728 [main] SQL - update user set first_name=?, last_name=?, user_name=? where id=?
[DEBUG] 2020-09-30 09:45:44.754 [main] LogicalConnectionManagedImpl - Initiating JDBC connection release from afterTransaction
[DEBUG] 2020-09-30 09:45:44.761 [main] LogicalConnectionManagedImpl - Initiating JDBC connection release from afterTransaction
[DEBUG] 2020-09-30 09:45:44.762 [main] SQL - select user0_.id as id1_0_0_, user0_.first_name as first_na2_0_0_, user0_.last_name as last_nam3_0_0_, user0_.user_name as user_nam4_0_0_ from user user0_ where user0_.id=?
[DEBUG] 2020-09-30 09:45:44.778 [main] ResultSetProcessorImpl - Starting ResultSet row #0
[DEBUG] 2020-09-30 09:45:44.778 [main] EntityReferenceInitializerImpl - On call to EntityIdentifierReaderImpl#resolve, EntityKey was already known; should only happen on root returns with an optional identifier specified
[DEBUG] 2020-09-30 09:45:44.779 [main] TwoPhaseLoad - Resolving attributes for [hote.entity.User#2]
[DEBUG] 2020-09-30 09:45:44.781 [main] TwoPhaseLoad - Processing attribute `first_name` : value = John
[DEBUG] 2020-09-30 09:45:44.786 [main] TwoPhaseLoad - Attribute (`first_name`)  - enhanced for lazy-loading? - false
[DEBUG] 2020-09-30 09:45:44.787 [main] TwoPhaseLoad - Processing attribute `last_name` : value = Hensen
[DEBUG] 2020-09-30 09:45:44.788 [main] TwoPhaseLoad - Attribute (`last_name`)  - enhanced for lazy-loading? - false
[DEBUG] 2020-09-30 09:45:44.788 [main] TwoPhaseLoad - Processing attribute `user_name` : value = fhensen
[DEBUG] 2020-09-30 09:45:44.789 [main] TwoPhaseLoad - Attribute (`user_name`)  - enhanced for lazy-loading? - false
[DEBUG] 2020-09-30 09:45:44.789 [main] TwoPhaseLoad - Done materializing entity [hote.entity.User#2]
[DEBUG] 2020-09-30 09:45:44.790 [main] ResourceRegistryStandardImpl - HHH000387: ResultSet's statement was not registered
[DEBUG] 2020-09-30 09:45:44.790 [main] AbstractLoadPlanBasedEntityLoader - Done entity load : hote.entity.User#2
[DEBUG] 2020-09-30 09:45:44.790 [main] LogicalConnectionManagedImpl - Initiating JDBC connection release from afterTransaction
