[DEBUG] 2020-10-07 09:27:58.528 [main] IntegratorServiceImpl - Adding Integrator [org.hibernate.cfg.beanvalidation.BeanValidationIntegrator].
[DEBUG] 2020-10-07 09:27:58.558 [main] IntegratorServiceImpl - Adding Integrator [org.hibernate.secure.spi.JaccIntegrator].
[DEBUG] 2020-10-07 09:27:58.571 [main] IntegratorServiceImpl - Adding Integrator [org.hibernate.cache.internal.CollectionCacheInvalidator].
[INFO ] 2020-10-07 09:27:58.974 [main] Version - HHH000412: Hibernate Core {5.4.4.Final}
[DEBUG] 2020-10-07 09:27:58.994 [main] Environment - HHH000206: hibernate.properties not found
[DEBUG] 2020-10-07 09:28:00.127 [main] JaxbCfgProcessor - cfg.xml document did not define namespaces; wrapping in custom event reader to introduce namespace information
[DEBUG] 2020-10-07 09:28:01.247 [main] ServiceBinding - Overriding existing service binding [org.hibernate.secure.spi.JaccService]
[DEBUG] 2020-10-07 09:28:01.384 [main] RegionFactoryInitiator - Cannot default RegionFactory based on registered strategies as `[]` RegionFactory strategies were registered
[DEBUG] 2020-10-07 09:28:01.391 [main] RegionFactoryInitiator - Cache region factory : org.hibernate.cache.internal.NoCachingRegionFactory
[INFO ] 2020-10-07 09:28:01.445 [main] Version - HCANN000001: Hibernate Commons Annotations {5.1.0.Final}
[DEBUG] 2020-10-07 09:28:01.594 [main] BasicTypeRegistry - Adding type registration boolean -> org.hibernate.type.BooleanType@5b84f14
[DEBUG] 2020-10-07 09:28:01.595 [main] BasicTypeRegistry - Adding type registration boolean -> org.hibernate.type.BooleanType@5b84f14
[DEBUG] 2020-10-07 09:28:01.595 [main] BasicTypeRegistry - Adding type registration java.lang.Boolean -> org.hibernate.type.BooleanType@5b84f14
[DEBUG] 2020-10-07 09:28:01.602 [main] BasicTypeRegistry - Adding type registration numeric_boolean -> org.hibernate.type.NumericBooleanType@701bc94e
[DEBUG] 2020-10-07 09:28:01.603 [main] BasicTypeRegistry - Adding type registration true_false -> org.hibernate.type.TrueFalseType@5918c260
[DEBUG] 2020-10-07 09:28:01.604 [main] BasicTypeRegistry - Adding type registration yes_no -> org.hibernate.type.YesNoType@5017e1
[DEBUG] 2020-10-07 09:28:01.610 [main] BasicTypeRegistry - Adding type registration byte -> org.hibernate.type.ByteType@244e619a
[DEBUG] 2020-10-07 09:28:01.612 [main] BasicTypeRegistry - Adding type registration byte -> org.hibernate.type.ByteType@244e619a
[DEBUG] 2020-10-07 09:28:01.612 [main] BasicTypeRegistry - Adding type registration java.lang.Byte -> org.hibernate.type.ByteType@244e619a
[DEBUG] 2020-10-07 09:28:01.618 [main] BasicTypeRegistry - Adding type registration character -> org.hibernate.type.CharacterType@719d35e8
[DEBUG] 2020-10-07 09:28:01.619 [main] BasicTypeRegistry - Adding type registration char -> org.hibernate.type.CharacterType@719d35e8
[DEBUG] 2020-10-07 09:28:01.620 [main] BasicTypeRegistry - Adding type registration java.lang.Character -> org.hibernate.type.CharacterType@719d35e8
[DEBUG] 2020-10-07 09:28:01.627 [main] BasicTypeRegistry - Adding type registration short -> org.hibernate.type.ShortType@188b6035
[DEBUG] 2020-10-07 09:28:01.627 [main] BasicTypeRegistry - Adding type registration short -> org.hibernate.type.ShortType@188b6035
[DEBUG] 2020-10-07 09:28:01.628 [main] BasicTypeRegistry - Adding type registration java.lang.Short -> org.hibernate.type.ShortType@188b6035
[DEBUG] 2020-10-07 09:28:01.631 [main] BasicTypeRegistry - Adding type registration integer -> org.hibernate.type.IntegerType@1ff55ff
[DEBUG] 2020-10-07 09:28:01.631 [main] BasicTypeRegistry - Adding type registration int -> org.hibernate.type.IntegerType@1ff55ff
[DEBUG] 2020-10-07 09:28:01.631 [main] BasicTypeRegistry - Adding type registration java.lang.Integer -> org.hibernate.type.IntegerType@1ff55ff
[DEBUG] 2020-10-07 09:28:01.638 [main] BasicTypeRegistry - Adding type registration long -> org.hibernate.type.LongType@148c7c4b
[DEBUG] 2020-10-07 09:28:01.639 [main] BasicTypeRegistry - Adding type registration long -> org.hibernate.type.LongType@148c7c4b
[DEBUG] 2020-10-07 09:28:01.639 [main] BasicTypeRegistry - Adding type registration java.lang.Long -> org.hibernate.type.LongType@148c7c4b
[DEBUG] 2020-10-07 09:28:01.644 [main] BasicTypeRegistry - Adding type registration float -> org.hibernate.type.FloatType@6aba5d30
[DEBUG] 2020-10-07 09:28:01.644 [main] BasicTypeRegistry - Adding type registration float -> org.hibernate.type.FloatType@6aba5d30
[DEBUG] 2020-10-07 09:28:01.644 [main] BasicTypeRegistry - Adding type registration java.lang.Float -> org.hibernate.type.FloatType@6aba5d30
[DEBUG] 2020-10-07 09:28:01.649 [main] BasicTypeRegistry - Adding type registration double -> org.hibernate.type.DoubleType@2c6aed22
[DEBUG] 2020-10-07 09:28:01.649 [main] BasicTypeRegistry - Adding type registration double -> org.hibernate.type.DoubleType@2c6aed22
[DEBUG] 2020-10-07 09:28:01.649 [main] BasicTypeRegistry - Adding type registration java.lang.Double -> org.hibernate.type.DoubleType@2c6aed22
[DEBUG] 2020-10-07 09:28:01.654 [main] BasicTypeRegistry - Adding type registration big_decimal -> org.hibernate.type.BigDecimalType@1416a80a
[DEBUG] 2020-10-07 09:28:01.656 [main] BasicTypeRegistry - Adding type registration java.math.BigDecimal -> org.hibernate.type.BigDecimalType@1416a80a
[DEBUG] 2020-10-07 09:28:01.658 [main] BasicTypeRegistry - Adding type registration big_integer -> org.hibernate.type.BigIntegerType@2b5183ec
[DEBUG] 2020-10-07 09:28:01.659 [main] BasicTypeRegistry - Adding type registration java.math.BigInteger -> org.hibernate.type.BigIntegerType@2b5183ec
[DEBUG] 2020-10-07 09:28:01.662 [main] BasicTypeRegistry - Adding type registration string -> org.hibernate.type.StringType@b0e5507
[DEBUG] 2020-10-07 09:28:01.666 [main] BasicTypeRegistry - Adding type registration java.lang.String -> org.hibernate.type.StringType@b0e5507
[DEBUG] 2020-10-07 09:28:01.667 [main] BasicTypeRegistry - Adding type registration nstring -> org.hibernate.type.StringNVarcharType@1108adc8
[DEBUG] 2020-10-07 09:28:01.668 [main] BasicTypeRegistry - Adding type registration ncharacter -> org.hibernate.type.CharacterNCharType@5eb2172
[DEBUG] 2020-10-07 09:28:01.672 [main] BasicTypeRegistry - Adding type registration url -> org.hibernate.type.UrlType@1744a475
[DEBUG] 2020-10-07 09:28:01.672 [main] BasicTypeRegistry - Adding type registration java.net.URL -> org.hibernate.type.UrlType@1744a475
[DEBUG] 2020-10-07 09:28:01.675 [main] BasicTypeRegistry - Adding type registration Duration -> org.hibernate.type.DurationType@ca93621
[DEBUG] 2020-10-07 09:28:01.675 [main] BasicTypeRegistry - Adding type registration java.time.Duration -> org.hibernate.type.DurationType@ca93621
[DEBUG] 2020-10-07 09:28:01.688 [main] BasicTypeRegistry - Adding type registration Instant -> org.hibernate.type.InstantType@16a49a5d
[DEBUG] 2020-10-07 09:28:01.689 [main] BasicTypeRegistry - Adding type registration java.time.Instant -> org.hibernate.type.InstantType@16a49a5d
[DEBUG] 2020-10-07 09:28:01.703 [main] BasicTypeRegistry - Adding type registration LocalDateTime -> org.hibernate.type.LocalDateTimeType@7c2b58c0
[DEBUG] 2020-10-07 09:28:01.706 [main] BasicTypeRegistry - Adding type registration java.time.LocalDateTime -> org.hibernate.type.LocalDateTimeType@7c2b58c0
[DEBUG] 2020-10-07 09:28:01.713 [main] BasicTypeRegistry - Adding type registration LocalDate -> org.hibernate.type.LocalDateType@10fbbdb
[DEBUG] 2020-10-07 09:28:01.714 [main] BasicTypeRegistry - Adding type registration java.time.LocalDate -> org.hibernate.type.LocalDateType@10fbbdb
[DEBUG] 2020-10-07 09:28:01.719 [main] BasicTypeRegistry - Adding type registration LocalTime -> org.hibernate.type.LocalTimeType@204e90f7
[DEBUG] 2020-10-07 09:28:01.719 [main] BasicTypeRegistry - Adding type registration java.time.LocalTime -> org.hibernate.type.LocalTimeType@204e90f7
[DEBUG] 2020-10-07 09:28:01.723 [main] BasicTypeRegistry - Adding type registration OffsetDateTime -> org.hibernate.type.OffsetDateTimeType@e4b6f47
[DEBUG] 2020-10-07 09:28:01.724 [main] BasicTypeRegistry - Adding type registration java.time.OffsetDateTime -> org.hibernate.type.OffsetDateTimeType@e4b6f47
[DEBUG] 2020-10-07 09:28:01.725 [main] BasicTypeRegistry - Adding type registration OffsetTime -> org.hibernate.type.OffsetTimeType@173797f0
[DEBUG] 2020-10-07 09:28:01.726 [main] BasicTypeRegistry - Adding type registration java.time.OffsetTime -> org.hibernate.type.OffsetTimeType@173797f0
[DEBUG] 2020-10-07 09:28:01.736 [main] BasicTypeRegistry - Adding type registration ZonedDateTime -> org.hibernate.type.ZonedDateTimeType@33d53216
[DEBUG] 2020-10-07 09:28:01.736 [main] BasicTypeRegistry - Adding type registration java.time.ZonedDateTime -> org.hibernate.type.ZonedDateTimeType@33d53216
[DEBUG] 2020-10-07 09:28:01.742 [main] BasicTypeRegistry - Adding type registration date -> org.hibernate.type.DateType@73fc518f
[DEBUG] 2020-10-07 09:28:01.743 [main] BasicTypeRegistry - Adding type registration java.sql.Date -> org.hibernate.type.DateType@73fc518f
[DEBUG] 2020-10-07 09:28:01.745 [main] BasicTypeRegistry - Adding type registration time -> org.hibernate.type.TimeType@4e17913b
[DEBUG] 2020-10-07 09:28:01.750 [main] BasicTypeRegistry - Adding type registration java.sql.Time -> org.hibernate.type.TimeType@4e17913b
[DEBUG] 2020-10-07 09:28:01.754 [main] BasicTypeRegistry - Adding type registration timestamp -> org.hibernate.type.TimestampType@35e8316e
[DEBUG] 2020-10-07 09:28:01.754 [main] BasicTypeRegistry - Adding type registration java.sql.Timestamp -> org.hibernate.type.TimestampType@35e8316e
[DEBUG] 2020-10-07 09:28:01.754 [main] BasicTypeRegistry - Adding type registration java.util.Date -> org.hibernate.type.TimestampType@35e8316e
[DEBUG] 2020-10-07 09:28:01.757 [main] BasicTypeRegistry - Adding type registration dbtimestamp -> org.hibernate.type.DbTimestampType@6cd166b8
[DEBUG] 2020-10-07 09:28:01.764 [main] BasicTypeRegistry - Adding type registration calendar -> org.hibernate.type.CalendarType@7a0f244f
[DEBUG] 2020-10-07 09:28:01.770 [main] BasicTypeRegistry - Adding type registration java.util.Calendar -> org.hibernate.type.CalendarType@7a0f244f
[DEBUG] 2020-10-07 09:28:01.770 [main] BasicTypeRegistry - Adding type registration java.util.GregorianCalendar -> org.hibernate.type.CalendarType@7a0f244f
[DEBUG] 2020-10-07 09:28:01.782 [main] BasicTypeRegistry - Adding type registration calendar_date -> org.hibernate.type.CalendarDateType@2330e3e0
[DEBUG] 2020-10-07 09:28:01.790 [main] BasicTypeRegistry - Adding type registration locale -> org.hibernate.type.LocaleType@3f9270ed
[DEBUG] 2020-10-07 09:28:01.792 [main] BasicTypeRegistry - Adding type registration java.util.Locale -> org.hibernate.type.LocaleType@3f9270ed
[DEBUG] 2020-10-07 09:28:01.795 [main] BasicTypeRegistry - Adding type registration currency -> org.hibernate.type.CurrencyType@53a665ad
[DEBUG] 2020-10-07 09:28:01.800 [main] BasicTypeRegistry - Adding type registration java.util.Currency -> org.hibernate.type.CurrencyType@53a665ad
[DEBUG] 2020-10-07 09:28:01.802 [main] BasicTypeRegistry - Adding type registration timezone -> org.hibernate.type.TimeZoneType@abff8b7
[DEBUG] 2020-10-07 09:28:01.806 [main] BasicTypeRegistry - Adding type registration java.util.TimeZone -> org.hibernate.type.TimeZoneType@abff8b7
[DEBUG] 2020-10-07 09:28:01.807 [main] BasicTypeRegistry - Adding type registration class -> org.hibernate.type.ClassType@1b4ae4e0
[DEBUG] 2020-10-07 09:28:01.808 [main] BasicTypeRegistry - Adding type registration java.lang.Class -> org.hibernate.type.ClassType@1b4ae4e0
[DEBUG] 2020-10-07 09:28:01.810 [main] BasicTypeRegistry - Adding type registration uuid-binary -> org.hibernate.type.UUIDBinaryType@37d871c2
[DEBUG] 2020-10-07 09:28:01.814 [main] BasicTypeRegistry - Adding type registration java.util.UUID -> org.hibernate.type.UUIDBinaryType@37d871c2
[DEBUG] 2020-10-07 09:28:01.819 [main] BasicTypeRegistry - Adding type registration uuid-char -> org.hibernate.type.UUIDCharType@3ab6678b
[DEBUG] 2020-10-07 09:28:01.821 [main] BasicTypeRegistry - Adding type registration binary -> org.hibernate.type.BinaryType@4339e0de
[DEBUG] 2020-10-07 09:28:01.822 [main] BasicTypeRegistry - Adding type registration byte[] -> org.hibernate.type.BinaryType@4339e0de
[DEBUG] 2020-10-07 09:28:01.822 [main] BasicTypeRegistry - Adding type registration [B -> org.hibernate.type.BinaryType@4339e0de
[DEBUG] 2020-10-07 09:28:01.827 [main] BasicTypeRegistry - Adding type registration wrapper-binary -> org.hibernate.type.WrapperBinaryType@27b2faa6
[DEBUG] 2020-10-07 09:28:01.827 [main] BasicTypeRegistry - Adding type registration Byte[] -> org.hibernate.type.WrapperBinaryType@27b2faa6
[DEBUG] 2020-10-07 09:28:01.830 [main] BasicTypeRegistry - Adding type registration [Ljava.lang.Byte; -> org.hibernate.type.WrapperBinaryType@27b2faa6
[DEBUG] 2020-10-07 09:28:01.832 [main] BasicTypeRegistry - Adding type registration row_version -> org.hibernate.type.RowVersionType@75a118e6
[DEBUG] 2020-10-07 09:28:01.836 [main] BasicTypeRegistry - Adding type registration image -> org.hibernate.type.ImageType@77d680e6
[DEBUG] 2020-10-07 09:28:01.839 [main] BasicTypeRegistry - Adding type registration characters -> org.hibernate.type.CharArrayType@37b57b54
[DEBUG] 2020-10-07 09:28:01.839 [main] BasicTypeRegistry - Adding type registration char[] -> org.hibernate.type.CharArrayType@37b57b54
[DEBUG] 2020-10-07 09:28:01.839 [main] BasicTypeRegistry - Adding type registration [C -> org.hibernate.type.CharArrayType@37b57b54
[DEBUG] 2020-10-07 09:28:01.841 [main] BasicTypeRegistry - Adding type registration wrapper-characters -> org.hibernate.type.CharacterArrayType@5580d62f
[DEBUG] 2020-10-07 09:28:01.842 [main] BasicTypeRegistry - Adding type registration [Ljava.lang.Character; -> org.hibernate.type.CharacterArrayType@5580d62f
[DEBUG] 2020-10-07 09:28:01.842 [main] BasicTypeRegistry - Adding type registration Character[] -> org.hibernate.type.CharacterArrayType@5580d62f
[DEBUG] 2020-10-07 09:28:01.843 [main] BasicTypeRegistry - Adding type registration text -> org.hibernate.type.TextType@154bd49b
[DEBUG] 2020-10-07 09:28:01.843 [main] BasicTypeRegistry - Adding type registration ntext -> org.hibernate.type.NTextType@67fc2aad
[DEBUG] 2020-10-07 09:28:01.849 [main] BasicTypeRegistry - Adding type registration blob -> org.hibernate.type.BlobType@3f92a84e
[DEBUG] 2020-10-07 09:28:01.850 [main] BasicTypeRegistry - Adding type registration java.sql.Blob -> org.hibernate.type.BlobType@3f92a84e
[DEBUG] 2020-10-07 09:28:01.854 [main] BasicTypeRegistry - Adding type registration materialized_blob -> org.hibernate.type.MaterializedBlobType@53b8afea
[DEBUG] 2020-10-07 09:28:01.856 [main] BasicTypeRegistry - Adding type registration clob -> org.hibernate.type.ClobType@5b051a5c
[DEBUG] 2020-10-07 09:28:01.856 [main] BasicTypeRegistry - Adding type registration java.sql.Clob -> org.hibernate.type.ClobType@5b051a5c
[DEBUG] 2020-10-07 09:28:01.870 [main] BasicTypeRegistry - Adding type registration nclob -> org.hibernate.type.NClobType@3f9f71ff
[DEBUG] 2020-10-07 09:28:01.870 [main] BasicTypeRegistry - Adding type registration java.sql.NClob -> org.hibernate.type.NClobType@3f9f71ff
[DEBUG] 2020-10-07 09:28:01.873 [main] BasicTypeRegistry - Adding type registration materialized_clob -> org.hibernate.type.MaterializedClobType@764cba
[DEBUG] 2020-10-07 09:28:01.874 [main] BasicTypeRegistry - Adding type registration materialized_nclob -> org.hibernate.type.MaterializedNClobType@3872bc37
[DEBUG] 2020-10-07 09:28:01.880 [main] BasicTypeRegistry - Adding type registration serializable -> org.hibernate.type.SerializableType@3e3861d7
[DEBUG] 2020-10-07 09:28:01.894 [main] BasicTypeRegistry - Adding type registration object -> org.hibernate.type.ObjectType@3531f3ca
[DEBUG] 2020-10-07 09:28:01.894 [main] BasicTypeRegistry - Adding type registration java.lang.Object -> org.hibernate.type.ObjectType@3531f3ca
[DEBUG] 2020-10-07 09:28:01.896 [main] BasicTypeRegistry - Adding type registration imm_date -> org.hibernate.type.AdaptedImmutableType@5fe7f967
[DEBUG] 2020-10-07 09:28:01.898 [main] BasicTypeRegistry - Adding type registration imm_time -> org.hibernate.type.AdaptedImmutableType@59e43e8c
[DEBUG] 2020-10-07 09:28:01.898 [main] BasicTypeRegistry - Adding type registration imm_timestamp -> org.hibernate.type.AdaptedImmutableType@2caa5d7c
[DEBUG] 2020-10-07 09:28:01.902 [main] BasicTypeRegistry - Adding type registration imm_dbtimestamp -> org.hibernate.type.AdaptedImmutableType@5e671e20
[DEBUG] 2020-10-07 09:28:01.902 [main] BasicTypeRegistry - Adding type registration imm_calendar -> org.hibernate.type.AdaptedImmutableType@3eabe84a
[DEBUG] 2020-10-07 09:28:01.903 [main] BasicTypeRegistry - Adding type registration imm_calendar_date -> org.hibernate.type.AdaptedImmutableType@46c3a14d
[DEBUG] 2020-10-07 09:28:01.903 [main] BasicTypeRegistry - Adding type registration imm_binary -> org.hibernate.type.AdaptedImmutableType@38fc5554
[DEBUG] 2020-10-07 09:28:01.903 [main] BasicTypeRegistry - Adding type registration imm_serializable -> org.hibernate.type.AdaptedImmutableType@5e8cda75
[DEBUG] 2020-10-07 09:28:02.017 [main] DefaultIdentifierGeneratorFactory - Registering IdentifierGenerator strategy [uuid2] -> [org.hibernate.id.UUIDGenerator]
[DEBUG] 2020-10-07 09:28:02.021 [main] DefaultIdentifierGeneratorFactory - Registering IdentifierGenerator strategy [guid] -> [org.hibernate.id.GUIDGenerator]
[DEBUG] 2020-10-07 09:28:02.023 [main] DefaultIdentifierGeneratorFactory - Registering IdentifierGenerator strategy [uuid] -> [org.hibernate.id.UUIDHexGenerator]
[DEBUG] 2020-10-07 09:28:02.023 [main] DefaultIdentifierGeneratorFactory - Registering IdentifierGenerator strategy [uuid.hex] -> [org.hibernate.id.UUIDHexGenerator]
[DEBUG] 2020-10-07 09:28:02.024 [main] DefaultIdentifierGeneratorFactory - Registering IdentifierGenerator strategy [assigned] -> [org.hibernate.id.Assigned]
[DEBUG] 2020-10-07 09:28:02.025 [main] DefaultIdentifierGeneratorFactory - Registering IdentifierGenerator strategy [identity] -> [org.hibernate.id.IdentityGenerator]
[DEBUG] 2020-10-07 09:28:02.031 [main] DefaultIdentifierGeneratorFactory - Registering IdentifierGenerator strategy [select] -> [org.hibernate.id.SelectGenerator]
[DEBUG] 2020-10-07 09:28:02.038 [main] DefaultIdentifierGeneratorFactory - Registering IdentifierGenerator strategy [sequence] -> [org.hibernate.id.enhanced.SequenceStyleGenerator]
[DEBUG] 2020-10-07 09:28:02.039 [main] DefaultIdentifierGeneratorFactory - Registering IdentifierGenerator strategy [seqhilo] -> [org.hibernate.id.SequenceHiLoGenerator]
[DEBUG] 2020-10-07 09:28:02.040 [main] DefaultIdentifierGeneratorFactory - Registering IdentifierGenerator strategy [increment] -> [org.hibernate.id.IncrementGenerator]
[DEBUG] 2020-10-07 09:28:02.041 [main] DefaultIdentifierGeneratorFactory - Registering IdentifierGenerator strategy [foreign] -> [org.hibernate.id.ForeignGenerator]
[DEBUG] 2020-10-07 09:28:02.044 [main] DefaultIdentifierGeneratorFactory - Registering IdentifierGenerator strategy [sequence-identity] -> [org.hibernate.id.SequenceIdentityGenerator]
[DEBUG] 2020-10-07 09:28:02.044 [main] DefaultIdentifierGeneratorFactory - Registering IdentifierGenerator strategy [enhanced-sequence] -> [org.hibernate.id.enhanced.SequenceStyleGenerator]
[DEBUG] 2020-10-07 09:28:02.046 [main] DefaultIdentifierGeneratorFactory - Registering IdentifierGenerator strategy [enhanced-table] -> [org.hibernate.id.enhanced.TableGenerator]
[INFO ] 2020-10-07 09:28:02.069 [main] C3P0ConnectionProvider - HHH010002: C3P0 using driver: com.mysql.cj.jdbc.Driver at URL: jdbc:mysql://localhost:3306/hotel_test
[INFO ] 2020-10-07 09:28:02.070 [main] C3P0ConnectionProvider - HHH10001001: Connection properties: {password=****, user=root}
[INFO ] 2020-10-07 09:28:02.070 [main] C3P0ConnectionProvider - HHH10001003: Autocommit mode: false
[INFO ] 2020-10-07 09:28:02.600 [main] C3P0ConnectionProvider - HHH10001007: JDBC isolation level: <unknown>
[DEBUG] 2020-10-07 09:28:03.036 [main] JdbcEnvironmentInitiator - Database ->
       name : MySQL
    version : 8.0.16
      major : 8
      minor : 0
[DEBUG] 2020-10-07 09:28:03.047 [main] JdbcEnvironmentInitiator - Driver ->
       name : MySQL Connector/J
    version : mysql-connector-java-8.0.16 (Revision: 34cbc6bc61f72836e26327537a432d6db7c77de6)
      major : 8
      minor : 0
[DEBUG] 2020-10-07 09:28:03.048 [main] JdbcEnvironmentInitiator - JDBC version : 4.2
[INFO ] 2020-10-07 09:28:03.208 [main] Dialect - HHH000400: Using dialect: org.hibernate.dialect.MySQL8Dialect
[DEBUG] 2020-10-07 09:28:03.269 [main] IdentifierHelperBuilder - JDBC driver metadata reported database stores quoted identifiers in more than one case
[DEBUG] 2020-10-07 09:28:03.360 [main] IdentifierHelperBuilder - IdentifierCaseStrategy for both quoted and unquoted identifiers was set to the same strategy [MIXED]; that will likely lead to problems in schema update and validation if using quoted identifiers
[DEBUG] 2020-10-07 09:28:03.535 [main] Namespace - Created database namespace [logicalName=Name{catalog=null, schema=null}, physicalName=Name{catalog=null, schema=null}]
[DEBUG] 2020-10-07 09:28:03.552 [main] TypeConfiguration$Scope - Scoping TypeConfiguration [org.hibernate.type.spi.TypeConfiguration@4fa822ad] to MetadataBuildingContext [org.hibernate.boot.internal.MetadataBuildingContextRootImpl@597f0937]
[DEBUG] 2020-10-07 09:28:03.828 [main] AnnotationBinder - Binding entity from annotated class: hote.entity.User
[DEBUG] 2020-10-07 09:28:03.947 [main] Ejb3Column - Binding column: Ejb3DiscriminatorColumn{logicalColumnName'DTYPE', discriminatorTypeName='string'}
[DEBUG] 2020-10-07 09:28:03.964 [main] EntityBinder - Import with entity name User
[DEBUG] 2020-10-07 09:28:03.975 [main] EntityBinder - Bind entity hote.entity.User on table user
[DEBUG] 2020-10-07 09:28:04.067 [main] Ejb3Column - Binding column: Ejb3Column{table=org.hibernate.mapping.Table(user), mappingColumn=id, insertable=true, updatable=true, unique=false}
[DEBUG] 2020-10-07 09:28:04.078 [main] PropertyBinder - MetadataSourceProcessor property id with lazy=false
[DEBUG] 2020-10-07 09:28:04.083 [main] AbstractPropertyHolder - Attempting to locate auto-apply AttributeConverter for property [hote.entity.User:id]
[DEBUG] 2020-10-07 09:28:04.093 [main] SimpleValueBinder - building SimpleValue for id
[DEBUG] 2020-10-07 09:28:04.097 [main] PropertyBinder - Building property id
[DEBUG] 2020-10-07 09:28:04.114 [main] BinderHelper - #makeIdGenerator(org.hibernate.mapping.SimpleValue([org.hibernate.mapping.Column(id)]), id, org.hibernate.id.enhanced.SequenceStyleGenerator, native, ...)
[DEBUG] 2020-10-07 09:28:04.116 [main] Ejb3Column - Binding column: Ejb3Column{table=org.hibernate.mapping.Table(user), mappingColumn=first_name, insertable=true, updatable=true, unique=false}
[DEBUG] 2020-10-07 09:28:04.120 [main] PropertyBinder - MetadataSourceProcessor property first_name with lazy=false
[DEBUG] 2020-10-07 09:28:04.120 [main] AbstractPropertyHolder - Attempting to locate auto-apply AttributeConverter for property [hote.entity.User:first_name]
[DEBUG] 2020-10-07 09:28:04.121 [main] SimpleValueBinder - building SimpleValue for first_name
[DEBUG] 2020-10-07 09:28:04.121 [main] PropertyBinder - Building property first_name
[DEBUG] 2020-10-07 09:28:04.121 [main] Ejb3Column - Binding column: Ejb3Column{table=org.hibernate.mapping.Table(user), mappingColumn=last_name, insertable=true, updatable=true, unique=false}
[DEBUG] 2020-10-07 09:28:04.125 [main] PropertyBinder - MetadataSourceProcessor property last_name with lazy=false
[DEBUG] 2020-10-07 09:28:04.126 [main] AbstractPropertyHolder - Attempting to locate auto-apply AttributeConverter for property [hote.entity.User:last_name]
[DEBUG] 2020-10-07 09:28:04.126 [main] SimpleValueBinder - building SimpleValue for last_name
[DEBUG] 2020-10-07 09:28:04.126 [main] PropertyBinder - Building property last_name
[DEBUG] 2020-10-07 09:28:04.128 [main] Ejb3Column - Binding column: Ejb3JoinColumn{logicalColumnName='null', referencedColumn='null', mappedBy='user'}
[DEBUG] 2020-10-07 09:28:04.133 [main] Ejb3Column - Binding column: Ejb3Column{table=org.hibernate.mapping.Table(user), mappingColumn=orders, insertable=true, updatable=true, unique=false}
[DEBUG] 2020-10-07 09:28:04.142 [main] Ejb3Column - Binding column: Ejb3Column{table=org.hibernate.mapping.Table(user), mappingColumn=null, insertable=true, updatable=true, unique=false}
[DEBUG] 2020-10-07 09:28:04.164 [main] Ejb3Column - Binding column: Ejb3Column{table=org.hibernate.mapping.Table(user), mappingColumn=element, insertable=true, updatable=true, unique=false}
[DEBUG] 2020-10-07 09:28:04.177 [main] Ejb3Column - Binding column: Ejb3Column{table=org.hibernate.mapping.Table(user), mappingColumn=orders_KEY, insertable=true, updatable=true, unique=false}
[DEBUG] 2020-10-07 09:28:04.180 [main] Ejb3Column - Binding column: Ejb3JoinColumn{logicalColumnName='orders_KEY', referencedColumn='null', mappedBy='null'}
[DEBUG] 2020-10-07 09:28:04.193 [main] Ejb3Column - Binding column: Ejb3JoinColumn{logicalColumnName='null', referencedColumn='null', mappedBy='user'}
[DEBUG] 2020-10-07 09:28:04.193 [main] Ejb3Column - Binding column: Ejb3JoinColumn{logicalColumnName='null', referencedColumn='null', mappedBy='user'}
[DEBUG] 2020-10-07 09:28:04.194 [main] CollectionBinder - Collection role: hote.entity.User.orders
[DEBUG] 2020-10-07 09:28:04.207 [main] PropertyBinder - Building property orders
[DEBUG] 2020-10-07 09:28:04.211 [main] Ejb3Column - Binding column: Ejb3Column{table=org.hibernate.mapping.Table(user), mappingColumn=user_name, insertable=true, updatable=true, unique=false}
[DEBUG] 2020-10-07 09:28:04.211 [main] PropertyBinder - MetadataSourceProcessor property user_name with lazy=false
[DEBUG] 2020-10-07 09:28:04.211 [main] AbstractPropertyHolder - Attempting to locate auto-apply AttributeConverter for property [hote.entity.User:user_name]
[DEBUG] 2020-10-07 09:28:04.211 [main] SimpleValueBinder - building SimpleValue for user_name
[DEBUG] 2020-10-07 09:28:04.212 [main] PropertyBinder - Building property user_name
[DEBUG] 2020-10-07 09:28:04.216 [main] AnnotationBinder - Binding entity from annotated class: hote.entity.Order
[DEBUG] 2020-10-07 09:28:04.223 [main] Ejb3Column - Binding column: Ejb3DiscriminatorColumn{logicalColumnName'DTYPE', discriminatorTypeName='string'}
[DEBUG] 2020-10-07 09:28:04.223 [main] EntityBinder - Import with entity name Order
[DEBUG] 2020-10-07 09:28:04.223 [main] EntityBinder - Bind entity hote.entity.Order on table orders
[DEBUG] 2020-10-07 09:28:04.231 [main] Ejb3Column - Binding column: Ejb3Column{table=org.hibernate.mapping.Table(orders), mappingColumn=id, insertable=true, updatable=true, unique=false}
[DEBUG] 2020-10-07 09:28:04.231 [main] PropertyBinder - MetadataSourceProcessor property id with lazy=false
[DEBUG] 2020-10-07 09:28:04.231 [main] AbstractPropertyHolder - Attempting to locate auto-apply AttributeConverter for property [hote.entity.Order:id]
[DEBUG] 2020-10-07 09:28:04.232 [main] SimpleValueBinder - building SimpleValue for id
[DEBUG] 2020-10-07 09:28:04.235 [main] PropertyBinder - Building property id
[DEBUG] 2020-10-07 09:28:04.237 [main] BinderHelper - #makeIdGenerator(org.hibernate.mapping.SimpleValue([org.hibernate.mapping.Column(id)]), id, org.hibernate.id.enhanced.SequenceStyleGenerator, native, ...)
[DEBUG] 2020-10-07 09:28:04.237 [main] Ejb3Column - Binding column: Ejb3Column{table=org.hibernate.mapping.Table(orders), mappingColumn=description, insertable=true, updatable=true, unique=false}
[DEBUG] 2020-10-07 09:28:04.237 [main] PropertyBinder - MetadataSourceProcessor property description with lazy=false
[DEBUG] 2020-10-07 09:28:04.238 [main] AbstractPropertyHolder - Attempting to locate auto-apply AttributeConverter for property [hote.entity.Order:description]
[DEBUG] 2020-10-07 09:28:04.238 [main] SimpleValueBinder - building SimpleValue for description
[DEBUG] 2020-10-07 09:28:04.238 [main] PropertyBinder - Building property description
[DEBUG] 2020-10-07 09:28:04.244 [main] Ejb3Column - Binding column: Ejb3JoinColumn{logicalColumnName='null', referencedColumn='null', mappedBy='null'}
[DEBUG] 2020-10-07 09:28:04.245 [main] Ejb3Column - Binding column: Ejb3Column{table=org.hibernate.mapping.Table(orders), mappingColumn=user, insertable=true, updatable=true, unique=false}
[DEBUG] 2020-10-07 09:28:04.247 [main] PropertyBinder - Building property user
[DEBUG] 2020-10-07 09:28:04.253 [main] SimpleValueBinder - Starting fillSimpleValue for id
[DEBUG] 2020-10-07 09:28:04.258 [main] SimpleValueBinder - Starting fillSimpleValue for first_name
[DEBUG] 2020-10-07 09:28:04.258 [main] SimpleValueBinder - Starting fillSimpleValue for last_name
[DEBUG] 2020-10-07 09:28:04.258 [main] SimpleValueBinder - Starting fillSimpleValue for user_name
[DEBUG] 2020-10-07 09:28:04.258 [main] SimpleValueBinder - Starting fillSimpleValue for id
[DEBUG] 2020-10-07 09:28:04.259 [main] SimpleValueBinder - Starting fillSimpleValue for description
[DEBUG] 2020-10-07 09:28:04.280 [main] PrimaryKey - Forcing column [id] to be non-null as it is part of the primary key for table [user]
[DEBUG] 2020-10-07 09:28:04.285 [main] PrimaryKey - Forcing column [id] to be non-null as it is part of the primary key for table [orders]
[DEBUG] 2020-10-07 09:28:04.286 [main] CollectionSecondPass - Second pass for collection: hote.entity.User.orders
[DEBUG] 2020-10-07 09:28:04.287 [main] CollectionBinder - Binding a OneToMany: hote.entity.User.orders through a foreign key
[DEBUG] 2020-10-07 09:28:04.288 [main] CollectionBinder - Mapping collection: hote.entity.User.orders -> orders
[DEBUG] 2020-10-07 09:28:04.293 [main] TableBinder - Retrieving property hote.entity.Order.user
[DEBUG] 2020-10-07 09:28:04.293 [main] CollectionSecondPass - Mapped collection key: user_id, one-to-many: hote.entity.Order
[DEBUG] 2020-10-07 09:28:04.293 [main] InFlightMetadataCollectorImpl - Resolving reference to class: hote.entity.User
[DEBUG] 2020-10-07 09:28:04.304 [main] InFlightMetadataCollectorImpl - Resolving reference to class: hote.entity.User
[DEBUG] 2020-10-07 09:28:04.434 [main] SessionFactoryImpl - Building session factory
[DEBUG] 2020-10-07 09:28:04.435 [main] Settings - SessionFactory name : null
[DEBUG] 2020-10-07 09:28:04.436 [main] Settings - Automatic flush during beforeCompletion(): enabled
[DEBUG] 2020-10-07 09:28:04.436 [main] Settings - Automatic session close at end of transaction: disabled
[DEBUG] 2020-10-07 09:28:04.436 [main] Settings - Statistics: disabled
[DEBUG] 2020-10-07 09:28:04.436 [main] Settings - Deleted entity synthetic identifier rollback: disabled
[DEBUG] 2020-10-07 09:28:04.438 [main] Settings - Default entity-mode: pojo
[DEBUG] 2020-10-07 09:28:04.439 [main] Settings - Check Nullability in Core (should be disabled when Bean Validation is on): enabled
[DEBUG] 2020-10-07 09:28:04.439 [main] Settings - Allow initialization of lazy state outside session : disabled
[DEBUG] 2020-10-07 09:28:04.439 [main] Settings - Using BatchFetchStyle : LEGACY
[DEBUG] 2020-10-07 09:28:04.439 [main] Settings - Default batch fetch size: -1
[DEBUG] 2020-10-07 09:28:04.439 [main] Settings - Maximum outer join fetch depth: 2
[DEBUG] 2020-10-07 09:28:04.441 [main] Settings - Default null ordering: NONE
[DEBUG] 2020-10-07 09:28:04.442 [main] Settings - Order SQL updates by primary key: disabled
[DEBUG] 2020-10-07 09:28:04.442 [main] Settings - Order SQL inserts for batching: disabled
[DEBUG] 2020-10-07 09:28:04.442 [main] Settings - multi-tenancy strategy : NONE
[DEBUG] 2020-10-07 09:28:04.442 [main] Settings - JTA Track by Thread: enabled
[DEBUG] 2020-10-07 09:28:04.442 [main] Settings - Query language substitutions: {}
[DEBUG] 2020-10-07 09:28:04.442 [main] Settings - Named query checking : enabled
[DEBUG] 2020-10-07 09:28:04.442 [main] Settings - Second-level cache: disabled
[DEBUG] 2020-10-07 09:28:04.442 [main] Settings - Second-level query cache: disabled
[DEBUG] 2020-10-07 09:28:04.443 [main] Settings - Second-level query cache factory: null
[DEBUG] 2020-10-07 09:28:04.443 [main] Settings - Second-level cache region prefix: null
[DEBUG] 2020-10-07 09:28:04.443 [main] Settings - Optimize second-level cache for minimal puts: disabled
[DEBUG] 2020-10-07 09:28:04.443 [main] Settings - Structured second-level cache entries: disabled
[DEBUG] 2020-10-07 09:28:04.444 [main] Settings - Second-level cache direct-reference entries: disabled
[DEBUG] 2020-10-07 09:28:04.448 [main] Settings - Automatic eviction of collection cache: disabled
[DEBUG] 2020-10-07 09:28:04.449 [main] Settings - JDBC batch size: 15
[DEBUG] 2020-10-07 09:28:04.449 [main] Settings - JDBC batch updates for versioned data: enabled
[DEBUG] 2020-10-07 09:28:04.449 [main] Settings - Scrollable result sets: enabled
[DEBUG] 2020-10-07 09:28:04.449 [main] Settings - Wrap result sets: disabled
[DEBUG] 2020-10-07 09:28:04.449 [main] Settings - JDBC3 getGeneratedKeys(): enabled
[DEBUG] 2020-10-07 09:28:04.449 [main] Settings - JDBC result set fetch size: null
[DEBUG] 2020-10-07 09:28:04.450 [main] Settings - Connection release mode: AFTER_TRANSACTION
[DEBUG] 2020-10-07 09:28:04.450 [main] Settings - Generate SQL with comments: disabled
[DEBUG] 2020-10-07 09:28:04.450 [main] Settings - JPA compliance - query : 
[DEBUG] 2020-10-07 09:28:04.452 [main] Settings - JPA compliance - closed-handling : 
[DEBUG] 2020-10-07 09:28:04.453 [main] Settings - JPA compliance - lists : 
[DEBUG] 2020-10-07 09:28:04.453 [main] Settings - JPA compliance - transactions : 
[INFO ] 2020-10-07 09:28:04.671 [main] beans - HHH10005002: No explicit CDI BeanManager reference was passed to Hibernate, but CDI is available on the Hibernate ClassLoader.
[DEBUG] 2020-10-07 09:28:04.755 [main] SessionFactoryImpl - Session factory constructed with filter configurations : {}
[DEBUG] 2020-10-07 09:28:04.755 [main] SessionFactoryImpl - Instantiating session factory with properties: {sun.desktop=gnome, awt.toolkit=sun.awt.X11.XToolkit, java.specification.version=11, sun.cpu.isalist=, hibernate.c3p0.idle_test_period=3000, sun.jnu.encoding=UTF-8, hibernate.c3p0.min_size=5, java.class.path=/snap/intellij-idea-ultimate/248/lib/idea_rt.jar:/snap/intellij-idea-ultimate/248/plugins/junit/lib/junit5-rt.jar:/snap/intellij-idea-ultimate/248/plugins/junit/lib/junit-rt.jar:/home/student/IdeaProjects/HotelWebsie/target/test-classes:/home/student/IdeaProjects/HotelWebsie/target/classes:/home/student/.m2/repository/org/junit/platform/junit-platform-runner/1.0.0/junit-platform-runner-1.0.0.jar:/home/student/.m2/repository/org/apiguardian/apiguardian-api/1.0.0/apiguardian-api-1.0.0.jar:/home/student/.m2/repository/org/junit/platform/junit-platform-launcher/1.0.0/junit-platform-launcher-1.0.0.jar:/home/student/.m2/repository/org/junit/platform/junit-platform-suite-api/1.0.0/junit-platform-suite-api-1.0.0.jar:/home/student/.m2/repository/org/junit/platform/junit-platform-commons/1.0.0/junit-platform-commons-1.0.0.jar:/home/student/.m2/repository/org/junit/vintage/junit-vintage-engine/4.12.0/junit-vintage-engine-4.12.0.jar:/home/student/.m2/repository/org/junit/platform/junit-platform-engine/1.0.0/junit-platform-engine-1.0.0.jar:/home/student/.m2/repository/org/opentest4j/opentest4j/1.0.0/opentest4j-1.0.0.jar:/home/student/.m2/repository/org/junit/jupiter/junit-jupiter-engine/5.0.0/junit-jupiter-engine-5.0.0.jar:/home/student/.m2/repository/org/junit/jupiter/junit-jupiter-api/5.0.0/junit-jupiter-api-5.0.0.jar:/home/student/.m2/repository/junit/junit/4.12/junit-4.12.jar:/home/student/.m2/repository/org/hamcrest/hamcrest-core/1.3/hamcrest-core-1.3.jar:/home/student/.m2/repository/javax/javaee-web-api/7.0/javaee-web-api-7.0.jar:/home/student/.m2/repository/mysql/mysql-connector-java/8.0.16/mysql-connector-java-8.0.16.jar:/home/student/.m2/repository/com/google/protobuf/protobuf-java/3.6.1/protobuf-java-3.6.1.jar:/home/student/.m2/repository/jstl/jstl/1.2/jstl-1.2.jar:/home/student/.m2/repository/org/apache/logging/log4j/log4j-api/2.10.0/log4j-api-2.10.0.jar:/home/student/.m2/repository/org/apache/logging/log4j/log4j-core/2.10.0/log4j-core-2.10.0.jar:/home/student/.m2/repository/org/hibernate/hibernate-core/5.4.4.Final/hibernate-core-5.4.4.Final.jar:/home/student/.m2/repository/org/jboss/logging/jboss-logging/3.3.2.Final/jboss-logging-3.3.2.Final.jar:/home/student/.m2/repository/javax/persistence/javax.persistence-api/2.2/javax.persistence-api-2.2.jar:/home/student/.m2/repository/org/javassist/javassist/3.24.0-GA/javassist-3.24.0-GA.jar:/home/student/.m2/repository/net/bytebuddy/byte-buddy/1.9.11/byte-buddy-1.9.11.jar:/home/student/.m2/repository/antlr/antlr/2.7.7/antlr-2.7.7.jar:/home/student/.m2/repository/org/jboss/spec/javax/transaction/jboss-transaction-api_1.2_spec/1.1.1.Final/jboss-transaction-api_1.2_spec-1.1.1.Final.jar:/home/student/.m2/repository/org/jboss/jandex/2.0.5.Final/jandex-2.0.5.Final.jar:/home/student/.m2/repository/com/fasterxml/classmate/1.3.4/classmate-1.3.4.jar:/home/student/.m2/repository/javax/activation/javax.activation-api/1.2.0/javax.activation-api-1.2.0.jar:/home/student/.m2/repository/org/dom4j/dom4j/2.1.1/dom4j-2.1.1.jar:/home/student/.m2/repository/org/hibernate/common/hibernate-commons-annotations/5.1.0.Final/hibernate-commons-annotations-5.1.0.Final.jar:/home/student/.m2/repository/javax/xml/bind/jaxb-api/2.3.1/jaxb-api-2.3.1.jar:/home/student/.m2/repository/org/glassfish/jaxb/jaxb-runtime/2.3.1/jaxb-runtime-2.3.1.jar:/home/student/.m2/repository/org/glassfish/jaxb/txw2/2.3.1/txw2-2.3.1.jar:/home/student/.m2/repository/com/sun/istack/istack-commons-runtime/3.0.7/istack-commons-runtime-3.0.7.jar:/home/student/.m2/repository/org/jvnet/staxex/stax-ex/1.8/stax-ex-1.8.jar:/home/student/.m2/repository/com/sun/xml/fastinfoset/FastInfoset/1.2.15/FastInfoset-1.2.15.jar:/home/student/.m2/repository/org/hibernate/hibernate-c3p0/5.4.4.Final/hibernate-c3p0-5.4.4.Final.jar:/home/student/.m2/repository/com/mchange/c3p0/0.9.5.3/c3p0-0.9.5.3.jar:/home/student/.m2/repository/com/mchange/mchange-commons-java/0.2.15/mchange-commons-java-0.2.15.jar, java.vm.vendor=Ubuntu, sun.arch.data.model=64, idea.test.cyclic.buffer.size=1048576, java.vendor.url=https://ubuntu.com/, user.timezone=America/Chicago, os.name=Linux, java.vm.specification.version=11, sun.java.launcher=SUN_STANDARD, user.country=US, sun.boot.library.path=/usr/lib/jvm/java-11-openjdk-amd64/lib, sun.java.command=com.intellij.rt.junit.JUnitStarter -ideVersion5 -junit5 hotel.persistence.OrderTest,insertSuccess, jdk.debug=release, sun.cpu.endian=little, user.home=/home/student, hibernate.c3p0.max_statements=50, user.language=en, java.specification.vendor=Oracle Corporation, java.version.date=2020-07-14, java.home=/usr/lib/jvm/java-11-openjdk-amd64, file.separator=/, java.vm.compressedOopsMode=32-bit, line.separator=
, hibernate.c3p0.timeout=300, java.specification.name=Java Platform API Specification, java.vm.specification.vendor=Oracle Corporation, java.awt.graphicsenv=sun.awt.X11GraphicsEnvironment, connection.password=student, sun.management.compiler=HotSpot 64-Bit Tiered Compilers, hibernate.c3p0.max_size=20, java.runtime.version=11.0.8+10-post-Ubuntu-0ubuntu118.04.1, user.name=student, path.separator=:, hibernate.connection.username=****, os.version=5.4.0-48-generic, java.runtime.name=OpenJDK Runtime Environment, hibernate.connection.url=jdbc:mysql://localhost:3306/hotel_test, file.encoding=UTF-8, java.vm.name=OpenJDK 64-Bit Server VM, hibernate.connection.driver_class=com.mysql.cj.jdbc.Driver, java.vendor.url.bug=https://bugs.launchpad.net/ubuntu/+source/openjdk-lts, java.io.tmpdir=/tmp, java.version=11.0.8, user.dir=/home/student/IdeaProjects/HotelWebsie, os.arch=amd64, connection.username=root, java.vm.specification.name=Java Virtual Machine Specification, java.awt.printerjob=sun.print.PSPrinterJob, hibernate.connection.password=****, sun.os.patch.level=unknown, connection.driver_class=com.mysql.cj.jdbc.Driver, hibernate.boot.CfgXmlAccessService.key=org.hibernate.boot.cfgxml.spi.LoadedConfig@5af64ce0, java.library.path=/usr/java/packages/lib:/usr/lib/x86_64-linux-gnu/jni:/lib/x86_64-linux-gnu:/usr/lib/x86_64-linux-gnu:/usr/lib/jni:/lib:/usr/lib, java.vendor=Ubuntu, java.vm.info=mixed mode, sharing, java.vm.version=11.0.8+10-post-Ubuntu-0ubuntu118.04.1, hibernate.bytecode.use_reflection_optimizer=false, sun.io.unicode.encoding=UnicodeLittle, connection.url=jdbc:mysql://localhost:3306/hotel_test, java.class.version=55.0}
[DEBUG] 2020-10-07 09:28:04.826 [main] TypeSafeActivator - Unable to acquire Bean Validation ValidatorFactory, skipping activation
[DEBUG] 2020-10-07 09:28:04.827 [main] JaccIntegrator - Skipping JACC integration as it was not enabled
[DEBUG] 2020-10-07 09:28:04.830 [main] SessionFactoryImpl - Instantiated session factory
[DEBUG] 2020-10-07 09:28:04.830 [main] TypeConfiguration$Scope - Scoping TypeConfiguration [org.hibernate.type.spi.TypeConfiguration@4fa822ad] to SessionFactoryImpl [org.hibernate.internal.SessionFactoryImpl@67bd351e]
[DEBUG] 2020-10-07 09:28:05.163 [main] ClassLoaderAccessImpl - Not known whether passed class name [hote.entity.User] is safe
[DEBUG] 2020-10-07 09:28:05.166 [main] ClassLoaderAccessImpl - No temp ClassLoader provided; using live ClassLoader for loading potentially unsafe class : hote.entity.User
[DEBUG] 2020-10-07 09:28:05.242 [main] ClassLoaderAccessImpl - Not known whether passed class name [hote.entity.User] is safe
[DEBUG] 2020-10-07 09:28:05.242 [main] ClassLoaderAccessImpl - No temp ClassLoader provided; using live ClassLoader for loading potentially unsafe class : hote.entity.User
[DEBUG] 2020-10-07 09:28:06.234 [main] ClassLoaderAccessImpl - Not known whether passed class name [hote.entity.Order] is safe
[DEBUG] 2020-10-07 09:28:06.234 [main] ClassLoaderAccessImpl - No temp ClassLoader provided; using live ClassLoader for loading potentially unsafe class : hote.entity.Order
[DEBUG] 2020-10-07 09:28:06.235 [main] ClassLoaderAccessImpl - Not known whether passed class name [hote.entity.Order] is safe
[DEBUG] 2020-10-07 09:28:06.235 [main] ClassLoaderAccessImpl - No temp ClassLoader provided; using live ClassLoader for loading potentially unsafe class : hote.entity.Order
[DEBUG] 2020-10-07 09:28:06.361 [main] AbstractCollectionPersister - Static SQL for collection: hote.entity.User.orders
[DEBUG] 2020-10-07 09:28:06.366 [main] AbstractCollectionPersister -  Row insert: update orders set user_id=? where id=?
[DEBUG] 2020-10-07 09:28:06.366 [main] AbstractCollectionPersister -  Row update: update orders set  where id=?
[DEBUG] 2020-10-07 09:28:06.366 [main] AbstractCollectionPersister -  Row delete: update orders set user_id=null where user_id=? and id=?
[DEBUG] 2020-10-07 09:28:06.367 [main] AbstractCollectionPersister -  One-shot delete: update orders set user_id=null where user_id=?
[DEBUG] 2020-10-07 09:28:06.379 [main] AbstractEntityPersister - Static SQL for entity: hote.entity.User
[DEBUG] 2020-10-07 09:28:06.379 [main] AbstractEntityPersister -  Version select: select id from user where id =?
[DEBUG] 2020-10-07 09:28:06.379 [main] AbstractEntityPersister -  Snapshot select: select user_.id, user_.first_name as first_na2_1_, user_.last_name as last_nam3_1_, user_.user_name as user_nam4_1_ from user user_ where user_.id=?
[DEBUG] 2020-10-07 09:28:06.381 [main] AbstractEntityPersister -  Insert 0: insert into user (first_name, last_name, user_name, id) values (?, ?, ?, ?)
[DEBUG] 2020-10-07 09:28:06.381 [main] AbstractEntityPersister -  Update 0: update user set first_name=?, last_name=?, user_name=? where id=?
[DEBUG] 2020-10-07 09:28:06.382 [main] AbstractEntityPersister -  Delete 0: delete from user where id=?
[DEBUG] 2020-10-07 09:28:06.382 [main] AbstractEntityPersister -  Identity insert: insert into user (first_name, last_name, user_name) values (?, ?, ?)
[DEBUG] 2020-10-07 09:28:06.472 [main] QuerySpacesImpl - Adding QuerySpace : uid = <gen:0> -> org.hibernate.loader.plan.build.internal.spaces.EntityQuerySpaceImpl@50598a1a]
[DEBUG] 2020-10-07 09:28:06.478 [main] MetamodelGraphWalker - Visiting attribute path : first_name
[DEBUG] 2020-10-07 09:28:06.478 [main] MetamodelGraphWalker - Visiting attribute path : last_name
[DEBUG] 2020-10-07 09:28:06.478 [main] MetamodelGraphWalker - Visiting attribute path : orders
[DEBUG] 2020-10-07 09:28:06.491 [main] QuerySpacesImpl - Adding QuerySpace : uid = <gen:1> -> org.hibernate.loader.plan.build.internal.spaces.CollectionQuerySpaceImpl@cdb3c85]
[DEBUG] 2020-10-07 09:28:06.497 [main] QuerySpacesImpl - Adding QuerySpace : uid = <gen:2> -> org.hibernate.loader.plan.build.internal.spaces.EntityQuerySpaceImpl@4ffced4e]
[DEBUG] 2020-10-07 09:28:06.503 [main] MetamodelGraphWalker - Visiting attribute path : orders.description
[DEBUG] 2020-10-07 09:28:06.504 [main] MetamodelGraphWalker - Visiting attribute path : orders.user
[DEBUG] 2020-10-07 09:28:06.504 [main] MetamodelGraphWalker - Property path deemed to be circular : orders.user
[DEBUG] 2020-10-07 09:28:06.507 [main] MetamodelGraphWalker - Visiting attribute path : user_name
[DEBUG] 2020-10-07 09:28:06.507 [main] FetchStyleLoadPlanBuildingAssociationVisitationStrategy - Building LoadPlan...
[DEBUG] 2020-10-07 09:28:06.554 [main] LoadQueryJoinAndFetchProcessor - processing queryspace <gen:0>
[DEBUG] 2020-10-07 09:28:06.568 [main] LoadPlanTreePrinter - LoadPlan(entity=hote.entity.User)
    - Returns
       - EntityReturnImpl(entity=hote.entity.User, querySpaceUid=<gen:0>, path=hote.entity.User)
          - CollectionAttributeFetchImpl(collection=hote.entity.User.orders, querySpaceUid=<gen:1>, path=hote.entity.User.orders)
             - (collection element) CollectionFetchableElementEntityGraph(entity=hote.entity.Order, querySpaceUid=<gen:2>, path=hote.entity.User.orders.<elements>)
    - QuerySpaces
       - EntityQuerySpaceImpl(uid=<gen:0>, entity=hote.entity.User)
          - SQL table alias mapping - user0_
          - alias suffix - 0_
          - suffixed key columns - {id1_1_0_}
          - JOIN (JoinDefinedByMetadata(orders)) : <gen:0> -> <gen:1>
             - CollectionQuerySpaceImpl(uid=<gen:1>, collection=hote.entity.User.orders)
                - SQL table alias mapping - orders1_
                - alias suffix - 1_
                - suffixed key columns - {user_id3_0_1_}
                - entity-element alias suffix - 2_
                - 2_entity-element suffixed key columns - id1_0_2_
                - JOIN (JoinDefinedByMetadata(elements)) : <gen:1> -> <gen:2>
                   - EntityQuerySpaceImpl(uid=<gen:2>, entity=hote.entity.Order)
                      - SQL table alias mapping - orders1_
                      - alias suffix - 2_
                      - suffixed key columns - {id1_0_2_}

[DEBUG] 2020-10-07 09:28:06.575 [main] EntityLoader - Static select for entity hote.entity.User [NONE]: select user0_.id as id1_1_0_, user0_.first_name as first_na2_1_0_, user0_.last_name as last_nam3_1_0_, user0_.user_name as user_nam4_1_0_, orders1_.user_id as user_id3_0_1_, orders1_.id as id1_0_1_, orders1_.id as id1_0_2_, orders1_.description as descript2_0_2_, orders1_.user_id as user_id3_0_2_ from user user0_ left outer join orders orders1_ on user0_.id=orders1_.user_id where user0_.id=?
[DEBUG] 2020-10-07 09:28:06.576 [main] QuerySpacesImpl - Adding QuerySpace : uid = <gen:0> -> org.hibernate.loader.plan.build.internal.spaces.EntityQuerySpaceImpl@1df9186f]
[DEBUG] 2020-10-07 09:28:06.576 [main] MetamodelGraphWalker - Visiting attribute path : first_name
[DEBUG] 2020-10-07 09:28:06.577 [main] MetamodelGraphWalker - Visiting attribute path : last_name
[DEBUG] 2020-10-07 09:28:06.577 [main] MetamodelGraphWalker - Visiting attribute path : orders
[DEBUG] 2020-10-07 09:28:06.577 [main] QuerySpacesImpl - Adding QuerySpace : uid = <gen:1> -> org.hibernate.loader.plan.build.internal.spaces.CollectionQuerySpaceImpl@5bb8e6fc]
[DEBUG] 2020-10-07 09:28:06.577 [main] QuerySpacesImpl - Adding QuerySpace : uid = <gen:2> -> org.hibernate.loader.plan.build.internal.spaces.EntityQuerySpaceImpl@2726a511]
[DEBUG] 2020-10-07 09:28:06.578 [main] MetamodelGraphWalker - Visiting attribute path : orders.description
[DEBUG] 2020-10-07 09:28:06.578 [main] MetamodelGraphWalker - Visiting attribute path : orders.user
[DEBUG] 2020-10-07 09:28:06.579 [main] MetamodelGraphWalker - Property path deemed to be circular : orders.user
[DEBUG] 2020-10-07 09:28:06.579 [main] MetamodelGraphWalker - Visiting attribute path : user_name
[DEBUG] 2020-10-07 09:28:06.580 [main] FetchStyleLoadPlanBuildingAssociationVisitationStrategy - Building LoadPlan...
[DEBUG] 2020-10-07 09:28:06.580 [main] LoadQueryJoinAndFetchProcessor - processing queryspace <gen:0>
[DEBUG] 2020-10-07 09:28:06.587 [main] LoadPlanTreePrinter - LoadPlan(entity=hote.entity.User)
    - Returns
       - EntityReturnImpl(entity=hote.entity.User, querySpaceUid=<gen:0>, path=hote.entity.User)
          - CollectionAttributeFetchImpl(collection=hote.entity.User.orders, querySpaceUid=<gen:1>, path=hote.entity.User.orders)
             - (collection element) CollectionFetchableElementEntityGraph(entity=hote.entity.Order, querySpaceUid=<gen:2>, path=hote.entity.User.orders.<elements>)
    - QuerySpaces
       - EntityQuerySpaceImpl(uid=<gen:0>, entity=hote.entity.User)
          - SQL table alias mapping - user0_
          - alias suffix - 0_
          - suffixed key columns - {id1_1_0_}
          - JOIN (JoinDefinedByMetadata(orders)) : <gen:0> -> <gen:1>
             - CollectionQuerySpaceImpl(uid=<gen:1>, collection=hote.entity.User.orders)
                - SQL table alias mapping - orders1_
                - alias suffix - 1_
                - suffixed key columns - {user_id3_0_1_}
                - entity-element alias suffix - 2_
                - 2_entity-element suffixed key columns - id1_0_2_
                - JOIN (JoinDefinedByMetadata(elements)) : <gen:1> -> <gen:2>
                   - EntityQuerySpaceImpl(uid=<gen:2>, entity=hote.entity.Order)
                      - SQL table alias mapping - orders1_
                      - alias suffix - 2_
                      - suffixed key columns - {id1_0_2_}

[DEBUG] 2020-10-07 09:28:06.587 [main] EntityLoader - Static select for entity hote.entity.User [READ]: select user0_.id as id1_1_0_, user0_.first_name as first_na2_1_0_, user0_.last_name as last_nam3_1_0_, user0_.user_name as user_nam4_1_0_, orders1_.user_id as user_id3_0_1_, orders1_.id as id1_0_1_, orders1_.id as id1_0_2_, orders1_.description as descript2_0_2_, orders1_.user_id as user_id3_0_2_ from user user0_ left outer join orders orders1_ on user0_.id=orders1_.user_id where user0_.id=?
[DEBUG] 2020-10-07 09:28:06.634 [main] Loader - Static select for action ACTION_MERGE on entity hote.entity.User: select user0_.id as id1_1_1_, user0_.first_name as first_na2_1_1_, user0_.last_name as last_nam3_1_1_, user0_.user_name as user_nam4_1_1_, orders1_.user_id as user_id3_0_3_, orders1_.id as id1_0_3_, orders1_.id as id1_0_0_, orders1_.description as descript2_0_0_, orders1_.user_id as user_id3_0_0_ from user user0_ left outer join orders orders1_ on user0_.id=orders1_.user_id where user0_.id=?
[DEBUG] 2020-10-07 09:28:06.637 [main] Loader - Static select for action ACTION_REFRESH on entity hote.entity.User: select user0_.id as id1_1_1_, user0_.first_name as first_na2_1_1_, user0_.last_name as last_nam3_1_1_, user0_.user_name as user_nam4_1_1_, orders1_.user_id as user_id3_0_3_, orders1_.id as id1_0_3_, orders1_.id as id1_0_0_, orders1_.description as descript2_0_0_, orders1_.user_id as user_id3_0_0_ from user user0_ left outer join orders orders1_ on user0_.id=orders1_.user_id where user0_.id=?
[DEBUG] 2020-10-07 09:28:06.638 [main] AbstractEntityPersister - Static SQL for entity: hote.entity.Order
[DEBUG] 2020-10-07 09:28:06.639 [main] AbstractEntityPersister -  Version select: select id from orders where id =?
[DEBUG] 2020-10-07 09:28:06.640 [main] AbstractEntityPersister -  Snapshot select: select order_.id, order_.description as descript2_0_, order_.user_id as user_id3_0_ from orders order_ where order_.id=?
[DEBUG] 2020-10-07 09:28:06.640 [main] AbstractEntityPersister -  Insert 0: insert into orders (description, user_id, id) values (?, ?, ?)
[DEBUG] 2020-10-07 09:28:06.640 [main] AbstractEntityPersister -  Update 0: update orders set description=?, user_id=? where id=?
[DEBUG] 2020-10-07 09:28:06.640 [main] AbstractEntityPersister -  Delete 0: delete from orders where id=?
[DEBUG] 2020-10-07 09:28:06.640 [main] AbstractEntityPersister -  Identity insert: insert into orders (description, user_id) values (?, ?)
[DEBUG] 2020-10-07 09:28:06.641 [main] QuerySpacesImpl - Adding QuerySpace : uid = <gen:0> -> org.hibernate.loader.plan.build.internal.spaces.EntityQuerySpaceImpl@78b03788]
[DEBUG] 2020-10-07 09:28:06.641 [main] MetamodelGraphWalker - Visiting attribute path : description
[DEBUG] 2020-10-07 09:28:06.641 [main] MetamodelGraphWalker - Visiting attribute path : user
[DEBUG] 2020-10-07 09:28:06.642 [main] QuerySpacesImpl - Adding QuerySpace : uid = <gen:1> -> org.hibernate.loader.plan.build.internal.spaces.EntityQuerySpaceImpl@571a663c]
[DEBUG] 2020-10-07 09:28:06.643 [main] MetamodelGraphWalker - Visiting attribute path : user.first_name
[DEBUG] 2020-10-07 09:28:06.643 [main] MetamodelGraphWalker - Visiting attribute path : user.last_name
[DEBUG] 2020-10-07 09:28:06.643 [main] MetamodelGraphWalker - Visiting attribute path : user.orders
[DEBUG] 2020-10-07 09:28:06.644 [main] MetamodelGraphWalker - Property path deemed to be circular : user.orders
[DEBUG] 2020-10-07 09:28:06.644 [main] MetamodelGraphWalker - Visiting attribute path : user.user_name
[DEBUG] 2020-10-07 09:28:06.646 [main] FetchStyleLoadPlanBuildingAssociationVisitationStrategy - Building LoadPlan...
[DEBUG] 2020-10-07 09:28:06.646 [main] LoadQueryJoinAndFetchProcessor - processing queryspace <gen:0>
[DEBUG] 2020-10-07 09:28:06.653 [main] LoadPlanTreePrinter - LoadPlan(entity=hote.entity.Order)
    - Returns
       - EntityReturnImpl(entity=hote.entity.Order, querySpaceUid=<gen:0>, path=hote.entity.Order)
          - EntityAttributeFetchImpl(entity=hote.entity.User, querySpaceUid=<gen:1>, path=hote.entity.Order.user)
    - QuerySpaces
       - EntityQuerySpaceImpl(uid=<gen:0>, entity=hote.entity.Order)
          - SQL table alias mapping - order0_
          - alias suffix - 0_
          - suffixed key columns - {id1_0_0_}
          - JOIN (JoinDefinedByMetadata(user)) : <gen:0> -> <gen:1>
             - EntityQuerySpaceImpl(uid=<gen:1>, entity=hote.entity.User)
                - SQL table alias mapping - user1_
                - alias suffix - 1_
                - suffixed key columns - {id1_1_1_}

[DEBUG] 2020-10-07 09:28:06.653 [main] EntityLoader - Static select for entity hote.entity.Order [NONE]: select order0_.id as id1_0_0_, order0_.description as descript2_0_0_, order0_.user_id as user_id3_0_0_, user1_.id as id1_1_1_, user1_.first_name as first_na2_1_1_, user1_.last_name as last_nam3_1_1_, user1_.user_name as user_nam4_1_1_ from orders order0_ left outer join user user1_ on order0_.user_id=user1_.id where order0_.id=?
[DEBUG] 2020-10-07 09:28:06.654 [main] QuerySpacesImpl - Adding QuerySpace : uid = <gen:0> -> org.hibernate.loader.plan.build.internal.spaces.EntityQuerySpaceImpl@451e2fa9]
[DEBUG] 2020-10-07 09:28:06.654 [main] MetamodelGraphWalker - Visiting attribute path : description
[DEBUG] 2020-10-07 09:28:06.654 [main] MetamodelGraphWalker - Visiting attribute path : user
[DEBUG] 2020-10-07 09:28:06.654 [main] QuerySpacesImpl - Adding QuerySpace : uid = <gen:1> -> org.hibernate.loader.plan.build.internal.spaces.EntityQuerySpaceImpl@3cb6e0ee]
[DEBUG] 2020-10-07 09:28:06.655 [main] MetamodelGraphWalker - Visiting attribute path : user.first_name
[DEBUG] 2020-10-07 09:28:06.655 [main] MetamodelGraphWalker - Visiting attribute path : user.last_name
[DEBUG] 2020-10-07 09:28:06.655 [main] MetamodelGraphWalker - Visiting attribute path : user.orders
[DEBUG] 2020-10-07 09:28:06.655 [main] MetamodelGraphWalker - Property path deemed to be circular : user.orders
[DEBUG] 2020-10-07 09:28:06.655 [main] MetamodelGraphWalker - Visiting attribute path : user.user_name
[DEBUG] 2020-10-07 09:28:06.655 [main] FetchStyleLoadPlanBuildingAssociationVisitationStrategy - Building LoadPlan...
[DEBUG] 2020-10-07 09:28:06.657 [main] LoadQueryJoinAndFetchProcessor - processing queryspace <gen:0>
[DEBUG] 2020-10-07 09:28:06.661 [main] LoadPlanTreePrinter - LoadPlan(entity=hote.entity.Order)
    - Returns
       - EntityReturnImpl(entity=hote.entity.Order, querySpaceUid=<gen:0>, path=hote.entity.Order)
          - EntityAttributeFetchImpl(entity=hote.entity.User, querySpaceUid=<gen:1>, path=hote.entity.Order.user)
    - QuerySpaces
       - EntityQuerySpaceImpl(uid=<gen:0>, entity=hote.entity.Order)
          - SQL table alias mapping - order0_
          - alias suffix - 0_
          - suffixed key columns - {id1_0_0_}
          - JOIN (JoinDefinedByMetadata(user)) : <gen:0> -> <gen:1>
             - EntityQuerySpaceImpl(uid=<gen:1>, entity=hote.entity.User)
                - SQL table alias mapping - user1_
                - alias suffix - 1_
                - suffixed key columns - {id1_1_1_}

[DEBUG] 2020-10-07 09:28:06.661 [main] EntityLoader - Static select for entity hote.entity.Order [READ]: select order0_.id as id1_0_0_, order0_.description as descript2_0_0_, order0_.user_id as user_id3_0_0_, user1_.id as id1_1_1_, user1_.first_name as first_na2_1_1_, user1_.last_name as last_nam3_1_1_, user1_.user_name as user_nam4_1_1_ from orders order0_ left outer join user user1_ on order0_.user_id=user1_.id where order0_.id=?
[DEBUG] 2020-10-07 09:28:06.662 [main] Loader - Static select for action ACTION_MERGE on entity hote.entity.Order: select order0_.id as id1_0_0_, order0_.description as descript2_0_0_, order0_.user_id as user_id3_0_0_ from orders order0_ where order0_.id=?
[DEBUG] 2020-10-07 09:28:06.664 [main] Loader - Static select for action ACTION_REFRESH on entity hote.entity.Order: select order0_.id as id1_0_0_, order0_.description as descript2_0_0_, order0_.user_id as user_id3_0_0_ from orders order0_ where order0_.id=?
[DEBUG] 2020-10-07 09:28:06.672 [main] QuerySpacesImpl - Adding QuerySpace : uid = <gen:0> -> org.hibernate.loader.plan.build.internal.spaces.CollectionQuerySpaceImpl@c568f91]
[DEBUG] 2020-10-07 09:28:06.672 [main] QuerySpacesImpl - Adding QuerySpace : uid = <gen:1> -> org.hibernate.loader.plan.build.internal.spaces.EntityQuerySpaceImpl@5fd43e58]
[DEBUG] 2020-10-07 09:28:06.682 [main] MetamodelGraphWalker - Visiting attribute path : description
[DEBUG] 2020-10-07 09:28:06.682 [main] MetamodelGraphWalker - Visiting attribute path : user
[DEBUG] 2020-10-07 09:28:06.682 [main] MetamodelGraphWalker - Property path deemed to be circular : user
[DEBUG] 2020-10-07 09:28:06.682 [main] FetchStyleLoadPlanBuildingAssociationVisitationStrategy - Building LoadPlan...
[DEBUG] 2020-10-07 09:28:06.687 [main] LoadQueryJoinAndFetchProcessor - processing queryspace <gen:0>
[DEBUG] 2020-10-07 09:28:06.692 [main] LoadPlanTreePrinter - LoadPlan(collection=hote.entity.User.orders)
    - Returns
       - CollectionReturnImpl(collection=hote.entity.User.orders, querySpaceUid=<gen:0>, path=[hote.entity.User.orders])
          - (collection element) CollectionFetchableElementEntityGraph(entity=hote.entity.Order, querySpaceUid=<gen:1>, path=[hote.entity.User.orders].<elements>)
    - QuerySpaces
       - CollectionQuerySpaceImpl(uid=<gen:0>, collection=hote.entity.User.orders)
          - SQL table alias mapping - orders0_
          - alias suffix - 0_
          - suffixed key columns - {user_id3_0_0_}
          - entity-element alias suffix - 1_
          - 1_entity-element suffixed key columns - id1_0_1_
          - JOIN (JoinDefinedByMetadata(elements)) : <gen:0> -> <gen:1>
             - EntityQuerySpaceImpl(uid=<gen:1>, entity=hote.entity.Order)
                - SQL table alias mapping - orders0_
                - alias suffix - 1_
                - suffixed key columns - {id1_0_1_}

[DEBUG] 2020-10-07 09:28:06.697 [main] CollectionLoader - Static select for collection hote.entity.User.orders: select orders0_.user_id as user_id3_0_0_, orders0_.id as id1_0_0_, orders0_.id as id1_0_1_, orders0_.description as descript2_0_1_, orders0_.user_id as user_id3_0_1_ from orders orders0_ where orders0_.user_id=?
[DEBUG] 2020-10-07 09:28:06.779 [main] SchemaManagementToolCoordinator - No actions specified; doing nothing
[DEBUG] 2020-10-07 09:28:06.779 [main] JtaPlatformInitiator - No JtaPlatform was specified, checking resolver
[DEBUG] 2020-10-07 09:28:06.780 [main] JtaPlatformResolverInitiator - No JtaPlatformResolver was specified, using default [org.hibernate.engine.transaction.jta.platform.internal.StandardJtaPlatformResolver]
[DEBUG] 2020-10-07 09:28:06.802 [main] StandardJtaPlatformResolver - Could not resolve JtaPlatform, using default [org.hibernate.engine.transaction.jta.platform.internal.NoJtaPlatform]
[INFO ] 2020-10-07 09:28:06.802 [main] JtaPlatformInitiator - HHH000490: Using JtaPlatform implementation: [org.hibernate.engine.transaction.jta.platform.internal.NoJtaPlatform]
[DEBUG] 2020-10-07 09:28:06.808 [main] NamedQueryRepository - Checking 0 named HQL queries
[DEBUG] 2020-10-07 09:28:06.808 [main] NamedQueryRepository - Checking 0 named SQL queries
[DEBUG] 2020-10-07 09:28:06.810 [main] SessionFactoryRegistry - Initializing SessionFactoryRegistry : org.hibernate.internal.SessionFactoryRegistry@11eec06b
[DEBUG] 2020-10-07 09:28:06.813 [main] SessionFactoryRegistry - Registering SessionFactory: 352f1739-9636-44d5-a45f-a30423c4ebdd (<unnamed>)
[DEBUG] 2020-10-07 09:28:06.813 [main] SessionFactoryRegistry - Not binding SessionFactory to JNDI, no JNDI name configured
[DEBUG] 2020-10-07 09:28:06.993 [main] StatisticsInitiator - Statistics initialized [enabled=false]
[DEBUG] 2020-10-07 09:28:07.043 [main] SQL - select order0_.id as id1_0_0_, order0_.description as descript2_0_0_, order0_.user_id as user_id3_0_0_, user1_.id as id1_1_1_, user1_.first_name as first_na2_1_1_, user1_.last_name as last_nam3_1_1_, user1_.user_name as user_nam4_1_1_ from orders order0_ left outer join user user1_ on order0_.user_id=user1_.id where order0_.id=?
[DEBUG] 2020-10-07 09:28:07.091 [main] ResultSetProcessorImpl - Starting ResultSet row #0
[DEBUG] 2020-10-07 09:28:07.103 [main] EntityReferenceInitializerImpl - On call to EntityIdentifierReaderImpl#resolve, EntityKey was already known; should only happen on root returns with an optional identifier specified
[DEBUG] 2020-10-07 09:28:07.134 [main] TwoPhaseLoad - Resolving attributes for [hote.entity.Order#1]
[DEBUG] 2020-10-07 09:28:07.136 [main] TwoPhaseLoad - Processing attribute `description` : value = plates
[DEBUG] 2020-10-07 09:28:07.136 [main] TwoPhaseLoad - Attribute (`description`)  - enhanced for lazy-loading? - false
[DEBUG] 2020-10-07 09:28:07.136 [main] TwoPhaseLoad - Processing attribute `user` : value = 1
[DEBUG] 2020-10-07 09:28:07.136 [main] TwoPhaseLoad - Attribute (`user`)  - enhanced for lazy-loading? - false
[DEBUG] 2020-10-07 09:28:07.140 [main] TwoPhaseLoad - Done materializing entity [hote.entity.Order#1]
[DEBUG] 2020-10-07 09:28:07.140 [main] TwoPhaseLoad - Resolving attributes for [hote.entity.User#1]
[DEBUG] 2020-10-07 09:28:07.143 [main] TwoPhaseLoad - Processing attribute `first_name` : value = Joe
[DEBUG] 2020-10-07 09:28:07.143 [main] TwoPhaseLoad - Attribute (`first_name`)  - enhanced for lazy-loading? - false
[DEBUG] 2020-10-07 09:28:07.143 [main] TwoPhaseLoad - Processing attribute `last_name` : value = Coyne
[DEBUG] 2020-10-07 09:28:07.147 [main] TwoPhaseLoad - Attribute (`last_name`)  - enhanced for lazy-loading? - false
[DEBUG] 2020-10-07 09:28:07.147 [main] TwoPhaseLoad - Processing attribute `orders` : value = NOT NULL COLLECTION
[DEBUG] 2020-10-07 09:28:07.148 [main] TwoPhaseLoad - Attribute (`orders`)  - enhanced for lazy-loading? - false
[DEBUG] 2020-10-07 09:28:07.179 [main] TwoPhaseLoad - Processing attribute `user_name` : value = jcoyne
[DEBUG] 2020-10-07 09:28:07.186 [main] TwoPhaseLoad - Attribute (`user_name`)  - enhanced for lazy-loading? - false
[DEBUG] 2020-10-07 09:28:07.186 [main] TwoPhaseLoad - Done materializing entity [hote.entity.User#1]
[DEBUG] 2020-10-07 09:28:07.187 [main] ResourceRegistryStandardImpl - HHH000387: ResultSet's statement was not registered
[DEBUG] 2020-10-07 09:28:07.197 [main] AbstractLoadPlanBasedCollectionInitializer - Loading collection: [hote.entity.User.orders#1]
[DEBUG] 2020-10-07 09:28:07.198 [main] SQL - select orders0_.user_id as user_id3_0_0_, orders0_.id as id1_0_0_, orders0_.id as id1_0_1_, orders0_.description as descript2_0_1_, orders0_.user_id as user_id3_0_1_ from orders orders0_ where orders0_.user_id=?
[DEBUG] 2020-10-07 09:28:07.202 [main] ResultSetProcessorImpl - Preparing collection initializer : [hote.entity.User.orders#1]
[DEBUG] 2020-10-07 09:28:07.212 [main] ResultSetProcessorImpl - Starting ResultSet row #0
[DEBUG] 2020-10-07 09:28:07.213 [main] CollectionReferenceInitializerImpl - Found row of collection: [hote.entity.User.orders#1]
[DEBUG] 2020-10-07 09:28:07.213 [main] ResultSetProcessorImpl - Starting ResultSet row #1
[DEBUG] 2020-10-07 09:28:07.218 [main] CollectionReferenceInitializerImpl - Found row of collection: [hote.entity.User.orders#1]
[DEBUG] 2020-10-07 09:28:07.218 [main] ResultSetProcessorImpl - Starting ResultSet row #2
[DEBUG] 2020-10-07 09:28:07.218 [main] CollectionReferenceInitializerImpl - Found row of collection: [hote.entity.User.orders#1]
[DEBUG] 2020-10-07 09:28:07.219 [main] TwoPhaseLoad - Resolving attributes for [hote.entity.Order#4]
[DEBUG] 2020-10-07 09:28:07.219 [main] TwoPhaseLoad - Processing attribute `description` : value = Soccer ball
[DEBUG] 2020-10-07 09:28:07.219 [main] TwoPhaseLoad - Attribute (`description`)  - enhanced for lazy-loading? - false
[DEBUG] 2020-10-07 09:28:07.219 [main] TwoPhaseLoad - Processing attribute `user` : value = 1
[DEBUG] 2020-10-07 09:28:07.220 [main] TwoPhaseLoad - Attribute (`user`)  - enhanced for lazy-loading? - false
[DEBUG] 2020-10-07 09:28:07.220 [main] TwoPhaseLoad - Done materializing entity [hote.entity.Order#4]
[DEBUG] 2020-10-07 09:28:07.220 [main] TwoPhaseLoad - Resolving attributes for [hote.entity.Order#6]
[DEBUG] 2020-10-07 09:28:07.220 [main] TwoPhaseLoad - Processing attribute `description` : value = Bananas
[DEBUG] 2020-10-07 09:28:07.220 [main] TwoPhaseLoad - Attribute (`description`)  - enhanced for lazy-loading? - false
[DEBUG] 2020-10-07 09:28:07.221 [main] TwoPhaseLoad - Processing attribute `user` : value = 1
[DEBUG] 2020-10-07 09:28:07.221 [main] TwoPhaseLoad - Attribute (`user`)  - enhanced for lazy-loading? - false
[DEBUG] 2020-10-07 09:28:07.221 [main] TwoPhaseLoad - Done materializing entity [hote.entity.Order#6]
[DEBUG] 2020-10-07 09:28:07.222 [main] CollectionLoadContext - 1 collections were found in result set for role: hote.entity.User.orders
[DEBUG] 2020-10-07 09:28:07.222 [main] CollectionLoadContext - Collection fully initialized: [hote.entity.User.orders#1]
[DEBUG] 2020-10-07 09:28:07.222 [main] CollectionLoadContext - 1 collections initialized for role: hote.entity.User.orders
[DEBUG] 2020-10-07 09:28:07.223 [main] ResourceRegistryStandardImpl - HHH000387: ResultSet's statement was not registered
[DEBUG] 2020-10-07 09:28:07.224 [main] AbstractLoadPlanBasedCollectionInitializer - Done loading collection
[DEBUG] 2020-10-07 09:28:07.224 [main] AbstractLoadPlanBasedEntityLoader - Done entity load : hote.entity.Order#1
[DEBUG] 2020-10-07 09:28:07.224 [main] LogicalConnectionManagedImpl - Initiating JDBC connection release from afterTransaction
