[DEBUG] 2020-09-29 10:16:14.419 [main] IntegratorServiceImpl - Adding Integrator [org.hibernate.cfg.beanvalidation.BeanValidationIntegrator].
[DEBUG] 2020-09-29 10:16:14.481 [main] IntegratorServiceImpl - Adding Integrator [org.hibernate.secure.spi.JaccIntegrator].
[DEBUG] 2020-09-29 10:16:14.520 [main] IntegratorServiceImpl - Adding Integrator [org.hibernate.cache.internal.CollectionCacheInvalidator].
[INFO ] 2020-09-29 10:16:14.773 [main] Version - HHH000412: Hibernate Core {5.4.4.Final}
[DEBUG] 2020-09-29 10:16:14.784 [main] Environment - HHH000206: hibernate.properties not found
[DEBUG] 2020-09-29 10:16:15.320 [main] JaxbCfgProcessor - cfg.xml document did not define namespaces; wrapping in custom event reader to introduce namespace information
[DEBUG] 2020-09-29 10:16:16.146 [main] ServiceBinding - Overriding existing service binding [org.hibernate.secure.spi.JaccService]
[DEBUG] 2020-09-29 10:16:16.216 [main] RegionFactoryInitiator - Cannot default RegionFactory based on registered strategies as `[]` RegionFactory strategies were registered
[DEBUG] 2020-09-29 10:16:16.221 [main] RegionFactoryInitiator - Cache region factory : org.hibernate.cache.internal.NoCachingRegionFactory
[INFO ] 2020-09-29 10:16:16.293 [main] Version - HCANN000001: Hibernate Commons Annotations {5.1.0.Final}
[DEBUG] 2020-09-29 10:16:16.391 [main] BasicTypeRegistry - Adding type registration boolean -> org.hibernate.type.BooleanType@7d5508e0
[DEBUG] 2020-09-29 10:16:16.392 [main] BasicTypeRegistry - Adding type registration boolean -> org.hibernate.type.BooleanType@7d5508e0
[DEBUG] 2020-09-29 10:16:16.394 [main] BasicTypeRegistry - Adding type registration java.lang.Boolean -> org.hibernate.type.BooleanType@7d5508e0
[DEBUG] 2020-09-29 10:16:16.394 [main] BasicTypeRegistry - Adding type registration numeric_boolean -> org.hibernate.type.NumericBooleanType@367d2816
[DEBUG] 2020-09-29 10:16:16.395 [main] BasicTypeRegistry - Adding type registration true_false -> org.hibernate.type.TrueFalseType@379ce046
[DEBUG] 2020-09-29 10:16:16.396 [main] BasicTypeRegistry - Adding type registration yes_no -> org.hibernate.type.YesNoType@77e7246b
[DEBUG] 2020-09-29 10:16:16.401 [main] BasicTypeRegistry - Adding type registration byte -> org.hibernate.type.ByteType@7eb6b6b6
[DEBUG] 2020-09-29 10:16:16.401 [main] BasicTypeRegistry - Adding type registration byte -> org.hibernate.type.ByteType@7eb6b6b6
[DEBUG] 2020-09-29 10:16:16.401 [main] BasicTypeRegistry - Adding type registration java.lang.Byte -> org.hibernate.type.ByteType@7eb6b6b6
[DEBUG] 2020-09-29 10:16:16.403 [main] BasicTypeRegistry - Adding type registration character -> org.hibernate.type.CharacterType@61dde151
[DEBUG] 2020-09-29 10:16:16.403 [main] BasicTypeRegistry - Adding type registration char -> org.hibernate.type.CharacterType@61dde151
[DEBUG] 2020-09-29 10:16:16.405 [main] BasicTypeRegistry - Adding type registration java.lang.Character -> org.hibernate.type.CharacterType@61dde151
[DEBUG] 2020-09-29 10:16:16.413 [main] BasicTypeRegistry - Adding type registration short -> org.hibernate.type.ShortType@6ffa56fa
[DEBUG] 2020-09-29 10:16:16.414 [main] BasicTypeRegistry - Adding type registration short -> org.hibernate.type.ShortType@6ffa56fa
[DEBUG] 2020-09-29 10:16:16.414 [main] BasicTypeRegistry - Adding type registration java.lang.Short -> org.hibernate.type.ShortType@6ffa56fa
[DEBUG] 2020-09-29 10:16:16.416 [main] BasicTypeRegistry - Adding type registration integer -> org.hibernate.type.IntegerType@6f6621e3
[DEBUG] 2020-09-29 10:16:16.416 [main] BasicTypeRegistry - Adding type registration int -> org.hibernate.type.IntegerType@6f6621e3
[DEBUG] 2020-09-29 10:16:16.416 [main] BasicTypeRegistry - Adding type registration java.lang.Integer -> org.hibernate.type.IntegerType@6f6621e3
[DEBUG] 2020-09-29 10:16:16.418 [main] BasicTypeRegistry - Adding type registration long -> org.hibernate.type.LongType@5496c165
[DEBUG] 2020-09-29 10:16:16.418 [main] BasicTypeRegistry - Adding type registration long -> org.hibernate.type.LongType@5496c165
[DEBUG] 2020-09-29 10:16:16.418 [main] BasicTypeRegistry - Adding type registration java.lang.Long -> org.hibernate.type.LongType@5496c165
[DEBUG] 2020-09-29 10:16:16.421 [main] BasicTypeRegistry - Adding type registration float -> org.hibernate.type.FloatType@50d951e7
[DEBUG] 2020-09-29 10:16:16.425 [main] BasicTypeRegistry - Adding type registration float -> org.hibernate.type.FloatType@50d951e7
[DEBUG] 2020-09-29 10:16:16.425 [main] BasicTypeRegistry - Adding type registration java.lang.Float -> org.hibernate.type.FloatType@50d951e7
[DEBUG] 2020-09-29 10:16:16.434 [main] BasicTypeRegistry - Adding type registration double -> org.hibernate.type.DoubleType@588307f7
[DEBUG] 2020-09-29 10:16:16.435 [main] BasicTypeRegistry - Adding type registration double -> org.hibernate.type.DoubleType@588307f7
[DEBUG] 2020-09-29 10:16:16.435 [main] BasicTypeRegistry - Adding type registration java.lang.Double -> org.hibernate.type.DoubleType@588307f7
[DEBUG] 2020-09-29 10:16:16.439 [main] BasicTypeRegistry - Adding type registration big_decimal -> org.hibernate.type.BigDecimalType@7acfb656
[DEBUG] 2020-09-29 10:16:16.439 [main] BasicTypeRegistry - Adding type registration java.math.BigDecimal -> org.hibernate.type.BigDecimalType@7acfb656
[DEBUG] 2020-09-29 10:16:16.442 [main] BasicTypeRegistry - Adding type registration big_integer -> org.hibernate.type.BigIntegerType@52cb4f50
[DEBUG] 2020-09-29 10:16:16.442 [main] BasicTypeRegistry - Adding type registration java.math.BigInteger -> org.hibernate.type.BigIntegerType@52cb4f50
[DEBUG] 2020-09-29 10:16:16.448 [main] BasicTypeRegistry - Adding type registration string -> org.hibernate.type.StringType@572e6fd9
[DEBUG] 2020-09-29 10:16:16.448 [main] BasicTypeRegistry - Adding type registration java.lang.String -> org.hibernate.type.StringType@572e6fd9
[DEBUG] 2020-09-29 10:16:16.449 [main] BasicTypeRegistry - Adding type registration nstring -> org.hibernate.type.StringNVarcharType@12abdfb
[DEBUG] 2020-09-29 10:16:16.451 [main] BasicTypeRegistry - Adding type registration ncharacter -> org.hibernate.type.CharacterNCharType@68577ba8
[DEBUG] 2020-09-29 10:16:16.452 [main] BasicTypeRegistry - Adding type registration url -> org.hibernate.type.UrlType@43f0c2d1
[DEBUG] 2020-09-29 10:16:16.453 [main] BasicTypeRegistry - Adding type registration java.net.URL -> org.hibernate.type.UrlType@43f0c2d1
[DEBUG] 2020-09-29 10:16:16.459 [main] BasicTypeRegistry - Adding type registration Duration -> org.hibernate.type.DurationType@1c5c616f
[DEBUG] 2020-09-29 10:16:16.459 [main] BasicTypeRegistry - Adding type registration java.time.Duration -> org.hibernate.type.DurationType@1c5c616f
[DEBUG] 2020-09-29 10:16:16.475 [main] BasicTypeRegistry - Adding type registration Instant -> org.hibernate.type.InstantType@1e530163
[DEBUG] 2020-09-29 10:16:16.475 [main] BasicTypeRegistry - Adding type registration java.time.Instant -> org.hibernate.type.InstantType@1e530163
[DEBUG] 2020-09-29 10:16:16.482 [main] BasicTypeRegistry - Adding type registration LocalDateTime -> org.hibernate.type.LocalDateTimeType@23706db8
[DEBUG] 2020-09-29 10:16:16.483 [main] BasicTypeRegistry - Adding type registration java.time.LocalDateTime -> org.hibernate.type.LocalDateTimeType@23706db8
[DEBUG] 2020-09-29 10:16:16.485 [main] BasicTypeRegistry - Adding type registration LocalDate -> org.hibernate.type.LocalDateType@7bca6fac
[DEBUG] 2020-09-29 10:16:16.485 [main] BasicTypeRegistry - Adding type registration java.time.LocalDate -> org.hibernate.type.LocalDateType@7bca6fac
[DEBUG] 2020-09-29 10:16:16.492 [main] BasicTypeRegistry - Adding type registration LocalTime -> org.hibernate.type.LocalTimeType@31d6f3fe
[DEBUG] 2020-09-29 10:16:16.492 [main] BasicTypeRegistry - Adding type registration java.time.LocalTime -> org.hibernate.type.LocalTimeType@31d6f3fe
[DEBUG] 2020-09-29 10:16:16.494 [main] BasicTypeRegistry - Adding type registration OffsetDateTime -> org.hibernate.type.OffsetDateTimeType@165e389b
[DEBUG] 2020-09-29 10:16:16.495 [main] BasicTypeRegistry - Adding type registration java.time.OffsetDateTime -> org.hibernate.type.OffsetDateTimeType@165e389b
[DEBUG] 2020-09-29 10:16:16.497 [main] BasicTypeRegistry - Adding type registration OffsetTime -> org.hibernate.type.OffsetTimeType@71f0b72e
[DEBUG] 2020-09-29 10:16:16.497 [main] BasicTypeRegistry - Adding type registration java.time.OffsetTime -> org.hibernate.type.OffsetTimeType@71f0b72e
[DEBUG] 2020-09-29 10:16:16.510 [main] BasicTypeRegistry - Adding type registration ZonedDateTime -> org.hibernate.type.ZonedDateTimeType@3681037
[DEBUG] 2020-09-29 10:16:16.510 [main] BasicTypeRegistry - Adding type registration java.time.ZonedDateTime -> org.hibernate.type.ZonedDateTimeType@3681037
[DEBUG] 2020-09-29 10:16:16.516 [main] BasicTypeRegistry - Adding type registration date -> org.hibernate.type.DateType@228cea97
[DEBUG] 2020-09-29 10:16:16.517 [main] BasicTypeRegistry - Adding type registration java.sql.Date -> org.hibernate.type.DateType@228cea97
[DEBUG] 2020-09-29 10:16:16.519 [main] BasicTypeRegistry - Adding type registration time -> org.hibernate.type.TimeType@47fbc56
[DEBUG] 2020-09-29 10:16:16.519 [main] BasicTypeRegistry - Adding type registration java.sql.Time -> org.hibernate.type.TimeType@47fbc56
[DEBUG] 2020-09-29 10:16:16.523 [main] BasicTypeRegistry - Adding type registration timestamp -> org.hibernate.type.TimestampType@497aec8c
[DEBUG] 2020-09-29 10:16:16.524 [main] BasicTypeRegistry - Adding type registration java.sql.Timestamp -> org.hibernate.type.TimestampType@497aec8c
[DEBUG] 2020-09-29 10:16:16.525 [main] BasicTypeRegistry - Adding type registration java.util.Date -> org.hibernate.type.TimestampType@497aec8c
[DEBUG] 2020-09-29 10:16:16.530 [main] BasicTypeRegistry - Adding type registration dbtimestamp -> org.hibernate.type.DbTimestampType@3f628ce9
[DEBUG] 2020-09-29 10:16:16.532 [main] BasicTypeRegistry - Adding type registration calendar -> org.hibernate.type.CalendarType@5fac521d
[DEBUG] 2020-09-29 10:16:16.540 [main] BasicTypeRegistry - Adding type registration java.util.Calendar -> org.hibernate.type.CalendarType@5fac521d
[DEBUG] 2020-09-29 10:16:16.540 [main] BasicTypeRegistry - Adding type registration java.util.GregorianCalendar -> org.hibernate.type.CalendarType@5fac521d
[DEBUG] 2020-09-29 10:16:16.541 [main] BasicTypeRegistry - Adding type registration calendar_date -> org.hibernate.type.CalendarDateType@7a0f244f
[DEBUG] 2020-09-29 10:16:16.542 [main] BasicTypeRegistry - Adding type registration locale -> org.hibernate.type.LocaleType@27a2a089
[DEBUG] 2020-09-29 10:16:16.544 [main] BasicTypeRegistry - Adding type registration java.util.Locale -> org.hibernate.type.LocaleType@27a2a089
[DEBUG] 2020-09-29 10:16:16.547 [main] BasicTypeRegistry - Adding type registration currency -> org.hibernate.type.CurrencyType@5ac6c4f2
[DEBUG] 2020-09-29 10:16:16.547 [main] BasicTypeRegistry - Adding type registration java.util.Currency -> org.hibernate.type.CurrencyType@5ac6c4f2
[DEBUG] 2020-09-29 10:16:16.552 [main] BasicTypeRegistry - Adding type registration timezone -> org.hibernate.type.TimeZoneType@78525ef9
[DEBUG] 2020-09-29 10:16:16.552 [main] BasicTypeRegistry - Adding type registration java.util.TimeZone -> org.hibernate.type.TimeZoneType@78525ef9
[DEBUG] 2020-09-29 10:16:16.554 [main] BasicTypeRegistry - Adding type registration class -> org.hibernate.type.ClassType@350a94ce
[DEBUG] 2020-09-29 10:16:16.556 [main] BasicTypeRegistry - Adding type registration java.lang.Class -> org.hibernate.type.ClassType@350a94ce
[DEBUG] 2020-09-29 10:16:16.564 [main] BasicTypeRegistry - Adding type registration uuid-binary -> org.hibernate.type.UUIDBinaryType@5fbdc49b
[DEBUG] 2020-09-29 10:16:16.565 [main] BasicTypeRegistry - Adding type registration java.util.UUID -> org.hibernate.type.UUIDBinaryType@5fbdc49b
[DEBUG] 2020-09-29 10:16:16.566 [main] BasicTypeRegistry - Adding type registration uuid-char -> org.hibernate.type.UUIDCharType@7be3a9ce
[DEBUG] 2020-09-29 10:16:16.568 [main] BasicTypeRegistry - Adding type registration binary -> org.hibernate.type.BinaryType@476e8796
[DEBUG] 2020-09-29 10:16:16.568 [main] BasicTypeRegistry - Adding type registration byte[] -> org.hibernate.type.BinaryType@476e8796
[DEBUG] 2020-09-29 10:16:16.568 [main] BasicTypeRegistry - Adding type registration [B -> org.hibernate.type.BinaryType@476e8796
[DEBUG] 2020-09-29 10:16:16.569 [main] BasicTypeRegistry - Adding type registration wrapper-binary -> org.hibernate.type.WrapperBinaryType@61d84e08
[DEBUG] 2020-09-29 10:16:16.570 [main] BasicTypeRegistry - Adding type registration Byte[] -> org.hibernate.type.WrapperBinaryType@61d84e08
[DEBUG] 2020-09-29 10:16:16.570 [main] BasicTypeRegistry - Adding type registration [Ljava.lang.Byte; -> org.hibernate.type.WrapperBinaryType@61d84e08
[DEBUG] 2020-09-29 10:16:16.573 [main] BasicTypeRegistry - Adding type registration row_version -> org.hibernate.type.RowVersionType@7397c6
[DEBUG] 2020-09-29 10:16:16.573 [main] BasicTypeRegistry - Adding type registration image -> org.hibernate.type.ImageType@107f4980
[DEBUG] 2020-09-29 10:16:16.575 [main] BasicTypeRegistry - Adding type registration characters -> org.hibernate.type.CharArrayType@f08fdce
[DEBUG] 2020-09-29 10:16:16.578 [main] BasicTypeRegistry - Adding type registration char[] -> org.hibernate.type.CharArrayType@f08fdce
[DEBUG] 2020-09-29 10:16:16.578 [main] BasicTypeRegistry - Adding type registration [C -> org.hibernate.type.CharArrayType@f08fdce
[DEBUG] 2020-09-29 10:16:16.582 [main] BasicTypeRegistry - Adding type registration wrapper-characters -> org.hibernate.type.CharacterArrayType@f288c14
[DEBUG] 2020-09-29 10:16:16.583 [main] BasicTypeRegistry - Adding type registration [Ljava.lang.Character; -> org.hibernate.type.CharacterArrayType@f288c14
[DEBUG] 2020-09-29 10:16:16.583 [main] BasicTypeRegistry - Adding type registration Character[] -> org.hibernate.type.CharacterArrayType@f288c14
[DEBUG] 2020-09-29 10:16:16.585 [main] BasicTypeRegistry - Adding type registration text -> org.hibernate.type.TextType@17b6d426
[DEBUG] 2020-09-29 10:16:16.586 [main] BasicTypeRegistry - Adding type registration ntext -> org.hibernate.type.NTextType@46a953cf
[DEBUG] 2020-09-29 10:16:16.590 [main] BasicTypeRegistry - Adding type registration blob -> org.hibernate.type.BlobType@7b7683d4
[DEBUG] 2020-09-29 10:16:16.594 [main] BasicTypeRegistry - Adding type registration java.sql.Blob -> org.hibernate.type.BlobType@7b7683d4
[DEBUG] 2020-09-29 10:16:16.595 [main] BasicTypeRegistry - Adding type registration materialized_blob -> org.hibernate.type.MaterializedBlobType@76ddd61a
[DEBUG] 2020-09-29 10:16:16.600 [main] BasicTypeRegistry - Adding type registration clob -> org.hibernate.type.ClobType@24934262
[DEBUG] 2020-09-29 10:16:16.600 [main] BasicTypeRegistry - Adding type registration java.sql.Clob -> org.hibernate.type.ClobType@24934262
[DEBUG] 2020-09-29 10:16:16.602 [main] BasicTypeRegistry - Adding type registration nclob -> org.hibernate.type.NClobType@6e33fcae
[DEBUG] 2020-09-29 10:16:16.607 [main] BasicTypeRegistry - Adding type registration java.sql.NClob -> org.hibernate.type.NClobType@6e33fcae
[DEBUG] 2020-09-29 10:16:16.611 [main] BasicTypeRegistry - Adding type registration materialized_clob -> org.hibernate.type.MaterializedClobType@4554de02
[DEBUG] 2020-09-29 10:16:16.612 [main] BasicTypeRegistry - Adding type registration materialized_nclob -> org.hibernate.type.MaterializedNClobType@4422dd48
[DEBUG] 2020-09-29 10:16:16.613 [main] BasicTypeRegistry - Adding type registration serializable -> org.hibernate.type.SerializableType@6ecab872
[DEBUG] 2020-09-29 10:16:16.622 [main] BasicTypeRegistry - Adding type registration object -> org.hibernate.type.ObjectType@6c42f2a1
[DEBUG] 2020-09-29 10:16:16.626 [main] BasicTypeRegistry - Adding type registration java.lang.Object -> org.hibernate.type.ObjectType@6c42f2a1
[DEBUG] 2020-09-29 10:16:16.627 [main] BasicTypeRegistry - Adding type registration imm_date -> org.hibernate.type.AdaptedImmutableType@1aa6e3c0
[DEBUG] 2020-09-29 10:16:16.627 [main] BasicTypeRegistry - Adding type registration imm_time -> org.hibernate.type.AdaptedImmutableType@3531f3ca
[DEBUG] 2020-09-29 10:16:16.627 [main] BasicTypeRegistry - Adding type registration imm_timestamp -> org.hibernate.type.AdaptedImmutableType@7fcf294e
[DEBUG] 2020-09-29 10:16:16.627 [main] BasicTypeRegistry - Adding type registration imm_dbtimestamp -> org.hibernate.type.AdaptedImmutableType@4867ab9f
[DEBUG] 2020-09-29 10:16:16.627 [main] BasicTypeRegistry - Adding type registration imm_calendar -> org.hibernate.type.AdaptedImmutableType@65f2f9b0
[DEBUG] 2020-09-29 10:16:16.627 [main] BasicTypeRegistry - Adding type registration imm_calendar_date -> org.hibernate.type.AdaptedImmutableType@5fe7f967
[DEBUG] 2020-09-29 10:16:16.628 [main] BasicTypeRegistry - Adding type registration imm_binary -> org.hibernate.type.AdaptedImmutableType@59e43e8c
[DEBUG] 2020-09-29 10:16:16.628 [main] BasicTypeRegistry - Adding type registration imm_serializable -> org.hibernate.type.AdaptedImmutableType@2caa5d7c
[DEBUG] 2020-09-29 10:16:16.712 [main] DefaultIdentifierGeneratorFactory - Registering IdentifierGenerator strategy [uuid2] -> [org.hibernate.id.UUIDGenerator]
[DEBUG] 2020-09-29 10:16:16.712 [main] DefaultIdentifierGeneratorFactory - Registering IdentifierGenerator strategy [guid] -> [org.hibernate.id.GUIDGenerator]
[DEBUG] 2020-09-29 10:16:16.715 [main] DefaultIdentifierGeneratorFactory - Registering IdentifierGenerator strategy [uuid] -> [org.hibernate.id.UUIDHexGenerator]
[DEBUG] 2020-09-29 10:16:16.716 [main] DefaultIdentifierGeneratorFactory - Registering IdentifierGenerator strategy [uuid.hex] -> [org.hibernate.id.UUIDHexGenerator]
[DEBUG] 2020-09-29 10:16:16.717 [main] DefaultIdentifierGeneratorFactory - Registering IdentifierGenerator strategy [assigned] -> [org.hibernate.id.Assigned]
[DEBUG] 2020-09-29 10:16:16.721 [main] DefaultIdentifierGeneratorFactory - Registering IdentifierGenerator strategy [identity] -> [org.hibernate.id.IdentityGenerator]
[DEBUG] 2020-09-29 10:16:16.725 [main] DefaultIdentifierGeneratorFactory - Registering IdentifierGenerator strategy [select] -> [org.hibernate.id.SelectGenerator]
[DEBUG] 2020-09-29 10:16:16.731 [main] DefaultIdentifierGeneratorFactory - Registering IdentifierGenerator strategy [sequence] -> [org.hibernate.id.enhanced.SequenceStyleGenerator]
[DEBUG] 2020-09-29 10:16:16.732 [main] DefaultIdentifierGeneratorFactory - Registering IdentifierGenerator strategy [seqhilo] -> [org.hibernate.id.SequenceHiLoGenerator]
[DEBUG] 2020-09-29 10:16:16.733 [main] DefaultIdentifierGeneratorFactory - Registering IdentifierGenerator strategy [increment] -> [org.hibernate.id.IncrementGenerator]
[DEBUG] 2020-09-29 10:16:16.734 [main] DefaultIdentifierGeneratorFactory - Registering IdentifierGenerator strategy [foreign] -> [org.hibernate.id.ForeignGenerator]
[DEBUG] 2020-09-29 10:16:16.735 [main] DefaultIdentifierGeneratorFactory - Registering IdentifierGenerator strategy [sequence-identity] -> [org.hibernate.id.SequenceIdentityGenerator]
[DEBUG] 2020-09-29 10:16:16.735 [main] DefaultIdentifierGeneratorFactory - Registering IdentifierGenerator strategy [enhanced-sequence] -> [org.hibernate.id.enhanced.SequenceStyleGenerator]
[DEBUG] 2020-09-29 10:16:16.740 [main] DefaultIdentifierGeneratorFactory - Registering IdentifierGenerator strategy [enhanced-table] -> [org.hibernate.id.enhanced.TableGenerator]
[INFO ] 2020-09-29 10:16:16.759 [main] C3P0ConnectionProvider - HHH010002: C3P0 using driver: com.mysql.cj.jdbc.Driver at URL: jdbc:mysql://localhost:3306/hotel_test
[INFO ] 2020-09-29 10:16:16.759 [main] C3P0ConnectionProvider - HHH10001001: Connection properties: {password=****, user=root}
[INFO ] 2020-09-29 10:16:16.759 [main] C3P0ConnectionProvider - HHH10001003: Autocommit mode: false
[INFO ] 2020-09-29 10:16:17.166 [main] C3P0ConnectionProvider - HHH10001007: JDBC isolation level: <unknown>
[DEBUG] 2020-09-29 10:16:17.601 [main] JdbcEnvironmentInitiator - Database ->
       name : MySQL
    version : 8.0.16
      major : 8
      minor : 0
[DEBUG] 2020-09-29 10:16:17.624 [main] JdbcEnvironmentInitiator - Driver ->
       name : MySQL Connector/J
    version : mysql-connector-java-8.0.16 (Revision: 34cbc6bc61f72836e26327537a432d6db7c77de6)
      major : 8
      minor : 0
[DEBUG] 2020-09-29 10:16:17.625 [main] JdbcEnvironmentInitiator - JDBC version : 4.2
[INFO ] 2020-09-29 10:16:17.744 [main] Dialect - HHH000400: Using dialect: org.hibernate.dialect.MySQL8Dialect
[DEBUG] 2020-09-29 10:16:17.790 [main] IdentifierHelperBuilder - JDBC driver metadata reported database stores quoted identifiers in more than one case
[DEBUG] 2020-09-29 10:16:17.871 [main] IdentifierHelperBuilder - IdentifierCaseStrategy for both quoted and unquoted identifiers was set to the same strategy [MIXED]; that will likely lead to problems in schema update and validation if using quoted identifiers
[DEBUG] 2020-09-29 10:16:18.011 [main] Namespace - Created database namespace [logicalName=Name{catalog=null, schema=null}, physicalName=Name{catalog=null, schema=null}]
[DEBUG] 2020-09-29 10:16:18.024 [main] TypeConfiguration$Scope - Scoping TypeConfiguration [org.hibernate.type.spi.TypeConfiguration@404db674] to MetadataBuildingContext [org.hibernate.boot.internal.MetadataBuildingContextRootImpl@50f097b5]
[DEBUG] 2020-09-29 10:16:18.197 [main] AnnotationBinder - Binding entity from annotated class: hote.entity.User
[DEBUG] 2020-09-29 10:16:18.269 [main] Ejb3Column - Binding column: Ejb3DiscriminatorColumn{logicalColumnName'DTYPE', discriminatorTypeName='string'}
[DEBUG] 2020-09-29 10:16:18.280 [main] EntityBinder - Import with entity name User
[DEBUG] 2020-09-29 10:16:18.292 [main] EntityBinder - Bind entity hote.entity.User on table user
[DEBUG] 2020-09-29 10:16:18.341 [main] Ejb3Column - Binding column: Ejb3Column{table=org.hibernate.mapping.Table(user), mappingColumn=id, insertable=true, updatable=true, unique=false}
[DEBUG] 2020-09-29 10:16:18.351 [main] PropertyBinder - MetadataSourceProcessor property id with lazy=false
[DEBUG] 2020-09-29 10:16:18.358 [main] AbstractPropertyHolder - Attempting to locate auto-apply AttributeConverter for property [hote.entity.User:id]
[DEBUG] 2020-09-29 10:16:18.367 [main] SimpleValueBinder - building SimpleValue for id
[DEBUG] 2020-09-29 10:16:18.376 [main] PropertyBinder - Building property id
[DEBUG] 2020-09-29 10:16:18.383 [main] BinderHelper - #makeIdGenerator(org.hibernate.mapping.SimpleValue([org.hibernate.mapping.Column(id)]), id, org.hibernate.id.enhanced.SequenceStyleGenerator, native, ...)
[DEBUG] 2020-09-29 10:16:18.390 [main] Ejb3Column - Binding column: Ejb3Column{table=org.hibernate.mapping.Table(user), mappingColumn=first_name, insertable=true, updatable=true, unique=false}
[DEBUG] 2020-09-29 10:16:18.391 [main] PropertyBinder - MetadataSourceProcessor property first_name with lazy=false
[DEBUG] 2020-09-29 10:16:18.391 [main] AbstractPropertyHolder - Attempting to locate auto-apply AttributeConverter for property [hote.entity.User:first_name]
[DEBUG] 2020-09-29 10:16:18.391 [main] SimpleValueBinder - building SimpleValue for first_name
[DEBUG] 2020-09-29 10:16:18.391 [main] PropertyBinder - Building property first_name
[DEBUG] 2020-09-29 10:16:18.401 [main] Ejb3Column - Binding column: Ejb3Column{table=org.hibernate.mapping.Table(user), mappingColumn=last_name, insertable=true, updatable=true, unique=false}
[DEBUG] 2020-09-29 10:16:18.401 [main] PropertyBinder - MetadataSourceProcessor property last_name with lazy=false
[DEBUG] 2020-09-29 10:16:18.402 [main] AbstractPropertyHolder - Attempting to locate auto-apply AttributeConverter for property [hote.entity.User:last_name]
[DEBUG] 2020-09-29 10:16:18.402 [main] SimpleValueBinder - building SimpleValue for last_name
[DEBUG] 2020-09-29 10:16:18.402 [main] PropertyBinder - Building property last_name
[DEBUG] 2020-09-29 10:16:18.402 [main] Ejb3Column - Binding column: Ejb3Column{table=org.hibernate.mapping.Table(user), mappingColumn=user_name, insertable=true, updatable=true, unique=false}
[DEBUG] 2020-09-29 10:16:18.402 [main] PropertyBinder - MetadataSourceProcessor property user_name with lazy=false
[DEBUG] 2020-09-29 10:16:18.403 [main] AbstractPropertyHolder - Attempting to locate auto-apply AttributeConverter for property [hote.entity.User:user_name]
[DEBUG] 2020-09-29 10:16:18.405 [main] SimpleValueBinder - building SimpleValue for user_name
[DEBUG] 2020-09-29 10:16:18.405 [main] PropertyBinder - Building property user_name
[DEBUG] 2020-09-29 10:16:18.416 [main] SimpleValueBinder - Starting fillSimpleValue for id
[DEBUG] 2020-09-29 10:16:18.418 [main] SimpleValueBinder - Starting fillSimpleValue for first_name
[DEBUG] 2020-09-29 10:16:18.418 [main] SimpleValueBinder - Starting fillSimpleValue for last_name
[DEBUG] 2020-09-29 10:16:18.422 [main] SimpleValueBinder - Starting fillSimpleValue for user_name
[DEBUG] 2020-09-29 10:16:18.424 [main] PrimaryKey - Forcing column [id] to be non-null as it is part of the primary key for table [user]
[DEBUG] 2020-09-29 10:16:18.536 [main] SessionFactoryImpl - Building session factory
[DEBUG] 2020-09-29 10:16:18.538 [main] Settings - SessionFactory name : null
[DEBUG] 2020-09-29 10:16:18.538 [main] Settings - Automatic flush during beforeCompletion(): enabled
[DEBUG] 2020-09-29 10:16:18.538 [main] Settings - Automatic session close at end of transaction: disabled
[DEBUG] 2020-09-29 10:16:18.539 [main] Settings - Statistics: disabled
[DEBUG] 2020-09-29 10:16:18.539 [main] Settings - Deleted entity synthetic identifier rollback: disabled
[DEBUG] 2020-09-29 10:16:18.539 [main] Settings - Default entity-mode: pojo
[DEBUG] 2020-09-29 10:16:18.539 [main] Settings - Check Nullability in Core (should be disabled when Bean Validation is on): enabled
[DEBUG] 2020-09-29 10:16:18.539 [main] Settings - Allow initialization of lazy state outside session : disabled
[DEBUG] 2020-09-29 10:16:18.540 [main] Settings - Using BatchFetchStyle : LEGACY
[DEBUG] 2020-09-29 10:16:18.540 [main] Settings - Default batch fetch size: -1
[DEBUG] 2020-09-29 10:16:18.540 [main] Settings - Maximum outer join fetch depth: 2
[DEBUG] 2020-09-29 10:16:18.540 [main] Settings - Default null ordering: NONE
[DEBUG] 2020-09-29 10:16:18.540 [main] Settings - Order SQL updates by primary key: disabled
[DEBUG] 2020-09-29 10:16:18.540 [main] Settings - Order SQL inserts for batching: disabled
[DEBUG] 2020-09-29 10:16:18.540 [main] Settings - multi-tenancy strategy : NONE
[DEBUG] 2020-09-29 10:16:18.540 [main] Settings - JTA Track by Thread: enabled
[DEBUG] 2020-09-29 10:16:18.540 [main] Settings - Query language substitutions: {}
[DEBUG] 2020-09-29 10:16:18.540 [main] Settings - Named query checking : enabled
[DEBUG] 2020-09-29 10:16:18.543 [main] Settings - Second-level cache: disabled
[DEBUG] 2020-09-29 10:16:18.544 [main] Settings - Second-level query cache: disabled
[DEBUG] 2020-09-29 10:16:18.544 [main] Settings - Second-level query cache factory: null
[DEBUG] 2020-09-29 10:16:18.549 [main] Settings - Second-level cache region prefix: null
[DEBUG] 2020-09-29 10:16:18.549 [main] Settings - Optimize second-level cache for minimal puts: disabled
[DEBUG] 2020-09-29 10:16:18.549 [main] Settings - Structured second-level cache entries: disabled
[DEBUG] 2020-09-29 10:16:18.549 [main] Settings - Second-level cache direct-reference entries: disabled
[DEBUG] 2020-09-29 10:16:18.550 [main] Settings - Automatic eviction of collection cache: disabled
[DEBUG] 2020-09-29 10:16:18.550 [main] Settings - JDBC batch size: 15
[DEBUG] 2020-09-29 10:16:18.550 [main] Settings - JDBC batch updates for versioned data: enabled
[DEBUG] 2020-09-29 10:16:18.550 [main] Settings - Scrollable result sets: enabled
[DEBUG] 2020-09-29 10:16:18.550 [main] Settings - Wrap result sets: disabled
[DEBUG] 2020-09-29 10:16:18.550 [main] Settings - JDBC3 getGeneratedKeys(): enabled
[DEBUG] 2020-09-29 10:16:18.550 [main] Settings - JDBC result set fetch size: null
[DEBUG] 2020-09-29 10:16:18.550 [main] Settings - Connection release mode: AFTER_TRANSACTION
[DEBUG] 2020-09-29 10:16:18.550 [main] Settings - Generate SQL with comments: disabled
[DEBUG] 2020-09-29 10:16:18.550 [main] Settings - JPA compliance - query : 
[DEBUG] 2020-09-29 10:16:18.551 [main] Settings - JPA compliance - closed-handling : 
[DEBUG] 2020-09-29 10:16:18.551 [main] Settings - JPA compliance - lists : 
[DEBUG] 2020-09-29 10:16:18.551 [main] Settings - JPA compliance - transactions : 
[INFO ] 2020-09-29 10:16:18.649 [main] beans - HHH10005002: No explicit CDI BeanManager reference was passed to Hibernate, but CDI is available on the Hibernate ClassLoader.
[DEBUG] 2020-09-29 10:16:18.690 [main] SessionFactoryImpl - Session factory constructed with filter configurations : {}
[DEBUG] 2020-09-29 10:16:18.691 [main] SessionFactoryImpl - Instantiating session factory with properties: {sun.desktop=gnome, awt.toolkit=sun.awt.X11.XToolkit, java.specification.version=11, sun.cpu.isalist=, hibernate.c3p0.idle_test_period=3000, sun.jnu.encoding=UTF-8, hibernate.c3p0.min_size=5, java.class.path=/snap/intellij-idea-ultimate/248/lib/idea_rt.jar:/snap/intellij-idea-ultimate/248/plugins/junit/lib/junit5-rt.jar:/snap/intellij-idea-ultimate/248/plugins/junit/lib/junit-rt.jar:/home/student/IdeaProjects/HotelWebsie/target/test-classes:/home/student/IdeaProjects/HotelWebsie/target/classes:/home/student/.m2/repository/org/junit/platform/junit-platform-runner/1.0.0/junit-platform-runner-1.0.0.jar:/home/student/.m2/repository/org/apiguardian/apiguardian-api/1.0.0/apiguardian-api-1.0.0.jar:/home/student/.m2/repository/org/junit/platform/junit-platform-launcher/1.0.0/junit-platform-launcher-1.0.0.jar:/home/student/.m2/repository/org/junit/platform/junit-platform-suite-api/1.0.0/junit-platform-suite-api-1.0.0.jar:/home/student/.m2/repository/org/junit/platform/junit-platform-commons/1.0.0/junit-platform-commons-1.0.0.jar:/home/student/.m2/repository/org/junit/vintage/junit-vintage-engine/4.12.0/junit-vintage-engine-4.12.0.jar:/home/student/.m2/repository/org/junit/platform/junit-platform-engine/1.0.0/junit-platform-engine-1.0.0.jar:/home/student/.m2/repository/org/opentest4j/opentest4j/1.0.0/opentest4j-1.0.0.jar:/home/student/.m2/repository/org/junit/jupiter/junit-jupiter-engine/5.0.0/junit-jupiter-engine-5.0.0.jar:/home/student/.m2/repository/org/junit/jupiter/junit-jupiter-api/5.0.0/junit-jupiter-api-5.0.0.jar:/home/student/.m2/repository/junit/junit/4.12/junit-4.12.jar:/home/student/.m2/repository/org/hamcrest/hamcrest-core/1.3/hamcrest-core-1.3.jar:/home/student/.m2/repository/javax/javaee-web-api/7.0/javaee-web-api-7.0.jar:/home/student/.m2/repository/mysql/mysql-connector-java/8.0.16/mysql-connector-java-8.0.16.jar:/home/student/.m2/repository/com/google/protobuf/protobuf-java/3.6.1/protobuf-java-3.6.1.jar:/home/student/.m2/repository/jstl/jstl/1.2/jstl-1.2.jar:/home/student/.m2/repository/org/apache/logging/log4j/log4j-api/2.10.0/log4j-api-2.10.0.jar:/home/student/.m2/repository/org/apache/logging/log4j/log4j-core/2.10.0/log4j-core-2.10.0.jar:/home/student/.m2/repository/org/hibernate/hibernate-core/5.4.4.Final/hibernate-core-5.4.4.Final.jar:/home/student/.m2/repository/org/jboss/logging/jboss-logging/3.3.2.Final/jboss-logging-3.3.2.Final.jar:/home/student/.m2/repository/javax/persistence/javax.persistence-api/2.2/javax.persistence-api-2.2.jar:/home/student/.m2/repository/org/javassist/javassist/3.24.0-GA/javassist-3.24.0-GA.jar:/home/student/.m2/repository/net/bytebuddy/byte-buddy/1.9.11/byte-buddy-1.9.11.jar:/home/student/.m2/repository/antlr/antlr/2.7.7/antlr-2.7.7.jar:/home/student/.m2/repository/org/jboss/spec/javax/transaction/jboss-transaction-api_1.2_spec/1.1.1.Final/jboss-transaction-api_1.2_spec-1.1.1.Final.jar:/home/student/.m2/repository/org/jboss/jandex/2.0.5.Final/jandex-2.0.5.Final.jar:/home/student/.m2/repository/com/fasterxml/classmate/1.3.4/classmate-1.3.4.jar:/home/student/.m2/repository/javax/activation/javax.activation-api/1.2.0/javax.activation-api-1.2.0.jar:/home/student/.m2/repository/org/dom4j/dom4j/2.1.1/dom4j-2.1.1.jar:/home/student/.m2/repository/org/hibernate/common/hibernate-commons-annotations/5.1.0.Final/hibernate-commons-annotations-5.1.0.Final.jar:/home/student/.m2/repository/javax/xml/bind/jaxb-api/2.3.1/jaxb-api-2.3.1.jar:/home/student/.m2/repository/org/glassfish/jaxb/jaxb-runtime/2.3.1/jaxb-runtime-2.3.1.jar:/home/student/.m2/repository/org/glassfish/jaxb/txw2/2.3.1/txw2-2.3.1.jar:/home/student/.m2/repository/com/sun/istack/istack-commons-runtime/3.0.7/istack-commons-runtime-3.0.7.jar:/home/student/.m2/repository/org/jvnet/staxex/stax-ex/1.8/stax-ex-1.8.jar:/home/student/.m2/repository/com/sun/xml/fastinfoset/FastInfoset/1.2.15/FastInfoset-1.2.15.jar:/home/student/.m2/repository/org/hibernate/hibernate-c3p0/5.4.4.Final/hibernate-c3p0-5.4.4.Final.jar:/home/student/.m2/repository/com/mchange/c3p0/0.9.5.3/c3p0-0.9.5.3.jar:/home/student/.m2/repository/com/mchange/mchange-commons-java/0.2.15/mchange-commons-java-0.2.15.jar, java.vm.vendor=Ubuntu, sun.arch.data.model=64, idea.test.cyclic.buffer.size=1048576, java.vendor.url=https://ubuntu.com/, user.timezone=America/Chicago, os.name=Linux, java.vm.specification.version=11, sun.java.launcher=SUN_STANDARD, user.country=US, sun.boot.library.path=/usr/lib/jvm/java-11-openjdk-amd64/lib, sun.java.command=com.intellij.rt.junit.JUnitStarter -ideVersion5 -junit5 hotel.persistence.UserDaoTest, jdk.debug=release, sun.cpu.endian=little, user.home=/home/student, hibernate.c3p0.max_statements=50, user.language=en, java.specification.vendor=Oracle Corporation, java.version.date=2020-07-14, java.home=/usr/lib/jvm/java-11-openjdk-amd64, file.separator=/, java.vm.compressedOopsMode=32-bit, line.separator=
, hibernate.c3p0.timeout=300, java.specification.name=Java Platform API Specification, java.vm.specification.vendor=Oracle Corporation, java.awt.graphicsenv=sun.awt.X11GraphicsEnvironment, connection.password=student, sun.management.compiler=HotSpot 64-Bit Tiered Compilers, hibernate.c3p0.max_size=20, java.runtime.version=11.0.8+10-post-Ubuntu-0ubuntu118.04.1, user.name=student, path.separator=:, hibernate.connection.username=****, os.version=5.4.0-48-generic, java.runtime.name=OpenJDK Runtime Environment, hibernate.connection.url=jdbc:mysql://localhost:3306/hotel_test, file.encoding=UTF-8, java.vm.name=OpenJDK 64-Bit Server VM, hibernate.connection.driver_class=com.mysql.cj.jdbc.Driver, java.vendor.url.bug=https://bugs.launchpad.net/ubuntu/+source/openjdk-lts, java.io.tmpdir=/tmp, java.version=11.0.8, user.dir=/home/student/IdeaProjects/HotelWebsie, os.arch=amd64, connection.username=root, java.vm.specification.name=Java Virtual Machine Specification, java.awt.printerjob=sun.print.PSPrinterJob, hibernate.connection.password=****, sun.os.patch.level=unknown, connection.driver_class=com.mysql.cj.jdbc.Driver, hibernate.boot.CfgXmlAccessService.key=org.hibernate.boot.cfgxml.spi.LoadedConfig@5d5a51b1, java.library.path=/usr/java/packages/lib:/usr/lib/x86_64-linux-gnu/jni:/lib/x86_64-linux-gnu:/usr/lib/x86_64-linux-gnu:/usr/lib/jni:/lib:/usr/lib, java.vendor=Ubuntu, java.vm.info=mixed mode, sharing, java.vm.version=11.0.8+10-post-Ubuntu-0ubuntu118.04.1, hibernate.bytecode.use_reflection_optimizer=false, sun.io.unicode.encoding=UnicodeLittle, connection.url=jdbc:mysql://localhost:3306/hotel_test, java.class.version=55.0}
[DEBUG] 2020-09-29 10:16:18.721 [main] TypeSafeActivator - Unable to acquire Bean Validation ValidatorFactory, skipping activation
[DEBUG] 2020-09-29 10:16:18.721 [main] JaccIntegrator - Skipping JACC integration as it was not enabled
[DEBUG] 2020-09-29 10:16:18.727 [main] SessionFactoryImpl - Instantiated session factory
[DEBUG] 2020-09-29 10:16:18.727 [main] TypeConfiguration$Scope - Scoping TypeConfiguration [org.hibernate.type.spi.TypeConfiguration@404db674] to SessionFactoryImpl [org.hibernate.internal.SessionFactoryImpl@41d16cc3]
[DEBUG] 2020-09-29 10:16:18.960 [main] ClassLoaderAccessImpl - Not known whether passed class name [hote.entity.User] is safe
[DEBUG] 2020-09-29 10:16:18.961 [main] ClassLoaderAccessImpl - No temp ClassLoader provided; using live ClassLoader for loading potentially unsafe class : hote.entity.User
[DEBUG] 2020-09-29 10:16:18.988 [main] ClassLoaderAccessImpl - Not known whether passed class name [hote.entity.User] is safe
[DEBUG] 2020-09-29 10:16:18.988 [main] ClassLoaderAccessImpl - No temp ClassLoader provided; using live ClassLoader for loading potentially unsafe class : hote.entity.User
[DEBUG] 2020-09-29 10:16:19.722 [main] AbstractEntityPersister - Static SQL for entity: hote.entity.User
[DEBUG] 2020-09-29 10:16:19.722 [main] AbstractEntityPersister -  Version select: select id from user where id =?
[DEBUG] 2020-09-29 10:16:19.723 [main] AbstractEntityPersister -  Snapshot select: select user_.id, user_.first_name as first_na2_0_, user_.last_name as last_nam3_0_, user_.user_name as user_nam4_0_ from user user_ where user_.id=?
[DEBUG] 2020-09-29 10:16:19.723 [main] AbstractEntityPersister -  Insert 0: insert into user (first_name, last_name, user_name, id) values (?, ?, ?, ?)
[DEBUG] 2020-09-29 10:16:19.723 [main] AbstractEntityPersister -  Update 0: update user set first_name=?, last_name=?, user_name=? where id=?
[DEBUG] 2020-09-29 10:16:19.723 [main] AbstractEntityPersister -  Delete 0: delete from user where id=?
[DEBUG] 2020-09-29 10:16:19.724 [main] AbstractEntityPersister -  Identity insert: insert into user (first_name, last_name, user_name) values (?, ?, ?)
[DEBUG] 2020-09-29 10:16:19.787 [main] QuerySpacesImpl - Adding QuerySpace : uid = <gen:0> -> org.hibernate.loader.plan.build.internal.spaces.EntityQuerySpaceImpl@57151b3a]
[DEBUG] 2020-09-29 10:16:19.792 [main] MetamodelGraphWalker - Visiting attribute path : first_name
[DEBUG] 2020-09-29 10:16:19.793 [main] MetamodelGraphWalker - Visiting attribute path : last_name
[DEBUG] 2020-09-29 10:16:19.793 [main] MetamodelGraphWalker - Visiting attribute path : user_name
[DEBUG] 2020-09-29 10:16:19.793 [main] FetchStyleLoadPlanBuildingAssociationVisitationStrategy - Building LoadPlan...
[DEBUG] 2020-09-29 10:16:19.830 [main] LoadQueryJoinAndFetchProcessor - processing queryspace <gen:0>
[DEBUG] 2020-09-29 10:16:19.843 [main] LoadPlanTreePrinter - LoadPlan(entity=hote.entity.User)
    - Returns
       - EntityReturnImpl(entity=hote.entity.User, querySpaceUid=<gen:0>, path=hote.entity.User)
    - QuerySpaces
       - EntityQuerySpaceImpl(uid=<gen:0>, entity=hote.entity.User)
          - SQL table alias mapping - user0_
          - alias suffix - 0_
          - suffixed key columns - {id1_0_0_}

[DEBUG] 2020-09-29 10:16:19.848 [main] EntityLoader - Static select for entity hote.entity.User [NONE]: select user0_.id as id1_0_0_, user0_.first_name as first_na2_0_0_, user0_.last_name as last_nam3_0_0_, user0_.user_name as user_nam4_0_0_ from user user0_ where user0_.id=?
[DEBUG] 2020-09-29 10:16:19.849 [main] QuerySpacesImpl - Adding QuerySpace : uid = <gen:0> -> org.hibernate.loader.plan.build.internal.spaces.EntityQuerySpaceImpl@4c38cd16]
[DEBUG] 2020-09-29 10:16:19.849 [main] MetamodelGraphWalker - Visiting attribute path : first_name
[DEBUG] 2020-09-29 10:16:19.849 [main] MetamodelGraphWalker - Visiting attribute path : last_name
[DEBUG] 2020-09-29 10:16:19.849 [main] MetamodelGraphWalker - Visiting attribute path : user_name
[DEBUG] 2020-09-29 10:16:19.856 [main] FetchStyleLoadPlanBuildingAssociationVisitationStrategy - Building LoadPlan...
[DEBUG] 2020-09-29 10:16:19.856 [main] LoadQueryJoinAndFetchProcessor - processing queryspace <gen:0>
[DEBUG] 2020-09-29 10:16:19.860 [main] LoadPlanTreePrinter - LoadPlan(entity=hote.entity.User)
    - Returns
       - EntityReturnImpl(entity=hote.entity.User, querySpaceUid=<gen:0>, path=hote.entity.User)
    - QuerySpaces
       - EntityQuerySpaceImpl(uid=<gen:0>, entity=hote.entity.User)
          - SQL table alias mapping - user0_
          - alias suffix - 0_
          - suffixed key columns - {id1_0_0_}

[DEBUG] 2020-09-29 10:16:19.860 [main] EntityLoader - Static select for entity hote.entity.User [READ]: select user0_.id as id1_0_0_, user0_.first_name as first_na2_0_0_, user0_.last_name as last_nam3_0_0_, user0_.user_name as user_nam4_0_0_ from user user0_ where user0_.id=?
[DEBUG] 2020-09-29 10:16:19.898 [main] Loader - Static select for action ACTION_MERGE on entity hote.entity.User: select user0_.id as id1_0_0_, user0_.first_name as first_na2_0_0_, user0_.last_name as last_nam3_0_0_, user0_.user_name as user_nam4_0_0_ from user user0_ where user0_.id=?
[DEBUG] 2020-09-29 10:16:19.903 [main] Loader - Static select for action ACTION_REFRESH on entity hote.entity.User: select user0_.id as id1_0_0_, user0_.first_name as first_na2_0_0_, user0_.last_name as last_nam3_0_0_, user0_.user_name as user_nam4_0_0_ from user user0_ where user0_.id=?
[DEBUG] 2020-09-29 10:16:19.986 [main] SchemaManagementToolCoordinator - No actions specified; doing nothing
[DEBUG] 2020-09-29 10:16:19.995 [main] JtaPlatformInitiator - No JtaPlatform was specified, checking resolver
[DEBUG] 2020-09-29 10:16:19.996 [main] JtaPlatformResolverInitiator - No JtaPlatformResolver was specified, using default [org.hibernate.engine.transaction.jta.platform.internal.StandardJtaPlatformResolver]
[DEBUG] 2020-09-29 10:16:20.009 [main] StandardJtaPlatformResolver - Could not resolve JtaPlatform, using default [org.hibernate.engine.transaction.jta.platform.internal.NoJtaPlatform]
[INFO ] 2020-09-29 10:16:20.009 [main] JtaPlatformInitiator - HHH000490: Using JtaPlatform implementation: [org.hibernate.engine.transaction.jta.platform.internal.NoJtaPlatform]
[DEBUG] 2020-09-29 10:16:20.012 [main] NamedQueryRepository - Checking 0 named HQL queries
[DEBUG] 2020-09-29 10:16:20.013 [main] NamedQueryRepository - Checking 0 named SQL queries
[DEBUG] 2020-09-29 10:16:20.025 [main] SessionFactoryRegistry - Initializing SessionFactoryRegistry : org.hibernate.internal.SessionFactoryRegistry@740b9a50
[DEBUG] 2020-09-29 10:16:20.033 [main] SessionFactoryRegistry - Registering SessionFactory: 3f4d994c-bf75-4295-b25d-85015f6a1c2a (<unnamed>)
[DEBUG] 2020-09-29 10:16:20.033 [main] SessionFactoryRegistry - Not binding SessionFactory to JNDI, no JNDI name configured
[DEBUG] 2020-09-29 10:16:20.265 [main] StatisticsInitiator - Statistics initialized [enabled=false]
[DEBUG] 2020-09-29 10:16:20.313 [main] SQL - select user0_.id as id1_0_0_, user0_.first_name as first_na2_0_0_, user0_.last_name as last_nam3_0_0_, user0_.user_name as user_nam4_0_0_ from user user0_ where user0_.id=?
[DEBUG] 2020-09-29 10:16:20.375 [main] ResultSetProcessorImpl - Starting ResultSet row #0
[DEBUG] 2020-09-29 10:16:20.378 [main] EntityReferenceInitializerImpl - On call to EntityIdentifierReaderImpl#resolve, EntityKey was already known; should only happen on root returns with an optional identifier specified
[DEBUG] 2020-09-29 10:16:20.408 [main] TwoPhaseLoad - Resolving attributes for [hote.entity.User#3]
[DEBUG] 2020-09-29 10:16:20.416 [main] TwoPhaseLoad - Processing attribute `first_name` : value = Barney
[DEBUG] 2020-09-29 10:16:20.417 [main] TwoPhaseLoad - Attribute (`first_name`)  - enhanced for lazy-loading? - false
[DEBUG] 2020-09-29 10:16:20.417 [main] TwoPhaseLoad - Processing attribute `last_name` : value = Curry
[DEBUG] 2020-09-29 10:16:20.417 [main] TwoPhaseLoad - Attribute (`last_name`)  - enhanced for lazy-loading? - false
[DEBUG] 2020-09-29 10:16:20.417 [main] TwoPhaseLoad - Processing attribute `user_name` : value = bcurry
[DEBUG] 2020-09-29 10:16:20.419 [main] TwoPhaseLoad - Attribute (`user_name`)  - enhanced for lazy-loading? - false
[DEBUG] 2020-09-29 10:16:20.421 [main] TwoPhaseLoad - Done materializing entity [hote.entity.User#3]
[DEBUG] 2020-09-29 10:16:20.422 [main] ResourceRegistryStandardImpl - HHH000387: ResultSet's statement was not registered
[DEBUG] 2020-09-29 10:16:20.422 [main] AbstractLoadPlanBasedEntityLoader - Done entity load : hote.entity.User#3
[DEBUG] 2020-09-29 10:16:20.423 [main] LogicalConnectionManagedImpl - Initiating JDBC connection release from afterTransaction
[DEBUG] 2020-09-29 10:16:20.446 [main] TransactionImpl - On TransactionImpl creation, JpaCompliance#isJpaTransactionComplianceEnabled == false
[DEBUG] 2020-09-29 10:16:20.449 [main] TransactionImpl - begin
[DEBUG] 2020-09-29 10:16:20.485 [main] TransactionImpl - committing
[DEBUG] 2020-09-29 10:16:20.486 [main] AbstractFlushingEventListener - Processing flush-time cascades
[DEBUG] 2020-09-29 10:16:20.486 [main] AbstractFlushingEventListener - Dirty checking collections
[DEBUG] 2020-09-29 10:16:20.491 [main] AbstractFlushingEventListener - Flushed: 0 insertions, 0 updates, 1 deletions to 1 objects
[DEBUG] 2020-09-29 10:16:20.491 [main] AbstractFlushingEventListener - Flushed: 0 (re)creations, 0 updates, 0 removals to 0 collections
[DEBUG] 2020-09-29 10:16:20.493 [main] EntityPrinter - Listing entities:
[DEBUG] 2020-09-29 10:16:20.493 [main] EntityPrinter - hote.entity.User{user_name=bcurry, last_name=Curry, id=3, first_name=Barney}
[DEBUG] 2020-09-29 10:16:20.509 [main] SQL - delete from user where id=?
[DEBUG] 2020-09-29 10:16:20.532 [main] LogicalConnectionManagedImpl - Initiating JDBC connection release from afterTransaction
[DEBUG] 2020-09-29 10:16:20.539 [main] LogicalConnectionManagedImpl - Initiating JDBC connection release from afterTransaction
[DEBUG] 2020-09-29 10:16:20.539 [main] JdbcCoordinatorImpl - HHH000420: Closing un-released batch
[DEBUG] 2020-09-29 10:16:20.539 [main] SQL - select user0_.id as id1_0_0_, user0_.first_name as first_na2_0_0_, user0_.last_name as last_nam3_0_0_, user0_.user_name as user_nam4_0_0_ from user user0_ where user0_.id=?
[DEBUG] 2020-09-29 10:16:20.552 [main] ResourceRegistryStandardImpl - HHH000387: ResultSet's statement was not registered
[DEBUG] 2020-09-29 10:16:20.552 [main] AbstractLoadPlanBasedEntityLoader - Done entity load : hote.entity.User#3
[DEBUG] 2020-09-29 10:16:20.552 [main] LogicalConnectionManagedImpl - Initiating JDBC connection release from afterTransaction
[DEBUG] 2020-09-29 10:16:20.800 [main] TransactionImpl - On TransactionImpl creation, JpaCompliance#isJpaTransactionComplianceEnabled == false
[DEBUG] 2020-09-29 10:16:20.802 [main] TransactionImpl - begin
[DEBUG] 2020-09-29 10:16:20.813 [main] ActionQueue - Executing identity-insert immediately
[DEBUG] 2020-09-29 10:16:20.814 [main] SQL - insert into user (first_name, last_name, user_name) values (?, ?, ?)
[DEBUG] 2020-09-29 10:16:20.835 [main] IdentifierGeneratorHelper - Natively generated identity: 5
[DEBUG] 2020-09-29 10:16:20.835 [main] ResourceRegistryStandardImpl - HHH000387: ResultSet's statement was not registered
[DEBUG] 2020-09-29 10:16:20.840 [main] TransactionImpl - committing
[DEBUG] 2020-09-29 10:16:20.840 [main] AbstractFlushingEventListener - Processing flush-time cascades
[DEBUG] 2020-09-29 10:16:20.840 [main] AbstractFlushingEventListener - Dirty checking collections
[DEBUG] 2020-09-29 10:16:20.841 [main] AbstractFlushingEventListener - Flushed: 0 insertions, 0 updates, 0 deletions to 1 objects
[DEBUG] 2020-09-29 10:16:20.842 [main] AbstractFlushingEventListener - Flushed: 0 (re)creations, 0 updates, 0 removals to 0 collections
[DEBUG] 2020-09-29 10:16:20.842 [main] EntityPrinter - Listing entities:
[DEBUG] 2020-09-29 10:16:20.842 [main] EntityPrinter - hote.entity.User{user_name=jackrobert, last_name=robertson, id=5, first_name=jack}
[DEBUG] 2020-09-29 10:16:20.846 [main] LogicalConnectionManagedImpl - Initiating JDBC connection release from afterTransaction
[DEBUG] 2020-09-29 10:16:20.848 [main] LogicalConnectionManagedImpl - Initiating JDBC connection release from afterTransaction
[DEBUG] 2020-09-29 10:16:20.854 [main] SQL - select user0_.id as id1_0_0_, user0_.first_name as first_na2_0_0_, user0_.last_name as last_nam3_0_0_, user0_.user_name as user_nam4_0_0_ from user user0_ where user0_.id=?
[DEBUG] 2020-09-29 10:16:20.860 [main] ResultSetProcessorImpl - Starting ResultSet row #0
[DEBUG] 2020-09-29 10:16:20.861 [main] EntityReferenceInitializerImpl - On call to EntityIdentifierReaderImpl#resolve, EntityKey was already known; should only happen on root returns with an optional identifier specified
[DEBUG] 2020-09-29 10:16:20.864 [main] TwoPhaseLoad - Resolving attributes for [hote.entity.User#5]
[DEBUG] 2020-09-29 10:16:20.864 [main] TwoPhaseLoad - Processing attribute `first_name` : value = jack
[DEBUG] 2020-09-29 10:16:20.864 [main] TwoPhaseLoad - Attribute (`first_name`)  - enhanced for lazy-loading? - false
[DEBUG] 2020-09-29 10:16:20.864 [main] TwoPhaseLoad - Processing attribute `last_name` : value = robertson
[DEBUG] 2020-09-29 10:16:20.864 [main] TwoPhaseLoad - Attribute (`last_name`)  - enhanced for lazy-loading? - false
[DEBUG] 2020-09-29 10:16:20.864 [main] TwoPhaseLoad - Processing attribute `user_name` : value = jackrobert
[DEBUG] 2020-09-29 10:16:20.865 [main] TwoPhaseLoad - Attribute (`user_name`)  - enhanced for lazy-loading? - false
[DEBUG] 2020-09-29 10:16:20.865 [main] TwoPhaseLoad - Done materializing entity [hote.entity.User#5]
[DEBUG] 2020-09-29 10:16:20.865 [main] ResourceRegistryStandardImpl - HHH000387: ResultSet's statement was not registered
[DEBUG] 2020-09-29 10:16:20.866 [main] AbstractLoadPlanBasedEntityLoader - Done entity load : hote.entity.User#5
[DEBUG] 2020-09-29 10:16:20.866 [main] LogicalConnectionManagedImpl - Initiating JDBC connection release from afterTransaction
[DEBUG] 2020-09-29 10:16:21.151 [main] CriteriaQueryImpl - Rendered criteria query -> select generatedAlias0 from User as generatedAlias0
[DEBUG] 2020-09-29 10:16:21.198 [main] QueryTranslatorFactoryInitiator - QueryTranslatorFactory: org.hibernate.hql.internal.ast.ASTQueryTranslatorFactory@50f4b83d
[DEBUG] 2020-09-29 10:16:21.271 [main] QueryTranslatorImpl - parse() - HQL: select generatedAlias0 from hote.entity.User as generatedAlias0
[DEBUG] 2020-09-29 10:16:21.287 [main] ErrorTracker - throwQueryException() : no errors
[DEBUG] 2020-09-29 10:16:21.311 [main] QueryTranslatorImpl - --- HQL AST ---
 \-[QUERY] Node: 'query'
    \-[SELECT_FROM] Node: 'SELECT_FROM'
       +-[FROM] Node: 'from'
       |  \-[RANGE] Node: 'RANGE'
       |     +-[DOT] Node: '.'
       |     |  +-[DOT] Node: '.'
       |     |  |  +-[IDENT] Node: 'hote'
       |     |  |  \-[IDENT] Node: 'entity'
       |     |  \-[IDENT] Node: 'User'
       |     \-[ALIAS] Node: 'generatedAlias0'
       \-[SELECT] Node: 'select'
          \-[IDENT] Node: 'generatedAlias0'

[DEBUG] 2020-09-29 10:16:21.376 [main] HqlSqlBaseWalker - select << begin [level=1, statement=select]
[DEBUG] 2020-09-29 10:16:21.415 [main] FromElement - FromClause{level=1} : hote.entity.User (generatedAlias0) -> user0_
[DEBUG] 2020-09-29 10:16:21.416 [main] FromReferenceNode - Resolved : generatedAlias0 -> user0_.id
[DEBUG] 2020-09-29 10:16:21.422 [main] HqlSqlBaseWalker - select : finishing up [level=1, statement=select]
[DEBUG] 2020-09-29 10:16:21.423 [main] HqlSqlWalker - processQuery() :  ( SELECT ( {select clause} user0_.id ) ( FromClause{level=1} user user0_ ) )
[DEBUG] 2020-09-29 10:16:21.450 [main] JoinProcessor - Using FROM fragment [user user0_]
[DEBUG] 2020-09-29 10:16:21.451 [main] HqlSqlBaseWalker - select >> end [level=1, statement=select]
[DEBUG] 2020-09-29 10:16:21.455 [main] QueryTranslatorImpl - --- SQL AST ---
 \-[SELECT] QueryNode: 'SELECT'  querySpaces (user)
    +-[SELECT_CLAUSE] SelectClause: '{select clause}'
    |  +-[ALIAS_REF] IdentNode: 'user0_.id as id1_0_' {alias=generatedAlias0, className=hote.entity.User, tableAlias=user0_}
    |  \-[SQL_TOKEN] SqlFragment: 'user0_.first_name as first_na2_0_, user0_.last_name as last_nam3_0_, user0_.user_name as user_nam4_0_'
    \-[FROM] FromClause: 'from' FromClause{level=1, fromElementCounter=1, fromElements=1, fromElementByClassAlias=[generatedAlias0], fromElementByTableAlias=[user0_], fromElementsByPath=[], collectionJoinFromElementsByPath=[], impliedElements=[]}
       \-[FROM_FRAGMENT] FromElement: 'user user0_' FromElement{explicit,not a collection join,not a fetch join,fetch non-lazy properties,classAlias=generatedAlias0,role=null,tableName=user,tableAlias=user0_,origin=null,columns={,className=hote.entity.User}}

[DEBUG] 2020-09-29 10:16:21.455 [main] ErrorTracker - throwQueryException() : no errors
[DEBUG] 2020-09-29 10:16:21.471 [main] QueryTranslatorImpl - HQL: select generatedAlias0 from hote.entity.User as generatedAlias0
[DEBUG] 2020-09-29 10:16:21.476 [main] QueryTranslatorImpl - SQL: select user0_.id as id1_0_, user0_.first_name as first_na2_0_, user0_.last_name as last_nam3_0_, user0_.user_name as user_nam4_0_ from user user0_
[DEBUG] 2020-09-29 10:16:21.476 [main] ErrorTracker - throwQueryException() : no errors
[DEBUG] 2020-09-29 10:16:21.505 [main] SQL - select user0_.id as id1_0_, user0_.first_name as first_na2_0_, user0_.last_name as last_nam3_0_, user0_.user_name as user_nam4_0_ from user user0_
[DEBUG] 2020-09-29 10:16:21.516 [main] Loader - Result set row: 0
[DEBUG] 2020-09-29 10:16:21.517 [main] Loader - Result row: EntityKey[hote.entity.User#1]
[DEBUG] 2020-09-29 10:16:21.517 [main] Loader - Result set row: 1
[DEBUG] 2020-09-29 10:16:21.517 [main] Loader - Result row: EntityKey[hote.entity.User#2]
[DEBUG] 2020-09-29 10:16:21.524 [main] Loader - Result set row: 2
[DEBUG] 2020-09-29 10:16:21.524 [main] Loader - Result row: EntityKey[hote.entity.User#3]
[DEBUG] 2020-09-29 10:16:21.526 [main] Loader - Result set row: 3
[DEBUG] 2020-09-29 10:16:21.526 [main] Loader - Result row: EntityKey[hote.entity.User#4]
[DEBUG] 2020-09-29 10:16:21.528 [main] TwoPhaseLoad - Resolving attributes for [hote.entity.User#1]
[DEBUG] 2020-09-29 10:16:21.528 [main] TwoPhaseLoad - Processing attribute `first_name` : value = Joe
[DEBUG] 2020-09-29 10:16:21.528 [main] TwoPhaseLoad - Attribute (`first_name`)  - enhanced for lazy-loading? - false
[DEBUG] 2020-09-29 10:16:21.528 [main] TwoPhaseLoad - Processing attribute `last_name` : value = Coyne
[DEBUG] 2020-09-29 10:16:21.528 [main] TwoPhaseLoad - Attribute (`last_name`)  - enhanced for lazy-loading? - false
[DEBUG] 2020-09-29 10:16:21.528 [main] TwoPhaseLoad - Processing attribute `user_name` : value = jcoyne
[DEBUG] 2020-09-29 10:16:21.528 [main] TwoPhaseLoad - Attribute (`user_name`)  - enhanced for lazy-loading? - false
[DEBUG] 2020-09-29 10:16:21.528 [main] TwoPhaseLoad - Done materializing entity [hote.entity.User#1]
[DEBUG] 2020-09-29 10:16:21.528 [main] TwoPhaseLoad - Resolving attributes for [hote.entity.User#2]
[DEBUG] 2020-09-29 10:16:21.529 [main] TwoPhaseLoad - Processing attribute `first_name` : value = Fred
[DEBUG] 2020-09-29 10:16:21.529 [main] TwoPhaseLoad - Attribute (`first_name`)  - enhanced for lazy-loading? - false
[DEBUG] 2020-09-29 10:16:21.532 [main] TwoPhaseLoad - Processing attribute `last_name` : value = Hensen
[DEBUG] 2020-09-29 10:16:21.532 [main] TwoPhaseLoad - Attribute (`last_name`)  - enhanced for lazy-loading? - false
[DEBUG] 2020-09-29 10:16:21.532 [main] TwoPhaseLoad - Processing attribute `user_name` : value = fhensen
[DEBUG] 2020-09-29 10:16:21.532 [main] TwoPhaseLoad - Attribute (`user_name`)  - enhanced for lazy-loading? - false
[DEBUG] 2020-09-29 10:16:21.532 [main] TwoPhaseLoad - Done materializing entity [hote.entity.User#2]
[DEBUG] 2020-09-29 10:16:21.532 [main] TwoPhaseLoad - Resolving attributes for [hote.entity.User#3]
[DEBUG] 2020-09-29 10:16:21.532 [main] TwoPhaseLoad - Processing attribute `first_name` : value = Barney
[DEBUG] 2020-09-29 10:16:21.532 [main] TwoPhaseLoad - Attribute (`first_name`)  - enhanced for lazy-loading? - false
[DEBUG] 2020-09-29 10:16:21.532 [main] TwoPhaseLoad - Processing attribute `last_name` : value = Curry
[DEBUG] 2020-09-29 10:16:21.533 [main] TwoPhaseLoad - Attribute (`last_name`)  - enhanced for lazy-loading? - false
[DEBUG] 2020-09-29 10:16:21.533 [main] TwoPhaseLoad - Processing attribute `user_name` : value = bcurry
[DEBUG] 2020-09-29 10:16:21.535 [main] TwoPhaseLoad - Attribute (`user_name`)  - enhanced for lazy-loading? - false
[DEBUG] 2020-09-29 10:16:21.535 [main] TwoPhaseLoad - Done materializing entity [hote.entity.User#3]
[DEBUG] 2020-09-29 10:16:21.535 [main] TwoPhaseLoad - Resolving attributes for [hote.entity.User#4]
[DEBUG] 2020-09-29 10:16:21.535 [main] TwoPhaseLoad - Processing attribute `first_name` : value = Karen
[DEBUG] 2020-09-29 10:16:21.535 [main] TwoPhaseLoad - Attribute (`first_name`)  - enhanced for lazy-loading? - false
[DEBUG] 2020-09-29 10:16:21.535 [main] TwoPhaseLoad - Processing attribute `last_name` : value = Mack
[DEBUG] 2020-09-29 10:16:21.536 [main] TwoPhaseLoad - Attribute (`last_name`)  - enhanced for lazy-loading? - false
[DEBUG] 2020-09-29 10:16:21.536 [main] TwoPhaseLoad - Processing attribute `user_name` : value = kmack
[DEBUG] 2020-09-29 10:16:21.538 [main] TwoPhaseLoad - Attribute (`user_name`)  - enhanced for lazy-loading? - false
[DEBUG] 2020-09-29 10:16:21.538 [main] TwoPhaseLoad - Done materializing entity [hote.entity.User#4]
[DEBUG] 2020-09-29 10:16:21.552 [main] LogicalConnectionManagedImpl - Initiating JDBC connection release from afterTransaction
[DEBUG] 2020-09-29 10:16:21.861 [main] CriteriaQueryImpl - Rendered criteria query -> select generatedAlias0 from User as generatedAlias0 where generatedAlias0.last_name like :param0
[DEBUG] 2020-09-29 10:16:21.867 [main] QueryTranslatorImpl - parse() - HQL: select generatedAlias0 from hote.entity.User as generatedAlias0 where generatedAlias0.last_name like :param0
[DEBUG] 2020-09-29 10:16:21.875 [main] ErrorTracker - throwQueryException() : no errors
[DEBUG] 2020-09-29 10:16:21.878 [main] QueryTranslatorImpl - --- HQL AST ---
 \-[QUERY] Node: 'query'
    +-[SELECT_FROM] Node: 'SELECT_FROM'
    |  +-[FROM] Node: 'from'
    |  |  \-[RANGE] Node: 'RANGE'
    |  |     +-[DOT] Node: '.'
    |  |     |  +-[DOT] Node: '.'
    |  |     |  |  +-[IDENT] Node: 'hote'
    |  |     |  |  \-[IDENT] Node: 'entity'
    |  |     |  \-[IDENT] Node: 'User'
    |  |     \-[ALIAS] Node: 'generatedAlias0'
    |  \-[SELECT] Node: 'select'
    |     \-[IDENT] Node: 'generatedAlias0'
    \-[WHERE] Node: 'where'
       \-[LIKE] Node: 'like'
          +-[DOT] Node: '.'
          |  +-[IDENT] Node: 'generatedAlias0'
          |  \-[IDENT] Node: 'last_name'
          \-[COLON] Node: ':'
             \-[IDENT] Node: 'param0'

[DEBUG] 2020-09-29 10:16:21.878 [main] HqlSqlBaseWalker - select << begin [level=1, statement=select]
[DEBUG] 2020-09-29 10:16:21.879 [main] FromElement - FromClause{level=1} : hote.entity.User (generatedAlias0) -> user0_
[DEBUG] 2020-09-29 10:16:21.879 [main] FromReferenceNode - Resolved : generatedAlias0 -> user0_.id
[DEBUG] 2020-09-29 10:16:21.885 [main] FromReferenceNode - Resolved : generatedAlias0 -> user0_.id
[DEBUG] 2020-09-29 10:16:21.887 [main] DotNode - getDataType() : last_name -> org.hibernate.type.StringType@572e6fd9
[DEBUG] 2020-09-29 10:16:21.889 [main] FromReferenceNode - Resolved : generatedAlias0.last_name -> user0_.last_name
[DEBUG] 2020-09-29 10:16:21.891 [main] HqlSqlBaseWalker - select : finishing up [level=1, statement=select]
[DEBUG] 2020-09-29 10:16:21.891 [main] HqlSqlWalker - processQuery() :  ( SELECT ( {select clause} user0_.id ) ( FromClause{level=1} user user0_ ) ( where ( like ( user0_.last_name user0_.id last_name ) ? ) ) )
[DEBUG] 2020-09-29 10:16:21.892 [main] JoinProcessor - Using FROM fragment [user user0_]
[DEBUG] 2020-09-29 10:16:21.892 [main] HqlSqlBaseWalker - select >> end [level=1, statement=select]
[DEBUG] 2020-09-29 10:16:21.898 [main] QueryTranslatorImpl - --- SQL AST ---
 \-[SELECT] QueryNode: 'SELECT'  querySpaces (user)
    +-[SELECT_CLAUSE] SelectClause: '{select clause}'
    |  +-[ALIAS_REF] IdentNode: 'user0_.id as id1_0_' {alias=generatedAlias0, className=hote.entity.User, tableAlias=user0_}
    |  \-[SQL_TOKEN] SqlFragment: 'user0_.first_name as first_na2_0_, user0_.last_name as last_nam3_0_, user0_.user_name as user_nam4_0_'
    +-[FROM] FromClause: 'from' FromClause{level=1, fromElementCounter=1, fromElements=1, fromElementByClassAlias=[generatedAlias0], fromElementByTableAlias=[user0_], fromElementsByPath=[], collectionJoinFromElementsByPath=[], impliedElements=[]}
    |  \-[FROM_FRAGMENT] FromElement: 'user user0_' FromElement{explicit,not a collection join,not a fetch join,fetch non-lazy properties,classAlias=generatedAlias0,role=null,tableName=user,tableAlias=user0_,origin=null,columns={,className=hote.entity.User}}
    \-[WHERE] SqlNode: 'where'
       \-[LIKE] BinaryLogicOperatorNode: 'like'
          +-[DOT] DotNode: 'user0_.last_name' {propertyName=last_name,dereferenceType=PRIMITIVE,getPropertyPath=last_name,path=generatedAlias0.last_name,tableAlias=user0_,className=hote.entity.User,classAlias=generatedAlias0}
          |  +-[ALIAS_REF] IdentNode: 'user0_.id' {alias=generatedAlias0, className=hote.entity.User, tableAlias=user0_}
          |  \-[IDENT] IdentNode: 'last_name' {originalText=last_name}
          \-[NAMED_PARAM] ParameterNode: '?' {name=param0, expectedType=org.hibernate.type.StringType@572e6fd9}

[DEBUG] 2020-09-29 10:16:21.899 [main] ErrorTracker - throwQueryException() : no errors
[DEBUG] 2020-09-29 10:16:21.899 [main] QueryTranslatorImpl - HQL: select generatedAlias0 from hote.entity.User as generatedAlias0 where generatedAlias0.last_name like :param0
[DEBUG] 2020-09-29 10:16:21.899 [main] QueryTranslatorImpl - SQL: select user0_.id as id1_0_, user0_.first_name as first_na2_0_, user0_.last_name as last_nam3_0_, user0_.user_name as user_nam4_0_ from user user0_ where user0_.last_name like ?
[DEBUG] 2020-09-29 10:16:21.899 [main] ErrorTracker - throwQueryException() : no errors
[DEBUG] 2020-09-29 10:16:21.910 [main] SQL - select user0_.id as id1_0_, user0_.first_name as first_na2_0_, user0_.last_name as last_nam3_0_, user0_.user_name as user_nam4_0_ from user user0_ where user0_.last_name like ?
[DEBUG] 2020-09-29 10:16:21.916 [main] Loader - Result set row: 0
[DEBUG] 2020-09-29 10:16:21.916 [main] Loader - Result row: EntityKey[hote.entity.User#1]
[DEBUG] 2020-09-29 10:16:21.916 [main] Loader - Result set row: 1
[DEBUG] 2020-09-29 10:16:21.917 [main] Loader - Result row: EntityKey[hote.entity.User#3]
[DEBUG] 2020-09-29 10:16:21.917 [main] Loader - Result set row: 2
[DEBUG] 2020-09-29 10:16:21.917 [main] Loader - Result row: EntityKey[hote.entity.User#4]
[DEBUG] 2020-09-29 10:16:21.922 [main] TwoPhaseLoad - Resolving attributes for [hote.entity.User#1]
[DEBUG] 2020-09-29 10:16:21.922 [main] TwoPhaseLoad - Processing attribute `first_name` : value = Joe
[DEBUG] 2020-09-29 10:16:21.923 [main] TwoPhaseLoad - Attribute (`first_name`)  - enhanced for lazy-loading? - false
[DEBUG] 2020-09-29 10:16:21.923 [main] TwoPhaseLoad - Processing attribute `last_name` : value = Coyne
[DEBUG] 2020-09-29 10:16:21.923 [main] TwoPhaseLoad - Attribute (`last_name`)  - enhanced for lazy-loading? - false
[DEBUG] 2020-09-29 10:16:21.923 [main] TwoPhaseLoad - Processing attribute `user_name` : value = jcoyne
[DEBUG] 2020-09-29 10:16:21.923 [main] TwoPhaseLoad - Attribute (`user_name`)  - enhanced for lazy-loading? - false
[DEBUG] 2020-09-29 10:16:21.923 [main] TwoPhaseLoad - Done materializing entity [hote.entity.User#1]
[DEBUG] 2020-09-29 10:16:21.923 [main] TwoPhaseLoad - Resolving attributes for [hote.entity.User#3]
[DEBUG] 2020-09-29 10:16:21.923 [main] TwoPhaseLoad - Processing attribute `first_name` : value = Barney
[DEBUG] 2020-09-29 10:16:21.923 [main] TwoPhaseLoad - Attribute (`first_name`)  - enhanced for lazy-loading? - false
[DEBUG] 2020-09-29 10:16:21.923 [main] TwoPhaseLoad - Processing attribute `last_name` : value = Curry
[DEBUG] 2020-09-29 10:16:21.923 [main] TwoPhaseLoad - Attribute (`last_name`)  - enhanced for lazy-loading? - false
[DEBUG] 2020-09-29 10:16:21.923 [main] TwoPhaseLoad - Processing attribute `user_name` : value = bcurry
[DEBUG] 2020-09-29 10:16:21.924 [main] TwoPhaseLoad - Attribute (`user_name`)  - enhanced for lazy-loading? - false
[DEBUG] 2020-09-29 10:16:21.924 [main] TwoPhaseLoad - Done materializing entity [hote.entity.User#3]
[DEBUG] 2020-09-29 10:16:21.924 [main] TwoPhaseLoad - Resolving attributes for [hote.entity.User#4]
[DEBUG] 2020-09-29 10:16:21.924 [main] TwoPhaseLoad - Processing attribute `first_name` : value = Karen
[DEBUG] 2020-09-29 10:16:21.925 [main] TwoPhaseLoad - Attribute (`first_name`)  - enhanced for lazy-loading? - false
[DEBUG] 2020-09-29 10:16:21.925 [main] TwoPhaseLoad - Processing attribute `last_name` : value = Mack
[DEBUG] 2020-09-29 10:16:21.925 [main] TwoPhaseLoad - Attribute (`last_name`)  - enhanced for lazy-loading? - false
[DEBUG] 2020-09-29 10:16:21.925 [main] TwoPhaseLoad - Processing attribute `user_name` : value = kmack
[DEBUG] 2020-09-29 10:16:21.925 [main] TwoPhaseLoad - Attribute (`user_name`)  - enhanced for lazy-loading? - false
[DEBUG] 2020-09-29 10:16:21.925 [main] TwoPhaseLoad - Done materializing entity [hote.entity.User#4]
[DEBUG] 2020-09-29 10:16:21.925 [main] LogicalConnectionManagedImpl - Initiating JDBC connection release from afterTransaction
